2021-12-06 20:37:41,356 DEBUG :: Making API request: GET https://api.twitter.com/2/users/by/username/berto_ia
Parameters: {'user.fields': 'created_at'}
Headers: {'User-Agent': 'Python/3.8.9 Requests/2.26.0 Tweepy/4.4.0', 'Authorization': 'Bearer AAAAAAAAAAAAAAAAAAAAAH68VwEAAAAA5DWkqX14lSgqQ2yid9RQhbV1meM%3D8jgI64BX4l8WPDrbahnwKYJFb1Hn9MMz85L2YNPQGGT3bfbSdv'}
Body: None
2021-12-06 20:37:41,361 DEBUG :: Starting new HTTPS connection (1): api.twitter.com:443
2021-12-06 20:37:41,656 DEBUG :: https://api.twitter.com:443 "GET /2/users/by/username/berto_ia?user.fields=created_at HTTP/1.1" 200 139
2021-12-06 20:37:41,659 DEBUG :: Received API response: 200 OK
Headers: {'date': 'Mon, 06 Dec 2021 19:37:41 UTC', 'server': 'tsa_f', 'set-cookie': 'guest_id_marketing=v1%3A163881946124007181; Max-Age=63072000; Expires=Wed, 06 Dec 2023 19:37:41 GMT; Path=/; Domain=.twitter.com; Secure; SameSite=None, guest_id_ads=v1%3A163881946124007181; Max-Age=63072000; Expires=Wed, 06 Dec 2023 19:37:41 GMT; Path=/; Domain=.twitter.com; Secure; SameSite=None, personalization_id="v1_latbYLFT4GcCmO8EZAMYiQ=="; Max-Age=63072000; Expires=Wed, 06 Dec 2023 19:37:41 GMT; Path=/; Domain=.twitter.com; Secure; SameSite=None, guest_id=v1%3A163881946124007181; Max-Age=63072000; Expires=Wed, 06 Dec 2023 19:37:41 GMT; Path=/; Domain=.twitter.com; Secure; SameSite=None', 'api-version': '2.31', 'content-type': 'application/json; charset=utf-8', 'cache-control': 'no-cache, no-store, max-age=0', 'content-length': '139', 'x-access-level': 'read', 'x-frame-options': 'SAMEORIGIN', 'content-encoding': 'gzip', 'x-xss-protection': '0', 'x-rate-limit-limit': '300', 'x-rate-limit-reset': '1638820128', 'content-disposition': 'attachment; filename=json.json', 'x-content-type-options': 'nosniff', 'x-rate-limit-remaining': '164', 'strict-transport-security': 'max-age=631138519', 'x-response-time': '131', 'x-connection-hash': 'fcfcc8a4deaf1e48d461fb2d0318204f46a8c626314aff86f9ccd7e580b09e3f'}
Content: b'{"data":{"name":"bertolami Navette Autonome","id":"995743130250088448","created_at":"2018-05-13T19:10:37.000Z","username":"berto_ia"}}'
2021-12-06 20:37:41,661 WARNING :: Requesting users | getting berto_ia
2021-12-06 20:37:41,662 DEBUG :: Making API request: GET https://api.twitter.com/2/users/by/username/atari
Parameters: {'user.fields': 'created_at'}
Headers: {'User-Agent': 'Python/3.8.9 Requests/2.26.0 Tweepy/4.4.0', 'Authorization': 'Bearer AAAAAAAAAAAAAAAAAAAAAH68VwEAAAAA5DWkqX14lSgqQ2yid9RQhbV1meM%3D8jgI64BX4l8WPDrbahnwKYJFb1Hn9MMz85L2YNPQGGT3bfbSdv'}
Body: None
2021-12-06 20:37:41,664 DEBUG :: Starting new HTTPS connection (1): api.twitter.com:443
2021-12-06 20:37:41,898 DEBUG :: https://api.twitter.com:443 "GET /2/users/by/username/atari?user.fields=created_at HTTP/1.1" 200 109
2021-12-06 20:37:41,899 DEBUG :: Received API response: 200 OK
Headers: {'date': 'Mon, 06 Dec 2021 19:37:41 UTC', 'server': 'tsa_f', 'set-cookie': 'guest_id_marketing=v1%3A163881946147045494; Max-Age=63072000; Expires=Wed, 06 Dec 2023 19:37:41 GMT; Path=/; Domain=.twitter.com; Secure; SameSite=None, guest_id_ads=v1%3A163881946147045494; Max-Age=63072000; Expires=Wed, 06 Dec 2023 19:37:41 GMT; Path=/; Domain=.twitter.com; Secure; SameSite=None, personalization_id="v1_UbbPKjBgBbc3pNVePNC4UA=="; Max-Age=63072000; Expires=Wed, 06 Dec 2023 19:37:41 GMT; Path=/; Domain=.twitter.com; Secure; SameSite=None, guest_id=v1%3A163881946147045494; Max-Age=63072000; Expires=Wed, 06 Dec 2023 19:37:41 GMT; Path=/; Domain=.twitter.com; Secure; SameSite=None', 'api-version': '2.31', 'content-type': 'application/json; charset=utf-8', 'cache-control': 'no-cache, no-store, max-age=0', 'content-length': '109', 'x-access-level': 'read', 'x-frame-options': 'SAMEORIGIN', 'content-encoding': 'gzip', 'x-xss-protection': '0', 'x-rate-limit-limit': '300', 'x-rate-limit-reset': '1638820128', 'content-disposition': 'attachment; filename=json.json', 'x-content-type-options': 'nosniff', 'x-rate-limit-remaining': '163', 'strict-transport-security': 'max-age=631138519', 'x-response-time': '143', 'x-connection-hash': 'e17e3746c7eec63bf5c1429f83b2c38b8f365de4600301e536403e07a75cfe51'}
Content: b'{"data":{"name":"Atari","username":"atari","id":"87465794","created_at":"2009-11-04T15:44:42.000Z"}}'
2021-12-06 20:37:41,899 WARNING :: Requesting users | getting atari
2021-12-06 20:37:41,901 DEBUG :: Making API request: GET https://api.twitter.com/2/users/by/username/adeunisrf
Parameters: {'user.fields': 'created_at'}
Headers: {'User-Agent': 'Python/3.8.9 Requests/2.26.0 Tweepy/4.4.0', 'Authorization': 'Bearer AAAAAAAAAAAAAAAAAAAAAH68VwEAAAAA5DWkqX14lSgqQ2yid9RQhbV1meM%3D8jgI64BX4l8WPDrbahnwKYJFb1Hn9MMz85L2YNPQGGT3bfbSdv'}
Body: None
2021-12-06 20:37:41,903 DEBUG :: Starting new HTTPS connection (1): api.twitter.com:443
2021-12-06 20:37:42,127 DEBUG :: https://api.twitter.com:443 "GET /2/users/by/username/adeunisrf?user.fields=created_at HTTP/1.1" 200 118
2021-12-06 20:37:42,129 DEBUG :: Received API response: 200 OK
Headers: {'date': 'Mon, 06 Dec 2021 19:37:41 UTC', 'server': 'tsa_f', 'set-cookie': 'guest_id_marketing=v1%3A163881946170767539; Max-Age=63072000; Expires=Wed, 06 Dec 2023 19:37:41 GMT; Path=/; Domain=.twitter.com; Secure; SameSite=None, guest_id_ads=v1%3A163881946170767539; Max-Age=63072000; Expires=Wed, 06 Dec 2023 19:37:41 GMT; Path=/; Domain=.twitter.com; Secure; SameSite=None, personalization_id="v1_xYdIVIukfZdgdibBinPKiQ=="; Max-Age=63072000; Expires=Wed, 06 Dec 2023 19:37:41 GMT; Path=/; Domain=.twitter.com; Secure; SameSite=None, guest_id=v1%3A163881946170767539; Max-Age=63072000; Expires=Wed, 06 Dec 2023 19:37:41 GMT; Path=/; Domain=.twitter.com; Secure; SameSite=None', 'api-version': '2.31', 'content-type': 'application/json; charset=utf-8', 'cache-control': 'no-cache, no-store, max-age=0', 'content-length': '118', 'x-access-level': 'read', 'x-frame-options': 'SAMEORIGIN', 'content-encoding': 'gzip', 'x-xss-protection': '0', 'x-rate-limit-limit': '300', 'x-rate-limit-reset': '1638820128', 'content-disposition': 'attachment; filename=json.json', 'x-content-type-options': 'nosniff', 'x-rate-limit-remaining': '162', 'strict-transport-security': 'max-age=631138519', 'x-response-time': '134', 'x-connection-hash': 'da0c7678cf7cbf3fdbe9b0a03f8074e9c2b8452a266dde2e4448ea2f2ed08ea1'}
Content: b'{"data":{"created_at":"2012-06-13T15:23:45.000Z","username":"adeunisrf","id":"607380408","name":"adeunis\xc2\xae"}}'
2021-12-06 20:37:42,129 WARNING :: Requesting users | getting adeunisrf
2021-12-06 20:37:42,131 DEBUG :: Making API request: GET https://api.twitter.com/2/users/by/username/proactis
Parameters: {'user.fields': 'created_at'}
Headers: {'User-Agent': 'Python/3.8.9 Requests/2.26.0 Tweepy/4.4.0', 'Authorization': 'Bearer AAAAAAAAAAAAAAAAAAAAAH68VwEAAAAA5DWkqX14lSgqQ2yid9RQhbV1meM%3D8jgI64BX4l8WPDrbahnwKYJFb1Hn9MMz85L2YNPQGGT3bfbSdv'}
Body: None
2021-12-06 20:37:42,133 DEBUG :: Starting new HTTPS connection (1): api.twitter.com:443
2021-12-06 20:37:42,369 DEBUG :: https://api.twitter.com:443 "GET /2/users/by/username/proactis?user.fields=created_at HTTP/1.1" 200 116
2021-12-06 20:37:42,372 DEBUG :: Received API response: 200 OK
Headers: {'date': 'Mon, 06 Dec 2021 19:37:41 UTC', 'server': 'tsa_f', 'set-cookie': 'guest_id_marketing=v1%3A163881946193922447; Max-Age=63072000; Expires=Wed, 06 Dec 2023 19:37:41 GMT; Path=/; Domain=.twitter.com; Secure; SameSite=None, guest_id_ads=v1%3A163881946193922447; Max-Age=63072000; Expires=Wed, 06 Dec 2023 19:37:41 GMT; Path=/; Domain=.twitter.com; Secure; SameSite=None, personalization_id="v1_acgDbOT0k5jzHc30ijiF0A=="; Max-Age=63072000; Expires=Wed, 06 Dec 2023 19:37:41 GMT; Path=/; Domain=.twitter.com; Secure; SameSite=None, guest_id=v1%3A163881946193922447; Max-Age=63072000; Expires=Wed, 06 Dec 2023 19:37:41 GMT; Path=/; Domain=.twitter.com; Secure; SameSite=None', 'api-version': '2.31', 'content-type': 'application/json; charset=utf-8', 'cache-control': 'no-cache, no-store, max-age=0', 'content-length': '116', 'x-access-level': 'read', 'x-frame-options': 'SAMEORIGIN', 'content-encoding': 'gzip', 'x-xss-protection': '0', 'x-rate-limit-limit': '300', 'x-rate-limit-reset': '1638820128', 'content-disposition': 'attachment; filename=json.json', 'x-content-type-options': 'nosniff', 'x-rate-limit-remaining': '161', 'strict-transport-security': 'max-age=631138519', 'x-response-time': '146', 'x-connection-hash': '602d1f248d9a055cd57ff49ef97d7972b1f91bec5d27fd47c28144a2cd53b716'}
Content: b'{"data":{"name":"Proactis","username":"proactis","created_at":"2009-06-26T11:13:19.000Z","id":"51016657"}}'
2021-12-06 20:37:42,372 WARNING :: Requesting users | getting proactis
2021-12-06 20:37:42,375 DEBUG :: Making API request: GET https://api.twitter.com/2/users/by/username/ProactisBenelux
Parameters: {'user.fields': 'created_at'}
Headers: {'User-Agent': 'Python/3.8.9 Requests/2.26.0 Tweepy/4.4.0', 'Authorization': 'Bearer AAAAAAAAAAAAAAAAAAAAAH68VwEAAAAA5DWkqX14lSgqQ2yid9RQhbV1meM%3D8jgI64BX4l8WPDrbahnwKYJFb1Hn9MMz85L2YNPQGGT3bfbSdv'}
Body: None
2021-12-06 20:37:42,379 DEBUG :: Starting new HTTPS connection (1): api.twitter.com:443
2021-12-06 20:37:42,602 DEBUG :: https://api.twitter.com:443 "GET /2/users/by/username/ProactisBenelux?user.fields=created_at HTTP/1.1" 200 120
2021-12-06 20:37:42,603 DEBUG :: Received API response: 200 OK
Headers: {'date': 'Mon, 06 Dec 2021 19:37:42 UTC', 'server': 'tsa_f', 'set-cookie': 'guest_id_marketing=v1%3A163881946218485589; Max-Age=63072000; Expires=Wed, 06 Dec 2023 19:37:42 GMT; Path=/; Domain=.twitter.com; Secure; SameSite=None, guest_id_ads=v1%3A163881946218485589; Max-Age=63072000; Expires=Wed, 06 Dec 2023 19:37:42 GMT; Path=/; Domain=.twitter.com; Secure; SameSite=None, personalization_id="v1_MILXT6K3mX/E0NxuopmPNQ=="; Max-Age=63072000; Expires=Wed, 06 Dec 2023 19:37:42 GMT; Path=/; Domain=.twitter.com; Secure; SameSite=None, guest_id=v1%3A163881946218485589; Max-Age=63072000; Expires=Wed, 06 Dec 2023 19:37:42 GMT; Path=/; Domain=.twitter.com; Secure; SameSite=None', 'api-version': '2.31', 'content-type': 'application/json; charset=utf-8', 'cache-control': 'no-cache, no-store, max-age=0', 'content-length': '120', 'x-access-level': 'read', 'x-frame-options': 'SAMEORIGIN', 'content-encoding': 'gzip', 'x-xss-protection': '0', 'x-rate-limit-limit': '300', 'x-rate-limit-reset': '1638820128', 'content-disposition': 'attachment; filename=json.json', 'x-content-type-options': 'nosniff', 'x-rate-limit-remaining': '160', 'strict-transport-security': 'max-age=631138519', 'x-response-time': '133', 'x-connection-hash': 'c67fa58eb8681b7ff435563561fb8336b5e99d17c044018c02165b406f831fe2'}
Content: b'{"data":{"name":"ProactisBenelux","username":"ProactisBenelux","id":"3322732175","created_at":"2015-06-13T09:54:13.000Z"}}'
2021-12-06 20:37:42,604 WARNING :: Requesting users | getting ProactisBenelux
2021-12-06 20:37:42,606 DEBUG :: Making API request: GET https://api.twitter.com/2/users/by/username/HydrogenCouncil
Parameters: {'user.fields': 'created_at'}
Headers: {'User-Agent': 'Python/3.8.9 Requests/2.26.0 Tweepy/4.4.0', 'Authorization': 'Bearer AAAAAAAAAAAAAAAAAAAAAH68VwEAAAAA5DWkqX14lSgqQ2yid9RQhbV1meM%3D8jgI64BX4l8WPDrbahnwKYJFb1Hn9MMz85L2YNPQGGT3bfbSdv'}
Body: None
2021-12-06 20:37:42,610 DEBUG :: Starting new HTTPS connection (1): api.twitter.com:443
2021-12-06 20:37:42,837 DEBUG :: https://api.twitter.com:443 "GET /2/users/by/username/HydrogenCouncil?user.fields=created_at HTTP/1.1" 200 133
2021-12-06 20:37:42,839 DEBUG :: Received API response: 200 OK
Headers: {'date': 'Mon, 06 Dec 2021 19:37:42 UTC', 'server': 'tsa_f', 'set-cookie': 'guest_id_marketing=v1%3A163881946242432679; Max-Age=63072000; Expires=Wed, 06 Dec 2023 19:37:42 GMT; Path=/; Domain=.twitter.com; Secure; SameSite=None, guest_id_ads=v1%3A163881946242432679; Max-Age=63072000; Expires=Wed, 06 Dec 2023 19:37:42 GMT; Path=/; Domain=.twitter.com; Secure; SameSite=None, personalization_id="v1_Dz0T0gC+hXwdpSyLAlsslw=="; Max-Age=63072000; Expires=Wed, 06 Dec 2023 19:37:42 GMT; Path=/; Domain=.twitter.com; Secure; SameSite=None, guest_id=v1%3A163881946242432679; Max-Age=63072000; Expires=Wed, 06 Dec 2023 19:37:42 GMT; Path=/; Domain=.twitter.com; Secure; SameSite=None', 'api-version': '2.31', 'content-type': 'application/json; charset=utf-8', 'cache-control': 'no-cache, no-store, max-age=0', 'content-length': '133', 'x-access-level': 'read', 'x-frame-options': 'SAMEORIGIN', 'content-encoding': 'gzip', 'x-xss-protection': '0', 'x-rate-limit-limit': '300', 'x-rate-limit-reset': '1638820128', 'content-disposition': 'attachment; filename=json.json', 'x-content-type-options': 'nosniff', 'x-rate-limit-remaining': '159', 'strict-transport-security': 'max-age=631138519', 'x-response-time': '129', 'x-connection-hash': '7178f7ae9f9c43e8113c8a8075cb4177092bc3a297dc174a7ffdcaf802140806'}
Content: b'{"data":{"name":"Hydrogen Council","username":"HydrogenCouncil","id":"865199209896701952","created_at":"2017-05-18T13:35:41.000Z"}}'
2021-12-06 20:37:42,839 WARNING :: Requesting users | getting HydrogenCouncil
2021-12-06 20:37:42,840 DEBUG :: Making API request: GET https://api.twitter.com/2/users/by/username/iORGA_GROUP
Parameters: {'user.fields': 'created_at'}
Headers: {'User-Agent': 'Python/3.8.9 Requests/2.26.0 Tweepy/4.4.0', 'Authorization': 'Bearer AAAAAAAAAAAAAAAAAAAAAH68VwEAAAAA5DWkqX14lSgqQ2yid9RQhbV1meM%3D8jgI64BX4l8WPDrbahnwKYJFb1Hn9MMz85L2YNPQGGT3bfbSdv'}
Body: None
2021-12-06 20:37:42,843 DEBUG :: Starting new HTTPS connection (1): api.twitter.com:443
2021-12-06 20:37:43,065 DEBUG :: https://api.twitter.com:443 "GET /2/users/by/username/iORGA_GROUP?user.fields=created_at HTTP/1.1" 200 125
2021-12-06 20:37:43,066 DEBUG :: Received API response: 200 OK
Headers: {'date': 'Mon, 06 Dec 2021 19:37:42 UTC', 'server': 'tsa_f', 'set-cookie': 'guest_id_marketing=v1%3A163881946264917294; Max-Age=63072000; Expires=Wed, 06 Dec 2023 19:37:42 GMT; Path=/; Domain=.twitter.com; Secure; SameSite=None, guest_id_ads=v1%3A163881946264917294; Max-Age=63072000; Expires=Wed, 06 Dec 2023 19:37:42 GMT; Path=/; Domain=.twitter.com; Secure; SameSite=None, personalization_id="v1_hKknbi21gTWEnu16OkgMNw=="; Max-Age=63072000; Expires=Wed, 06 Dec 2023 19:37:42 GMT; Path=/; Domain=.twitter.com; Secure; SameSite=None, guest_id=v1%3A163881946264917294; Max-Age=63072000; Expires=Wed, 06 Dec 2023 19:37:42 GMT; Path=/; Domain=.twitter.com; Secure; SameSite=None', 'api-version': '2.31', 'content-type': 'application/json; charset=utf-8', 'cache-control': 'no-cache, no-store, max-age=0', 'content-length': '125', 'x-access-level': 'read', 'x-frame-options': 'SAMEORIGIN', 'content-encoding': 'gzip', 'x-xss-protection': '0', 'x-rate-limit-limit': '300', 'x-rate-limit-reset': '1638820128', 'content-disposition': 'attachment; filename=json.json', 'x-content-type-options': 'nosniff', 'x-rate-limit-remaining': '158', 'strict-transport-security': 'max-age=631138519', 'x-response-time': '132', 'x-connection-hash': '054fd697cbb533e83593aca766f45608f3d4aa1fe01075f8989cd4432e9af9dc'}
Content: b'{"data":{"name":"iORGA Group","id":"171093845","username":"iORGA_GROUP","created_at":"2010-07-26T14:58:39.000Z"}}'
2021-12-06 20:37:43,066 WARNING :: Requesting users | getting iORGA_GROUP
2021-12-06 20:37:43,067 DEBUG :: Making API request: GET https://api.twitter.com/2/users/by/username/Cybergun_Group
Parameters: {'user.fields': 'created_at'}
Headers: {'User-Agent': 'Python/3.8.9 Requests/2.26.0 Tweepy/4.4.0', 'Authorization': 'Bearer AAAAAAAAAAAAAAAAAAAAAH68VwEAAAAA5DWkqX14lSgqQ2yid9RQhbV1meM%3D8jgI64BX4l8WPDrbahnwKYJFb1Hn9MMz85L2YNPQGGT3bfbSdv'}
Body: None
2021-12-06 20:37:43,069 DEBUG :: Starting new HTTPS connection (1): api.twitter.com:443
2021-12-06 20:37:43,293 DEBUG :: https://api.twitter.com:443 "GET /2/users/by/username/Cybergun_Group?user.fields=created_at HTTP/1.1" 200 123
2021-12-06 20:37:43,294 DEBUG :: Received API response: 200 OK
Headers: {'date': 'Mon, 06 Dec 2021 19:37:42 UTC', 'server': 'tsa_f', 'set-cookie': 'guest_id_marketing=v1%3A163881946287482521; Max-Age=63072000; Expires=Wed, 06 Dec 2023 19:37:42 GMT; Path=/; Domain=.twitter.com; Secure; SameSite=None, guest_id_ads=v1%3A163881946287482521; Max-Age=63072000; Expires=Wed, 06 Dec 2023 19:37:42 GMT; Path=/; Domain=.twitter.com; Secure; SameSite=None, personalization_id="v1_Sobop7qoLMRcnEXC+B8xQw=="; Max-Age=63072000; Expires=Wed, 06 Dec 2023 19:37:42 GMT; Path=/; Domain=.twitter.com; Secure; SameSite=None, guest_id=v1%3A163881946287482521; Max-Age=63072000; Expires=Wed, 06 Dec 2023 19:37:42 GMT; Path=/; Domain=.twitter.com; Secure; SameSite=None', 'api-version': '2.31', 'content-type': 'application/json; charset=utf-8', 'cache-control': 'no-cache, no-store, max-age=0', 'content-length': '123', 'x-access-level': 'read', 'x-frame-options': 'SAMEORIGIN', 'content-encoding': 'gzip', 'x-xss-protection': '0', 'x-rate-limit-limit': '300', 'x-rate-limit-reset': '1638820128', 'content-disposition': 'attachment; filename=json.json', 'x-content-type-options': 'nosniff', 'x-rate-limit-remaining': '157', 'strict-transport-security': 'max-age=631138519', 'x-response-time': '134', 'x-connection-hash': 'c55a1de2f2b9e82fa1dd748e8ccb4cdc8f683e0fa673a6661591d593799c48b9'}
Content: b'{"data":{"username":"Cybergun_Group","name":"Cybergun Group","id":"390074243","created_at":"2011-10-13T12:33:19.000Z"}}'
2021-12-06 20:37:43,294 WARNING :: Requesting users | getting Cybergun_Group
2021-12-06 20:37:43,295 DEBUG :: Making API request: GET https://api.twitter.com/2/users/by/username/AvenirTelecomfr
Parameters: {'user.fields': 'created_at'}
Headers: {'User-Agent': 'Python/3.8.9 Requests/2.26.0 Tweepy/4.4.0', 'Authorization': 'Bearer AAAAAAAAAAAAAAAAAAAAAH68VwEAAAAA5DWkqX14lSgqQ2yid9RQhbV1meM%3D8jgI64BX4l8WPDrbahnwKYJFb1Hn9MMz85L2YNPQGGT3bfbSdv'}
Body: None
2021-12-06 20:37:43,297 DEBUG :: Starting new HTTPS connection (1): api.twitter.com:443
2021-12-06 20:37:43,520 DEBUG :: https://api.twitter.com:443 "GET /2/users/by/username/AvenirTelecomfr?user.fields=created_at HTTP/1.1" 200 133
2021-12-06 20:37:43,521 DEBUG :: Received API response: 200 OK
Headers: {'date': 'Mon, 06 Dec 2021 19:37:43 UTC', 'server': 'tsa_f', 'set-cookie': 'guest_id_marketing=v1%3A163881946310681691; Max-Age=63072000; Expires=Wed, 06 Dec 2023 19:37:43 GMT; Path=/; Domain=.twitter.com; Secure; SameSite=None, guest_id_ads=v1%3A163881946310681691; Max-Age=63072000; Expires=Wed, 06 Dec 2023 19:37:43 GMT; Path=/; Domain=.twitter.com; Secure; SameSite=None, personalization_id="v1_ZWPUzixsuF0aZ3smkIFXMQ=="; Max-Age=63072000; Expires=Wed, 06 Dec 2023 19:37:43 GMT; Path=/; Domain=.twitter.com; Secure; SameSite=None, guest_id=v1%3A163881946310681691; Max-Age=63072000; Expires=Wed, 06 Dec 2023 19:37:43 GMT; Path=/; Domain=.twitter.com; Secure; SameSite=None', 'api-version': '2.31', 'content-type': 'application/json; charset=utf-8', 'cache-control': 'no-cache, no-store, max-age=0', 'content-length': '133', 'x-access-level': 'read', 'x-frame-options': 'SAMEORIGIN', 'content-encoding': 'gzip', 'x-xss-protection': '0', 'x-rate-limit-limit': '300', 'x-rate-limit-reset': '1638820128', 'content-disposition': 'attachment; filename=json.json', 'x-content-type-options': 'nosniff', 'x-rate-limit-remaining': '156', 'strict-transport-security': 'max-age=631138519', 'x-response-time': '129', 'x-connection-hash': '3af571124826fe85ab4d81e7b5e40e9127ed554a1bb22271c74dc450c287a47d'}
Content: b'{"data":{"created_at":"2017-09-18T08:24:03.000Z","username":"AvenirTelecomfr","name":"Avenir Telecom","id":"909694493204647936"}}'
2021-12-06 20:37:43,522 WARNING :: Requesting users | getting AvenirTelecomfr
2021-12-06 20:37:43,523 DEBUG :: Making API request: GET https://api.twitter.com/2/users/by/username/Pharmagest
Parameters: {'user.fields': 'created_at'}
Headers: {'User-Agent': 'Python/3.8.9 Requests/2.26.0 Tweepy/4.4.0', 'Authorization': 'Bearer AAAAAAAAAAAAAAAAAAAAAH68VwEAAAAA5DWkqX14lSgqQ2yid9RQhbV1meM%3D8jgI64BX4l8WPDrbahnwKYJFb1Hn9MMz85L2YNPQGGT3bfbSdv'}
Body: None
2021-12-06 20:37:43,525 DEBUG :: Starting new HTTPS connection (1): api.twitter.com:443
2021-12-06 20:37:43,753 DEBUG :: https://api.twitter.com:443 "GET /2/users/by/username/Pharmagest?user.fields=created_at HTTP/1.1" 200 113
2021-12-06 20:37:43,754 DEBUG :: Received API response: 200 OK
Headers: {'date': 'Mon, 06 Dec 2021 19:37:43 UTC', 'server': 'tsa_f', 'set-cookie': 'guest_id_marketing=v1%3A163881946333444168; Max-Age=63072000; Expires=Wed, 06 Dec 2023 19:37:43 GMT; Path=/; Domain=.twitter.com; Secure; SameSite=None, guest_id_ads=v1%3A163881946333444168; Max-Age=63072000; Expires=Wed, 06 Dec 2023 19:37:43 GMT; Path=/; Domain=.twitter.com; Secure; SameSite=None, personalization_id="v1_ExWzVF62++HgvK16Kqi9QA=="; Max-Age=63072000; Expires=Wed, 06 Dec 2023 19:37:43 GMT; Path=/; Domain=.twitter.com; Secure; SameSite=None, guest_id=v1%3A163881946333444168; Max-Age=63072000; Expires=Wed, 06 Dec 2023 19:37:43 GMT; Path=/; Domain=.twitter.com; Secure; SameSite=None', 'api-version': '2.31', 'content-type': 'application/json; charset=utf-8', 'cache-control': 'no-cache, no-store, max-age=0', 'content-length': '113', 'x-access-level': 'read', 'x-frame-options': 'SAMEORIGIN', 'content-encoding': 'gzip', 'x-xss-protection': '0', 'x-rate-limit-limit': '300', 'x-rate-limit-reset': '1638820128', 'content-disposition': 'attachment; filename=json.json', 'x-content-type-options': 'nosniff', 'x-rate-limit-remaining': '155', 'strict-transport-security': 'max-age=631138519', 'x-response-time': '136', 'x-connection-hash': '6e2ce5902e719202a49ed30e1e599d37e8c6a914e38562585893e6961e92d464'}
Content: b'{"data":{"created_at":"2009-11-10T07:33:21.000Z","name":"Pharmagest","username":"Pharmagest","id":"88876114"}}'
2021-12-06 20:37:43,754 WARNING :: Requesting users | getting Pharmagest
2021-12-06 20:37:43,897 DEBUG :: Making API request: GET https://api.twitter.com/2/users/995743130250088448/tweets
Parameters: {'max_results': 5, 'tweet.fields': 'created_at', 'exclude': 'retweets'}
Headers: {'User-Agent': 'Python/3.8.9 Requests/2.26.0 Tweepy/4.4.0', 'Authorization': 'Bearer AAAAAAAAAAAAAAAAAAAAAH68VwEAAAAA5DWkqX14lSgqQ2yid9RQhbV1meM%3D8jgI64BX4l8WPDrbahnwKYJFb1Hn9MMz85L2YNPQGGT3bfbSdv'}
Body: None
2021-12-06 20:37:43,899 DEBUG :: Starting new HTTPS connection (1): api.twitter.com:443
2021-12-06 20:37:44,198 DEBUG :: https://api.twitter.com:443 "GET /2/users/995743130250088448/tweets?max_results=5&tweet.fields=created_at&exclude=retweets HTTP/1.1" 200 965
2021-12-06 20:37:44,199 DEBUG :: Received API response: 200 OK
Headers: {'date': 'Mon, 06 Dec 2021 19:37:43 UTC', 'server': 'tsa_f', 'set-cookie': 'guest_id_marketing=v1%3A163881946370192830; Max-Age=63072000; Expires=Wed, 06 Dec 2023 19:37:43 GMT; Path=/; Domain=.twitter.com; Secure; SameSite=None, guest_id_ads=v1%3A163881946370192830; Max-Age=63072000; Expires=Wed, 06 Dec 2023 19:37:43 GMT; Path=/; Domain=.twitter.com; Secure; SameSite=None, personalization_id="v1_/H+qdQ/fHuxTeKD3PpLzHw=="; Max-Age=63072000; Expires=Wed, 06 Dec 2023 19:37:43 GMT; Path=/; Domain=.twitter.com; Secure; SameSite=None, guest_id=v1%3A163881946370192830; Max-Age=63072000; Expires=Wed, 06 Dec 2023 19:37:43 GMT; Path=/; Domain=.twitter.com; Secure; SameSite=None', 'api-version': '2.31', 'content-type': 'application/json; charset=utf-8', 'cache-control': 'no-cache, no-store, max-age=0', 'content-length': '965', 'x-access-level': 'read', 'x-frame-options': 'SAMEORIGIN', 'content-encoding': 'gzip', 'x-xss-protection': '0', 'x-rate-limit-limit': '1500', 'x-rate-limit-reset': '1638820161', 'content-disposition': 'attachment; filename=json.json', 'x-content-type-options': 'nosniff', 'x-rate-limit-remaining': '1483', 'strict-transport-security': 'max-age=631138519', 'x-response-time': '213', 'x-connection-hash': '448c2bc868dc910e7553fe594e51c5764f032b01d75021276950635e3c899813'}
Content: b'{"data":[{"created_at":"2021-12-06T09:12:00.000Z","id":"1467783873572528135","text":"#V2X | Il n\'y a pas que nous qui parlons de l\'importance de l\'infrastructure dans le d\xc3\xa9ploiement des R\xc3\xa9seaux de Mobilit\xc3\xa9 Autonome mais cela a sans doute plus d\'influence car c\'est la t\xc3\xaate pensante de @Baidu_Inc qui lance un livre en Chine :\\nhttps://t.co/rvzbJ2bm6J"},{"created_at":"2021-12-06T08:20:19.000Z","id":"1467770866691973124","text":"#Vigie | D\xc3\xa9couvrez le dernier article de @b_beaudet  : Vigie beti S48 - Et si les Anglo-saxons s\'\xc3\xa9veillaient \xc3\xa0 la navette autonome ? https://t.co/QBk1IvVeh7 via @LinkedIn"},{"created_at":"2021-12-03T07:03:54.000Z","id":"1466664474744700932","text":"#Vision | C\'est vrai que sur un skateboard, on peut mettre ce que l\'on veut... Quand nous disons chez @berto_ia que le monde de la Montagne et du V\xc3\xa9hicule Autonome sont faits pour se rencontrer...\\npoke @p8vidal / @Pannekouckefabr \\nhttps://t.co/2Svz8f5OZo"},{"created_at":"2021-12-02T11:30:43.000Z","id":"1466369233957359626","text":"#LIVE | #CONNECTfleet intervention de @b_beaudet avec @Arval_France et @Navya_Group sur l\xe2\x80\x99opportunit\xc3\xa9 pour les gestionnaires de flottes d\xe2\x80\x99int\xc3\xa9grer la mobilit\xc3\xa9 autonome dans leurs strat\xc3\xa8gies notamment sur leurs sites priv\xc3\xa9s. https://t.co/YB363mS7a1"},{"created_at":"2021-12-02T08:32:28.000Z","id":"1466324374110326784","text":"#LIVE | #CONNECTfleet participation de @b_beaudet \xc3\xa0 l\xe2\x80\x99\xc3\xa9v\xc3\xa9nement pour parler en table ronde de la navette autonome avec @Navya_Group et @Arval_France \\uD83D\\uDE0A https://t.co/qSRbiMkmUu"}],"meta":{"oldest_id":"1466324374110326784","newest_id":"1467783873572528135","result_count":5,"next_token":"7140dibdnow9c7btw3z3axvrajuxozv3f9k8bardl3i9g"}}'
2021-12-06 20:37:44,200 WARNING :: Amount of tweets 3
2021-12-06 20:37:44,200 WARNING :: Recieved full data for 1 users
2021-12-06 20:37:44,200 WARNING :: Cleaning and Analising Tweets Tweets
2021-12-06 20:37:44,200 WARNING :: Analising Tweets Tweets
2021-12-06 20:37:44,237 DEBUG :: Making API request: GET https://api.twitter.com/2/users/87465794/tweets
Parameters: {'max_results': 5, 'tweet.fields': 'created_at', 'exclude': 'retweets'}
Headers: {'User-Agent': 'Python/3.8.9 Requests/2.26.0 Tweepy/4.4.0', 'Authorization': 'Bearer AAAAAAAAAAAAAAAAAAAAAH68VwEAAAAA5DWkqX14lSgqQ2yid9RQhbV1meM%3D8jgI64BX4l8WPDrbahnwKYJFb1Hn9MMz85L2YNPQGGT3bfbSdv'}
Body: None
2021-12-06 20:37:44,239 DEBUG :: Starting new HTTPS connection (1): api.twitter.com:443
2021-12-06 20:37:44,524 DEBUG :: https://api.twitter.com:443 "GET /2/users/87465794/tweets?max_results=5&tweet.fields=created_at&exclude=retweets HTTP/1.1" 200 627
2021-12-06 20:37:44,525 DEBUG :: Received API response: 200 OK
Headers: {'date': 'Mon, 06 Dec 2021 19:37:44 UTC', 'server': 'tsa_f', 'set-cookie': 'guest_id_marketing=v1%3A163881946404638861; Max-Age=63072000; Expires=Wed, 06 Dec 2023 19:37:44 GMT; Path=/; Domain=.twitter.com; Secure; SameSite=None, guest_id_ads=v1%3A163881946404638861; Max-Age=63072000; Expires=Wed, 06 Dec 2023 19:37:44 GMT; Path=/; Domain=.twitter.com; Secure; SameSite=None, personalization_id="v1_Ewy+JsU9ddLbGj10NwxDZg=="; Max-Age=63072000; Expires=Wed, 06 Dec 2023 19:37:44 GMT; Path=/; Domain=.twitter.com; Secure; SameSite=None, guest_id=v1%3A163881946404638861; Max-Age=63072000; Expires=Wed, 06 Dec 2023 19:37:44 GMT; Path=/; Domain=.twitter.com; Secure; SameSite=None', 'api-version': '2.31', 'content-type': 'application/json; charset=utf-8', 'cache-control': 'no-cache, no-store, max-age=0', 'content-length': '627', 'x-access-level': 'read', 'x-frame-options': 'SAMEORIGIN', 'content-encoding': 'gzip', 'x-xss-protection': '0', 'x-rate-limit-limit': '1500', 'x-rate-limit-reset': '1638820161', 'content-disposition': 'attachment; filename=json.json', 'x-content-type-options': 'nosniff', 'x-rate-limit-remaining': '1482', 'strict-transport-security': 'max-age=631138519', 'x-response-time': '194', 'x-connection-hash': 'b2a35aec03ed27ac69fc229078a5d83d010ba84b7293f7188bfb5eaa9cf725ac'}
Content: b'{"data":[{"created_at":"2021-12-06T15:06:47.000Z","id":"1467873157956702211","text":"@sdwoodford @PCMag \xe2\x9d\xa4\xef\xb8\x8f"},{"created_at":"2021-12-06T15:05:55.000Z","id":"1467872941840945154","text":"@BaseballGuys \\uD83C\\uDF82"},{"created_at":"2021-12-06T15:04:02.000Z","id":"1467872465175166976","text":"@ClassyGamingFun @TheAtari_VCS Great video!"},{"created_at":"2021-12-04T20:32:03.000Z","id":"1467230239713546246","text":"The holiday season is in full swing, and there\xe2\x80\x99s tons of Atari goodness to go around! \xe2\x9d\x84\xef\xb8\x8f\\uD83D\\uDE0A Find the perfect gift for the special people in your life at https://t.co/yjPMduMnFO. \\uD83C\\uDF81 https://t.co/BSpdjS06pj"},{"created_at":"2021-12-03T21:03:06.000Z","id":"1466875666285174794","text":"Did you hear the news? Atari 2600 games are back in style with the #AtariXP program! \\uD83D\\uDD79\\uD83E\\uDD2F Learn all about it from @PCMag: https://t.co/Q0pN3RFoox https://t.co/SnYNmT1xeK"}],"meta":{"oldest_id":"1466875666285174794","newest_id":"1467873157956702211","result_count":5,"next_token":"7140dibdnow9c7btw3z3axx9ga28n74ppckuilbz5xbg4"}}'
2021-12-06 20:37:44,527 WARNING :: Amount of tweets 7
2021-12-06 20:37:44,527 WARNING :: Recieved full data for 2 users
2021-12-06 20:37:44,527 WARNING :: Cleaning and Analising Tweets Tweets
2021-12-06 20:37:44,527 WARNING :: Analising Tweets Tweets
2021-12-06 20:37:44,529 DEBUG :: Making API request: GET https://api.twitter.com/2/users/607380408/tweets
Parameters: {'max_results': 5, 'tweet.fields': 'created_at', 'exclude': 'retweets'}
Headers: {'User-Agent': 'Python/3.8.9 Requests/2.26.0 Tweepy/4.4.0', 'Authorization': 'Bearer AAAAAAAAAAAAAAAAAAAAAH68VwEAAAAA5DWkqX14lSgqQ2yid9RQhbV1meM%3D8jgI64BX4l8WPDrbahnwKYJFb1Hn9MMz85L2YNPQGGT3bfbSdv'}
Body: None
2021-12-06 20:37:44,530 DEBUG :: Starting new HTTPS connection (1): api.twitter.com:443
2021-12-06 20:37:44,831 DEBUG :: https://api.twitter.com:443 "GET /2/users/607380408/tweets?max_results=5&tweet.fields=created_at&exclude=retweets HTTP/1.1" 200 998
2021-12-06 20:37:44,832 DEBUG :: Received API response: 200 OK
Headers: {'date': 'Mon, 06 Dec 2021 19:37:44 UTC', 'server': 'tsa_f', 'set-cookie': 'guest_id_marketing=v1%3A163881946433581026; Max-Age=63072000; Expires=Wed, 06 Dec 2023 19:37:44 GMT; Path=/; Domain=.twitter.com; Secure; SameSite=None, guest_id_ads=v1%3A163881946433581026; Max-Age=63072000; Expires=Wed, 06 Dec 2023 19:37:44 GMT; Path=/; Domain=.twitter.com; Secure; SameSite=None, personalization_id="v1_ZVI34mZU2eHAWS3yvgLNEQ=="; Max-Age=63072000; Expires=Wed, 06 Dec 2023 19:37:44 GMT; Path=/; Domain=.twitter.com; Secure; SameSite=None, guest_id=v1%3A163881946433581026; Max-Age=63072000; Expires=Wed, 06 Dec 2023 19:37:44 GMT; Path=/; Domain=.twitter.com; Secure; SameSite=None', 'api-version': '2.31', 'content-type': 'application/json; charset=utf-8', 'cache-control': 'no-cache, no-store, max-age=0', 'content-length': '998', 'x-access-level': 'read', 'x-frame-options': 'SAMEORIGIN', 'content-encoding': 'gzip', 'x-xss-protection': '0', 'x-rate-limit-limit': '1500', 'x-rate-limit-reset': '1638820161', 'content-disposition': 'attachment; filename=json.json', 'x-content-type-options': 'nosniff', 'x-rate-limit-remaining': '1481', 'strict-transport-security': 'max-age=631138519', 'x-response-time': '212', 'x-connection-hash': 'c9866d68bbfc3b73b3751a0a7f674e38e50354b164fa1320cbfb1f06ddb9f178'}
Content: b'{"data":[{"created_at":"2021-11-23T15:52:50.000Z","id":"1463173705446604813","text":"\\uD83C\\uDFC6 Adeunis has obtained ISO 9001 certification!\\nThis certification rewards the high standards set for several years on quality management but also the work of the teams in the continuous improvement of processes.\\nCongrats to the teams who work every day to achieve excellence!"},{"created_at":"2021-11-16T16:05:03.000Z","id":"1460640063918948363","text":"\\uD83C\\uDF07 Adeunis is exhibiting at the @SmartCityexpo Barcelona from 16 to 18 November 2021 alongside @GrenobleAlpes and @businessfrance. #choosefrance"},{"created_at":"2021-10-28T15:22:54.000Z","id":"1453744087069335555","text":"Adeunis has the great honor of representing France at the Dubai World Expo, alongside @LaFrenchFab  and @businessfrance, during the fortnight entitled \\"Thinking about the smart cities and sustainable territories of tomorrow\\". It joins an innovative ecosystem. https://t.co/yUb9wqjIel"},{"created_at":"2021-09-09T15:00:37.000Z","id":"1435981474017185796","text":"Du 28 au 30 septembre 2021, nous serons pr\xc3\xa9sents au Salon H\'Expo, Parc des Expositions de Bordeaux aux c\xc3\xb4t\xc3\xa9s de nos partenaires #citron , #Dryas et #WIT pour pr\xc3\xa9senter aux bailleurs sociaux nos solutions compl\xc3\xa9mentaires de pilotage de la performance \xc3\xa9nerg\xc3\xa9tique des b\xc3\xa2timents ! https://t.co/FGw61KxfhI"},{"created_at":"2021-09-07T11:42:05.000Z","id":"1435206736881897476","text":"Vendredi @cedric_o \xc3\xa9tait dans nos locaux pour rencontrer nos \xc3\xa9quipes et \xc3\xa9changer autour du projet #5G ! https://t.co/ntasRi1tpQ"}],"meta":{"oldest_id":"1435206736881897476","newest_id":"1463173705446604813","result_count":5,"next_token":"7140dibdnow9c7btw3z21ewwilpkqbqxsqxnxac7blv06"}}'
2021-12-06 20:37:44,834 WARNING :: Amount of tweets 7
2021-12-06 20:37:44,834 WARNING :: Recieved full data for 3 users
2021-12-06 20:37:44,834 WARNING :: Cleaning and Analising Tweets Tweets
2021-12-06 20:37:44,834 WARNING :: Analising Tweets Tweets
2021-12-06 20:37:44,835 DEBUG :: Making API request: GET https://api.twitter.com/2/users/51016657/tweets
Parameters: {'max_results': 5, 'tweet.fields': 'created_at', 'exclude': 'retweets'}
Headers: {'User-Agent': 'Python/3.8.9 Requests/2.26.0 Tweepy/4.4.0', 'Authorization': 'Bearer AAAAAAAAAAAAAAAAAAAAAH68VwEAAAAA5DWkqX14lSgqQ2yid9RQhbV1meM%3D8jgI64BX4l8WPDrbahnwKYJFb1Hn9MMz85L2YNPQGGT3bfbSdv'}
Body: None
2021-12-06 20:37:44,837 DEBUG :: Starting new HTTPS connection (1): api.twitter.com:443
2021-12-06 20:37:45,161 DEBUG :: https://api.twitter.com:443 "GET /2/users/51016657/tweets?max_results=5&tweet.fields=created_at&exclude=retweets HTTP/1.1" 200 896
2021-12-06 20:37:45,162 DEBUG :: Received API response: 200 OK
Headers: {'date': 'Mon, 06 Dec 2021 19:37:44 UTC', 'server': 'tsa_f', 'set-cookie': 'guest_id_marketing=v1%3A163881946464558949; Max-Age=63072000; Expires=Wed, 06 Dec 2023 19:37:44 GMT; Path=/; Domain=.twitter.com; Secure; SameSite=None, guest_id_ads=v1%3A163881946464558949; Max-Age=63072000; Expires=Wed, 06 Dec 2023 19:37:44 GMT; Path=/; Domain=.twitter.com; Secure; SameSite=None, personalization_id="v1_U5u8qIOHWrbQwdpBLYR+eg=="; Max-Age=63072000; Expires=Wed, 06 Dec 2023 19:37:44 GMT; Path=/; Domain=.twitter.com; Secure; SameSite=None, guest_id=v1%3A163881946464558949; Max-Age=63072000; Expires=Wed, 06 Dec 2023 19:37:44 GMT; Path=/; Domain=.twitter.com; Secure; SameSite=None', 'api-version': '2.31', 'content-type': 'application/json; charset=utf-8', 'cache-control': 'no-cache, no-store, max-age=0', 'content-length': '896', 'x-access-level': 'read', 'x-frame-options': 'SAMEORIGIN', 'content-encoding': 'gzip', 'x-xss-protection': '0', 'x-rate-limit-limit': '1500', 'x-rate-limit-reset': '1638820161', 'content-disposition': 'attachment; filename=json.json', 'x-content-type-options': 'nosniff', 'x-rate-limit-remaining': '1480', 'strict-transport-security': 'max-age=631138519', 'x-response-time': '232', 'x-connection-hash': '6fb4a42412acbb13f997d2c34bd9f772916836563e3be16d6020ba0116c093a4'}
Content: b'{"data":[{"created_at":"2021-12-03T10:29:48.000Z","id":"1466716290987565058","text":"Following a very successful online event, Proactis UK&amp;I #ReThink21 is now available for you to access on-demand.\\n\\nYou can watch recordings of our live sessions from speakers such as Peter Smith and Andrew Codd CGMA MBA - click here to access: https://t.co/YFdbEKUBzt"},{"created_at":"2021-12-01T10:33:29.000Z","id":"1465992441014759432","text":"Technology is playing a huge role in helping organisations manage ethical supply chains. \\n\\nFind out more - https://t.co/ocmUhPehHi"},{"created_at":"2021-11-29T12:54:28.000Z","id":"1465303146494840833","text":"Now is the time to manage your supplier relationships.\\n\\nWith Proactis you can build and maintain a strong supplier base by structuring and streamlining the entire supplier lifecycle.\\n\\nhttps://t.co/737Z4MPOnH"},{"created_at":"2021-11-26T12:10:20.000Z","id":"1464204873302478853","text":"Read more about how Louvre Hotels Group has chosen to deploy Proactis\' new procurement solution to its hotels in Europe as part of the Group\'s ERP deployment programme and strategic transformation plan. https://t.co/NY57g53VRM"},{"created_at":"2021-11-25T09:58:10.000Z","id":"1463809228083281925","text":"Here are the opportunities you shouldn\'t miss out on to achieve your capacity, talent and process goals. It\'s time to make an impact - https://t.co/nvmNQ40Gft"}],"meta":{"oldest_id":"1463809228083281925","newest_id":"1466716290987565058","result_count":5,"next_token":"7140dibdnow9c7btw3z3arj2poo6ga7gb47qfmlze1mid"}}'
2021-12-06 20:37:45,163 WARNING :: Amount of tweets 7
2021-12-06 20:37:45,163 WARNING :: Recieved full data for 4 users
2021-12-06 20:37:45,164 WARNING :: Cleaning and Analising Tweets Tweets
2021-12-06 20:37:45,164 WARNING :: Analising Tweets Tweets
2021-12-06 20:37:45,165 DEBUG :: Making API request: GET https://api.twitter.com/2/users/3322732175/tweets
Parameters: {'max_results': 5, 'tweet.fields': 'created_at', 'exclude': 'retweets'}
Headers: {'User-Agent': 'Python/3.8.9 Requests/2.26.0 Tweepy/4.4.0', 'Authorization': 'Bearer AAAAAAAAAAAAAAAAAAAAAH68VwEAAAAA5DWkqX14lSgqQ2yid9RQhbV1meM%3D8jgI64BX4l8WPDrbahnwKYJFb1Hn9MMz85L2YNPQGGT3bfbSdv'}
Body: None
2021-12-06 20:37:45,166 DEBUG :: Starting new HTTPS connection (1): api.twitter.com:443
2021-12-06 20:37:45,460 DEBUG :: https://api.twitter.com:443 "GET /2/users/3322732175/tweets?max_results=5&tweet.fields=created_at&exclude=retweets HTTP/1.1" 200 1125
2021-12-06 20:37:45,461 DEBUG :: Received API response: 200 OK
Headers: {'date': 'Mon, 06 Dec 2021 19:37:45 UTC', 'server': 'tsa_f', 'set-cookie': 'guest_id_marketing=v1%3A163881946497023730; Max-Age=63072000; Expires=Wed, 06 Dec 2023 19:37:45 GMT; Path=/; Domain=.twitter.com; Secure; SameSite=None, guest_id_ads=v1%3A163881946497023730; Max-Age=63072000; Expires=Wed, 06 Dec 2023 19:37:45 GMT; Path=/; Domain=.twitter.com; Secure; SameSite=None, personalization_id="v1_NofNODASubJCvtE9VArRJQ=="; Max-Age=63072000; Expires=Wed, 06 Dec 2023 19:37:45 GMT; Path=/; Domain=.twitter.com; Secure; SameSite=None, guest_id=v1%3A163881946497023730; Max-Age=63072000; Expires=Wed, 06 Dec 2023 19:37:45 GMT; Path=/; Domain=.twitter.com; Secure; SameSite=None', 'api-version': '2.31', 'content-type': 'application/json; charset=utf-8', 'cache-control': 'no-cache, no-store, max-age=0', 'content-length': '1125', 'x-access-level': 'read', 'x-frame-options': 'SAMEORIGIN', 'content-encoding': 'gzip', 'x-xss-protection': '0', 'x-rate-limit-limit': '1500', 'x-rate-limit-reset': '1638820161', 'content-disposition': 'attachment; filename=json.json', 'x-content-type-options': 'nosniff', 'x-rate-limit-remaining': '1479', 'strict-transport-security': 'max-age=631138519', 'x-response-time': '205', 'x-connection-hash': 'b3de43a3407e9abca143f6d056ed5c74256eeb888dff4a6545bffd36376fce3d'}
Content: b'{"data":[{"created_at":"2020-10-26T11:59:56.000Z","id":"1320696661610516482","text":"Dank @ExecutiveFinan voor het interview!\\n \\nVerkort de verwerkingstijd van facturen en betaal u leveranciers eerder met Proactis P2P en Accelerated Payments. Door facturen sneller te betalen heb je direct impact op supplychain. https://t.co/43ifjs4Hj8"},{"created_at":"2020-06-05T11:00:58.000Z","id":"1268860359655534592","text":"Is P2P een oplossing voor:\\n\xe2\x9d\x94 Inkoop\\n\xe2\x9d\x94 Finance\\n\xe2\x9c\x94\xef\xb8\x8f All of the above\\n\\nTijdens de webinar: \\"What about P2P? Kick-start uw P2P project\\" zullen we ingaan op de noodzaak van P2P.\\n\\nBent u erbij? Meld u aan!\\n#P2P #Webinar \\n\\nhttps://t.co/HJswFCj0eZ https://t.co/l1Oztz2FtN"},{"created_at":"2020-05-11T13:12:04.000Z","id":"1259833653506592768","text":"\\uD83D\\uDCE2 Met trots presenteren wij u de Proactis Business Spend video!\\n\\nU kunt hier zien hoe Proactis u kan helpen om:\\n1. Inzage te verkrijgen in spend data\\n2. Naleving van inkoopbeleid te borgen\\n3. Kostenbesparing te realiseren\\n\\nhttps://t.co/F0WoLuX3FW"},{"created_at":"2020-05-08T08:02:47.000Z","id":"1258668658064228352","text":"In 3 stappen eenvoudig en effectief grip op uw contracten? Dat kan! Als u meer wilt weten over:\\n\\n\xe2\x96\xab\xef\xb8\x8f Nut en nootzaak van inzicht in contractdata\\n\xe2\x96\xab\xef\xb8\x8f CM als \\"quick win\\"\\n\xe2\x96\xab\xef\xb8\x8f De 3 stappen naar volledig inzicht\\n\\nMeld u aan voor de Contract Management Webinar!\\n\\nhttps://t.co/piLte28Spn https://t.co/oTvI5JAxJo"},{"created_at":"2020-04-17T13:20:11.000Z","id":"1251138389782429696","text":"Our home-based offices are filled with energy and we\'re proud of all our employees that are doing their utmost to continue \'business as usual\'!\\n\\nThank you all!\\n\\n#proactis #team #workfromhome #kanjers https://t.co/yV51xAz040"}],"meta":{"oldest_id":"1251138389782429696","newest_id":"1320696661610516482","result_count":5,"next_token":"7140dibdnow9c7btw3t3bpj6z343rrkpa3f8qccw0xoae"}}'
2021-12-06 20:37:45,462 WARNING :: Amount of tweets 7
2021-12-06 20:37:45,462 WARNING :: Recieved full data for 5 users
2021-12-06 20:37:45,463 WARNING :: Cleaning and Analising Tweets Tweets
2021-12-06 20:37:45,463 WARNING :: Analising Tweets Tweets
2021-12-06 20:37:45,464 DEBUG :: Making API request: GET https://api.twitter.com/2/users/865199209896701952/tweets
Parameters: {'max_results': 5, 'tweet.fields': 'created_at', 'exclude': 'retweets'}
Headers: {'User-Agent': 'Python/3.8.9 Requests/2.26.0 Tweepy/4.4.0', 'Authorization': 'Bearer AAAAAAAAAAAAAAAAAAAAAH68VwEAAAAA5DWkqX14lSgqQ2yid9RQhbV1meM%3D8jgI64BX4l8WPDrbahnwKYJFb1Hn9MMz85L2YNPQGGT3bfbSdv'}
Body: None
2021-12-06 20:37:45,466 DEBUG :: Starting new HTTPS connection (1): api.twitter.com:443
2021-12-06 20:37:45,862 DEBUG :: https://api.twitter.com:443 "GET /2/users/865199209896701952/tweets?max_results=5&tweet.fields=created_at&exclude=retweets HTTP/1.1" 200 1025
2021-12-06 20:37:45,865 DEBUG :: Received API response: 200 OK
Headers: {'date': 'Mon, 06 Dec 2021 19:37:45 UTC', 'server': 'tsa_f', 'set-cookie': 'guest_id_marketing=v1%3A163881946537211290; Max-Age=63072000; Expires=Wed, 06 Dec 2023 19:37:45 GMT; Path=/; Domain=.twitter.com; Secure; SameSite=None, guest_id_ads=v1%3A163881946537211290; Max-Age=63072000; Expires=Wed, 06 Dec 2023 19:37:45 GMT; Path=/; Domain=.twitter.com; Secure; SameSite=None, personalization_id="v1_eSo1iCjQuIknClOL2Wfi5w=="; Max-Age=63072000; Expires=Wed, 06 Dec 2023 19:37:45 GMT; Path=/; Domain=.twitter.com; Secure; SameSite=None, guest_id=v1%3A163881946537211290; Max-Age=63072000; Expires=Wed, 06 Dec 2023 19:37:45 GMT; Path=/; Domain=.twitter.com; Secure; SameSite=None', 'api-version': '2.31', 'content-type': 'application/json; charset=utf-8', 'cache-control': 'no-cache, no-store, max-age=0', 'content-length': '1025', 'x-access-level': 'read', 'x-frame-options': 'SAMEORIGIN', 'content-encoding': 'gzip', 'x-xss-protection': '0', 'x-rate-limit-limit': '1500', 'x-rate-limit-reset': '1638820161', 'content-disposition': 'attachment; filename=json.json', 'x-content-type-options': 'nosniff', 'x-rate-limit-remaining': '1478', 'strict-transport-security': 'max-age=631138519', 'x-response-time': '307', 'x-connection-hash': 'ea7fabad0d90644911cc02bdef16a25c35e4633841a6a7c87908c1c3ba253826'}
Content: b'{"data":[{"created_at":"2021-12-06T13:17:05.000Z","id":"1467845551056113668","text":"#FCEV and #BEV have similarly low lifecycle emissions - scaled up #togetherfornetzero they can both have a great impact on reducing #transport emissions. \\n\\nRead our report on transportation \\uD83D\\uDC49 https://t.co/so5uOV4g0r https://t.co/PESCCOHlb2"},{"created_at":"2021-12-05T08:00:01.000Z","id":"1467403369954230273","text":"Whether at #COP26 with the Glasgow Breakthroughs and #H2Zero, during #EUHydrogenWeek, or through new initiatives by governments and companies, it is undeniable #hydrogen has taken Centre Stage in the #energy conversation.\\n\\nRead @noevanhulst\xe2\x80\x99s thoughts \\uD83D\\uDC47\\nhttps://t.co/HqInNNshC3"},{"created_at":"2021-12-03T16:26:56.000Z","id":"1466806166864994304","text":"At @Reuters\xe2\x80\x99 Hydrogen Economy Europe event, our Director for Policy &amp; Partnerships @daria_nvk outlined hydrogen\xe2\x80\x99s carbon abetment potential by 2030 and by 2050, as well as the policy tools needed to #KickstartHydrogen.\\n\\nhttps://t.co/eTxqAjFDko"},{"created_at":"2021-12-03T14:00:00.000Z","id":"1466769190359117829","text":"While #BEVs are efficient for passenger transportation, #FCEVs are optimal for vehicles with high power and energy demand such as heavy- and medium-duty vehicles.\\n\\nSee why both technologies are needed: https://t.co/so5uOV4g0r\\n#togetherfornetzero"},{"created_at":"2021-12-02T13:39:37.000Z","id":"1466401671106510849","text":"In our Policy Toolbox, we have identified 6\xe2\x83\xa3 pillars for efficient #policy design to encourage the scale-up of low carbon and #renewable #hydrogen.\\n\\nSee this and more in our latest report: https://t.co/c59GFEE3sA https://t.co/MOeWAKlKMz"}],"meta":{"oldest_id":"1466401671106510849","newest_id":"1467845551056113668","result_count":5,"next_token":"7140dibdnow9c7btw3z3axw1zxcnhiopreubebjo559h5"}}'
2021-12-06 20:37:45,868 WARNING :: Amount of tweets 7
2021-12-06 20:37:45,868 WARNING :: Recieved full data for 6 users
2021-12-06 20:37:45,869 WARNING :: Cleaning and Analising Tweets Tweets
2021-12-06 20:37:45,869 WARNING :: Analising Tweets Tweets
2021-12-06 20:37:45,872 DEBUG :: Making API request: GET https://api.twitter.com/2/users/171093845/tweets
Parameters: {'max_results': 5, 'tweet.fields': 'created_at', 'exclude': 'retweets'}
Headers: {'User-Agent': 'Python/3.8.9 Requests/2.26.0 Tweepy/4.4.0', 'Authorization': 'Bearer AAAAAAAAAAAAAAAAAAAAAH68VwEAAAAA5DWkqX14lSgqQ2yid9RQhbV1meM%3D8jgI64BX4l8WPDrbahnwKYJFb1Hn9MMz85L2YNPQGGT3bfbSdv'}
Body: None
2021-12-06 20:37:45,876 DEBUG :: Starting new HTTPS connection (1): api.twitter.com:443
2021-12-06 20:37:46,201 DEBUG :: https://api.twitter.com:443 "GET /2/users/171093845/tweets?max_results=5&tweet.fields=created_at&exclude=retweets HTTP/1.1" 200 1002
2021-12-06 20:37:46,203 DEBUG :: Received API response: 200 OK
Headers: {'date': 'Mon, 06 Dec 2021 19:37:45 UTC', 'server': 'tsa_f', 'set-cookie': 'guest_id_marketing=v1%3A163881946568604569; Max-Age=63072000; Expires=Wed, 06 Dec 2023 19:37:45 GMT; Path=/; Domain=.twitter.com; Secure; SameSite=None, guest_id_ads=v1%3A163881946568604569; Max-Age=63072000; Expires=Wed, 06 Dec 2023 19:37:45 GMT; Path=/; Domain=.twitter.com; Secure; SameSite=None, personalization_id="v1_tjf2SA22omB98A73qrJJmQ=="; Max-Age=63072000; Expires=Wed, 06 Dec 2023 19:37:45 GMT; Path=/; Domain=.twitter.com; Secure; SameSite=None, guest_id=v1%3A163881946568604569; Max-Age=63072000; Expires=Wed, 06 Dec 2023 19:37:45 GMT; Path=/; Domain=.twitter.com; Secure; SameSite=None', 'api-version': '2.31', 'content-type': 'application/json; charset=utf-8', 'cache-control': 'no-cache, no-store, max-age=0', 'content-length': '1002', 'x-access-level': 'read', 'x-frame-options': 'SAMEORIGIN', 'content-encoding': 'gzip', 'x-xss-protection': '0', 'x-rate-limit-limit': '1500', 'x-rate-limit-reset': '1638820161', 'content-disposition': 'attachment; filename=json.json', 'x-content-type-options': 'nosniff', 'x-rate-limit-remaining': '1477', 'strict-transport-security': 'max-age=631138519', 'x-response-time': '230', 'x-connection-hash': '19f78c4f44bd7006e8bb4654fb2a723c1fd3d040f90c021b17dfc3079e21ec94'}
Content: b'{"data":[{"created_at":"2021-12-03T14:01:10.000Z","id":"1466769483402461192","text":"Il avait \xc3\xa9t\xc3\xa9 un des personnages de notre saga estivale \\"devoirs de vacances\\", le r\xc3\xb4le d\'un Chef de Projets au sein de notre Centre De Services de La D\xc3\xa9fense est pr\xc3\xa9sent\xc3\xa9, cette semaine par Lo\xc3\xafc. \\n@_ALTBG \\n@BrunoDamey  @__JPCS \\n#blockchain #developpement #agile https://t.co/wEMRjtVDIq"},{"created_at":"2021-11-30T23:43:29.000Z","id":"1465828863477436426","text":"Il y a plein de belles choses \xc3\xa0 r\xc3\xa9aliser avec les \xc3\xa9quipes @_ALTBG  ! L\'occasion de partager avec les \xc3\xa9quipes @iORGA_GROUP  l\'ambition TBG.\\nRejoignez-nous ! https://t.co/eRGhIa71zC"},{"created_at":"2021-11-30T23:42:38.000Z","id":"1465828651371569155","text":"Nouveau site dans l\'\xc3\xa9cosyst\xc3\xa8me @_ALTBG  ! Les \xc3\xa9quipes iORGA GROUP sont fi\xc3\xa8res de participer aux challenges relev\xc3\xa9s par la solution Eniblock et les architectures Blockchain ! https://t.co/bnBfX5pK6k"},{"created_at":"2021-11-24T22:54:35.000Z","id":"1463642231861043205","text":"200 postes \xc3\xa0 pouvoir en 2022 chez The Blockchain Group - N\'h\xc3\xa9sitez pas - il y a beaucoup de projets \xc3\xa0 r\xc3\xa9aliser, notamment avec les \xc3\xa9quipes IORGA Group ! Postulez !\\n\\nhttps://t.co/mdYPUiZCm6 \\n\\n@_ALTBG https://t.co/TFQg0iKcED"},{"created_at":"2021-11-19T14:58:08.000Z","id":"1461710388970598406","text":"Votre application m\xc3\xa9tier est-elle has been ? Faites le test : https://t.co/iZWzAotxuw \\nDiagnostiquez votre application m\xc3\xa9tier en 5 minutes. nos experts vous proposent un audit flash \xc3\xa0 l\xe2\x80\x99issue du test, pour identifier les am\xc3\xa9liorations \xc3\xa0 apporter ! \\n@BrunoDamey @__JPCS \\n@_ALTBG https://t.co/RDSKrtnzle"}],"meta":{"oldest_id":"1461710388970598406","newest_id":"1466769483402461192","result_count":5,"next_token":"7140dibdnow9c7btw3z3an9bo22t3upe46i3xtx7remgm"}}'
2021-12-06 20:37:46,205 WARNING :: Amount of tweets 7
2021-12-06 20:37:46,205 WARNING :: Recieved full data for 7 users
2021-12-06 20:37:46,206 WARNING :: Cleaning and Analising Tweets Tweets
2021-12-06 20:37:46,206 WARNING :: Analising Tweets Tweets
2021-12-06 20:37:46,208 DEBUG :: Making API request: GET https://api.twitter.com/2/users/390074243/tweets
Parameters: {'max_results': 5, 'tweet.fields': 'created_at', 'exclude': 'retweets'}
Headers: {'User-Agent': 'Python/3.8.9 Requests/2.26.0 Tweepy/4.4.0', 'Authorization': 'Bearer AAAAAAAAAAAAAAAAAAAAAH68VwEAAAAA5DWkqX14lSgqQ2yid9RQhbV1meM%3D8jgI64BX4l8WPDrbahnwKYJFb1Hn9MMz85L2YNPQGGT3bfbSdv'}
Body: None
2021-12-06 20:37:46,211 DEBUG :: Starting new HTTPS connection (1): api.twitter.com:443
2021-12-06 20:37:46,565 DEBUG :: https://api.twitter.com:443 "GET /2/users/390074243/tweets?max_results=5&tweet.fields=created_at&exclude=retweets HTTP/1.1" 200 599
2021-12-06 20:37:46,566 DEBUG :: Received API response: 200 OK
Headers: {'date': 'Mon, 06 Dec 2021 19:37:46 UTC', 'server': 'tsa_f', 'set-cookie': 'guest_id_marketing=v1%3A163881946605408648; Max-Age=63072000; Expires=Wed, 06 Dec 2023 19:37:46 GMT; Path=/; Domain=.twitter.com; Secure; SameSite=None, guest_id_ads=v1%3A163881946605408648; Max-Age=63072000; Expires=Wed, 06 Dec 2023 19:37:46 GMT; Path=/; Domain=.twitter.com; Secure; SameSite=None, personalization_id="v1_3JXtaLpAy8ublK2CdL6Q6w=="; Max-Age=63072000; Expires=Wed, 06 Dec 2023 19:37:46 GMT; Path=/; Domain=.twitter.com; Secure; SameSite=None, guest_id=v1%3A163881946605408648; Max-Age=63072000; Expires=Wed, 06 Dec 2023 19:37:46 GMT; Path=/; Domain=.twitter.com; Secure; SameSite=None', 'api-version': '2.31', 'content-type': 'application/json; charset=utf-8', 'cache-control': 'no-cache, no-store, max-age=0', 'content-length': '599', 'x-access-level': 'read', 'x-frame-options': 'SAMEORIGIN', 'content-encoding': 'gzip', 'x-xss-protection': '0', 'x-rate-limit-limit': '1500', 'x-rate-limit-reset': '1638820161', 'content-disposition': 'attachment; filename=json.json', 'x-content-type-options': 'nosniff', 'x-rate-limit-remaining': '1476', 'strict-transport-security': 'max-age=631138519', 'x-response-time': '226', 'x-connection-hash': 'd1b003eed586a04ad57abb6cc7667da45364324dbf912375463d362d0d8f3cc3'}
Content: b'{"data":[{"created_at":"2019-03-27T15:17:42.000Z","id":"1110923856871649282","text":"Nous avons une opportunit\xc3\xa9 de stage pour un graphiste en nos beaux locaux de Suresnes ! Faites tourner !\\n\\nhttps://t.co/2XZQ0XWIeD https://t.co/2XZQ0XWIeD"},{"created_at":"2019-03-14T09:47:14.000Z","id":"1106129651401936896","text":"https://t.co/9cJjNqfnxo"},{"created_at":"2019-03-14T09:46:25.000Z","id":"1106129445084192768","text":"https://t.co/reaBDizZTN"},{"created_at":"2019-03-14T09:46:06.000Z","id":"1106129367112052740","text":"https://t.co/RLuc0ZYyAT"},{"created_at":"2019-03-13T11:03:39.000Z","id":"1105786494466314242","text":"D\xc3\xa9couvrez notre derni\xc3\xa8re vid\xc3\xa9o r\xc3\xa9alis\xc3\xa9e par Guillaume et Guillaume !\\n\\nSi vous avez bien suivi il y a un jeu concours sur YouTube directement, d\xc3\xa9p\xc3\xaachez vous de participer pour avoir une chance d\'obtenir cette superbe M4 ;)\\n\\nTirage au sort le 15 mars... https://t.co/so4XBhB1O0"}],"meta":{"oldest_id":"1105786494466314242","newest_id":"1110923856871649282","result_count":5,"next_token":"7140dibdnow9c7btw3q1ga0zv229uzwl8nr8q7zt35c8i"}}'
2021-12-06 20:37:46,567 WARNING :: Amount of tweets 7
2021-12-06 20:37:46,568 WARNING :: Recieved full data for 8 users
2021-12-06 20:37:46,568 WARNING :: Cleaning and Analising Tweets Tweets
2021-12-06 20:37:46,568 WARNING :: Analising Tweets Tweets
2021-12-06 20:37:46,568 DEBUG :: Making API request: GET https://api.twitter.com/2/users/909694493204647936/tweets
Parameters: {'max_results': 5, 'tweet.fields': 'created_at', 'exclude': 'retweets'}
Headers: {'User-Agent': 'Python/3.8.9 Requests/2.26.0 Tweepy/4.4.0', 'Authorization': 'Bearer AAAAAAAAAAAAAAAAAAAAAH68VwEAAAAA5DWkqX14lSgqQ2yid9RQhbV1meM%3D8jgI64BX4l8WPDrbahnwKYJFb1Hn9MMz85L2YNPQGGT3bfbSdv'}
Body: None
2021-12-06 20:37:46,570 DEBUG :: Starting new HTTPS connection (1): api.twitter.com:443
2021-12-06 20:37:46,850 DEBUG :: https://api.twitter.com:443 "GET /2/users/909694493204647936/tweets?max_results=5&tweet.fields=created_at&exclude=retweets HTTP/1.1" 200 600
2021-12-06 20:37:46,852 DEBUG :: Received API response: 200 OK
Headers: {'date': 'Mon, 06 Dec 2021 19:37:46 UTC', 'server': 'tsa_f', 'set-cookie': 'guest_id_marketing=v1%3A163881946637021869; Max-Age=63072000; Expires=Wed, 06 Dec 2023 19:37:46 GMT; Path=/; Domain=.twitter.com; Secure; SameSite=None, guest_id_ads=v1%3A163881946637021869; Max-Age=63072000; Expires=Wed, 06 Dec 2023 19:37:46 GMT; Path=/; Domain=.twitter.com; Secure; SameSite=None, personalization_id="v1_KXK//axmD/c2z0q5m73X+A=="; Max-Age=63072000; Expires=Wed, 06 Dec 2023 19:37:46 GMT; Path=/; Domain=.twitter.com; Secure; SameSite=None, guest_id=v1%3A163881946637021869; Max-Age=63072000; Expires=Wed, 06 Dec 2023 19:37:46 GMT; Path=/; Domain=.twitter.com; Secure; SameSite=None', 'api-version': '2.31', 'content-type': 'application/json; charset=utf-8', 'cache-control': 'no-cache, no-store, max-age=0', 'content-length': '600', 'x-access-level': 'read', 'x-frame-options': 'SAMEORIGIN', 'content-encoding': 'gzip', 'x-xss-protection': '0', 'x-rate-limit-limit': '1500', 'x-rate-limit-reset': '1638820161', 'content-disposition': 'attachment; filename=json.json', 'x-content-type-options': 'nosniff', 'x-rate-limit-remaining': '1475', 'strict-transport-security': 'max-age=631138519', 'x-response-time': '195', 'x-connection-hash': '27cce974d219f5ebe3427b9956ac3837f50665c2ee718a6795c4a9fc9d1aa61c'}
Content: b'{"data":[{"created_at":"2021-11-15T15:07:42.000Z","id":"1460263242945683466","text":"Avenir Telecom multiplie son chiffre d\xe2\x80\x99affaires par 2,2 au 1er semestre 2021-2022 gr\xc3\xa2ce au succ\xc3\xa8s de sa nouvelle strat\xc3\xa9gie commerciale\\n\\nhttps://t.co/thcU18yRKc"},{"created_at":"2020-11-04T14:19:54.000Z","id":"1323993375910043648","text":"3ans c\'est long..."},{"created_at":"2020-11-04T14:18:11.000Z","id":"1323992947340333056","text":"Wow, nous sommes enfin de retour sur Twitter ! #AvenirTelecom #AVT ! https://t.co/9Nmt9ZNxIJ"},{"created_at":"2017-09-20T16:21:26.000Z","id":"910539409799426048","text":"Avenir Telecom recrute son : \\nASSISTANT ADV ANGLAIS H/F\\nContact : recrutement@avenir-telecom.fr"},{"created_at":"2017-09-20T12:16:26.000Z","id":"910477750812766208","text":"Avenir Telecom recrute son : \\nCHARGE DE RECRUTEMENT INTERNATIONAL H/F\\nContact : recrutement@avenir-telecom.fr\\n@recrutement"}],"meta":{"oldest_id":"910477750812766208","newest_id":"1460263242945683466","result_count":5,"next_token":"zldjwdz3w6sba13nqq1p3xgumyxuwxqokx22921cy0o"}}'
2021-12-06 20:37:46,854 WARNING :: Amount of tweets 7
2021-12-06 20:37:46,855 WARNING :: Recieved full data for 9 users
2021-12-06 20:37:46,855 WARNING :: Cleaning and Analising Tweets Tweets
2021-12-06 20:37:46,855 WARNING :: Analising Tweets Tweets
2021-12-06 20:37:46,856 DEBUG :: Making API request: GET https://api.twitter.com/2/users/88876114/tweets
Parameters: {'max_results': 5, 'tweet.fields': 'created_at', 'exclude': 'retweets'}
Headers: {'User-Agent': 'Python/3.8.9 Requests/2.26.0 Tweepy/4.4.0', 'Authorization': 'Bearer AAAAAAAAAAAAAAAAAAAAAH68VwEAAAAA5DWkqX14lSgqQ2yid9RQhbV1meM%3D8jgI64BX4l8WPDrbahnwKYJFb1Hn9MMz85L2YNPQGGT3bfbSdv'}
Body: None
2021-12-06 20:37:46,858 DEBUG :: Starting new HTTPS connection (1): api.twitter.com:443
2021-12-06 20:37:47,177 DEBUG :: https://api.twitter.com:443 "GET /2/users/88876114/tweets?max_results=5&tweet.fields=created_at&exclude=retweets HTTP/1.1" 200 1188
2021-12-06 20:37:47,178 DEBUG :: Received API response: 200 OK
Headers: {'date': 'Mon, 06 Dec 2021 19:37:46 UTC', 'server': 'tsa_f', 'set-cookie': 'guest_id_marketing=v1%3A163881946666083464; Max-Age=63072000; Expires=Wed, 06 Dec 2023 19:37:46 GMT; Path=/; Domain=.twitter.com; Secure; SameSite=None, guest_id_ads=v1%3A163881946666083464; Max-Age=63072000; Expires=Wed, 06 Dec 2023 19:37:46 GMT; Path=/; Domain=.twitter.com; Secure; SameSite=None, personalization_id="v1_3dVhh19mBdYp/cpv2ElH7A=="; Max-Age=63072000; Expires=Wed, 06 Dec 2023 19:37:46 GMT; Path=/; Domain=.twitter.com; Secure; SameSite=None, guest_id=v1%3A163881946666083464; Max-Age=63072000; Expires=Wed, 06 Dec 2023 19:37:46 GMT; Path=/; Domain=.twitter.com; Secure; SameSite=None', 'api-version': '2.31', 'content-type': 'application/json; charset=utf-8', 'cache-control': 'no-cache, no-store, max-age=0', 'content-length': '1188', 'x-access-level': 'read', 'x-frame-options': 'SAMEORIGIN', 'content-encoding': 'gzip', 'x-xss-protection': '0', 'x-rate-limit-limit': '1500', 'x-rate-limit-reset': '1638820161', 'content-disposition': 'attachment; filename=json.json', 'x-content-type-options': 'nosniff', 'x-rate-limit-remaining': '1474', 'strict-transport-security': 'max-age=631138519', 'x-response-time': '232', 'x-connection-hash': 'ea0763ebac6aeefc50468c3ef75a516c8cdb72c25a7b4ff4a1d80d8f41ab9f02'}
Content: b'{"data":[{"created_at":"2021-12-03T15:28:36.000Z","id":"1466791486746472451","text":"[NOUVEAUT\xc3\x89 : OFFIMEDIA 2.0]\\nD\xc3\xa9couvrez #OFFIMEDIA 2.0 :\\n\xe2\x9c\x85 Une harmonie de la communication\\n\xe2\x9c\x85 Une int\xc3\xa9gration exclusive au LGPI\\n\xe2\x9c\x85 Une base de donn\xc3\xa9es riche\\n\xe2\x9c\x85 Des \xc3\xa9crans adapt\xc3\xa9s \xc3\xa0 chaque usage\\n\\nEn savoir plus : https://t.co/uyj7wEA8om\\n\\n#pharmacie #digital https://t.co/KN9dev1ZGB"},{"created_at":"2021-12-01T11:12:14.000Z","id":"1466002192142376962","text":"[#CHIFFREDELASEMAINE : LGPI]\\n#LGPI vous accompagne dans vos missions de professionnel de sant\xc3\xa9 et de chef d\xe2\x80\x99entreprise. \\nR\xc3\xa9solument orient\xc3\xa9 patient et m\xc3\xa9tier, LGPI vous offre la s\xc3\xa9r\xc3\xa9nit\xc3\xa9 et s\xc3\xa9curit\xc3\xa9 certifi\xc3\xa9es !\\n\\nPlus : https://t.co/8wGbhkSVUF\\n\\n#logiciel #pharmacie #m\xc3\xa9tier https://t.co/VrPg4df9iV"},{"created_at":"2021-11-30T11:44:07.000Z","id":"1465647827309273090","text":"[VACCINATION]\\nUn seul outil pour tous les sch\xc3\xa9mas vaccinaux : le module RDV vaccination int\xc3\xa9gr\xc3\xa9 au #LGPI !\\n\xe2\x9c\x85 Module* RDV vaccin : https://t.co/61NKCZdqcc\\n\xe2\x9c\x85 Kit de com* : https://t.co/WXVhOEZ20h\\n\xe2\x9c\x85 Orga. de RDV : https://t.co/GeVOOIJIk6\\n\\n*Jusqu\'au 31/12/21 / stocks disponibles. https://t.co/S00zMX7aHP"},{"created_at":"2021-11-26T11:00:05.000Z","id":"1464187197691764736","text":"[LGPI : IDENTIT\xc3\x89 NATIONALE DE SANT\xc3\x89]\\nL\xe2\x80\x99Identit\xc3\xa9 Nationale de Sant\xc3\xa9 (INS) est un identifiant unique, univoque et propre \xc3\xa0 chaque usager. Il s\xe2\x80\x99agit d\xe2\x80\x99une identit\xc3\xa9 num\xc3\xa9rique unique.\\n\\uD83D\\uDCD3 D\xc3\xa9couvrez \xc3\xa0sur notre blog son fonctionnement et son int\xc3\xa9gration \xc3\xa0 LGPI : https://t.co/ClerWigM5A https://t.co/FbOhY98WJF"},{"created_at":"2021-11-24T11:04:12.000Z","id":"1463463457802661891","text":"[#CHIFFREDELASEMAINE : ROBOT SINTESI]\\nAutomatisation du stockage, s\xc3\xa9curisation de la d\xc3\xa9livrance ; gain de temps et s\xc3\xa9r\xc3\xa9nit\xc3\xa9 sont les ma\xc3\xaetres mots du robot #SINTESI !\\nAcc\xc3\xa9dez \xc3\xa0 la robotisation pour moins de 1000\xe2\x82\xacHT/mois*\\n\\nEn savoir plus : \\n\\n*Hors maintenance et options https://t.co/h9ekTTiwEB"}],"meta":{"oldest_id":"1463463457802661891","newest_id":"1466791486746472451","result_count":5,"next_token":"7140dibdnow9c7btw3z3arhvt1mn9m9sfi3fr81cg906p"}}'
2021-12-06 20:37:47,179 WARNING :: Amount of tweets 7
2021-12-06 20:37:47,179 WARNING :: Recieved full data for 10 users
2021-12-06 20:37:47,179 WARNING :: Cleaning and Analising Tweets Tweets
2021-12-06 20:37:47,179 WARNING :: Analising Tweets Tweets
