2021-12-06 23:52:28,421 DEBUG :: Making API request: GET https://api.twitter.com/2/users/by/username/MedinCell
Parameters: {'user.fields': 'created_at'}
Headers: {'User-Agent': 'Python/3.8.9 Requests/2.26.0 Tweepy/4.4.0', 'Authorization': 'Bearer AAAAAAAAAAAAAAAAAAAAAH68VwEAAAAA5DWkqX14lSgqQ2yid9RQhbV1meM%3D8jgI64BX4l8WPDrbahnwKYJFb1Hn9MMz85L2YNPQGGT3bfbSdv'}
Body: None
2021-12-06 23:52:28,426 DEBUG :: Starting new HTTPS connection (1): api.twitter.com:443
2021-12-06 23:52:28,680 DEBUG :: https://api.twitter.com:443 "GET /2/users/by/username/MedinCell?user.fields=created_at HTTP/1.1" 200 114
2021-12-06 23:52:28,681 DEBUG :: Received API response: 200 OK
Headers: {'date': 'Mon, 06 Dec 2021 22:52:28 UTC', 'server': 'tsa_f', 'set-cookie': 'guest_id_marketing=v1%3A163883114815263844; Max-Age=63072000; Expires=Wed, 06 Dec 2023 22:52:28 GMT; Path=/; Domain=.twitter.com; Secure; SameSite=None, guest_id_ads=v1%3A163883114815263844; Max-Age=63072000; Expires=Wed, 06 Dec 2023 22:52:28 GMT; Path=/; Domain=.twitter.com; Secure; SameSite=None, personalization_id="v1_VFIrHAN/FpiibKnTYW0y/w=="; Max-Age=63072000; Expires=Wed, 06 Dec 2023 22:52:28 GMT; Path=/; Domain=.twitter.com; Secure; SameSite=None, guest_id=v1%3A163883114815263844; Max-Age=63072000; Expires=Wed, 06 Dec 2023 22:52:28 GMT; Path=/; Domain=.twitter.com; Secure; SameSite=None', 'api-version': '2.31', 'content-type': 'application/json; charset=utf-8', 'cache-control': 'no-cache, no-store, max-age=0', 'content-length': '114', 'x-access-level': 'read', 'x-frame-options': 'SAMEORIGIN', 'content-encoding': 'gzip', 'x-xss-protection': '0', 'x-rate-limit-limit': '300', 'x-rate-limit-reset': '1638831904', 'content-disposition': 'attachment; filename=json.json', 'x-content-type-options': 'nosniff', 'x-rate-limit-remaining': '174', 'strict-transport-security': 'max-age=631138519', 'x-response-time': '134', 'x-connection-hash': '514eb002fcf4391ec6a7e40448c618d62e76ea27aa9da80b5ff468880d552f7f'}
Content: b'{"data":{"created_at":"2009-12-16T03:42:27.000Z","name":"MedinCell","id":"97127367","username":"MedinCell"}}'
2021-12-06 23:52:28,684 WARNING :: Requesting users | getting MedinCell
2021-12-06 23:52:28,685 DEBUG :: Making API request: GET https://api.twitter.com/2/users/by/username/cellectis
Parameters: {'user.fields': 'created_at'}
Headers: {'User-Agent': 'Python/3.8.9 Requests/2.26.0 Tweepy/4.4.0', 'Authorization': 'Bearer AAAAAAAAAAAAAAAAAAAAAH68VwEAAAAA5DWkqX14lSgqQ2yid9RQhbV1meM%3D8jgI64BX4l8WPDrbahnwKYJFb1Hn9MMz85L2YNPQGGT3bfbSdv'}
Body: None
2021-12-06 23:52:28,687 DEBUG :: Starting new HTTPS connection (1): api.twitter.com:443
2021-12-06 23:52:28,915 DEBUG :: https://api.twitter.com:443 "GET /2/users/by/username/cellectis?user.fields=created_at HTTP/1.1" 200 115
2021-12-06 23:52:28,918 DEBUG :: Received API response: 200 OK
Headers: {'date': 'Mon, 06 Dec 2021 22:52:28 UTC', 'server': 'tsa_f', 'set-cookie': 'guest_id_marketing=v1%3A163883114838893552; Max-Age=63072000; Expires=Wed, 06 Dec 2023 22:52:28 GMT; Path=/; Domain=.twitter.com; Secure; SameSite=None, guest_id_ads=v1%3A163883114838893552; Max-Age=63072000; Expires=Wed, 06 Dec 2023 22:52:28 GMT; Path=/; Domain=.twitter.com; Secure; SameSite=None, personalization_id="v1_jdGNEfAgQwYLxQDBrTDBcg=="; Max-Age=63072000; Expires=Wed, 06 Dec 2023 22:52:28 GMT; Path=/; Domain=.twitter.com; Secure; SameSite=None, guest_id=v1%3A163883114838893552; Max-Age=63072000; Expires=Wed, 06 Dec 2023 22:52:28 GMT; Path=/; Domain=.twitter.com; Secure; SameSite=None', 'api-version': '2.31', 'content-type': 'application/json; charset=utf-8', 'cache-control': 'no-cache, no-store, max-age=0', 'content-length': '115', 'x-access-level': 'read', 'x-frame-options': 'SAMEORIGIN', 'content-encoding': 'gzip', 'x-xss-protection': '0', 'x-rate-limit-limit': '300', 'x-rate-limit-reset': '1638831904', 'content-disposition': 'attachment; filename=json.json', 'x-content-type-options': 'nosniff', 'x-rate-limit-remaining': '173', 'strict-transport-security': 'max-age=631138519', 'x-response-time': '132', 'x-connection-hash': 'cbf9b93db0bbd110bf9afe4674bd31754bf526921770398c39a60f80317ae239'}
Content: b'{"data":{"name":"Cellectis","id":"81887593","username":"cellectis","created_at":"2009-10-12T17:21:25.000Z"}}'
2021-12-06 23:52:28,918 WARNING :: Requesting users | getting cellectis
2021-12-06 23:52:28,921 DEBUG :: Making API request: GET https://api.twitter.com/2/users/by/username/Carbios
Parameters: {'user.fields': 'created_at'}
Headers: {'User-Agent': 'Python/3.8.9 Requests/2.26.0 Tweepy/4.4.0', 'Authorization': 'Bearer AAAAAAAAAAAAAAAAAAAAAH68VwEAAAAA5DWkqX14lSgqQ2yid9RQhbV1meM%3D8jgI64BX4l8WPDrbahnwKYJFb1Hn9MMz85L2YNPQGGT3bfbSdv'}
Body: None
2021-12-06 23:52:28,924 DEBUG :: Starting new HTTPS connection (1): api.twitter.com:443
2021-12-06 23:52:29,145 DEBUG :: https://api.twitter.com:443 "GET /2/users/by/username/Carbios?user.fields=created_at HTTP/1.1" 200 114
2021-12-06 23:52:29,147 DEBUG :: Received API response: 200 OK
Headers: {'date': 'Mon, 06 Dec 2021 22:52:28 UTC', 'server': 'tsa_f', 'set-cookie': 'guest_id_marketing=v1%3A163883114861336396; Max-Age=63072000; Expires=Wed, 06 Dec 2023 22:52:28 GMT; Path=/; Domain=.twitter.com; Secure; SameSite=None, guest_id_ads=v1%3A163883114861336396; Max-Age=63072000; Expires=Wed, 06 Dec 2023 22:52:28 GMT; Path=/; Domain=.twitter.com; Secure; SameSite=None, personalization_id="v1_/+bmRocr8xxHuLK0Fefz5Q=="; Max-Age=63072000; Expires=Wed, 06 Dec 2023 22:52:28 GMT; Path=/; Domain=.twitter.com; Secure; SameSite=None, guest_id=v1%3A163883114861336396; Max-Age=63072000; Expires=Wed, 06 Dec 2023 22:52:28 GMT; Path=/; Domain=.twitter.com; Secure; SameSite=None', 'api-version': '2.31', 'content-type': 'application/json; charset=utf-8', 'cache-control': 'no-cache, no-store, max-age=0', 'content-length': '114', 'x-access-level': 'read', 'x-frame-options': 'SAMEORIGIN', 'content-encoding': 'gzip', 'x-xss-protection': '0', 'x-rate-limit-limit': '300', 'x-rate-limit-reset': '1638831904', 'content-disposition': 'attachment; filename=json.json', 'x-content-type-options': 'nosniff', 'x-rate-limit-remaining': '172', 'strict-transport-security': 'max-age=631138519', 'x-response-time': '129', 'x-connection-hash': '7addcac19973c04b62045778a6c86d15ce777db210d27e7f642cb9944cd09e68'}
Content: b'{"data":{"username":"Carbios","created_at":"2013-11-29T16:42:25.000Z","id":"2221732909","name":"Carbios"}}'
2021-12-06 23:52:29,147 WARNING :: Requesting users | getting Carbios
2021-12-06 23:52:29,149 DEBUG :: Making API request: GET https://api.twitter.com/2/users/by/username/ImplanetJAZZ
Parameters: {'user.fields': 'created_at'}
Headers: {'User-Agent': 'Python/3.8.9 Requests/2.26.0 Tweepy/4.4.0', 'Authorization': 'Bearer AAAAAAAAAAAAAAAAAAAAAH68VwEAAAAA5DWkqX14lSgqQ2yid9RQhbV1meM%3D8jgI64BX4l8WPDrbahnwKYJFb1Hn9MMz85L2YNPQGGT3bfbSdv'}
Body: None
2021-12-06 23:52:29,153 DEBUG :: Starting new HTTPS connection (1): api.twitter.com:443
2021-12-06 23:52:29,377 DEBUG :: https://api.twitter.com:443 "GET /2/users/by/username/ImplanetJAZZ?user.fields=created_at HTTP/1.1" 200 118
2021-12-06 23:52:29,378 DEBUG :: Received API response: 200 OK
Headers: {'date': 'Mon, 06 Dec 2021 22:52:28 UTC', 'server': 'tsa_f', 'set-cookie': 'guest_id_marketing=v1%3A163883114884751741; Max-Age=63072000; Expires=Wed, 06 Dec 2023 22:52:28 GMT; Path=/; Domain=.twitter.com; Secure; SameSite=None, guest_id_ads=v1%3A163883114884751741; Max-Age=63072000; Expires=Wed, 06 Dec 2023 22:52:28 GMT; Path=/; Domain=.twitter.com; Secure; SameSite=None, personalization_id="v1_Xx6dJBUr5GlX9h1QlfCmPA=="; Max-Age=63072000; Expires=Wed, 06 Dec 2023 22:52:28 GMT; Path=/; Domain=.twitter.com; Secure; SameSite=None, guest_id=v1%3A163883114884751741; Max-Age=63072000; Expires=Wed, 06 Dec 2023 22:52:28 GMT; Path=/; Domain=.twitter.com; Secure; SameSite=None', 'api-version': '2.31', 'content-type': 'application/json; charset=utf-8', 'cache-control': 'no-cache, no-store, max-age=0', 'content-length': '118', 'x-access-level': 'read', 'x-frame-options': 'SAMEORIGIN', 'content-encoding': 'gzip', 'x-xss-protection': '0', 'x-rate-limit-limit': '300', 'x-rate-limit-reset': '1638831904', 'content-disposition': 'attachment; filename=json.json', 'x-content-type-options': 'nosniff', 'x-rate-limit-remaining': '171', 'strict-transport-security': 'max-age=631138519', 'x-response-time': '135', 'x-connection-hash': '0cd777e07edc6cf965b43c4b91ca4c7e3478f3f8876fa5d4037bd8d9ead951f3'}
Content: b'{"data":{"created_at":"2015-11-20T15:48:08.000Z","name":"Implanet","id":"4235480235","username":"ImplanetJAZZ"}}'
2021-12-06 23:52:29,378 WARNING :: Requesting users | getting ImplanetJAZZ
2021-12-06 23:52:29,379 DEBUG :: Making API request: GET https://api.twitter.com/2/users/by/username/Biocartis_
Parameters: {'user.fields': 'created_at'}
Headers: {'User-Agent': 'Python/3.8.9 Requests/2.26.0 Tweepy/4.4.0', 'Authorization': 'Bearer AAAAAAAAAAAAAAAAAAAAAH68VwEAAAAA5DWkqX14lSgqQ2yid9RQhbV1meM%3D8jgI64BX4l8WPDrbahnwKYJFb1Hn9MMz85L2YNPQGGT3bfbSdv'}
Body: None
2021-12-06 23:52:29,381 DEBUG :: Starting new HTTPS connection (1): api.twitter.com:443
2021-12-06 23:52:29,600 DEBUG :: https://api.twitter.com:443 "GET /2/users/by/username/Biocartis_?user.fields=created_at HTTP/1.1" 200 114
2021-12-06 23:52:29,601 DEBUG :: Received API response: 200 OK
Headers: {'date': 'Mon, 06 Dec 2021 22:52:29 UTC', 'server': 'tsa_f', 'set-cookie': 'guest_id_marketing=v1%3A163883114907351163; Max-Age=63072000; Expires=Wed, 06 Dec 2023 22:52:29 GMT; Path=/; Domain=.twitter.com; Secure; SameSite=None, guest_id_ads=v1%3A163883114907351163; Max-Age=63072000; Expires=Wed, 06 Dec 2023 22:52:29 GMT; Path=/; Domain=.twitter.com; Secure; SameSite=None, personalization_id="v1_OxiJ5fN7IL7cQ5bpbrbdpA=="; Max-Age=63072000; Expires=Wed, 06 Dec 2023 22:52:29 GMT; Path=/; Domain=.twitter.com; Secure; SameSite=None, guest_id=v1%3A163883114907351163; Max-Age=63072000; Expires=Wed, 06 Dec 2023 22:52:29 GMT; Path=/; Domain=.twitter.com; Secure; SameSite=None', 'api-version': '2.31', 'content-type': 'application/json; charset=utf-8', 'cache-control': 'no-cache, no-store, max-age=0', 'content-length': '114', 'x-access-level': 'read', 'x-frame-options': 'SAMEORIGIN', 'content-encoding': 'gzip', 'x-xss-protection': '0', 'x-rate-limit-limit': '300', 'x-rate-limit-reset': '1638831904', 'content-disposition': 'attachment; filename=json.json', 'x-content-type-options': 'nosniff', 'x-rate-limit-remaining': '170', 'strict-transport-security': 'max-age=631138519', 'x-response-time': '133', 'x-connection-hash': 'b49a0ee5960cce38a96506af1591c1256f99e5032061027263656b85147c6635'}
Content: b'{"data":{"created_at":"2011-11-11T15:37:46.000Z","username":"Biocartis_","id":"410053275","name":"Biocartis"}}'
2021-12-06 23:52:29,601 WARNING :: Requesting users | getting Biocartis_
2021-12-06 23:52:29,603 DEBUG :: Making API request: GET https://api.twitter.com/2/users/by/username/maunakeatech
Parameters: {'user.fields': 'created_at'}
Headers: {'User-Agent': 'Python/3.8.9 Requests/2.26.0 Tweepy/4.4.0', 'Authorization': 'Bearer AAAAAAAAAAAAAAAAAAAAAH68VwEAAAAA5DWkqX14lSgqQ2yid9RQhbV1meM%3D8jgI64BX4l8WPDrbahnwKYJFb1Hn9MMz85L2YNPQGGT3bfbSdv'}
Body: None
2021-12-06 23:52:29,605 DEBUG :: Starting new HTTPS connection (1): api.twitter.com:443
2021-12-06 23:52:29,824 DEBUG :: https://api.twitter.com:443 "GET /2/users/by/username/maunakeatech?user.fields=created_at HTTP/1.1" 200 153
2021-12-06 23:52:29,826 DEBUG :: Received API response: 200 OK
Headers: {'date': 'Mon, 06 Dec 2021 22:52:29 UTC', 'server': 'tsa_f', 'set-cookie': 'guest_id_marketing=v1%3A163883114929242606; Max-Age=63072000; Expires=Wed, 06 Dec 2023 22:52:29 GMT; Path=/; Domain=.twitter.com; Secure; SameSite=None, guest_id_ads=v1%3A163883114929242606; Max-Age=63072000; Expires=Wed, 06 Dec 2023 22:52:29 GMT; Path=/; Domain=.twitter.com; Secure; SameSite=None, personalization_id="v1_TBEPChc1WRJ5XFUsjnZeJg=="; Max-Age=63072000; Expires=Wed, 06 Dec 2023 22:52:29 GMT; Path=/; Domain=.twitter.com; Secure; SameSite=None, guest_id=v1%3A163883114929242606; Max-Age=63072000; Expires=Wed, 06 Dec 2023 22:52:29 GMT; Path=/; Domain=.twitter.com; Secure; SameSite=None', 'api-version': '2.31', 'content-type': 'application/json; charset=utf-8', 'cache-control': 'no-cache, no-store, max-age=0', 'content-length': '153', 'x-access-level': 'read', 'x-frame-options': 'SAMEORIGIN', 'content-encoding': 'gzip', 'x-xss-protection': '0', 'x-rate-limit-limit': '300', 'x-rate-limit-reset': '1638831904', 'content-disposition': 'attachment; filename=json.json', 'x-content-type-options': 'nosniff', 'x-rate-limit-remaining': '169', 'strict-transport-security': 'max-age=631138519', 'x-response-time': '132', 'x-connection-hash': 'eeb799b55522285a3f78f58730efe02e8c2ad01282d82bd55b34531dd50cab51'}
Content: b'{"data":{"created_at":"2011-03-28T14:50:55.000Z","name":"Cellvizio\xc2\xae by Mauna Kea Technologies","id":"273460350","username":"maunakeatech"}}'
2021-12-06 23:52:29,826 WARNING :: Requesting users | getting maunakeatech
2021-12-06 23:52:29,827 DEBUG :: Making API request: GET https://api.twitter.com/2/users/by/username/NEOLIFE_Groupe
Parameters: {'user.fields': 'created_at'}
Headers: {'User-Agent': 'Python/3.8.9 Requests/2.26.0 Tweepy/4.4.0', 'Authorization': 'Bearer AAAAAAAAAAAAAAAAAAAAAH68VwEAAAAA5DWkqX14lSgqQ2yid9RQhbV1meM%3D8jgI64BX4l8WPDrbahnwKYJFb1Hn9MMz85L2YNPQGGT3bfbSdv'}
Body: None
2021-12-06 23:52:29,830 DEBUG :: Starting new HTTPS connection (1): api.twitter.com:443
2021-12-06 23:52:30,050 DEBUG :: https://api.twitter.com:443 "GET /2/users/by/username/NEOLIFE_Groupe?user.fields=created_at HTTP/1.1" 200 129
2021-12-06 23:52:30,052 DEBUG :: Received API response: 200 OK
Headers: {'date': 'Mon, 06 Dec 2021 22:52:29 UTC', 'server': 'tsa_f', 'set-cookie': 'guest_id_marketing=v1%3A163883114951365578; Max-Age=63072000; Expires=Wed, 06 Dec 2023 22:52:29 GMT; Path=/; Domain=.twitter.com; Secure; SameSite=None, guest_id_ads=v1%3A163883114951365578; Max-Age=63072000; Expires=Wed, 06 Dec 2023 22:52:29 GMT; Path=/; Domain=.twitter.com; Secure; SameSite=None, personalization_id="v1_GX1jFK4uXEBaTeZAjl/YVA=="; Max-Age=63072000; Expires=Wed, 06 Dec 2023 22:52:29 GMT; Path=/; Domain=.twitter.com; Secure; SameSite=None, guest_id=v1%3A163883114951365578; Max-Age=63072000; Expires=Wed, 06 Dec 2023 22:52:29 GMT; Path=/; Domain=.twitter.com; Secure; SameSite=None', 'api-version': '2.31', 'content-type': 'application/json; charset=utf-8', 'cache-control': 'no-cache, no-store, max-age=0', 'content-length': '129', 'x-access-level': 'read', 'x-frame-options': 'SAMEORIGIN', 'content-encoding': 'gzip', 'x-xss-protection': '0', 'x-rate-limit-limit': '300', 'x-rate-limit-reset': '1638831904', 'content-disposition': 'attachment; filename=json.json', 'x-content-type-options': 'nosniff', 'x-rate-limit-remaining': '168', 'strict-transport-security': 'max-age=631138519', 'x-response-time': '135', 'x-connection-hash': 'd2b9770dc3594364c1d948640b4e15a04f52a285412c8973222855d873aca17a'}
Content: b'{"data":{"created_at":"2014-09-03T15:25:13.000Z","name":"neolife","id":"2788181623","username":"NEOLIFE_Groupe"}}'
2021-12-06 23:52:30,052 WARNING :: Requesting users | getting NEOLIFE_Groupe
2021-12-06 23:52:30,054 DEBUG :: Making API request: GET https://api.twitter.com/2/users/by/username/Valbiotis
Parameters: {'user.fields': 'created_at'}
Headers: {'User-Agent': 'Python/3.8.9 Requests/2.26.0 Tweepy/4.4.0', 'Authorization': 'Bearer AAAAAAAAAAAAAAAAAAAAAH68VwEAAAAA5DWkqX14lSgqQ2yid9RQhbV1meM%3D8jgI64BX4l8WPDrbahnwKYJFb1Hn9MMz85L2YNPQGGT3bfbSdv'}
Body: None
2021-12-06 23:52:30,057 DEBUG :: Starting new HTTPS connection (1): api.twitter.com:443
2021-12-06 23:52:30,285 DEBUG :: https://api.twitter.com:443 "GET /2/users/by/username/Valbiotis?user.fields=created_at HTTP/1.1" 200 115
2021-12-06 23:52:30,286 DEBUG :: Received API response: 200 OK
Headers: {'date': 'Mon, 06 Dec 2021 22:52:29 UTC', 'server': 'tsa_f', 'set-cookie': 'guest_id_marketing=v1%3A163883114975447746; Max-Age=63072000; Expires=Wed, 06 Dec 2023 22:52:29 GMT; Path=/; Domain=.twitter.com; Secure; SameSite=None, guest_id_ads=v1%3A163883114975447746; Max-Age=63072000; Expires=Wed, 06 Dec 2023 22:52:29 GMT; Path=/; Domain=.twitter.com; Secure; SameSite=None, personalization_id="v1_iwg0Y86eMeSh5Au9gj7W9A=="; Max-Age=63072000; Expires=Wed, 06 Dec 2023 22:52:29 GMT; Path=/; Domain=.twitter.com; Secure; SameSite=None, guest_id=v1%3A163883114975447746; Max-Age=63072000; Expires=Wed, 06 Dec 2023 22:52:29 GMT; Path=/; Domain=.twitter.com; Secure; SameSite=None', 'api-version': '2.31', 'content-type': 'application/json; charset=utf-8', 'cache-control': 'no-cache, no-store, max-age=0', 'content-length': '115', 'x-access-level': 'read', 'x-frame-options': 'SAMEORIGIN', 'content-encoding': 'gzip', 'x-xss-protection': '0', 'x-rate-limit-limit': '300', 'x-rate-limit-reset': '1638831904', 'content-disposition': 'attachment; filename=json.json', 'x-content-type-options': 'nosniff', 'x-rate-limit-remaining': '167', 'strict-transport-security': 'max-age=631138519', 'x-response-time': '137', 'x-connection-hash': '87918acfd148f97dd941b62f3b30ede6f4b71b75e5799ef9e0048b826bbd1ae9'}
Content: b'{"data":{"id":"3012860405","created_at":"2015-02-02T19:34:07.000Z","username":"Valbiotis","name":"Valbiotis"}}'
2021-12-06 23:52:30,286 WARNING :: Requesting users | getting Valbiotis
2021-12-06 23:52:30,288 DEBUG :: Making API request: GET https://api.twitter.com/2/users/by/username/GenomicVision_
Parameters: {'user.fields': 'created_at'}
Headers: {'User-Agent': 'Python/3.8.9 Requests/2.26.0 Tweepy/4.4.0', 'Authorization': 'Bearer AAAAAAAAAAAAAAAAAAAAAH68VwEAAAAA5DWkqX14lSgqQ2yid9RQhbV1meM%3D8jgI64BX4l8WPDrbahnwKYJFb1Hn9MMz85L2YNPQGGT3bfbSdv'}
Body: None
2021-12-06 23:52:30,292 DEBUG :: Starting new HTTPS connection (1): api.twitter.com:443
2021-12-06 23:52:30,527 DEBUG :: https://api.twitter.com:443 "GET /2/users/by/username/GenomicVision_?user.fields=created_at HTTP/1.1" 200 124
2021-12-06 23:52:30,529 DEBUG :: Received API response: 200 OK
Headers: {'date': 'Mon, 06 Dec 2021 22:52:30 UTC', 'server': 'tsa_f', 'set-cookie': 'guest_id_marketing=v1%3A163883114998878878; Max-Age=63072000; Expires=Wed, 06 Dec 2023 22:52:30 GMT; Path=/; Domain=.twitter.com; Secure; SameSite=None, guest_id_ads=v1%3A163883114998878878; Max-Age=63072000; Expires=Wed, 06 Dec 2023 22:52:30 GMT; Path=/; Domain=.twitter.com; Secure; SameSite=None, personalization_id="v1_dRA4yuvjCrfL8q24QW/Vog=="; Max-Age=63072000; Expires=Wed, 06 Dec 2023 22:52:30 GMT; Path=/; Domain=.twitter.com; Secure; SameSite=None, guest_id=v1%3A163883114998878878; Max-Age=63072000; Expires=Wed, 06 Dec 2023 22:52:30 GMT; Path=/; Domain=.twitter.com; Secure; SameSite=None', 'api-version': '2.31', 'content-type': 'application/json; charset=utf-8', 'cache-control': 'no-cache, no-store, max-age=0', 'content-length': '124', 'x-access-level': 'read', 'x-frame-options': 'SAMEORIGIN', 'content-encoding': 'gzip', 'x-xss-protection': '0', 'x-rate-limit-limit': '300', 'x-rate-limit-reset': '1638831904', 'content-disposition': 'attachment; filename=json.json', 'x-content-type-options': 'nosniff', 'x-rate-limit-remaining': '166', 'strict-transport-security': 'max-age=631138519', 'x-response-time': '143', 'x-connection-hash': 'ae1b678b1ba1f56ef07cf2eaf6515c8ba21a0ff7448ef284fda8df200d9f1f79'}
Content: b'{"data":{"id":"3195185721","name":"Genomic Vision","created_at":"2015-04-22T16:16:18.000Z","username":"GenomicVision_"}}'
2021-12-06 23:52:30,529 WARNING :: Requesting users | getting GenomicVision_
2021-12-06 23:52:30,530 DEBUG :: Making API request: GET https://api.twitter.com/2/users/by/username/MEDIANTechno
Parameters: {'user.fields': 'created_at'}
Headers: {'User-Agent': 'Python/3.8.9 Requests/2.26.0 Tweepy/4.4.0', 'Authorization': 'Bearer AAAAAAAAAAAAAAAAAAAAAH68VwEAAAAA5DWkqX14lSgqQ2yid9RQhbV1meM%3D8jgI64BX4l8WPDrbahnwKYJFb1Hn9MMz85L2YNPQGGT3bfbSdv'}
Body: None
2021-12-06 23:52:30,532 DEBUG :: Starting new HTTPS connection (1): api.twitter.com:443
2021-12-06 23:52:30,758 DEBUG :: https://api.twitter.com:443 "GET /2/users/by/username/MEDIANTechno?user.fields=created_at HTTP/1.1" 200 134
2021-12-06 23:52:30,759 DEBUG :: Received API response: 200 OK
Headers: {'date': 'Mon, 06 Dec 2021 22:52:30 UTC', 'server': 'tsa_f', 'set-cookie': 'guest_id_marketing=v1%3A163883115022256456; Max-Age=63072000; Expires=Wed, 06 Dec 2023 22:52:30 GMT; Path=/; Domain=.twitter.com; Secure; SameSite=None, guest_id_ads=v1%3A163883115022256456; Max-Age=63072000; Expires=Wed, 06 Dec 2023 22:52:30 GMT; Path=/; Domain=.twitter.com; Secure; SameSite=None, personalization_id="v1_8BFiQw9VBUvEd3HGs3e1hQ=="; Max-Age=63072000; Expires=Wed, 06 Dec 2023 22:52:30 GMT; Path=/; Domain=.twitter.com; Secure; SameSite=None, guest_id=v1%3A163883115022256456; Max-Age=63072000; Expires=Wed, 06 Dec 2023 22:52:30 GMT; Path=/; Domain=.twitter.com; Secure; SameSite=None', 'api-version': '2.31', 'content-type': 'application/json; charset=utf-8', 'cache-control': 'no-cache, no-store, max-age=0', 'content-length': '134', 'x-access-level': 'read', 'x-frame-options': 'SAMEORIGIN', 'content-encoding': 'gzip', 'x-xss-protection': '0', 'x-rate-limit-limit': '300', 'x-rate-limit-reset': '1638831904', 'content-disposition': 'attachment; filename=json.json', 'x-content-type-options': 'nosniff', 'x-rate-limit-remaining': '165', 'strict-transport-security': 'max-age=631138519', 'x-response-time': '141', 'x-connection-hash': '4efa193767a14685951f0609f96f37305f66f628b0a8d441c0d552f566363fae'}
Content: b'{"data":{"username":"MEDIANTechno","created_at":"2012-02-20T10:07:17.000Z","id":"497759874","name":"Median Technologies"}}'
2021-12-06 23:52:30,759 WARNING :: Requesting users | getting MEDIANTechno
2021-12-06 23:52:30,761 DEBUG :: Making API request: GET https://api.twitter.com/2/users/by/username/Cabasse_Group
Parameters: {'user.fields': 'created_at'}
Headers: {'User-Agent': 'Python/3.8.9 Requests/2.26.0 Tweepy/4.4.0', 'Authorization': 'Bearer AAAAAAAAAAAAAAAAAAAAAH68VwEAAAAA5DWkqX14lSgqQ2yid9RQhbV1meM%3D8jgI64BX4l8WPDrbahnwKYJFb1Hn9MMz85L2YNPQGGT3bfbSdv'}
Body: None
2021-12-06 23:52:30,762 DEBUG :: Starting new HTTPS connection (1): api.twitter.com:443
2021-12-06 23:52:30,987 DEBUG :: https://api.twitter.com:443 "GET /2/users/by/username/Cabasse_Group?user.fields=created_at HTTP/1.1" 200 121
2021-12-06 23:52:30,988 DEBUG :: Received API response: 200 OK
Headers: {'date': 'Mon, 06 Dec 2021 22:52:30 UTC', 'server': 'tsa_f', 'set-cookie': 'guest_id_marketing=v1%3A163883115045379539; Max-Age=63072000; Expires=Wed, 06 Dec 2023 22:52:30 GMT; Path=/; Domain=.twitter.com; Secure; SameSite=None, guest_id_ads=v1%3A163883115045379539; Max-Age=63072000; Expires=Wed, 06 Dec 2023 22:52:30 GMT; Path=/; Domain=.twitter.com; Secure; SameSite=None, personalization_id="v1_9IMqQ6i+PXwuAE5YVGg68A=="; Max-Age=63072000; Expires=Wed, 06 Dec 2023 22:52:30 GMT; Path=/; Domain=.twitter.com; Secure; SameSite=None, guest_id=v1%3A163883115045379539; Max-Age=63072000; Expires=Wed, 06 Dec 2023 22:52:30 GMT; Path=/; Domain=.twitter.com; Secure; SameSite=None', 'api-version': '2.31', 'content-type': 'application/json; charset=utf-8', 'cache-control': 'no-cache, no-store, max-age=0', 'content-length': '121', 'x-access-level': 'read', 'x-frame-options': 'SAMEORIGIN', 'content-encoding': 'gzip', 'x-xss-protection': '0', 'x-rate-limit-limit': '300', 'x-rate-limit-reset': '1638831904', 'content-disposition': 'attachment; filename=json.json', 'x-content-type-options': 'nosniff', 'x-rate-limit-remaining': '164', 'strict-transport-security': 'max-age=631138519', 'x-response-time': '133', 'x-connection-hash': '179e4dcd3d2641a4f95f53a58c3ec407ec26df123b8b7ff8e6a786c8fe91f859'}
Content: b'{"data":{"username":"Cabasse_Group","created_at":"2009-05-20T10:22:29.000Z","id":"41331922","name":"Cabasse Group"}}'
2021-12-06 23:52:30,989 WARNING :: Requesting users | getting Cabasse_Group
2021-12-06 23:52:30,990 DEBUG :: Making API request: GET https://api.twitter.com/2/users/by/username/Crossject_
Parameters: {'user.fields': 'created_at'}
Headers: {'User-Agent': 'Python/3.8.9 Requests/2.26.0 Tweepy/4.4.0', 'Authorization': 'Bearer AAAAAAAAAAAAAAAAAAAAAH68VwEAAAAA5DWkqX14lSgqQ2yid9RQhbV1meM%3D8jgI64BX4l8WPDrbahnwKYJFb1Hn9MMz85L2YNPQGGT3bfbSdv'}
Body: None
2021-12-06 23:52:30,992 DEBUG :: Starting new HTTPS connection (1): api.twitter.com:443
2021-12-06 23:52:31,235 DEBUG :: https://api.twitter.com:443 "GET /2/users/by/username/Crossject_?user.fields=created_at HTTP/1.1" 200 117
2021-12-06 23:52:31,238 DEBUG :: Received API response: 200 OK
Headers: {'date': 'Mon, 06 Dec 2021 22:52:30 UTC', 'server': 'tsa_f', 'set-cookie': 'guest_id_marketing=v1%3A163883115068253957; Max-Age=63072000; Expires=Wed, 06 Dec 2023 22:52:30 GMT; Path=/; Domain=.twitter.com; Secure; SameSite=None, guest_id_ads=v1%3A163883115068253957; Max-Age=63072000; Expires=Wed, 06 Dec 2023 22:52:30 GMT; Path=/; Domain=.twitter.com; Secure; SameSite=None, personalization_id="v1_Oinv9Ee5yabSVIoZ01swqA=="; Max-Age=63072000; Expires=Wed, 06 Dec 2023 22:52:30 GMT; Path=/; Domain=.twitter.com; Secure; SameSite=None, guest_id=v1%3A163883115068253957; Max-Age=63072000; Expires=Wed, 06 Dec 2023 22:52:30 GMT; Path=/; Domain=.twitter.com; Secure; SameSite=None', 'api-version': '2.31', 'content-type': 'application/json; charset=utf-8', 'cache-control': 'no-cache, no-store, max-age=0', 'content-length': '117', 'x-access-level': 'read', 'x-frame-options': 'SAMEORIGIN', 'content-encoding': 'gzip', 'x-xss-protection': '0', 'x-rate-limit-limit': '300', 'x-rate-limit-reset': '1638831904', 'content-disposition': 'attachment; filename=json.json', 'x-content-type-options': 'nosniff', 'x-rate-limit-remaining': '163', 'strict-transport-security': 'max-age=631138519', 'x-response-time': '149', 'x-connection-hash': '8fcd9ff2c69cc1742808052db2ebcbbe763292b56b1d63468328909592e9ae4f'}
Content: b'{"data":{"username":"Crossject_","id":"2712208951","created_at":"2014-08-06T14:50:38.000Z","name":"Crossject"}}'
2021-12-06 23:52:31,238 WARNING :: Requesting users | getting Crossject_
2021-12-06 23:52:31,241 DEBUG :: Making API request: GET https://api.twitter.com/2/users/by/username/Deinove
Parameters: {'user.fields': 'created_at'}
Headers: {'User-Agent': 'Python/3.8.9 Requests/2.26.0 Tweepy/4.4.0', 'Authorization': 'Bearer AAAAAAAAAAAAAAAAAAAAAH68VwEAAAAA5DWkqX14lSgqQ2yid9RQhbV1meM%3D8jgI64BX4l8WPDrbahnwKYJFb1Hn9MMz85L2YNPQGGT3bfbSdv'}
Body: None
2021-12-06 23:52:31,244 DEBUG :: Starting new HTTPS connection (1): api.twitter.com:443
2021-12-06 23:52:31,476 DEBUG :: https://api.twitter.com:443 "GET /2/users/by/username/Deinove?user.fields=created_at HTTP/1.1" 200 113
2021-12-06 23:52:31,477 DEBUG :: Received API response: 200 OK
Headers: {'date': 'Mon, 06 Dec 2021 22:52:30 UTC', 'server': 'tsa_f', 'set-cookie': 'guest_id_marketing=v1%3A163883115094882428; Max-Age=63072000; Expires=Wed, 06 Dec 2023 22:52:30 GMT; Path=/; Domain=.twitter.com; Secure; SameSite=None, guest_id_ads=v1%3A163883115094882428; Max-Age=63072000; Expires=Wed, 06 Dec 2023 22:52:30 GMT; Path=/; Domain=.twitter.com; Secure; SameSite=None, personalization_id="v1_NzmKlkwJ81Gjy06ED5ocng=="; Max-Age=63072000; Expires=Wed, 06 Dec 2023 22:52:30 GMT; Path=/; Domain=.twitter.com; Secure; SameSite=None, guest_id=v1%3A163883115094882428; Max-Age=63072000; Expires=Wed, 06 Dec 2023 22:52:30 GMT; Path=/; Domain=.twitter.com; Secure; SameSite=None', 'api-version': '2.31', 'content-type': 'application/json; charset=utf-8', 'cache-control': 'no-cache, no-store, max-age=0', 'content-length': '113', 'x-access-level': 'read', 'x-frame-options': 'SAMEORIGIN', 'content-encoding': 'gzip', 'x-xss-protection': '0', 'x-rate-limit-limit': '300', 'x-rate-limit-reset': '1638831904', 'content-disposition': 'attachment; filename=json.json', 'x-content-type-options': 'nosniff', 'x-rate-limit-remaining': '162', 'strict-transport-security': 'max-age=631138519', 'x-response-time': '133', 'x-connection-hash': '1c54b0d23a903e7f0deb7e4244d8d054e04a04f86973d8676543cae1142e2adc'}
Content: b'{"data":{"id":"141140470","username":"Deinove","created_at":"2010-05-07T08:26:13.000Z","name":"Deinove"}}'
2021-12-06 23:52:31,477 WARNING :: Requesting users | getting Deinove
2021-12-06 23:52:31,478 DEBUG :: Making API request: GET https://api.twitter.com/2/users/by/username/Theranexus
Parameters: {'user.fields': 'created_at'}
Headers: {'User-Agent': 'Python/3.8.9 Requests/2.26.0 Tweepy/4.4.0', 'Authorization': 'Bearer AAAAAAAAAAAAAAAAAAAAAH68VwEAAAAA5DWkqX14lSgqQ2yid9RQhbV1meM%3D8jgI64BX4l8WPDrbahnwKYJFb1Hn9MMz85L2YNPQGGT3bfbSdv'}
Body: None
2021-12-06 23:52:31,479 DEBUG :: Starting new HTTPS connection (1): api.twitter.com:443
2021-12-06 23:52:31,697 DEBUG :: https://api.twitter.com:443 "GET /2/users/by/username/Theranexus?user.fields=created_at HTTP/1.1" 200 114
2021-12-06 23:52:31,698 DEBUG :: Received API response: 200 OK
Headers: {'date': 'Mon, 06 Dec 2021 22:52:31 UTC', 'server': 'tsa_f', 'set-cookie': 'guest_id_marketing=v1%3A163883115117056606; Max-Age=63072000; Expires=Wed, 06 Dec 2023 22:52:31 GMT; Path=/; Domain=.twitter.com; Secure; SameSite=None, guest_id_ads=v1%3A163883115117056606; Max-Age=63072000; Expires=Wed, 06 Dec 2023 22:52:31 GMT; Path=/; Domain=.twitter.com; Secure; SameSite=None, personalization_id="v1_l+55rBqBRXSrEoWrYXshBA=="; Max-Age=63072000; Expires=Wed, 06 Dec 2023 22:52:31 GMT; Path=/; Domain=.twitter.com; Secure; SameSite=None, guest_id=v1%3A163883115117056606; Max-Age=63072000; Expires=Wed, 06 Dec 2023 22:52:31 GMT; Path=/; Domain=.twitter.com; Secure; SameSite=None', 'api-version': '2.31', 'content-type': 'application/json; charset=utf-8', 'cache-control': 'no-cache, no-store, max-age=0', 'content-length': '114', 'x-access-level': 'read', 'x-frame-options': 'SAMEORIGIN', 'content-encoding': 'gzip', 'x-xss-protection': '0', 'x-rate-limit-limit': '300', 'x-rate-limit-reset': '1638831904', 'content-disposition': 'attachment; filename=json.json', 'x-content-type-options': 'nosniff', 'x-rate-limit-remaining': '161', 'strict-transport-security': 'max-age=631138519', 'x-response-time': '131', 'x-connection-hash': '17df922e77783c032d9d5da49d6e948e9d9850b2fe7ac08c98359d34cc5b51de'}
Content: b'{"data":{"name":"Theranexus","username":"Theranexus","created_at":"2011-09-11T10:19:12.000Z","id":"371696848"}}'
2021-12-06 23:52:31,698 WARNING :: Requesting users | getting Theranexus
2021-12-06 23:52:31,700 DEBUG :: Making API request: GET https://api.twitter.com/2/users/by/username/VoltaliaSA
Parameters: {'user.fields': 'created_at'}
Headers: {'User-Agent': 'Python/3.8.9 Requests/2.26.0 Tweepy/4.4.0', 'Authorization': 'Bearer AAAAAAAAAAAAAAAAAAAAAH68VwEAAAAA5DWkqX14lSgqQ2yid9RQhbV1meM%3D8jgI64BX4l8WPDrbahnwKYJFb1Hn9MMz85L2YNPQGGT3bfbSdv'}
Body: None
2021-12-06 23:52:31,701 DEBUG :: Starting new HTTPS connection (1): api.twitter.com:443
2021-12-06 23:52:31,913 DEBUG :: https://api.twitter.com:443 "GET /2/users/by/username/VoltaliaSA?user.fields=created_at HTTP/1.1" 200 123
2021-12-06 23:52:31,914 DEBUG :: Received API response: 200 OK
Headers: {'date': 'Mon, 06 Dec 2021 22:52:31 UTC', 'server': 'tsa_f', 'set-cookie': 'guest_id_marketing=v1%3A163883115138652786; Max-Age=63072000; Expires=Wed, 06 Dec 2023 22:52:31 GMT; Path=/; Domain=.twitter.com; Secure; SameSite=None, guest_id_ads=v1%3A163883115138652786; Max-Age=63072000; Expires=Wed, 06 Dec 2023 22:52:31 GMT; Path=/; Domain=.twitter.com; Secure; SameSite=None, personalization_id="v1_TJzskdBhIfRX9wNeuZ6/Vg=="; Max-Age=63072000; Expires=Wed, 06 Dec 2023 22:52:31 GMT; Path=/; Domain=.twitter.com; Secure; SameSite=None, guest_id=v1%3A163883115138652786; Max-Age=63072000; Expires=Wed, 06 Dec 2023 22:52:31 GMT; Path=/; Domain=.twitter.com; Secure; SameSite=None', 'api-version': '2.31', 'content-type': 'application/json; charset=utf-8', 'cache-control': 'no-cache, no-store, max-age=0', 'content-length': '123', 'x-access-level': 'read', 'x-frame-options': 'SAMEORIGIN', 'content-encoding': 'gzip', 'x-xss-protection': '0', 'x-rate-limit-limit': '300', 'x-rate-limit-reset': '1638831904', 'content-disposition': 'attachment; filename=json.json', 'x-content-type-options': 'nosniff', 'x-rate-limit-remaining': '160', 'strict-transport-security': 'max-age=631138519', 'x-response-time': '124', 'x-connection-hash': '0a86ad201c9f8aa0d98c97705e1d64a454c306c9f20ffd0d72d50b7ab51f8170'}
Content: b'{"data":{"name":"Voltalia","username":"VoltaliaSA","created_at":"2016-03-08T08:32:52.000Z","id":"707121895775326208"}}'
2021-12-06 23:52:31,914 WARNING :: Requesting users | getting VoltaliaSA
2021-12-06 23:52:31,915 DEBUG :: Making API request: GET https://api.twitter.com/2/users/by/username/CelyadSA
Parameters: {'user.fields': 'created_at'}
Headers: {'User-Agent': 'Python/3.8.9 Requests/2.26.0 Tweepy/4.4.0', 'Authorization': 'Bearer AAAAAAAAAAAAAAAAAAAAAH68VwEAAAAA5DWkqX14lSgqQ2yid9RQhbV1meM%3D8jgI64BX4l8WPDrbahnwKYJFb1Hn9MMz85L2YNPQGGT3bfbSdv'}
Body: None
2021-12-06 23:52:31,917 DEBUG :: Starting new HTTPS connection (1): api.twitter.com:443
2021-12-06 23:52:32,138 DEBUG :: https://api.twitter.com:443 "GET /2/users/by/username/CelyadSA?user.fields=created_at HTTP/1.1" 200 125
2021-12-06 23:52:32,138 DEBUG :: Received API response: 200 OK
Headers: {'date': 'Mon, 06 Dec 2021 22:52:31 UTC', 'server': 'tsa_f', 'set-cookie': 'guest_id_marketing=v1%3A163883115161132640; Max-Age=63072000; Expires=Wed, 06 Dec 2023 22:52:31 GMT; Path=/; Domain=.twitter.com; Secure; SameSite=None, guest_id_ads=v1%3A163883115161132640; Max-Age=63072000; Expires=Wed, 06 Dec 2023 22:52:31 GMT; Path=/; Domain=.twitter.com; Secure; SameSite=None, personalization_id="v1_3sCkMXibokwhAaD7K2Tcqw=="; Max-Age=63072000; Expires=Wed, 06 Dec 2023 22:52:31 GMT; Path=/; Domain=.twitter.com; Secure; SameSite=None, guest_id=v1%3A163883115161132640; Max-Age=63072000; Expires=Wed, 06 Dec 2023 22:52:31 GMT; Path=/; Domain=.twitter.com; Secure; SameSite=None', 'api-version': '2.31', 'content-type': 'application/json; charset=utf-8', 'cache-control': 'no-cache, no-store, max-age=0', 'content-length': '125', 'x-access-level': 'read', 'x-frame-options': 'SAMEORIGIN', 'content-encoding': 'gzip', 'x-xss-protection': '0', 'x-rate-limit-limit': '300', 'x-rate-limit-reset': '1638831904', 'content-disposition': 'attachment; filename=json.json', 'x-content-type-options': 'nosniff', 'x-rate-limit-remaining': '159', 'strict-transport-security': 'max-age=631138519', 'x-response-time': '133', 'x-connection-hash': '07a0780b090abfc843bc48515c59e529d33cca4bdd3f9331d1ff3a457091a111'}
Content: b'{"data":{"name":"Celyad Oncology","created_at":"2012-10-02T08:19:41.000Z","username":"CelyadSA","id":"857682306"}}'
2021-12-06 23:52:32,139 WARNING :: Requesting users | getting CelyadSA
2021-12-06 23:52:32,140 DEBUG :: Making API request: GET https://api.twitter.com/2/users/by/username/Genkyotex_Off
Parameters: {'user.fields': 'created_at'}
Headers: {'User-Agent': 'Python/3.8.9 Requests/2.26.0 Tweepy/4.4.0', 'Authorization': 'Bearer AAAAAAAAAAAAAAAAAAAAAH68VwEAAAAA5DWkqX14lSgqQ2yid9RQhbV1meM%3D8jgI64BX4l8WPDrbahnwKYJFb1Hn9MMz85L2YNPQGGT3bfbSdv'}
Body: None
2021-12-06 23:52:32,141 DEBUG :: Starting new HTTPS connection (1): api.twitter.com:443
2021-12-06 23:52:32,360 DEBUG :: https://api.twitter.com:443 "GET /2/users/by/username/Genkyotex_Off?user.fields=created_at HTTP/1.1" 200 130
2021-12-06 23:52:32,360 DEBUG :: Received API response: 200 OK
Headers: {'date': 'Mon, 06 Dec 2021 22:52:31 UTC', 'server': 'tsa_f', 'set-cookie': 'guest_id_marketing=v1%3A163883115183536871; Max-Age=63072000; Expires=Wed, 06 Dec 2023 22:52:31 GMT; Path=/; Domain=.twitter.com; Secure; SameSite=None, guest_id_ads=v1%3A163883115183536871; Max-Age=63072000; Expires=Wed, 06 Dec 2023 22:52:31 GMT; Path=/; Domain=.twitter.com; Secure; SameSite=None, personalization_id="v1_h7YGVoFPhbKGkcK1tpKy3Q=="; Max-Age=63072000; Expires=Wed, 06 Dec 2023 22:52:31 GMT; Path=/; Domain=.twitter.com; Secure; SameSite=None, guest_id=v1%3A163883115183536871; Max-Age=63072000; Expires=Wed, 06 Dec 2023 22:52:31 GMT; Path=/; Domain=.twitter.com; Secure; SameSite=None', 'api-version': '2.31', 'content-type': 'application/json; charset=utf-8', 'cache-control': 'no-cache, no-store, max-age=0', 'content-length': '130', 'x-access-level': 'read', 'x-frame-options': 'SAMEORIGIN', 'content-encoding': 'gzip', 'x-xss-protection': '0', 'x-rate-limit-limit': '300', 'x-rate-limit-reset': '1638831904', 'content-disposition': 'attachment; filename=json.json', 'x-content-type-options': 'nosniff', 'x-rate-limit-remaining': '158', 'strict-transport-security': 'max-age=631138519', 'x-response-time': '125', 'x-connection-hash': '412c30d3855380537bd5f2412a42ca8baf8cde034c970596d378f9cbe75b7437'}
Content: b'{"data":{"username":"Genkyotex_Off","created_at":"2017-04-12T12:41:52.000Z","id":"852139706917814272","name":"Genkyotex"}}'
2021-12-06 23:52:32,361 WARNING :: Requesting users | getting Genkyotex_Off
2021-12-06 23:52:32,362 DEBUG :: Making API request: GET https://api.twitter.com/2/users/by/username/PixiumVision
Parameters: {'user.fields': 'created_at'}
Headers: {'User-Agent': 'Python/3.8.9 Requests/2.26.0 Tweepy/4.4.0', 'Authorization': 'Bearer AAAAAAAAAAAAAAAAAAAAAH68VwEAAAAA5DWkqX14lSgqQ2yid9RQhbV1meM%3D8jgI64BX4l8WPDrbahnwKYJFb1Hn9MMz85L2YNPQGGT3bfbSdv'}
Body: None
2021-12-06 23:52:32,363 DEBUG :: Starting new HTTPS connection (1): api.twitter.com:443
2021-12-06 23:52:32,596 DEBUG :: https://api.twitter.com:443 "GET /2/users/by/username/PixiumVision?user.fields=created_at HTTP/1.1" 200 121
2021-12-06 23:52:32,597 DEBUG :: Received API response: 200 OK
Headers: {'date': 'Mon, 06 Dec 2021 22:52:32 UTC', 'server': 'tsa_f', 'set-cookie': 'guest_id_marketing=v1%3A163883115206019486; Max-Age=63072000; Expires=Wed, 06 Dec 2023 22:52:32 GMT; Path=/; Domain=.twitter.com; Secure; SameSite=None, guest_id_ads=v1%3A163883115206019486; Max-Age=63072000; Expires=Wed, 06 Dec 2023 22:52:32 GMT; Path=/; Domain=.twitter.com; Secure; SameSite=None, personalization_id="v1_uOZHkvKVmdpSEwiTe3rRQQ=="; Max-Age=63072000; Expires=Wed, 06 Dec 2023 22:52:32 GMT; Path=/; Domain=.twitter.com; Secure; SameSite=None, guest_id=v1%3A163883115206019486; Max-Age=63072000; Expires=Wed, 06 Dec 2023 22:52:32 GMT; Path=/; Domain=.twitter.com; Secure; SameSite=None', 'api-version': '2.31', 'content-type': 'application/json; charset=utf-8', 'cache-control': 'no-cache, no-store, max-age=0', 'content-length': '121', 'x-access-level': 'read', 'x-frame-options': 'SAMEORIGIN', 'content-encoding': 'gzip', 'x-xss-protection': '0', 'x-rate-limit-limit': '300', 'x-rate-limit-reset': '1638831904', 'content-disposition': 'attachment; filename=json.json', 'x-content-type-options': 'nosniff', 'x-rate-limit-remaining': '157', 'strict-transport-security': 'max-age=631138519', 'x-response-time': '142', 'x-connection-hash': 'ddf1c6d212197e5871e615e0e12cfa9d6e0e746817b0082dbafa5f4dfcc280cb'}
Content: b'{"data":{"id":"1687886882","username":"PixiumVision","created_at":"2013-08-21T09:39:13.000Z","name":"Pixium-Vision"}}'
2021-12-06 23:52:32,597 WARNING :: Requesting users | getting PixiumVision
2021-12-06 23:52:32,598 DEBUG :: Making API request: GET https://api.twitter.com/2/users/by/username/Balyo_CORPORATE
Parameters: {'user.fields': 'created_at'}
Headers: {'User-Agent': 'Python/3.8.9 Requests/2.26.0 Tweepy/4.4.0', 'Authorization': 'Bearer AAAAAAAAAAAAAAAAAAAAAH68VwEAAAAA5DWkqX14lSgqQ2yid9RQhbV1meM%3D8jgI64BX4l8WPDrbahnwKYJFb1Hn9MMz85L2YNPQGGT3bfbSdv'}
Body: None
2021-12-06 23:52:32,600 DEBUG :: Starting new HTTPS connection (1): api.twitter.com:443
2021-12-06 23:52:32,824 DEBUG :: https://api.twitter.com:443 "GET /2/users/by/username/Balyo_CORPORATE?user.fields=created_at HTTP/1.1" 200 125
2021-12-06 23:52:32,826 DEBUG :: Received API response: 200 OK
Headers: {'date': 'Mon, 06 Dec 2021 22:52:32 UTC', 'server': 'tsa_f', 'set-cookie': 'guest_id_marketing=v1%3A163883115228748090; Max-Age=63072000; Expires=Wed, 06 Dec 2023 22:52:32 GMT; Path=/; Domain=.twitter.com; Secure; SameSite=None, guest_id_ads=v1%3A163883115228748090; Max-Age=63072000; Expires=Wed, 06 Dec 2023 22:52:32 GMT; Path=/; Domain=.twitter.com; Secure; SameSite=None, personalization_id="v1_siLBGjMAddg6LF+5TOxiLg=="; Max-Age=63072000; Expires=Wed, 06 Dec 2023 22:52:32 GMT; Path=/; Domain=.twitter.com; Secure; SameSite=None, guest_id=v1%3A163883115228748090; Max-Age=63072000; Expires=Wed, 06 Dec 2023 22:52:32 GMT; Path=/; Domain=.twitter.com; Secure; SameSite=None', 'api-version': '2.31', 'content-type': 'application/json; charset=utf-8', 'cache-control': 'no-cache, no-store, max-age=0', 'content-length': '125', 'x-access-level': 'read', 'x-frame-options': 'SAMEORIGIN', 'content-encoding': 'gzip', 'x-xss-protection': '0', 'x-rate-limit-limit': '300', 'x-rate-limit-reset': '1638831904', 'content-disposition': 'attachment; filename=json.json', 'x-content-type-options': 'nosniff', 'x-rate-limit-remaining': '156', 'strict-transport-security': 'max-age=631138519', 'x-response-time': '135', 'x-connection-hash': '20a497fc3b7a5b73c87a9f86ada380dc24fc4dfa60839f49e47a4f452e02b12f'}
Content: b'{"data":{"created_at":"2012-02-17T15:48:48.000Z","username":"Balyo_CORPORATE","id":"495087085","name":"BALYO"}}'
2021-12-06 23:52:32,826 WARNING :: Requesting users | getting Balyo_CORPORATE
2021-12-06 23:52:32,827 DEBUG :: Making API request: GET https://api.twitter.com/2/users/by/username/sesimagotag
Parameters: {'user.fields': 'created_at'}
Headers: {'User-Agent': 'Python/3.8.9 Requests/2.26.0 Tweepy/4.4.0', 'Authorization': 'Bearer AAAAAAAAAAAAAAAAAAAAAH68VwEAAAAA5DWkqX14lSgqQ2yid9RQhbV1meM%3D8jgI64BX4l8WPDrbahnwKYJFb1Hn9MMz85L2YNPQGGT3bfbSdv'}
Body: None
2021-12-06 23:52:32,829 DEBUG :: Starting new HTTPS connection (1): api.twitter.com:443
2021-12-06 23:52:33,043 DEBUG :: https://api.twitter.com:443 "GET /2/users/by/username/sesimagotag?user.fields=created_at HTTP/1.1" 200 119
2021-12-06 23:52:33,044 DEBUG :: Received API response: 200 OK
Headers: {'date': 'Mon, 06 Dec 2021 22:52:32 UTC', 'server': 'tsa_f', 'set-cookie': 'guest_id_marketing=v1%3A163883115251725888; Max-Age=63072000; Expires=Wed, 06 Dec 2023 22:52:32 GMT; Path=/; Domain=.twitter.com; Secure; SameSite=None, guest_id_ads=v1%3A163883115251725888; Max-Age=63072000; Expires=Wed, 06 Dec 2023 22:52:32 GMT; Path=/; Domain=.twitter.com; Secure; SameSite=None, personalization_id="v1_R7t8139FgYZ3YeZtqdtIIA=="; Max-Age=63072000; Expires=Wed, 06 Dec 2023 22:52:32 GMT; Path=/; Domain=.twitter.com; Secure; SameSite=None, guest_id=v1%3A163883115251725888; Max-Age=63072000; Expires=Wed, 06 Dec 2023 22:52:32 GMT; Path=/; Domain=.twitter.com; Secure; SameSite=None', 'api-version': '2.31', 'content-type': 'application/json; charset=utf-8', 'cache-control': 'no-cache, no-store, max-age=0', 'content-length': '119', 'x-access-level': 'read', 'x-frame-options': 'SAMEORIGIN', 'content-encoding': 'gzip', 'x-xss-protection': '0', 'x-rate-limit-limit': '300', 'x-rate-limit-reset': '1638831904', 'content-disposition': 'attachment; filename=json.json', 'x-content-type-options': 'nosniff', 'x-rate-limit-remaining': '155', 'strict-transport-security': 'max-age=631138519', 'x-response-time': '125', 'x-connection-hash': '9cb8ef2d2f07df82132a5aa630d3ccb64e1363a04b3bf2cf14a9c81c9570ca4a'}
Content: b'{"data":{"name":"SES-imagotag","username":"sesimagotag","created_at":"2012-01-31T17:22:11.000Z","id":"479693685"}}'
2021-12-06 23:52:33,045 WARNING :: Requesting users | getting sesimagotag
2021-12-06 23:52:33,046 DEBUG :: Making API request: GET https://api.twitter.com/2/users/by/username/ShowroompriveFR
Parameters: {'user.fields': 'created_at'}
Headers: {'User-Agent': 'Python/3.8.9 Requests/2.26.0 Tweepy/4.4.0', 'Authorization': 'Bearer AAAAAAAAAAAAAAAAAAAAAH68VwEAAAAA5DWkqX14lSgqQ2yid9RQhbV1meM%3D8jgI64BX4l8WPDrbahnwKYJFb1Hn9MMz85L2YNPQGGT3bfbSdv'}
Body: None
2021-12-06 23:52:33,047 DEBUG :: Starting new HTTPS connection (1): api.twitter.com:443
2021-12-06 23:52:33,271 DEBUG :: https://api.twitter.com:443 "GET /2/users/by/username/ShowroompriveFR?user.fields=created_at HTTP/1.1" 200 124
2021-12-06 23:52:33,272 DEBUG :: Received API response: 200 OK
Headers: {'date': 'Mon, 06 Dec 2021 22:52:32 UTC', 'server': 'tsa_f', 'set-cookie': 'guest_id_marketing=v1%3A163883115273829978; Max-Age=63072000; Expires=Wed, 06 Dec 2023 22:52:32 GMT; Path=/; Domain=.twitter.com; Secure; SameSite=None, guest_id_ads=v1%3A163883115273829978; Max-Age=63072000; Expires=Wed, 06 Dec 2023 22:52:32 GMT; Path=/; Domain=.twitter.com; Secure; SameSite=None, personalization_id="v1_hSw7sSycPqvsQ/pfgofIqg=="; Max-Age=63072000; Expires=Wed, 06 Dec 2023 22:52:32 GMT; Path=/; Domain=.twitter.com; Secure; SameSite=None, guest_id=v1%3A163883115273829978; Max-Age=63072000; Expires=Wed, 06 Dec 2023 22:52:32 GMT; Path=/; Domain=.twitter.com; Secure; SameSite=None', 'api-version': '2.31', 'content-type': 'application/json; charset=utf-8', 'cache-control': 'no-cache, no-store, max-age=0', 'content-length': '124', 'x-access-level': 'read', 'x-frame-options': 'SAMEORIGIN', 'content-encoding': 'gzip', 'x-xss-protection': '0', 'x-rate-limit-limit': '300', 'x-rate-limit-reset': '1638831904', 'content-disposition': 'attachment; filename=json.json', 'x-content-type-options': 'nosniff', 'x-rate-limit-remaining': '154', 'strict-transport-security': 'max-age=631138519', 'x-response-time': '137', 'x-connection-hash': '41d806b29d4495e4047b874b931d1cd20447fe862be20fb0a7cd2508d1cf3d1a'}
Content: b'{"data":{"id":"171837068","created_at":"2010-07-28T08:26:54.000Z","username":"ShowroompriveFR","name":"Showroomprive.com"}}'
2021-12-06 23:52:33,272 WARNING :: Requesting users | getting ShowroompriveFR
2021-12-06 23:52:33,273 DEBUG :: Making API request: GET https://api.twitter.com/2/users/by/username/PAT_SA_54
Parameters: {'user.fields': 'created_at'}
Headers: {'User-Agent': 'Python/3.8.9 Requests/2.26.0 Tweepy/4.4.0', 'Authorization': 'Bearer AAAAAAAAAAAAAAAAAAAAAH68VwEAAAAA5DWkqX14lSgqQ2yid9RQhbV1meM%3D8jgI64BX4l8WPDrbahnwKYJFb1Hn9MMz85L2YNPQGGT3bfbSdv'}
Body: None
2021-12-06 23:52:33,275 DEBUG :: Starting new HTTPS connection (1): api.twitter.com:443
2021-12-06 23:52:33,530 DEBUG :: https://api.twitter.com:443 "GET /2/users/by/username/PAT_SA_54?user.fields=created_at HTTP/1.1" 200 143
2021-12-06 23:52:33,531 DEBUG :: Received API response: 200 OK
Headers: {'date': 'Mon, 06 Dec 2021 22:52:33 UTC', 'server': 'tsa_f', 'set-cookie': 'guest_id_marketing=v1%3A163883115298657552; Max-Age=63072000; Expires=Wed, 06 Dec 2023 22:52:33 GMT; Path=/; Domain=.twitter.com; Secure; SameSite=None, guest_id_ads=v1%3A163883115298657552; Max-Age=63072000; Expires=Wed, 06 Dec 2023 22:52:33 GMT; Path=/; Domain=.twitter.com; Secure; SameSite=None, personalization_id="v1_Pe04mnxesosmWZPhGetKDQ=="; Max-Age=63072000; Expires=Wed, 06 Dec 2023 22:52:33 GMT; Path=/; Domain=.twitter.com; Secure; SameSite=None, guest_id=v1%3A163883115298657552; Max-Age=63072000; Expires=Wed, 06 Dec 2023 22:52:33 GMT; Path=/; Domain=.twitter.com; Secure; SameSite=None', 'api-version': '2.31', 'content-type': 'application/json; charset=utf-8', 'cache-control': 'no-cache, no-store, max-age=0', 'content-length': '143', 'x-access-level': 'read', 'x-frame-options': 'SAMEORIGIN', 'content-encoding': 'gzip', 'x-xss-protection': '0', 'x-rate-limit-limit': '300', 'x-rate-limit-reset': '1638831904', 'content-disposition': 'attachment; filename=json.json', 'x-content-type-options': 'nosniff', 'x-rate-limit-remaining': '153', 'strict-transport-security': 'max-age=631138519', 'x-response-time': '142', 'x-connection-hash': '886750948c8912979d89e43357050c6e5e749d32fb3b4183a56bbec2bf100e7f'}
Content: b'{"data":{"id":"3072785805","name":"Plant Advanced Technologies PAT","created_at":"2015-03-05T17:06:39.000Z","username":"PAT_SA_54"}}'
2021-12-06 23:52:33,531 WARNING :: Requesting users | getting PAT_SA_54
2021-12-06 23:52:33,533 DEBUG :: Making API request: GET https://api.twitter.com/2/users/by/username/pharmasimple
Parameters: {'user.fields': 'created_at'}
Headers: {'User-Agent': 'Python/3.8.9 Requests/2.26.0 Tweepy/4.4.0', 'Authorization': 'Bearer AAAAAAAAAAAAAAAAAAAAAH68VwEAAAAA5DWkqX14lSgqQ2yid9RQhbV1meM%3D8jgI64BX4l8WPDrbahnwKYJFb1Hn9MMz85L2YNPQGGT3bfbSdv'}
Body: None
2021-12-06 23:52:33,535 DEBUG :: Starting new HTTPS connection (1): api.twitter.com:443
2021-12-06 23:52:33,771 DEBUG :: https://api.twitter.com:443 "GET /2/users/by/username/pharmasimple?user.fields=created_at HTTP/1.1" 200 120
2021-12-06 23:52:33,772 DEBUG :: Received API response: 200 OK
Headers: {'date': 'Mon, 06 Dec 2021 22:52:33 UTC', 'server': 'tsa_f', 'set-cookie': 'guest_id_marketing=v1%3A163883115321783723; Max-Age=63072000; Expires=Wed, 06 Dec 2023 22:52:33 GMT; Path=/; Domain=.twitter.com; Secure; SameSite=None, guest_id_ads=v1%3A163883115321783723; Max-Age=63072000; Expires=Wed, 06 Dec 2023 22:52:33 GMT; Path=/; Domain=.twitter.com; Secure; SameSite=None, personalization_id="v1_yQTJSp+5C3VDVA8ByakGjQ=="; Max-Age=63072000; Expires=Wed, 06 Dec 2023 22:52:33 GMT; Path=/; Domain=.twitter.com; Secure; SameSite=None, guest_id=v1%3A163883115321783723; Max-Age=63072000; Expires=Wed, 06 Dec 2023 22:52:33 GMT; Path=/; Domain=.twitter.com; Secure; SameSite=None', 'api-version': '2.31', 'content-type': 'application/json; charset=utf-8', 'cache-control': 'no-cache, no-store, max-age=0', 'content-length': '120', 'x-access-level': 'read', 'x-frame-options': 'SAMEORIGIN', 'content-encoding': 'gzip', 'x-xss-protection': '0', 'x-rate-limit-limit': '300', 'x-rate-limit-reset': '1638831904', 'content-disposition': 'attachment; filename=json.json', 'x-content-type-options': 'nosniff', 'x-rate-limit-remaining': '152', 'strict-transport-security': 'max-age=631138519', 'x-response-time': '152', 'x-connection-hash': '3df2d14f76bb88e7bf00430f16857f3a130f4e4cff0061db2568f74cafef1bce'}
Content: b'{"data":{"id":"135271738","created_at":"2010-04-20T20:53:32.000Z","username":"pharmasimple","name":"Pharmasimple"}}'
2021-12-06 23:52:33,773 WARNING :: Requesting users | getting pharmasimple
2021-12-06 23:52:33,774 DEBUG :: Making API request: GET https://api.twitter.com/2/users/by/username/FermentalgCom
Parameters: {'user.fields': 'created_at'}
Headers: {'User-Agent': 'Python/3.8.9 Requests/2.26.0 Tweepy/4.4.0', 'Authorization': 'Bearer AAAAAAAAAAAAAAAAAAAAAH68VwEAAAAA5DWkqX14lSgqQ2yid9RQhbV1meM%3D8jgI64BX4l8WPDrbahnwKYJFb1Hn9MMz85L2YNPQGGT3bfbSdv'}
Body: None
2021-12-06 23:52:33,775 DEBUG :: Starting new HTTPS connection (1): api.twitter.com:443
2021-12-06 23:52:33,982 DEBUG :: https://api.twitter.com:443 "GET /2/users/by/username/FermentalgCom?user.fields=created_at HTTP/1.1" 200 117
2021-12-06 23:52:33,983 DEBUG :: Received API response: 200 OK
Headers: {'date': 'Mon, 06 Dec 2021 22:52:33 UTC', 'server': 'tsa_f', 'set-cookie': 'guest_id_marketing=v1%3A163883115345765719; Max-Age=63072000; Expires=Wed, 06 Dec 2023 22:52:33 GMT; Path=/; Domain=.twitter.com; Secure; SameSite=None, guest_id_ads=v1%3A163883115345765719; Max-Age=63072000; Expires=Wed, 06 Dec 2023 22:52:33 GMT; Path=/; Domain=.twitter.com; Secure; SameSite=None, personalization_id="v1_ddvsAKbb0383SvlbX9XZ0w=="; Max-Age=63072000; Expires=Wed, 06 Dec 2023 22:52:33 GMT; Path=/; Domain=.twitter.com; Secure; SameSite=None, guest_id=v1%3A163883115345765719; Max-Age=63072000; Expires=Wed, 06 Dec 2023 22:52:33 GMT; Path=/; Domain=.twitter.com; Secure; SameSite=None', 'api-version': '2.31', 'content-type': 'application/json; charset=utf-8', 'cache-control': 'no-cache, no-store, max-age=0', 'content-length': '117', 'x-access-level': 'read', 'x-frame-options': 'SAMEORIGIN', 'content-encoding': 'gzip', 'x-xss-protection': '0', 'x-rate-limit-limit': '300', 'x-rate-limit-reset': '1638831904', 'content-disposition': 'attachment; filename=json.json', 'x-content-type-options': 'nosniff', 'x-rate-limit-remaining': '151', 'strict-transport-security': 'max-age=631138519', 'x-response-time': '122', 'x-connection-hash': '64c75e0217ce3dd6f963bce38df175ed4d0e6c353283484062d4f0abf99d7539'}
Content: b'{"data":{"created_at":"2012-06-28T09:28:10.000Z","name":"Fermentalg","id":"620905122","username":"FermentalgCom"}}'
2021-12-06 23:52:33,983 WARNING :: Requesting users | getting FermentalgCom
2021-12-06 23:52:33,985 DEBUG :: Making API request: GET https://api.twitter.com/2/users/by/username/MBWS
Parameters: {'user.fields': 'created_at'}
Headers: {'User-Agent': 'Python/3.8.9 Requests/2.26.0 Tweepy/4.4.0', 'Authorization': 'Bearer AAAAAAAAAAAAAAAAAAAAAH68VwEAAAAA5DWkqX14lSgqQ2yid9RQhbV1meM%3D8jgI64BX4l8WPDrbahnwKYJFb1Hn9MMz85L2YNPQGGT3bfbSdv'}
Body: None
2021-12-06 23:52:33,986 DEBUG :: Starting new HTTPS connection (1): api.twitter.com:443
2021-12-06 23:52:34,203 DEBUG :: https://api.twitter.com:443 "GET /2/users/by/username/MBWS?user.fields=created_at HTTP/1.1" 200 117
2021-12-06 23:52:34,204 DEBUG :: Received API response: 200 OK
Headers: {'date': 'Mon, 06 Dec 2021 22:52:33 UTC', 'server': 'tsa_f', 'set-cookie': 'guest_id_marketing=v1%3A163883115367341080; Max-Age=63072000; Expires=Wed, 06 Dec 2023 22:52:33 GMT; Path=/; Domain=.twitter.com; Secure; SameSite=None, guest_id_ads=v1%3A163883115367341080; Max-Age=63072000; Expires=Wed, 06 Dec 2023 22:52:33 GMT; Path=/; Domain=.twitter.com; Secure; SameSite=None, personalization_id="v1_DWrZHwZs0htv5ZxBF/GdSw=="; Max-Age=63072000; Expires=Wed, 06 Dec 2023 22:52:33 GMT; Path=/; Domain=.twitter.com; Secure; SameSite=None, guest_id=v1%3A163883115367341080; Max-Age=63072000; Expires=Wed, 06 Dec 2023 22:52:33 GMT; Path=/; Domain=.twitter.com; Secure; SameSite=None', 'api-version': '2.31', 'content-type': 'application/json; charset=utf-8', 'cache-control': 'no-cache, no-store, max-age=0', 'content-length': '117', 'x-access-level': 'read', 'x-frame-options': 'SAMEORIGIN', 'content-encoding': 'gzip', 'x-xss-protection': '0', 'x-rate-limit-limit': '300', 'x-rate-limit-reset': '1638831904', 'content-disposition': 'attachment; filename=json.json', 'x-content-type-options': 'nosniff', 'x-rate-limit-remaining': '150', 'strict-transport-security': 'max-age=631138519', 'x-response-time': '128', 'x-connection-hash': '836b2ebbcd334333b14255ba8cc11f037a97d1ba7a442a6ed4f4da92286f6560'}
Content: b'{"data":{"id":"771748528729231361","username":"MBWS","name":"MBWS","created_at":"2016-09-02T16:36:02.000Z"}}'
2021-12-06 23:52:34,205 WARNING :: Requesting users | getting MBWS
2021-12-06 23:52:34,206 DEBUG :: Making API request: GET https://api.twitter.com/2/users/by/username/EurobioSc
Parameters: {'user.fields': 'created_at'}
Headers: {'User-Agent': 'Python/3.8.9 Requests/2.26.0 Tweepy/4.4.0', 'Authorization': 'Bearer AAAAAAAAAAAAAAAAAAAAAH68VwEAAAAA5DWkqX14lSgqQ2yid9RQhbV1meM%3D8jgI64BX4l8WPDrbahnwKYJFb1Hn9MMz85L2YNPQGGT3bfbSdv'}
Body: None
2021-12-06 23:52:34,207 DEBUG :: Starting new HTTPS connection (1): api.twitter.com:443
2021-12-06 23:52:34,424 DEBUG :: https://api.twitter.com:443 "GET /2/users/by/username/EurobioSc?user.fields=created_at HTTP/1.1" 200 132
2021-12-06 23:52:34,426 DEBUG :: Received API response: 200 OK
Headers: {'date': 'Mon, 06 Dec 2021 22:52:33 UTC', 'server': 'tsa_f', 'set-cookie': 'guest_id_marketing=v1%3A163883115389740809; Max-Age=63072000; Expires=Wed, 06 Dec 2023 22:52:33 GMT; Path=/; Domain=.twitter.com; Secure; SameSite=None, guest_id_ads=v1%3A163883115389740809; Max-Age=63072000; Expires=Wed, 06 Dec 2023 22:52:33 GMT; Path=/; Domain=.twitter.com; Secure; SameSite=None, personalization_id="v1_JdHvatCmrf6bkHvzR/JFlg=="; Max-Age=63072000; Expires=Wed, 06 Dec 2023 22:52:33 GMT; Path=/; Domain=.twitter.com; Secure; SameSite=None, guest_id=v1%3A163883115389740809; Max-Age=63072000; Expires=Wed, 06 Dec 2023 22:52:33 GMT; Path=/; Domain=.twitter.com; Secure; SameSite=None', 'api-version': '2.31', 'content-type': 'application/json; charset=utf-8', 'cache-control': 'no-cache, no-store, max-age=0', 'content-length': '132', 'x-access-level': 'read', 'x-frame-options': 'SAMEORIGIN', 'content-encoding': 'gzip', 'x-xss-protection': '0', 'x-rate-limit-limit': '300', 'x-rate-limit-reset': '1638831904', 'content-disposition': 'attachment; filename=json.json', 'x-content-type-options': 'nosniff', 'x-rate-limit-remaining': '149', 'strict-transport-security': 'max-age=631138519', 'x-response-time': '125', 'x-connection-hash': '805c4344f53eea1214f40c7eba1cd058698b94601b9aa10adec246d74b3d5490'}
Content: b'{"data":{"id":"724590888597463042","username":"EurobioSc","created_at":"2016-04-25T13:28:24.000Z","name":"Eurobio Scientific"}}'
2021-12-06 23:52:34,426 WARNING :: Requesting users | getting EurobioSc
2021-12-06 23:52:34,558 DEBUG :: Making API request: GET https://api.twitter.com/2/users/97127367/tweets
Parameters: {'max_results': 5, 'tweet.fields': 'created_at'}
Headers: {'User-Agent': 'Python/3.8.9 Requests/2.26.0 Tweepy/4.4.0', 'Authorization': 'Bearer AAAAAAAAAAAAAAAAAAAAAH68VwEAAAAA5DWkqX14lSgqQ2yid9RQhbV1meM%3D8jgI64BX4l8WPDrbahnwKYJFb1Hn9MMz85L2YNPQGGT3bfbSdv'}
Body: None
2021-12-06 23:52:34,560 DEBUG :: Starting new HTTPS connection (1): api.twitter.com:443
2021-12-06 23:52:34,861 DEBUG :: https://api.twitter.com:443 "GET /2/users/97127367/tweets?max_results=5&tweet.fields=created_at HTTP/1.1" 200 756
2021-12-06 23:52:34,864 DEBUG :: Received API response: 200 OK
Headers: {'date': 'Mon, 06 Dec 2021 22:52:34 UTC', 'server': 'tsa_f', 'set-cookie': 'guest_id_marketing=v1%3A163883115424628569; Max-Age=63072000; Expires=Wed, 06 Dec 2023 22:52:34 GMT; Path=/; Domain=.twitter.com; Secure; SameSite=None, guest_id_ads=v1%3A163883115424628569; Max-Age=63072000; Expires=Wed, 06 Dec 2023 22:52:34 GMT; Path=/; Domain=.twitter.com; Secure; SameSite=None, personalization_id="v1_n0m8b1tmw4ofsRo5ICKSqQ=="; Max-Age=63072000; Expires=Wed, 06 Dec 2023 22:52:34 GMT; Path=/; Domain=.twitter.com; Secure; SameSite=None, guest_id=v1%3A163883115424628569; Max-Age=63072000; Expires=Wed, 06 Dec 2023 22:52:34 GMT; Path=/; Domain=.twitter.com; Secure; SameSite=None', 'api-version': '2.31', 'content-type': 'application/json; charset=utf-8', 'cache-control': 'no-cache, no-store, max-age=0', 'content-length': '756', 'x-access-level': 'read', 'x-frame-options': 'SAMEORIGIN', 'content-encoding': 'gzip', 'x-xss-protection': '0', 'x-rate-limit-limit': '1500', 'x-rate-limit-reset': '1638831935', 'content-disposition': 'attachment; filename=json.json', 'x-content-type-options': 'nosniff', 'x-rate-limit-remaining': '1498', 'strict-transport-security': 'max-age=631138519', 'x-response-time': '213', 'x-connection-hash': 'd63b8d7be47cc0162b0ef732ef5a952801192b71e6bdbe60426610e5a98c8c5f'}
Content: b'{"data":[{"created_at":"2021-11-25T16:57:26.000Z","id":"1463914740082790401","text":"Thank you for visiting us @CoDubost and @CCastaner\\n\\n#BetterMedicineForAll #ImpactHealth https://t.co/4e5a7X3BPK"},{"created_at":"2021-11-03T16:45:35.000Z","id":"1455939222716682243","text":"Watch the last interview (in french) of our CEO https://t.co/kj3QDts54J"},{"created_at":"2021-11-01T07:00:50.000Z","id":"1455067290693771264","text":"Phase 3 data of mdc-IRM, 1st product based on MedinCell\xe2\x80\x99s technology, shows significant improvements in patients with schizophrenia: \\n- Prolonged time to impending relapse \\n- Decreased risk of relapse \\n- Increased chance of clinical stability \\nhttps://t.co/n4efikehP9"},{"created_at":"2021-10-21T15:41:54.000Z","id":"1451212153751490560","text":"Full PR: https://t.co/tiAZO6471v \\n#BetterMedicineForAll #ImpactHealth https://t.co/ejHrxyd44M"},{"created_at":"2021-07-01T09:02:45.000Z","id":"1410524265674383365","text":"RT @ABG_Asso: Le #Concours de #Pitch 2021 #CPP21 \\n@ABG_Asso a le plaisir de pr\xc3\xa9senter le #sponsor de son \\uD83E\\uDD48prix (400\xe2\x82\xac),@medincell : une soci\xe2\x80\xa6"}],"meta":{"oldest_id":"1410524265674383365","newest_id":"1463914740082790401","result_count":5,"next_token":"7140dibdnow9c7btw3z16t2ae4ug6v5jryxzr5a6y9zjp"}}'
2021-12-06 23:52:34,868 WARNING :: Amount of tweets 3
2021-12-06 23:52:34,869 WARNING :: Recieved full data for 1 users
2021-12-06 23:52:34,869 WARNING :: Cleaning and Analising Tweets Tweets
2021-12-06 23:52:34,870 WARNING :: Analising Tweets Tweets
