2021-12-06 20:44:22,549 DEBUG :: Making API request: GET https://api.twitter.com/2/users/by/username/EurobioSc
Parameters: {'user.fields': 'created_at'}
Headers: {'User-Agent': 'Python/3.8.9 Requests/2.26.0 Tweepy/4.4.0', 'Authorization': 'Bearer AAAAAAAAAAAAAAAAAAAAAH68VwEAAAAA5DWkqX14lSgqQ2yid9RQhbV1meM%3D8jgI64BX4l8WPDrbahnwKYJFb1Hn9MMz85L2YNPQGGT3bfbSdv'}
Body: None
2021-12-06 20:44:22,553 DEBUG :: Starting new HTTPS connection (1): api.twitter.com:443
2021-12-06 20:44:22,828 DEBUG :: https://api.twitter.com:443 "GET /2/users/by/username/EurobioSc?user.fields=created_at HTTP/1.1" 200 133
2021-12-06 20:44:22,839 DEBUG :: Received API response: 200 OK
Headers: {'date': 'Mon, 06 Dec 2021 19:44:22 UTC', 'server': 'tsa_f', 'set-cookie': 'guest_id_marketing=v1%3A163881986241102034; Max-Age=63072000; Expires=Wed, 06 Dec 2023 19:44:22 GMT; Path=/; Domain=.twitter.com; Secure; SameSite=None, guest_id_ads=v1%3A163881986241102034; Max-Age=63072000; Expires=Wed, 06 Dec 2023 19:44:22 GMT; Path=/; Domain=.twitter.com; Secure; SameSite=None, personalization_id="v1_lsZHLiGBhZLSrniK+ki2Sg=="; Max-Age=63072000; Expires=Wed, 06 Dec 2023 19:44:22 GMT; Path=/; Domain=.twitter.com; Secure; SameSite=None, guest_id=v1%3A163881986241102034; Max-Age=63072000; Expires=Wed, 06 Dec 2023 19:44:22 GMT; Path=/; Domain=.twitter.com; Secure; SameSite=None', 'api-version': '2.31', 'content-type': 'application/json; charset=utf-8', 'cache-control': 'no-cache, no-store, max-age=0', 'content-length': '133', 'x-access-level': 'read', 'x-frame-options': 'SAMEORIGIN', 'content-encoding': 'gzip', 'x-xss-protection': '0', 'x-rate-limit-limit': '300', 'x-rate-limit-reset': '1638820128', 'content-disposition': 'attachment; filename=json.json', 'x-content-type-options': 'nosniff', 'x-rate-limit-remaining': '96', 'strict-transport-security': 'max-age=631138519', 'x-response-time': '131', 'x-connection-hash': 'afc4d6a5c47477fc3ad64f0a2ce6c0a984e5ac608cab47e54b4511091d0ed29d'}
Content: b'{"data":{"created_at":"2016-04-25T13:28:24.000Z","username":"EurobioSc","name":"Eurobio Scientific","id":"724590888597463042"}}'
2021-12-06 20:44:22,846 WARNING :: Requesting users | getting EurobioSc
2021-12-06 20:44:22,850 DEBUG :: Making API request: GET https://api.twitter.com/2/users/by/username/SergeFerrari
Parameters: {'user.fields': 'created_at'}
Headers: {'User-Agent': 'Python/3.8.9 Requests/2.26.0 Tweepy/4.4.0', 'Authorization': 'Bearer AAAAAAAAAAAAAAAAAAAAAH68VwEAAAAA5DWkqX14lSgqQ2yid9RQhbV1meM%3D8jgI64BX4l8WPDrbahnwKYJFb1Hn9MMz85L2YNPQGGT3bfbSdv'}
Body: None
2021-12-06 20:44:22,854 DEBUG :: Starting new HTTPS connection (1): api.twitter.com:443
2021-12-06 20:44:23,094 DEBUG :: https://api.twitter.com:443 "GET /2/users/by/username/SergeFerrari?user.fields=created_at HTTP/1.1" 200 119
2021-12-06 20:44:23,097 DEBUG :: Received API response: 200 OK
Headers: {'date': 'Mon, 06 Dec 2021 19:44:22 UTC', 'server': 'tsa_f', 'set-cookie': 'guest_id_marketing=v1%3A163881986266168785; Max-Age=63072000; Expires=Wed, 06 Dec 2023 19:44:22 GMT; Path=/; Domain=.twitter.com; Secure; SameSite=None, guest_id_ads=v1%3A163881986266168785; Max-Age=63072000; Expires=Wed, 06 Dec 2023 19:44:22 GMT; Path=/; Domain=.twitter.com; Secure; SameSite=None, personalization_id="v1_Jgztw2xjGkeJF4nETnjdaw=="; Max-Age=63072000; Expires=Wed, 06 Dec 2023 19:44:22 GMT; Path=/; Domain=.twitter.com; Secure; SameSite=None, guest_id=v1%3A163881986266168785; Max-Age=63072000; Expires=Wed, 06 Dec 2023 19:44:22 GMT; Path=/; Domain=.twitter.com; Secure; SameSite=None', 'api-version': '2.31', 'content-type': 'application/json; charset=utf-8', 'cache-control': 'no-cache, no-store, max-age=0', 'content-length': '119', 'x-access-level': 'read', 'x-frame-options': 'SAMEORIGIN', 'content-encoding': 'gzip', 'x-xss-protection': '0', 'x-rate-limit-limit': '300', 'x-rate-limit-reset': '1638820128', 'content-disposition': 'attachment; filename=json.json', 'x-content-type-options': 'nosniff', 'x-rate-limit-remaining': '95', 'strict-transport-security': 'max-age=631138519', 'x-response-time': '148', 'x-connection-hash': '7103babc4dcaf0df10cd24f92010cf5f5f133eafda9f47eca0ab5d0014448ff0'}
Content: b'{"data":{"created_at":"2013-10-09T14:16:26.000Z","username":"SergeFerrari","name":"Serge Ferrari","id":"1949367278"}}'
2021-12-06 20:44:23,097 WARNING :: Requesting users | getting SergeFerrari
2021-12-06 20:44:23,100 DEBUG :: Making API request: GET https://api.twitter.com/2/users/by/username/VergnetEnergy
Parameters: {'user.fields': 'created_at'}
Headers: {'User-Agent': 'Python/3.8.9 Requests/2.26.0 Tweepy/4.4.0', 'Authorization': 'Bearer AAAAAAAAAAAAAAAAAAAAAH68VwEAAAAA5DWkqX14lSgqQ2yid9RQhbV1meM%3D8jgI64BX4l8WPDrbahnwKYJFb1Hn9MMz85L2YNPQGGT3bfbSdv'}
Body: None
2021-12-06 20:44:23,103 DEBUG :: Starting new HTTPS connection (1): api.twitter.com:443
2021-12-06 20:44:23,315 DEBUG :: https://api.twitter.com:443 "GET /2/users/by/username/VergnetEnergy?user.fields=created_at HTTP/1.1" 200 118
2021-12-06 20:44:23,315 DEBUG :: Received API response: 200 OK
Headers: {'date': 'Mon, 06 Dec 2021 19:44:22 UTC', 'server': 'tsa_f', 'set-cookie': 'guest_id_marketing=v1%3A163881986290461872; Max-Age=63072000; Expires=Wed, 06 Dec 2023 19:44:22 GMT; Path=/; Domain=.twitter.com; Secure; SameSite=None, guest_id_ads=v1%3A163881986290461872; Max-Age=63072000; Expires=Wed, 06 Dec 2023 19:44:22 GMT; Path=/; Domain=.twitter.com; Secure; SameSite=None, personalization_id="v1_I2jxroWgDnklVCqh1lumfQ=="; Max-Age=63072000; Expires=Wed, 06 Dec 2023 19:44:22 GMT; Path=/; Domain=.twitter.com; Secure; SameSite=None, guest_id=v1%3A163881986290461872; Max-Age=63072000; Expires=Wed, 06 Dec 2023 19:44:22 GMT; Path=/; Domain=.twitter.com; Secure; SameSite=None', 'api-version': '2.31', 'content-type': 'application/json; charset=utf-8', 'cache-control': 'no-cache, no-store, max-age=0', 'content-length': '118', 'x-access-level': 'read', 'x-frame-options': 'SAMEORIGIN', 'content-encoding': 'gzip', 'x-xss-protection': '0', 'x-rate-limit-limit': '300', 'x-rate-limit-reset': '1638820128', 'content-disposition': 'attachment; filename=json.json', 'x-content-type-options': 'nosniff', 'x-rate-limit-remaining': '94', 'strict-transport-security': 'max-age=631138519', 'x-response-time': '126', 'x-connection-hash': 'b75d911c9ceca8746682fc4357e11305b25b5d56f7d7e845e8cc7cfb65bef996'}
Content: b'{"data":{"id":"485527080","created_at":"2012-02-07T09:11:47.000Z","name":"Vergnet","username":"VergnetEnergy"}}'
2021-12-06 20:44:23,316 WARNING :: Requesting users | getting VergnetEnergy
2021-12-06 20:44:23,317 DEBUG :: Making API request: GET https://api.twitter.com/2/users/by/username/GroupeLDLC
Parameters: {'user.fields': 'created_at'}
Headers: {'User-Agent': 'Python/3.8.9 Requests/2.26.0 Tweepy/4.4.0', 'Authorization': 'Bearer AAAAAAAAAAAAAAAAAAAAAH68VwEAAAAA5DWkqX14lSgqQ2yid9RQhbV1meM%3D8jgI64BX4l8WPDrbahnwKYJFb1Hn9MMz85L2YNPQGGT3bfbSdv'}
Body: None
2021-12-06 20:44:23,318 DEBUG :: Starting new HTTPS connection (1): api.twitter.com:443
2021-12-06 20:44:23,533 DEBUG :: https://api.twitter.com:443 "GET /2/users/by/username/GroupeLDLC?user.fields=created_at HTTP/1.1" 200 129
2021-12-06 20:44:23,534 DEBUG :: Received API response: 200 OK
Headers: {'date': 'Mon, 06 Dec 2021 19:44:23 UTC', 'server': 'tsa_f', 'set-cookie': 'guest_id_marketing=v1%3A163881986311985913; Max-Age=63072000; Expires=Wed, 06 Dec 2023 19:44:23 GMT; Path=/; Domain=.twitter.com; Secure; SameSite=None, guest_id_ads=v1%3A163881986311985913; Max-Age=63072000; Expires=Wed, 06 Dec 2023 19:44:23 GMT; Path=/; Domain=.twitter.com; Secure; SameSite=None, personalization_id="v1_QmjtygJCXR31hE3qfwhIVA=="; Max-Age=63072000; Expires=Wed, 06 Dec 2023 19:44:23 GMT; Path=/; Domain=.twitter.com; Secure; SameSite=None, guest_id=v1%3A163881986311985913; Max-Age=63072000; Expires=Wed, 06 Dec 2023 19:44:23 GMT; Path=/; Domain=.twitter.com; Secure; SameSite=None', 'api-version': '2.31', 'content-type': 'application/json; charset=utf-8', 'cache-control': 'no-cache, no-store, max-age=0', 'content-length': '129', 'x-access-level': 'read', 'x-frame-options': 'SAMEORIGIN', 'content-encoding': 'gzip', 'x-xss-protection': '0', 'x-rate-limit-limit': '300', 'x-rate-limit-reset': '1638820128', 'content-disposition': 'attachment; filename=json.json', 'x-content-type-options': 'nosniff', 'x-rate-limit-remaining': '93', 'strict-transport-security': 'max-age=631138519', 'x-response-time': '129', 'x-connection-hash': '593236f4041c751e0ba86172215c8833a981e921ed52ad588dc8d625a803626e'}
Content: b'{"data":{"username":"GroupeLDLC","id":"785748415044997120","created_at":"2016-10-11T07:46:35.000Z","name":"Groupe LDLC"}}'
2021-12-06 20:44:23,534 WARNING :: Requesting users | getting GroupeLDLC
2021-12-06 20:44:23,536 DEBUG :: Making API request: GET https://api.twitter.com/2/users/by/username/medicrea
Parameters: {'user.fields': 'created_at'}
Headers: {'User-Agent': 'Python/3.8.9 Requests/2.26.0 Tweepy/4.4.0', 'Authorization': 'Bearer AAAAAAAAAAAAAAAAAAAAAH68VwEAAAAA5DWkqX14lSgqQ2yid9RQhbV1meM%3D8jgI64BX4l8WPDrbahnwKYJFb1Hn9MMz85L2YNPQGGT3bfbSdv'}
Body: None
2021-12-06 20:44:23,537 DEBUG :: Starting new HTTPS connection (1): api.twitter.com:443
2021-12-06 20:44:23,754 DEBUG :: https://api.twitter.com:443 "GET /2/users/by/username/medicrea?user.fields=created_at HTTP/1.1" 200 125
2021-12-06 20:44:23,755 DEBUG :: Received API response: 200 OK
Headers: {'date': 'Mon, 06 Dec 2021 19:44:23 UTC', 'server': 'tsa_f', 'set-cookie': 'guest_id_marketing=v1%3A163881986334215190; Max-Age=63072000; Expires=Wed, 06 Dec 2023 19:44:23 GMT; Path=/; Domain=.twitter.com; Secure; SameSite=None, guest_id_ads=v1%3A163881986334215190; Max-Age=63072000; Expires=Wed, 06 Dec 2023 19:44:23 GMT; Path=/; Domain=.twitter.com; Secure; SameSite=None, personalization_id="v1_PYVw2uqSHrzxNohJl0wAqw=="; Max-Age=63072000; Expires=Wed, 06 Dec 2023 19:44:23 GMT; Path=/; Domain=.twitter.com; Secure; SameSite=None, guest_id=v1%3A163881986334215190; Max-Age=63072000; Expires=Wed, 06 Dec 2023 19:44:23 GMT; Path=/; Domain=.twitter.com; Secure; SameSite=None', 'api-version': '2.31', 'content-type': 'application/json; charset=utf-8', 'cache-control': 'no-cache, no-store, max-age=0', 'content-length': '125', 'x-access-level': 'read', 'x-frame-options': 'SAMEORIGIN', 'content-encoding': 'gzip', 'x-xss-protection': '0', 'x-rate-limit-limit': '300', 'x-rate-limit-reset': '1638820128', 'content-disposition': 'attachment; filename=json.json', 'x-content-type-options': 'nosniff', 'x-rate-limit-remaining': '92', 'strict-transport-security': 'max-age=631138519', 'x-response-time': '127', 'x-connection-hash': '83548af00da9f95944a9cd611c2f103935136289a02089021ed099d65d9144ab'}
Content: b'{"data":{"created_at":"2012-05-24T13:04:53.000Z","username":"medicrea","name":"Medicrea International","id":"589186665"}}'
2021-12-06 20:44:23,755 WARNING :: Requesting users | getting medicrea
2021-12-06 20:44:23,756 DEBUG :: Making API request: GET https://api.twitter.com/2/users/by/username/claranova_group
Parameters: {'user.fields': 'created_at'}
Headers: {'User-Agent': 'Python/3.8.9 Requests/2.26.0 Tweepy/4.4.0', 'Authorization': 'Bearer AAAAAAAAAAAAAAAAAAAAAH68VwEAAAAA5DWkqX14lSgqQ2yid9RQhbV1meM%3D8jgI64BX4l8WPDrbahnwKYJFb1Hn9MMz85L2YNPQGGT3bfbSdv'}
Body: None
2021-12-06 20:44:23,757 DEBUG :: Starting new HTTPS connection (1): api.twitter.com:443
2021-12-06 20:44:23,980 DEBUG :: https://api.twitter.com:443 "GET /2/users/by/username/claranova_group?user.fields=created_at HTTP/1.1" 200 126
2021-12-06 20:44:23,981 DEBUG :: Received API response: 200 OK
Headers: {'date': 'Mon, 06 Dec 2021 19:44:23 UTC', 'server': 'tsa_f', 'set-cookie': 'guest_id_marketing=v1%3A163881986356420019; Max-Age=63072000; Expires=Wed, 06 Dec 2023 19:44:23 GMT; Path=/; Domain=.twitter.com; Secure; SameSite=None, guest_id_ads=v1%3A163881986356420019; Max-Age=63072000; Expires=Wed, 06 Dec 2023 19:44:23 GMT; Path=/; Domain=.twitter.com; Secure; SameSite=None, personalization_id="v1_Bn+3tLjIMmlOaEz1eEE1Bg=="; Max-Age=63072000; Expires=Wed, 06 Dec 2023 19:44:23 GMT; Path=/; Domain=.twitter.com; Secure; SameSite=None, guest_id=v1%3A163881986356420019; Max-Age=63072000; Expires=Wed, 06 Dec 2023 19:44:23 GMT; Path=/; Domain=.twitter.com; Secure; SameSite=None', 'api-version': '2.31', 'content-type': 'application/json; charset=utf-8', 'cache-control': 'no-cache, no-store, max-age=0', 'content-length': '126', 'x-access-level': 'read', 'x-frame-options': 'SAMEORIGIN', 'content-encoding': 'gzip', 'x-xss-protection': '0', 'x-rate-limit-limit': '300', 'x-rate-limit-reset': '1638820128', 'content-disposition': 'attachment; filename=json.json', 'x-content-type-options': 'nosniff', 'x-rate-limit-remaining': '91', 'strict-transport-security': 'max-age=631138519', 'x-response-time': '132', 'x-connection-hash': '98753d29bcf9e9d33fd635ef0ada1a8305fa93860dbd445a510c7bc7e62fbb8a'}
Content: b'{"data":{"username":"claranova_group","created_at":"2017-04-06T18:09:18.000Z","id":"850047779300933633","name":"claranova"}}'
2021-12-06 20:44:23,982 WARNING :: Requesting users | getting claranova_group
2021-12-06 20:44:23,983 DEBUG :: Making API request: GET https://api.twitter.com/2/users/by/username/OregeSas
Parameters: {'user.fields': 'created_at'}
Headers: {'User-Agent': 'Python/3.8.9 Requests/2.26.0 Tweepy/4.4.0', 'Authorization': 'Bearer AAAAAAAAAAAAAAAAAAAAAH68VwEAAAAA5DWkqX14lSgqQ2yid9RQhbV1meM%3D8jgI64BX4l8WPDrbahnwKYJFb1Hn9MMz85L2YNPQGGT3bfbSdv'}
Body: None
2021-12-06 20:44:23,985 DEBUG :: Starting new HTTPS connection (1): api.twitter.com:443
2021-12-06 20:44:24,210 DEBUG :: https://api.twitter.com:443 "GET /2/users/by/username/OregeSas?user.fields=created_at HTTP/1.1" 200 129
2021-12-06 20:44:24,211 DEBUG :: Received API response: 200 OK
Headers: {'date': 'Mon, 06 Dec 2021 19:44:23 UTC', 'server': 'tsa_f', 'set-cookie': 'guest_id_marketing=v1%3A163881986379411054; Max-Age=63072000; Expires=Wed, 06 Dec 2023 19:44:23 GMT; Path=/; Domain=.twitter.com; Secure; SameSite=None, guest_id_ads=v1%3A163881986379411054; Max-Age=63072000; Expires=Wed, 06 Dec 2023 19:44:23 GMT; Path=/; Domain=.twitter.com; Secure; SameSite=None, personalization_id="v1_bhhC647UEB0ekYN5ODKwQQ=="; Max-Age=63072000; Expires=Wed, 06 Dec 2023 19:44:23 GMT; Path=/; Domain=.twitter.com; Secure; SameSite=None, guest_id=v1%3A163881986379411054; Max-Age=63072000; Expires=Wed, 06 Dec 2023 19:44:23 GMT; Path=/; Domain=.twitter.com; Secure; SameSite=None', 'api-version': '2.31', 'content-type': 'application/json; charset=utf-8', 'cache-control': 'no-cache, no-store, max-age=0', 'content-length': '129', 'x-access-level': 'read', 'x-frame-options': 'SAMEORIGIN', 'content-encoding': 'gzip', 'x-xss-protection': '0', 'x-rate-limit-limit': '300', 'x-rate-limit-reset': '1638820128', 'content-disposition': 'attachment; filename=json.json', 'x-content-type-options': 'nosniff', 'x-rate-limit-remaining': '90', 'strict-transport-security': 'max-age=631138519', 'x-response-time': '132', 'x-connection-hash': '3dd4fa9a1ba0d6660452111ae4a834c83c836d68e2b3b1f171d7ee4396544645'}
Content: b'{"data":{"name":"Or\xc3\xa8ge","username":"OregeSas","created_at":"2016-07-21T07:09:06.000Z","id":"756023177185222656"}}'
2021-12-06 20:44:24,211 WARNING :: Requesting users | getting OregeSas
2021-12-06 20:44:24,212 DEBUG :: Making API request: GET https://api.twitter.com/2/users/by/username/Oxurion
Parameters: {'user.fields': 'created_at'}
Headers: {'User-Agent': 'Python/3.8.9 Requests/2.26.0 Tweepy/4.4.0', 'Authorization': 'Bearer AAAAAAAAAAAAAAAAAAAAAH68VwEAAAAA5DWkqX14lSgqQ2yid9RQhbV1meM%3D8jgI64BX4l8WPDrbahnwKYJFb1Hn9MMz85L2YNPQGGT3bfbSdv'}
Body: None
2021-12-06 20:44:24,214 DEBUG :: Starting new HTTPS connection (1): api.twitter.com:443
2021-12-06 20:44:24,432 DEBUG :: https://api.twitter.com:443 "GET /2/users/by/username/Oxurion?user.fields=created_at HTTP/1.1" 200 118
2021-12-06 20:44:24,433 DEBUG :: Received API response: 200 OK
Headers: {'date': 'Mon, 06 Dec 2021 19:44:24 UTC', 'server': 'tsa_f', 'set-cookie': 'guest_id_marketing=v1%3A163881986401762695; Max-Age=63072000; Expires=Wed, 06 Dec 2023 19:44:24 GMT; Path=/; Domain=.twitter.com; Secure; SameSite=None, guest_id_ads=v1%3A163881986401762695; Max-Age=63072000; Expires=Wed, 06 Dec 2023 19:44:24 GMT; Path=/; Domain=.twitter.com; Secure; SameSite=None, personalization_id="v1_Pi+GWVKTKLzS6Rm6posbQw=="; Max-Age=63072000; Expires=Wed, 06 Dec 2023 19:44:24 GMT; Path=/; Domain=.twitter.com; Secure; SameSite=None, guest_id=v1%3A163881986401762695; Max-Age=63072000; Expires=Wed, 06 Dec 2023 19:44:24 GMT; Path=/; Domain=.twitter.com; Secure; SameSite=None', 'api-version': '2.31', 'content-type': 'application/json; charset=utf-8', 'cache-control': 'no-cache, no-store, max-age=0', 'content-length': '118', 'x-access-level': 'read', 'x-frame-options': 'SAMEORIGIN', 'content-encoding': 'gzip', 'x-xss-protection': '0', 'x-rate-limit-limit': '300', 'x-rate-limit-reset': '1638820128', 'content-disposition': 'attachment; filename=json.json', 'x-content-type-options': 'nosniff', 'x-rate-limit-remaining': '89', 'strict-transport-security': 'max-age=631138519', 'x-response-time': '129', 'x-connection-hash': '126070c82600b279385a40e368ee6f76b149c976d6fc091741861583ae54ce18'}
Content: b'{"data":{"created_at":"2011-09-20T18:57:55.000Z","name":"Oxurion NV","username":"Oxurion","id":"376936356"}}'
2021-12-06 20:44:24,433 WARNING :: Requesting users | getting Oxurion
2021-12-06 20:44:24,435 DEBUG :: Making API request: GET https://api.twitter.com/2/users/by/username/Nextedia
Parameters: {'user.fields': 'created_at'}
Headers: {'User-Agent': 'Python/3.8.9 Requests/2.26.0 Tweepy/4.4.0', 'Authorization': 'Bearer AAAAAAAAAAAAAAAAAAAAAH68VwEAAAAA5DWkqX14lSgqQ2yid9RQhbV1meM%3D8jgI64BX4l8WPDrbahnwKYJFb1Hn9MMz85L2YNPQGGT3bfbSdv'}
Body: None
2021-12-06 20:44:24,436 DEBUG :: Starting new HTTPS connection (1): api.twitter.com:443
2021-12-06 20:44:24,666 DEBUG :: https://api.twitter.com:443 "GET /2/users/by/username/Nextedia?user.fields=created_at HTTP/1.1" 200 112
2021-12-06 20:44:24,668 DEBUG :: Received API response: 200 OK
Headers: {'date': 'Mon, 06 Dec 2021 19:44:24 UTC', 'server': 'tsa_f', 'set-cookie': 'guest_id_marketing=v1%3A163881986424206159; Max-Age=63072000; Expires=Wed, 06 Dec 2023 19:44:24 GMT; Path=/; Domain=.twitter.com; Secure; SameSite=None, guest_id_ads=v1%3A163881986424206159; Max-Age=63072000; Expires=Wed, 06 Dec 2023 19:44:24 GMT; Path=/; Domain=.twitter.com; Secure; SameSite=None, personalization_id="v1_8qnUnqdQzRIVuIm/MK0T0A=="; Max-Age=63072000; Expires=Wed, 06 Dec 2023 19:44:24 GMT; Path=/; Domain=.twitter.com; Secure; SameSite=None, guest_id=v1%3A163881986424206159; Max-Age=63072000; Expires=Wed, 06 Dec 2023 19:44:24 GMT; Path=/; Domain=.twitter.com; Secure; SameSite=None', 'api-version': '2.31', 'content-type': 'application/json; charset=utf-8', 'cache-control': 'no-cache, no-store, max-age=0', 'content-length': '112', 'x-access-level': 'read', 'x-frame-options': 'SAMEORIGIN', 'content-encoding': 'gzip', 'x-xss-protection': '0', 'x-rate-limit-limit': '300', 'x-rate-limit-reset': '1638820128', 'content-disposition': 'attachment; filename=json.json', 'x-content-type-options': 'nosniff', 'x-rate-limit-remaining': '88', 'strict-transport-security': 'max-age=631138519', 'x-response-time': '141', 'x-connection-hash': 'af0b944e02a3c28f8665d8c2a96dbc3059a52da17bb962059a67cabb6900d549'}
Content: b'{"data":{"name":"Nextedia","id":"1249807652","username":"Nextedia","created_at":"2013-03-07T18:51:19.000Z"}}'
2021-12-06 20:44:24,668 WARNING :: Requesting users | getting Nextedia
2021-12-06 20:44:24,670 DEBUG :: Making API request: GET https://api.twitter.com/2/users/by/username/Plastivaloire
Parameters: {'user.fields': 'created_at'}
Headers: {'User-Agent': 'Python/3.8.9 Requests/2.26.0 Tweepy/4.4.0', 'Authorization': 'Bearer AAAAAAAAAAAAAAAAAAAAAH68VwEAAAAA5DWkqX14lSgqQ2yid9RQhbV1meM%3D8jgI64BX4l8WPDrbahnwKYJFb1Hn9MMz85L2YNPQGGT3bfbSdv'}
Body: None
2021-12-06 20:44:24,671 DEBUG :: Starting new HTTPS connection (1): api.twitter.com:443
2021-12-06 20:44:25,018 DEBUG :: https://api.twitter.com:443 "GET /2/users/by/username/Plastivaloire?user.fields=created_at HTTP/1.1" 200 134
2021-12-06 20:44:25,019 DEBUG :: Received API response: 200 OK
Headers: {'date': 'Mon, 06 Dec 2021 19:44:24 UTC', 'server': 'tsa_f', 'set-cookie': 'guest_id_marketing=v1%3A163881986457760675; Max-Age=63072000; Expires=Wed, 06 Dec 2023 19:44:24 GMT; Path=/; Domain=.twitter.com; Secure; SameSite=None, guest_id_ads=v1%3A163881986457760675; Max-Age=63072000; Expires=Wed, 06 Dec 2023 19:44:24 GMT; Path=/; Domain=.twitter.com; Secure; SameSite=None, personalization_id="v1_N1TRJ1vw4Zt+BvmzeckfxA=="; Max-Age=63072000; Expires=Wed, 06 Dec 2023 19:44:24 GMT; Path=/; Domain=.twitter.com; Secure; SameSite=None, guest_id=v1%3A163881986457760675; Max-Age=63072000; Expires=Wed, 06 Dec 2023 19:44:24 GMT; Path=/; Domain=.twitter.com; Secure; SameSite=None', 'api-version': '2.31', 'content-type': 'application/json; charset=utf-8', 'cache-control': 'no-cache, no-store, max-age=0', 'content-length': '134', 'x-access-level': 'read', 'x-frame-options': 'SAMEORIGIN', 'content-encoding': 'gzip', 'x-xss-protection': '0', 'x-rate-limit-limit': '300', 'x-rate-limit-reset': '1638820128', 'content-disposition': 'attachment; filename=json.json', 'x-content-type-options': 'nosniff', 'x-rate-limit-remaining': '87', 'strict-transport-security': 'max-age=631138519', 'x-response-time': '258', 'x-connection-hash': '82b30b85a4274e33f64aa45390d646f5c2b8f829a45f75d940690329cbef1ae6'}
Content: b'{"data":{"created_at":"2018-01-08T15:05:47.000Z","username":"Plastivaloire","name":"Groupe Plastivaloire","id":"950383035534528512"}}'
2021-12-06 20:44:25,019 WARNING :: Requesting users | getting Plastivaloire
2021-12-06 20:44:25,020 DEBUG :: Making API request: GET https://api.twitter.com/2/users/by/username/EmovaGroup
Parameters: {'user.fields': 'created_at'}
Headers: {'User-Agent': 'Python/3.8.9 Requests/2.26.0 Tweepy/4.4.0', 'Authorization': 'Bearer AAAAAAAAAAAAAAAAAAAAAH68VwEAAAAA5DWkqX14lSgqQ2yid9RQhbV1meM%3D8jgI64BX4l8WPDrbahnwKYJFb1Hn9MMz85L2YNPQGGT3bfbSdv'}
Body: None
2021-12-06 20:44:25,022 DEBUG :: Starting new HTTPS connection (1): api.twitter.com:443
2021-12-06 20:44:25,248 DEBUG :: https://api.twitter.com:443 "GET /2/users/by/username/EmovaGroup?user.fields=created_at HTTP/1.1" 200 121
2021-12-06 20:44:25,250 DEBUG :: Received API response: 200 OK
Headers: {'date': 'Mon, 06 Dec 2021 19:44:24 UTC', 'server': 'tsa_f', 'set-cookie': 'guest_id_marketing=v1%3A163881986483248818; Max-Age=63072000; Expires=Wed, 06 Dec 2023 19:44:24 GMT; Path=/; Domain=.twitter.com; Secure; SameSite=None, guest_id_ads=v1%3A163881986483248818; Max-Age=63072000; Expires=Wed, 06 Dec 2023 19:44:24 GMT; Path=/; Domain=.twitter.com; Secure; SameSite=None, personalization_id="v1_vOG6xPP1v3YLbKxQ/T03Lg=="; Max-Age=63072000; Expires=Wed, 06 Dec 2023 19:44:24 GMT; Path=/; Domain=.twitter.com; Secure; SameSite=None, guest_id=v1%3A163881986483248818; Max-Age=63072000; Expires=Wed, 06 Dec 2023 19:44:24 GMT; Path=/; Domain=.twitter.com; Secure; SameSite=None', 'api-version': '2.31', 'content-type': 'application/json; charset=utf-8', 'cache-control': 'no-cache, no-store, max-age=0', 'content-length': '121', 'x-access-level': 'read', 'x-frame-options': 'SAMEORIGIN', 'content-encoding': 'gzip', 'x-xss-protection': '0', 'x-rate-limit-limit': '300', 'x-rate-limit-reset': '1638820128', 'content-disposition': 'attachment; filename=json.json', 'x-content-type-options': 'nosniff', 'x-rate-limit-remaining': '86', 'strict-transport-security': 'max-age=631138519', 'x-response-time': '134', 'x-connection-hash': '453fafc109e7de4cd7a577198c597e533445ce23f9218960f65f19818731d04d'}
Content: b'{"data":{"username":"EmovaGroup","created_at":"2015-04-21T16:17:42.000Z","id":"3191379677","name":"Emova Group"}}'
2021-12-06 20:44:25,250 WARNING :: Requesting users | getting EmovaGroup
2021-12-06 20:44:25,252 DEBUG :: Making API request: GET https://api.twitter.com/2/users/by/username/EkinopsSA
Parameters: {'user.fields': 'created_at'}
Headers: {'User-Agent': 'Python/3.8.9 Requests/2.26.0 Tweepy/4.4.0', 'Authorization': 'Bearer AAAAAAAAAAAAAAAAAAAAAH68VwEAAAAA5DWkqX14lSgqQ2yid9RQhbV1meM%3D8jgI64BX4l8WPDrbahnwKYJFb1Hn9MMz85L2YNPQGGT3bfbSdv'}
Body: None
2021-12-06 20:44:25,256 DEBUG :: Starting new HTTPS connection (1): api.twitter.com:443
2021-12-06 20:44:25,483 DEBUG :: https://api.twitter.com:443 "GET /2/users/by/username/EkinopsSA?user.fields=created_at HTTP/1.1" 200 117
2021-12-06 20:44:25,484 DEBUG :: Received API response: 200 OK
Headers: {'date': 'Mon, 06 Dec 2021 19:44:25 UTC', 'server': 'tsa_f', 'set-cookie': 'guest_id_marketing=v1%3A163881986506558995; Max-Age=63072000; Expires=Wed, 06 Dec 2023 19:44:25 GMT; Path=/; Domain=.twitter.com; Secure; SameSite=None, guest_id_ads=v1%3A163881986506558995; Max-Age=63072000; Expires=Wed, 06 Dec 2023 19:44:25 GMT; Path=/; Domain=.twitter.com; Secure; SameSite=None, personalization_id="v1_lFvb+XKhazzKY/2GolSEzg=="; Max-Age=63072000; Expires=Wed, 06 Dec 2023 19:44:25 GMT; Path=/; Domain=.twitter.com; Secure; SameSite=None, guest_id=v1%3A163881986506558995; Max-Age=63072000; Expires=Wed, 06 Dec 2023 19:44:25 GMT; Path=/; Domain=.twitter.com; Secure; SameSite=None', 'api-version': '2.31', 'content-type': 'application/json; charset=utf-8', 'cache-control': 'no-cache, no-store, max-age=0', 'content-length': '117', 'x-access-level': 'read', 'x-frame-options': 'SAMEORIGIN', 'content-encoding': 'gzip', 'x-xss-protection': '0', 'x-rate-limit-limit': '300', 'x-rate-limit-reset': '1638820128', 'content-disposition': 'attachment; filename=json.json', 'x-content-type-options': 'nosniff', 'x-rate-limit-remaining': '85', 'strict-transport-security': 'max-age=631138519', 'x-response-time': '134', 'x-connection-hash': 'ec0bd9e08369b6ed63bc49bd985d6c2f6eaa39abfffd3d080a9aeabcbc71e1a9'}
Content: b'{"data":{"username":"EkinopsSA","created_at":"2012-11-21T16:27:21.000Z","id":"962674404","name":"Ekinops"}}'
2021-12-06 20:44:25,484 WARNING :: Requesting users | getting EkinopsSA
2021-12-06 20:44:25,485 DEBUG :: Making API request: GET https://api.twitter.com/2/users/by/username/Europlasma
Parameters: {'user.fields': 'created_at'}
Headers: {'User-Agent': 'Python/3.8.9 Requests/2.26.0 Tweepy/4.4.0', 'Authorization': 'Bearer AAAAAAAAAAAAAAAAAAAAAH68VwEAAAAA5DWkqX14lSgqQ2yid9RQhbV1meM%3D8jgI64BX4l8WPDrbahnwKYJFb1Hn9MMz85L2YNPQGGT3bfbSdv'}
Body: None
2021-12-06 20:44:25,487 DEBUG :: Starting new HTTPS connection (1): api.twitter.com:443
2021-12-06 20:44:25,712 DEBUG :: https://api.twitter.com:443 "GET /2/users/by/username/Europlasma?user.fields=created_at HTTP/1.1" 200 115
2021-12-06 20:44:25,713 DEBUG :: Received API response: 200 OK
Headers: {'date': 'Mon, 06 Dec 2021 19:44:25 UTC', 'server': 'tsa_f', 'set-cookie': 'guest_id_marketing=v1%3A163881986529388590; Max-Age=63072000; Expires=Wed, 06 Dec 2023 19:44:25 GMT; Path=/; Domain=.twitter.com; Secure; SameSite=None, guest_id_ads=v1%3A163881986529388590; Max-Age=63072000; Expires=Wed, 06 Dec 2023 19:44:25 GMT; Path=/; Domain=.twitter.com; Secure; SameSite=None, personalization_id="v1_OSFoPPmJpYXH/+dl5jRv3A=="; Max-Age=63072000; Expires=Wed, 06 Dec 2023 19:44:25 GMT; Path=/; Domain=.twitter.com; Secure; SameSite=None, guest_id=v1%3A163881986529388590; Max-Age=63072000; Expires=Wed, 06 Dec 2023 19:44:25 GMT; Path=/; Domain=.twitter.com; Secure; SameSite=None', 'api-version': '2.31', 'content-type': 'application/json; charset=utf-8', 'cache-control': 'no-cache, no-store, max-age=0', 'content-length': '115', 'x-access-level': 'read', 'x-frame-options': 'SAMEORIGIN', 'content-encoding': 'gzip', 'x-xss-protection': '0', 'x-rate-limit-limit': '300', 'x-rate-limit-reset': '1638820128', 'content-disposition': 'attachment; filename=json.json', 'x-content-type-options': 'nosniff', 'x-rate-limit-remaining': '84', 'strict-transport-security': 'max-age=631138519', 'x-response-time': '135', 'x-connection-hash': '02494de909fffedceb71cb87a4990628ea91013eff819c52d07c053b2f31da6a'}
Content: b'{"data":{"name":"Europlasma","id":"523298537","username":"Europlasma","created_at":"2012-03-13T14:10:54.000Z"}}'
2021-12-06 20:44:25,713 WARNING :: Requesting users | getting Europlasma
2021-12-06 20:44:25,714 DEBUG :: Making API request: GET https://api.twitter.com/2/users/by/username/wallixcom
Parameters: {'user.fields': 'created_at'}
Headers: {'User-Agent': 'Python/3.8.9 Requests/2.26.0 Tweepy/4.4.0', 'Authorization': 'Bearer AAAAAAAAAAAAAAAAAAAAAH68VwEAAAAA5DWkqX14lSgqQ2yid9RQhbV1meM%3D8jgI64BX4l8WPDrbahnwKYJFb1Hn9MMz85L2YNPQGGT3bfbSdv'}
Body: None
2021-12-06 20:44:25,716 DEBUG :: Starting new HTTPS connection (1): api.twitter.com:443
2021-12-06 20:44:25,944 DEBUG :: https://api.twitter.com:443 "GET /2/users/by/username/wallixcom?user.fields=created_at HTTP/1.1" 200 122
2021-12-06 20:44:25,945 DEBUG :: Received API response: 200 OK
Headers: {'date': 'Mon, 06 Dec 2021 19:44:25 UTC', 'server': 'tsa_f', 'set-cookie': 'guest_id_marketing=v1%3A163881986551875426; Max-Age=63072000; Expires=Wed, 06 Dec 2023 19:44:25 GMT; Path=/; Domain=.twitter.com; Secure; SameSite=None, guest_id_ads=v1%3A163881986551875426; Max-Age=63072000; Expires=Wed, 06 Dec 2023 19:44:25 GMT; Path=/; Domain=.twitter.com; Secure; SameSite=None, personalization_id="v1_yjn3cIECTmEU17M+oc+RCA=="; Max-Age=63072000; Expires=Wed, 06 Dec 2023 19:44:25 GMT; Path=/; Domain=.twitter.com; Secure; SameSite=None, guest_id=v1%3A163881986551875426; Max-Age=63072000; Expires=Wed, 06 Dec 2023 19:44:25 GMT; Path=/; Domain=.twitter.com; Secure; SameSite=None', 'api-version': '2.31', 'content-type': 'application/json; charset=utf-8', 'cache-control': 'no-cache, no-store, max-age=0', 'content-length': '122', 'x-access-level': 'read', 'x-frame-options': 'SAMEORIGIN', 'content-encoding': 'gzip', 'x-xss-protection': '0', 'x-rate-limit-limit': '300', 'x-rate-limit-reset': '1638820128', 'content-disposition': 'attachment; filename=json.json', 'x-content-type-options': 'nosniff', 'x-rate-limit-remaining': '83', 'strict-transport-security': 'max-age=631138519', 'x-response-time': '143', 'x-connection-hash': 'bc46c2e63965f5cda2d765529c5fcb96a6588a00ec5c1bb5fa85dc506cab9799'}
Content: b'{"data":{"name":"WALLIX","username":"wallixcom","created_at":"2010-12-17T06:10:28.000Z","id":"227580951"}}'
2021-12-06 20:44:25,945 WARNING :: Requesting users | getting wallixcom
2021-12-06 20:44:25,946 DEBUG :: Making API request: GET https://api.twitter.com/2/users/by/username/haulottegroup
Parameters: {'user.fields': 'created_at'}
Headers: {'User-Agent': 'Python/3.8.9 Requests/2.26.0 Tweepy/4.4.0', 'Authorization': 'Bearer AAAAAAAAAAAAAAAAAAAAAH68VwEAAAAA5DWkqX14lSgqQ2yid9RQhbV1meM%3D8jgI64BX4l8WPDrbahnwKYJFb1Hn9MMz85L2YNPQGGT3bfbSdv'}
Body: None
2021-12-06 20:44:25,948 DEBUG :: Starting new HTTPS connection (1): api.twitter.com:443
2021-12-06 20:44:26,169 DEBUG :: https://api.twitter.com:443 "GET /2/users/by/username/haulottegroup?user.fields=created_at HTTP/1.1" 200 120
2021-12-06 20:44:26,170 DEBUG :: Received API response: 200 OK
Headers: {'date': 'Mon, 06 Dec 2021 19:44:25 UTC', 'server': 'tsa_f', 'set-cookie': 'guest_id_marketing=v1%3A163881986575428245; Max-Age=63072000; Expires=Wed, 06 Dec 2023 19:44:25 GMT; Path=/; Domain=.twitter.com; Secure; SameSite=None, guest_id_ads=v1%3A163881986575428245; Max-Age=63072000; Expires=Wed, 06 Dec 2023 19:44:25 GMT; Path=/; Domain=.twitter.com; Secure; SameSite=None, personalization_id="v1_IZFfIxtYTSxKxnEfvuRhGQ=="; Max-Age=63072000; Expires=Wed, 06 Dec 2023 19:44:25 GMT; Path=/; Domain=.twitter.com; Secure; SameSite=None, guest_id=v1%3A163881986575428245; Max-Age=63072000; Expires=Wed, 06 Dec 2023 19:44:25 GMT; Path=/; Domain=.twitter.com; Secure; SameSite=None', 'api-version': '2.31', 'content-type': 'application/json; charset=utf-8', 'cache-control': 'no-cache, no-store, max-age=0', 'content-length': '120', 'x-access-level': 'read', 'x-frame-options': 'SAMEORIGIN', 'content-encoding': 'gzip', 'x-xss-protection': '0', 'x-rate-limit-limit': '300', 'x-rate-limit-reset': '1638820128', 'content-disposition': 'attachment; filename=json.json', 'x-content-type-options': 'nosniff', 'x-rate-limit-remaining': '82', 'strict-transport-security': 'max-age=631138519', 'x-response-time': '132', 'x-connection-hash': 'be9a645465d2005c9e4a82a4ded38d6e2e634d52405de2ee3d7491a33503912f'}
Content: b'{"data":{"name":"Haulotte","username":"haulottegroup","created_at":"2009-04-17T13:25:08.000Z","id":"32402276"}}'
2021-12-06 20:44:26,171 WARNING :: Requesting users | getting haulottegroup
2021-12-06 20:44:26,172 DEBUG :: Making API request: GET https://api.twitter.com/2/users/by/username/microwavevision
Parameters: {'user.fields': 'created_at'}
Headers: {'User-Agent': 'Python/3.8.9 Requests/2.26.0 Tweepy/4.4.0', 'Authorization': 'Bearer AAAAAAAAAAAAAAAAAAAAAH68VwEAAAAA5DWkqX14lSgqQ2yid9RQhbV1meM%3D8jgI64BX4l8WPDrbahnwKYJFb1Hn9MMz85L2YNPQGGT3bfbSdv'}
Body: None
2021-12-06 20:44:26,174 DEBUG :: Starting new HTTPS connection (1): api.twitter.com:443
2021-12-06 20:44:26,396 DEBUG :: https://api.twitter.com:443 "GET /2/users/by/username/microwavevision?user.fields=created_at HTTP/1.1" 200 125
2021-12-06 20:44:26,397 DEBUG :: Received API response: 200 OK
Headers: {'date': 'Mon, 06 Dec 2021 19:44:26 UTC', 'server': 'tsa_f', 'set-cookie': 'guest_id_marketing=v1%3A163881986597937906; Max-Age=63072000; Expires=Wed, 06 Dec 2023 19:44:26 GMT; Path=/; Domain=.twitter.com; Secure; SameSite=None, guest_id_ads=v1%3A163881986597937906; Max-Age=63072000; Expires=Wed, 06 Dec 2023 19:44:26 GMT; Path=/; Domain=.twitter.com; Secure; SameSite=None, personalization_id="v1_SBSl23HUidoWLvZ5fSLArg=="; Max-Age=63072000; Expires=Wed, 06 Dec 2023 19:44:26 GMT; Path=/; Domain=.twitter.com; Secure; SameSite=None, guest_id=v1%3A163881986597937906; Max-Age=63072000; Expires=Wed, 06 Dec 2023 19:44:26 GMT; Path=/; Domain=.twitter.com; Secure; SameSite=None', 'api-version': '2.31', 'content-type': 'application/json; charset=utf-8', 'cache-control': 'no-cache, no-store, max-age=0', 'content-length': '125', 'x-access-level': 'read', 'x-frame-options': 'SAMEORIGIN', 'content-encoding': 'gzip', 'x-xss-protection': '0', 'x-rate-limit-limit': '300', 'x-rate-limit-reset': '1638820128', 'content-disposition': 'attachment; filename=json.json', 'x-content-type-options': 'nosniff', 'x-rate-limit-remaining': '81', 'strict-transport-security': 'max-age=631138519', 'x-response-time': '134', 'x-connection-hash': '12e798b296da8c72e5150e55a574d0f8f55c3ebf775b444d37918d71228ca744'}
Content: b'{"data":{"username":"microwavevision","created_at":"2010-10-18T13:55:27.000Z","id":"204342865","name":"Microwave Vision"}}'
2021-12-06 20:44:26,397 WARNING :: Requesting users | getting microwavevision
2021-12-06 20:44:26,398 DEBUG :: Making API request: GET https://api.twitter.com/2/users/by/username/Artefact_Global
Parameters: {'user.fields': 'created_at'}
Headers: {'User-Agent': 'Python/3.8.9 Requests/2.26.0 Tweepy/4.4.0', 'Authorization': 'Bearer AAAAAAAAAAAAAAAAAAAAAH68VwEAAAAA5DWkqX14lSgqQ2yid9RQhbV1meM%3D8jgI64BX4l8WPDrbahnwKYJFb1Hn9MMz85L2YNPQGGT3bfbSdv'}
Body: None
2021-12-06 20:44:26,400 DEBUG :: Starting new HTTPS connection (1): api.twitter.com:443
2021-12-06 20:44:26,624 DEBUG :: https://api.twitter.com:443 "GET /2/users/by/username/Artefact_Global?user.fields=created_at HTTP/1.1" 200 129
2021-12-06 20:44:26,625 DEBUG :: Received API response: 200 OK
Headers: {'date': 'Mon, 06 Dec 2021 19:44:26 UTC', 'server': 'tsa_f', 'set-cookie': 'guest_id_marketing=v1%3A163881986620851481; Max-Age=63072000; Expires=Wed, 06 Dec 2023 19:44:26 GMT; Path=/; Domain=.twitter.com; Secure; SameSite=None, guest_id_ads=v1%3A163881986620851481; Max-Age=63072000; Expires=Wed, 06 Dec 2023 19:44:26 GMT; Path=/; Domain=.twitter.com; Secure; SameSite=None, personalization_id="v1_B7XtE06FOfr9X+rqgmQ01A=="; Max-Age=63072000; Expires=Wed, 06 Dec 2023 19:44:26 GMT; Path=/; Domain=.twitter.com; Secure; SameSite=None, guest_id=v1%3A163881986620851481; Max-Age=63072000; Expires=Wed, 06 Dec 2023 19:44:26 GMT; Path=/; Domain=.twitter.com; Secure; SameSite=None', 'api-version': '2.31', 'content-type': 'application/json; charset=utf-8', 'cache-control': 'no-cache, no-store, max-age=0', 'content-length': '129', 'x-access-level': 'read', 'x-frame-options': 'SAMEORIGIN', 'content-encoding': 'gzip', 'x-xss-protection': '0', 'x-rate-limit-limit': '300', 'x-rate-limit-reset': '1638820128', 'content-disposition': 'attachment; filename=json.json', 'x-content-type-options': 'nosniff', 'x-rate-limit-remaining': '80', 'strict-transport-security': 'max-age=631138519', 'x-response-time': '132', 'x-connection-hash': 'f17f4af4daf7a0a0c236f67796c6480c7a6447600c44ebb631bb81cb26673b2b'}
Content: b'{"data":{"name":"Artefact","username":"Artefact_Global","created_at":"2017-10-31T14:32:53.000Z","id":"925369992354455552"}}'
2021-12-06 20:44:26,625 WARNING :: Requesting users | getting Artefact_Global
2021-12-06 20:44:26,626 DEBUG :: Making API request: GET https://api.twitter.com/2/users/by/username/witbe
Parameters: {'user.fields': 'created_at'}
Headers: {'User-Agent': 'Python/3.8.9 Requests/2.26.0 Tweepy/4.4.0', 'Authorization': 'Bearer AAAAAAAAAAAAAAAAAAAAAH68VwEAAAAA5DWkqX14lSgqQ2yid9RQhbV1meM%3D8jgI64BX4l8WPDrbahnwKYJFb1Hn9MMz85L2YNPQGGT3bfbSdv'}
Body: None
2021-12-06 20:44:26,628 DEBUG :: Starting new HTTPS connection (1): api.twitter.com:443
2021-12-06 20:44:26,860 DEBUG :: https://api.twitter.com:443 "GET /2/users/by/username/witbe?user.fields=created_at HTTP/1.1" 200 110
2021-12-06 20:44:26,863 DEBUG :: Received API response: 200 OK
Headers: {'date': 'Mon, 06 Dec 2021 19:44:26 UTC', 'server': 'tsa_f', 'set-cookie': 'guest_id_marketing=v1%3A163881986643765559; Max-Age=63072000; Expires=Wed, 06 Dec 2023 19:44:26 GMT; Path=/; Domain=.twitter.com; Secure; SameSite=None, guest_id_ads=v1%3A163881986643765559; Max-Age=63072000; Expires=Wed, 06 Dec 2023 19:44:26 GMT; Path=/; Domain=.twitter.com; Secure; SameSite=None, personalization_id="v1_pv1xxYzs8KPcVSeY7MfMrg=="; Max-Age=63072000; Expires=Wed, 06 Dec 2023 19:44:26 GMT; Path=/; Domain=.twitter.com; Secure; SameSite=None, guest_id=v1%3A163881986643765559; Max-Age=63072000; Expires=Wed, 06 Dec 2023 19:44:26 GMT; Path=/; Domain=.twitter.com; Secure; SameSite=None', 'api-version': '2.31', 'content-type': 'application/json; charset=utf-8', 'cache-control': 'no-cache, no-store, max-age=0', 'content-length': '110', 'x-access-level': 'read', 'x-frame-options': 'SAMEORIGIN', 'content-encoding': 'gzip', 'x-xss-protection': '0', 'x-rate-limit-limit': '300', 'x-rate-limit-reset': '1638820128', 'content-disposition': 'attachment; filename=json.json', 'x-content-type-options': 'nosniff', 'x-rate-limit-remaining': '79', 'strict-transport-security': 'max-age=631138519', 'x-response-time': '138', 'x-connection-hash': 'a93b91202be1dfbbd71994311e51997c2dbcd6f47e4297b37ee1a1a4538a6cad'}
Content: b'{"data":{"name":"Witbe","username":"witbe","id":"7843552","created_at":"2007-07-31T09:28:31.000Z"}}'
2021-12-06 20:44:26,864 WARNING :: Requesting users | getting witbe
2021-12-06 20:44:26,867 DEBUG :: Making API request: GET https://api.twitter.com/2/users/by/username/adthinkperf
Parameters: {'user.fields': 'created_at'}
Headers: {'User-Agent': 'Python/3.8.9 Requests/2.26.0 Tweepy/4.4.0', 'Authorization': 'Bearer AAAAAAAAAAAAAAAAAAAAAH68VwEAAAAA5DWkqX14lSgqQ2yid9RQhbV1meM%3D8jgI64BX4l8WPDrbahnwKYJFb1Hn9MMz85L2YNPQGGT3bfbSdv'}
Body: None
2021-12-06 20:44:26,873 DEBUG :: Starting new HTTPS connection (1): api.twitter.com:443
2021-12-06 20:44:27,091 DEBUG :: https://api.twitter.com:443 "GET /2/users/by/username/adthinkperf?user.fields=created_at HTTP/1.1" 200 118
2021-12-06 20:44:27,092 DEBUG :: Received API response: 200 OK
Headers: {'date': 'Mon, 06 Dec 2021 19:44:26 UTC', 'server': 'tsa_f', 'set-cookie': 'guest_id_marketing=v1%3A163881986667788181; Max-Age=63072000; Expires=Wed, 06 Dec 2023 19:44:26 GMT; Path=/; Domain=.twitter.com; Secure; SameSite=None, guest_id_ads=v1%3A163881986667788181; Max-Age=63072000; Expires=Wed, 06 Dec 2023 19:44:26 GMT; Path=/; Domain=.twitter.com; Secure; SameSite=None, personalization_id="v1_OFTGz0QxXpduFzn9IKJFgw=="; Max-Age=63072000; Expires=Wed, 06 Dec 2023 19:44:26 GMT; Path=/; Domain=.twitter.com; Secure; SameSite=None, guest_id=v1%3A163881986667788181; Max-Age=63072000; Expires=Wed, 06 Dec 2023 19:44:26 GMT; Path=/; Domain=.twitter.com; Secure; SameSite=None', 'api-version': '2.31', 'content-type': 'application/json; charset=utf-8', 'cache-control': 'no-cache, no-store, max-age=0', 'content-length': '118', 'x-access-level': 'read', 'x-frame-options': 'SAMEORIGIN', 'content-encoding': 'gzip', 'x-xss-protection': '0', 'x-rate-limit-limit': '300', 'x-rate-limit-reset': '1638820128', 'content-disposition': 'attachment; filename=json.json', 'x-content-type-options': 'nosniff', 'x-rate-limit-remaining': '78', 'strict-transport-security': 'max-age=631138519', 'x-response-time': '129', 'x-connection-hash': 'ab2b619610510226a4c3e025b4135a565cd655d9c2f9a57be3c5574fc1714ce8'}
Content: b'{"data":{"created_at":"2009-11-13T13:42:40.000Z","username":"adthinkperf","id":"89701020","name":"Adthink"}}'
2021-12-06 20:44:27,092 WARNING :: Requesting users | getting adthinkperf
2021-12-06 20:44:27,093 DEBUG :: Making API request: GET https://api.twitter.com/2/users/by/username/LedLucibel
Parameters: {'user.fields': 'created_at'}
Headers: {'User-Agent': 'Python/3.8.9 Requests/2.26.0 Tweepy/4.4.0', 'Authorization': 'Bearer AAAAAAAAAAAAAAAAAAAAAH68VwEAAAAA5DWkqX14lSgqQ2yid9RQhbV1meM%3D8jgI64BX4l8WPDrbahnwKYJFb1Hn9MMz85L2YNPQGGT3bfbSdv'}
Body: None
2021-12-06 20:44:27,095 DEBUG :: Starting new HTTPS connection (1): api.twitter.com:443
2021-12-06 20:44:27,315 DEBUG :: https://api.twitter.com:443 "GET /2/users/by/username/LedLucibel?user.fields=created_at HTTP/1.1" 200 115
2021-12-06 20:44:27,316 DEBUG :: Received API response: 200 OK
Headers: {'date': 'Mon, 06 Dec 2021 19:44:26 UTC', 'server': 'tsa_f', 'set-cookie': 'guest_id_marketing=v1%3A163881986689565537; Max-Age=63072000; Expires=Wed, 06 Dec 2023 19:44:26 GMT; Path=/; Domain=.twitter.com; Secure; SameSite=None, guest_id_ads=v1%3A163881986689565537; Max-Age=63072000; Expires=Wed, 06 Dec 2023 19:44:26 GMT; Path=/; Domain=.twitter.com; Secure; SameSite=None, personalization_id="v1_nrFdzGKDi8DA5oAGHUU3pA=="; Max-Age=63072000; Expires=Wed, 06 Dec 2023 19:44:26 GMT; Path=/; Domain=.twitter.com; Secure; SameSite=None, guest_id=v1%3A163881986689565537; Max-Age=63072000; Expires=Wed, 06 Dec 2023 19:44:26 GMT; Path=/; Domain=.twitter.com; Secure; SameSite=None', 'api-version': '2.31', 'content-type': 'application/json; charset=utf-8', 'cache-control': 'no-cache, no-store, max-age=0', 'content-length': '115', 'x-access-level': 'read', 'x-frame-options': 'SAMEORIGIN', 'content-encoding': 'gzip', 'x-xss-protection': '0', 'x-rate-limit-limit': '300', 'x-rate-limit-reset': '1638820128', 'content-disposition': 'attachment; filename=json.json', 'x-content-type-options': 'nosniff', 'x-rate-limit-remaining': '77', 'strict-transport-security': 'max-age=631138519', 'x-response-time': '135', 'x-connection-hash': '774aaffa4fd69eece516c5faf6ddc2f507eb1bc0a8faa5581b1a8571ee2d3b00'}
Content: b'{"data":{"name":"Lucibel","username":"LedLucibel","created_at":"2012-11-27T17:25:48.000Z","id":"974295912"}}'
2021-12-06 20:44:27,316 WARNING :: Requesting users | getting LedLucibel
2021-12-06 20:44:27,317 DEBUG :: Making API request: GET https://api.twitter.com/2/users/by/username/kko_int
Parameters: {'user.fields': 'created_at'}
Headers: {'User-Agent': 'Python/3.8.9 Requests/2.26.0 Tweepy/4.4.0', 'Authorization': 'Bearer AAAAAAAAAAAAAAAAAAAAAH68VwEAAAAA5DWkqX14lSgqQ2yid9RQhbV1meM%3D8jgI64BX4l8WPDrbahnwKYJFb1Hn9MMz85L2YNPQGGT3bfbSdv'}
Body: None
2021-12-06 20:44:27,319 DEBUG :: Starting new HTTPS connection (1): api.twitter.com:443
2021-12-06 20:44:27,578 DEBUG :: https://api.twitter.com:443 "GET /2/users/by/username/kko_int?user.fields=created_at HTTP/1.1" 200 130
2021-12-06 20:44:27,579 DEBUG :: Received API response: 200 OK
Headers: {'date': 'Mon, 06 Dec 2021 19:44:27 UTC', 'server': 'tsa_f', 'set-cookie': 'guest_id_marketing=v1%3A163881986716271289; Max-Age=63072000; Expires=Wed, 06 Dec 2023 19:44:27 GMT; Path=/; Domain=.twitter.com; Secure; SameSite=None, guest_id_ads=v1%3A163881986716271289; Max-Age=63072000; Expires=Wed, 06 Dec 2023 19:44:27 GMT; Path=/; Domain=.twitter.com; Secure; SameSite=None, personalization_id="v1_1vh6YW3dO4ivmYfV6vGKCQ=="; Max-Age=63072000; Expires=Wed, 06 Dec 2023 19:44:27 GMT; Path=/; Domain=.twitter.com; Secure; SameSite=None, guest_id=v1%3A163881986716271289; Max-Age=63072000; Expires=Wed, 06 Dec 2023 19:44:27 GMT; Path=/; Domain=.twitter.com; Secure; SameSite=None', 'api-version': '2.31', 'content-type': 'application/json; charset=utf-8', 'cache-control': 'no-cache, no-store, max-age=0', 'content-length': '130', 'x-access-level': 'read', 'x-frame-options': 'SAMEORIGIN', 'content-encoding': 'gzip', 'x-xss-protection': '0', 'x-rate-limit-limit': '300', 'x-rate-limit-reset': '1638820128', 'content-disposition': 'attachment; filename=json.json', 'x-content-type-options': 'nosniff', 'x-rate-limit-remaining': '76', 'strict-transport-security': 'max-age=631138519', 'x-response-time': '137', 'x-connection-hash': 'abd86989c272c3a0cd20fdf4ec2883736559b50a2085948e97f34545ab7eb528'}
Content: b'{"data":{"name":"KKO International","created_at":"2015-10-19T13:28:05.000Z","id":"3994686369","username":"kko_int"}}'
2021-12-06 20:44:27,579 WARNING :: Requesting users | getting kko_int
2021-12-06 20:44:27,581 DEBUG :: Making API request: GET https://api.twitter.com/2/users/by/username/InventivaPharma
Parameters: {'user.fields': 'created_at'}
Headers: {'User-Agent': 'Python/3.8.9 Requests/2.26.0 Tweepy/4.4.0', 'Authorization': 'Bearer AAAAAAAAAAAAAAAAAAAAAH68VwEAAAAA5DWkqX14lSgqQ2yid9RQhbV1meM%3D8jgI64BX4l8WPDrbahnwKYJFb1Hn9MMz85L2YNPQGGT3bfbSdv'}
Body: None
2021-12-06 20:44:27,582 DEBUG :: Starting new HTTPS connection (1): api.twitter.com:443
2021-12-06 20:44:27,852 DEBUG :: https://api.twitter.com:443 "GET /2/users/by/username/InventivaPharma?user.fields=created_at HTTP/1.1" 200 123
2021-12-06 20:44:27,853 DEBUG :: Received API response: 200 OK
Headers: {'date': 'Mon, 06 Dec 2021 19:44:27 UTC', 'server': 'tsa_f', 'set-cookie': 'guest_id_marketing=v1%3A163881986742651107; Max-Age=63072000; Expires=Wed, 06 Dec 2023 19:44:27 GMT; Path=/; Domain=.twitter.com; Secure; SameSite=None, guest_id_ads=v1%3A163881986742651107; Max-Age=63072000; Expires=Wed, 06 Dec 2023 19:44:27 GMT; Path=/; Domain=.twitter.com; Secure; SameSite=None, personalization_id="v1_HgH0qT1FpI1BtkdntejDdQ=="; Max-Age=63072000; Expires=Wed, 06 Dec 2023 19:44:27 GMT; Path=/; Domain=.twitter.com; Secure; SameSite=None, guest_id=v1%3A163881986742651107; Max-Age=63072000; Expires=Wed, 06 Dec 2023 19:44:27 GMT; Path=/; Domain=.twitter.com; Secure; SameSite=None', 'api-version': '2.31', 'content-type': 'application/json; charset=utf-8', 'cache-control': 'no-cache, no-store, max-age=0', 'content-length': '123', 'x-access-level': 'read', 'x-frame-options': 'SAMEORIGIN', 'content-encoding': 'gzip', 'x-xss-protection': '0', 'x-rate-limit-limit': '300', 'x-rate-limit-reset': '1638820128', 'content-disposition': 'attachment; filename=json.json', 'x-content-type-options': 'nosniff', 'x-rate-limit-remaining': '75', 'strict-transport-security': 'max-age=631138519', 'x-response-time': '141', 'x-connection-hash': '6ceb39b98aae8b90c8bc63afef66bc2263232620424f4c23dc16bf6c03f17109'}
Content: b'{"data":{"created_at":"2012-10-18T19:02:05.000Z","username":"InventivaPharma","name":"Inventiva Pharma","id":"889531236"}}'
2021-12-06 20:44:27,853 WARNING :: Requesting users | getting InventivaPharma
2021-12-06 20:44:27,854 DEBUG :: Making API request: GET https://api.twitter.com/2/users/by/username/MrBricolageSA
Parameters: {'user.fields': 'created_at'}
Headers: {'User-Agent': 'Python/3.8.9 Requests/2.26.0 Tweepy/4.4.0', 'Authorization': 'Bearer AAAAAAAAAAAAAAAAAAAAAH68VwEAAAAA5DWkqX14lSgqQ2yid9RQhbV1meM%3D8jgI64BX4l8WPDrbahnwKYJFb1Hn9MMz85L2YNPQGGT3bfbSdv'}
Body: None
2021-12-06 20:44:27,856 DEBUG :: Starting new HTTPS connection (1): api.twitter.com:443
2021-12-06 20:44:28,116 DEBUG :: https://api.twitter.com:443 "GET /2/users/by/username/MrBricolageSA?user.fields=created_at HTTP/1.1" 200 122
2021-12-06 20:44:28,117 DEBUG :: Received API response: 200 OK
Headers: {'date': 'Mon, 06 Dec 2021 19:44:27 UTC', 'server': 'tsa_f', 'set-cookie': 'guest_id_marketing=v1%3A163881986770639451; Max-Age=63072000; Expires=Wed, 06 Dec 2023 19:44:27 GMT; Path=/; Domain=.twitter.com; Secure; SameSite=None, guest_id_ads=v1%3A163881986770639451; Max-Age=63072000; Expires=Wed, 06 Dec 2023 19:44:27 GMT; Path=/; Domain=.twitter.com; Secure; SameSite=None, personalization_id="v1_3740meo6sobeNWdDbNnpMg=="; Max-Age=63072000; Expires=Wed, 06 Dec 2023 19:44:27 GMT; Path=/; Domain=.twitter.com; Secure; SameSite=None, guest_id=v1%3A163881986770639451; Max-Age=63072000; Expires=Wed, 06 Dec 2023 19:44:27 GMT; Path=/; Domain=.twitter.com; Secure; SameSite=None', 'api-version': '2.31', 'content-type': 'application/json; charset=utf-8', 'cache-control': 'no-cache, no-store, max-age=0', 'content-length': '122', 'x-access-level': 'read', 'x-frame-options': 'SAMEORIGIN', 'content-encoding': 'gzip', 'x-xss-protection': '0', 'x-rate-limit-limit': '300', 'x-rate-limit-reset': '1638820128', 'content-disposition': 'attachment; filename=json.json', 'x-content-type-options': 'nosniff', 'x-rate-limit-remaining': '74', 'strict-transport-security': 'max-age=631138519', 'x-response-time': '126', 'x-connection-hash': '3b82cde3c5cd169dca822bef6c4bf22146ffc0ac2029827d805da804daf54346'}
Content: b'{"data":{"username":"MrBricolageSA","name":"Mr.Bricolage","created_at":"2010-07-08T20:57:16.000Z","id":"164419373"}}'
2021-12-06 20:44:28,117 WARNING :: Requesting users | getting MrBricolageSA
2021-12-06 20:44:28,119 DEBUG :: Making API request: GET https://api.twitter.com/2/users/by/username/GlobalBioenergi
Parameters: {'user.fields': 'created_at'}
Headers: {'User-Agent': 'Python/3.8.9 Requests/2.26.0 Tweepy/4.4.0', 'Authorization': 'Bearer AAAAAAAAAAAAAAAAAAAAAH68VwEAAAAA5DWkqX14lSgqQ2yid9RQhbV1meM%3D8jgI64BX4l8WPDrbahnwKYJFb1Hn9MMz85L2YNPQGGT3bfbSdv'}
Body: None
2021-12-06 20:44:28,120 DEBUG :: Starting new HTTPS connection (1): api.twitter.com:443
2021-12-06 20:44:28,386 DEBUG :: https://api.twitter.com:443 "GET /2/users/by/username/GlobalBioenergi?user.fields=created_at HTTP/1.1" 200 128
2021-12-06 20:44:28,387 DEBUG :: Received API response: 200 OK
Headers: {'date': 'Mon, 06 Dec 2021 19:44:28 UTC', 'server': 'tsa_f', 'set-cookie': 'guest_id_marketing=v1%3A163881986796650433; Max-Age=63072000; Expires=Wed, 06 Dec 2023 19:44:28 GMT; Path=/; Domain=.twitter.com; Secure; SameSite=None, guest_id_ads=v1%3A163881986796650433; Max-Age=63072000; Expires=Wed, 06 Dec 2023 19:44:28 GMT; Path=/; Domain=.twitter.com; Secure; SameSite=None, personalization_id="v1_nw2lid5WfzmL3+KeIYC8uw=="; Max-Age=63072000; Expires=Wed, 06 Dec 2023 19:44:28 GMT; Path=/; Domain=.twitter.com; Secure; SameSite=None, guest_id=v1%3A163881986796650433; Max-Age=63072000; Expires=Wed, 06 Dec 2023 19:44:28 GMT; Path=/; Domain=.twitter.com; Secure; SameSite=None', 'api-version': '2.31', 'content-type': 'application/json; charset=utf-8', 'cache-control': 'no-cache, no-store, max-age=0', 'content-length': '128', 'x-access-level': 'read', 'x-frame-options': 'SAMEORIGIN', 'content-encoding': 'gzip', 'x-xss-protection': '0', 'x-rate-limit-limit': '300', 'x-rate-limit-reset': '1638820128', 'content-disposition': 'attachment; filename=json.json', 'x-content-type-options': 'nosniff', 'x-rate-limit-remaining': '73', 'strict-transport-security': 'max-age=631138519', 'x-response-time': '137', 'x-connection-hash': '8b10cec0b8e9b3dd434a7e2b51d3c29e9fc4a774d7612716379167d721bd8af9'}
Content: b'{"data":{"created_at":"2014-04-23T08:26:13.000Z","username":"GlobalBioenergi","id":"2459407352","name":"Global Bioenergies"}}'
2021-12-06 20:44:28,387 WARNING :: Requesting users | getting GlobalBioenergi
2021-12-06 20:44:28,388 DEBUG :: Making API request: GET https://api.twitter.com/2/users/by/username/STREAMWIDE
Parameters: {'user.fields': 'created_at'}
Headers: {'User-Agent': 'Python/3.8.9 Requests/2.26.0 Tweepy/4.4.0', 'Authorization': 'Bearer AAAAAAAAAAAAAAAAAAAAAH68VwEAAAAA5DWkqX14lSgqQ2yid9RQhbV1meM%3D8jgI64BX4l8WPDrbahnwKYJFb1Hn9MMz85L2YNPQGGT3bfbSdv'}
Body: None
2021-12-06 20:44:28,390 DEBUG :: Starting new HTTPS connection (1): api.twitter.com:443
2021-12-06 20:44:28,678 DEBUG :: https://api.twitter.com:443 "GET /2/users/by/username/STREAMWIDE?user.fields=created_at HTTP/1.1" 200 117
2021-12-06 20:44:28,679 DEBUG :: Received API response: 200 OK
Headers: {'date': 'Mon, 06 Dec 2021 19:44:28 UTC', 'server': 'tsa_f', 'set-cookie': 'guest_id_marketing=v1%3A163881986825705503; Max-Age=63072000; Expires=Wed, 06 Dec 2023 19:44:28 GMT; Path=/; Domain=.twitter.com; Secure; SameSite=None, guest_id_ads=v1%3A163881986825705503; Max-Age=63072000; Expires=Wed, 06 Dec 2023 19:44:28 GMT; Path=/; Domain=.twitter.com; Secure; SameSite=None, personalization_id="v1_IuBfa++9cXOC8ccgHvqm5w=="; Max-Age=63072000; Expires=Wed, 06 Dec 2023 19:44:28 GMT; Path=/; Domain=.twitter.com; Secure; SameSite=None, guest_id=v1%3A163881986825705503; Max-Age=63072000; Expires=Wed, 06 Dec 2023 19:44:28 GMT; Path=/; Domain=.twitter.com; Secure; SameSite=None', 'api-version': '2.31', 'content-type': 'application/json; charset=utf-8', 'cache-control': 'no-cache, no-store, max-age=0', 'content-length': '117', 'x-access-level': 'read', 'x-frame-options': 'SAMEORIGIN', 'content-encoding': 'gzip', 'x-xss-protection': '0', 'x-rate-limit-limit': '300', 'x-rate-limit-reset': '1638820128', 'content-disposition': 'attachment; filename=json.json', 'x-content-type-options': 'nosniff', 'x-rate-limit-remaining': '72', 'strict-transport-security': 'max-age=631138519', 'x-response-time': '137', 'x-connection-hash': '803575916eec28cf77b496f60b0eb073f948bceb68d35d3fc1ea7e65dcf3bb09'}
Content: b'{"data":{"created_at":"2010-02-16T16:21:11.000Z","username":"STREAMWIDE","id":"114788264","name":"STREAMWIDE"}}'
2021-12-06 20:44:28,679 WARNING :: Requesting users | getting STREAMWIDE
2021-12-06 20:44:28,681 DEBUG :: Making API request: GET https://api.twitter.com/2/users/by/username/Global_EcoPower
Parameters: {'user.fields': 'created_at'}
Headers: {'User-Agent': 'Python/3.8.9 Requests/2.26.0 Tweepy/4.4.0', 'Authorization': 'Bearer AAAAAAAAAAAAAAAAAAAAAH68VwEAAAAA5DWkqX14lSgqQ2yid9RQhbV1meM%3D8jgI64BX4l8WPDrbahnwKYJFb1Hn9MMz85L2YNPQGGT3bfbSdv'}
Body: None
2021-12-06 20:44:28,682 DEBUG :: Starting new HTTPS connection (1): api.twitter.com:443
2021-12-06 20:44:28,947 DEBUG :: https://api.twitter.com:443 "GET /2/users/by/username/Global_EcoPower?user.fields=created_at HTTP/1.1" 200 122
2021-12-06 20:44:28,948 DEBUG :: Received API response: 200 OK
Headers: {'date': 'Mon, 06 Dec 2021 19:44:28 UTC', 'server': 'tsa_f', 'set-cookie': 'guest_id_marketing=v1%3A163881986853130691; Max-Age=63072000; Expires=Wed, 06 Dec 2023 19:44:28 GMT; Path=/; Domain=.twitter.com; Secure; SameSite=None, guest_id_ads=v1%3A163881986853130691; Max-Age=63072000; Expires=Wed, 06 Dec 2023 19:44:28 GMT; Path=/; Domain=.twitter.com; Secure; SameSite=None, personalization_id="v1_Nfj9ZnkU0y47KDgm+HTSWg=="; Max-Age=63072000; Expires=Wed, 06 Dec 2023 19:44:28 GMT; Path=/; Domain=.twitter.com; Secure; SameSite=None, guest_id=v1%3A163881986853130691; Max-Age=63072000; Expires=Wed, 06 Dec 2023 19:44:28 GMT; Path=/; Domain=.twitter.com; Secure; SameSite=None', 'api-version': '2.31', 'content-type': 'application/json; charset=utf-8', 'cache-control': 'no-cache, no-store, max-age=0', 'content-length': '122', 'x-access-level': 'read', 'x-frame-options': 'SAMEORIGIN', 'content-encoding': 'gzip', 'x-xss-protection': '0', 'x-rate-limit-limit': '300', 'x-rate-limit-reset': '1638820128', 'content-disposition': 'attachment; filename=json.json', 'x-content-type-options': 'nosniff', 'x-rate-limit-remaining': '71', 'strict-transport-security': 'max-age=631138519', 'x-response-time': '132', 'x-connection-hash': 'd2b85db6bf87d55e098ba93dd353315540f06758178dff852a971cb64ac0f693'}
Content: b'{"data":{"id":"1446386077","name":"GlobalEcoPower","username":"Global_EcoPower","created_at":"2013-05-21T13:45:48.000Z"}}'
2021-12-06 20:44:28,948 WARNING :: Requesting users | getting Global_EcoPower
2021-12-06 20:44:28,949 DEBUG :: Making API request: GET https://api.twitter.com/2/users/by/username/Pharmagest
Parameters: {'user.fields': 'created_at'}
Headers: {'User-Agent': 'Python/3.8.9 Requests/2.26.0 Tweepy/4.4.0', 'Authorization': 'Bearer AAAAAAAAAAAAAAAAAAAAAH68VwEAAAAA5DWkqX14lSgqQ2yid9RQhbV1meM%3D8jgI64BX4l8WPDrbahnwKYJFb1Hn9MMz85L2YNPQGGT3bfbSdv'}
Body: None
2021-12-06 20:44:28,951 DEBUG :: Starting new HTTPS connection (1): api.twitter.com:443
2021-12-06 20:44:29,208 DEBUG :: https://api.twitter.com:443 "GET /2/users/by/username/Pharmagest?user.fields=created_at HTTP/1.1" 200 113
2021-12-06 20:44:29,209 DEBUG :: Received API response: 200 OK
Headers: {'date': 'Mon, 06 Dec 2021 19:44:28 UTC', 'server': 'tsa_f', 'set-cookie': 'guest_id_marketing=v1%3A163881986879189555; Max-Age=63072000; Expires=Wed, 06 Dec 2023 19:44:28 GMT; Path=/; Domain=.twitter.com; Secure; SameSite=None, guest_id_ads=v1%3A163881986879189555; Max-Age=63072000; Expires=Wed, 06 Dec 2023 19:44:28 GMT; Path=/; Domain=.twitter.com; Secure; SameSite=None, personalization_id="v1_1GLKAKvwumbcbdiKr5hW9A=="; Max-Age=63072000; Expires=Wed, 06 Dec 2023 19:44:28 GMT; Path=/; Domain=.twitter.com; Secure; SameSite=None, guest_id=v1%3A163881986879189555; Max-Age=63072000; Expires=Wed, 06 Dec 2023 19:44:28 GMT; Path=/; Domain=.twitter.com; Secure; SameSite=None', 'api-version': '2.31', 'content-type': 'application/json; charset=utf-8', 'cache-control': 'no-cache, no-store, max-age=0', 'content-length': '113', 'x-access-level': 'read', 'x-frame-options': 'SAMEORIGIN', 'content-encoding': 'gzip', 'x-xss-protection': '0', 'x-rate-limit-limit': '300', 'x-rate-limit-reset': '1638820128', 'content-disposition': 'attachment; filename=json.json', 'x-content-type-options': 'nosniff', 'x-rate-limit-remaining': '70', 'strict-transport-security': 'max-age=631138519', 'x-response-time': '134', 'x-connection-hash': '8a7747b2340295df27ab830d24c16e28d046d0c480a554c10bf9032855e67f95'}
Content: b'{"data":{"id":"88876114","created_at":"2009-11-10T07:33:21.000Z","name":"Pharmagest","username":"Pharmagest"}}'
2021-12-06 20:44:29,209 WARNING :: Requesting users | getting Pharmagest
2021-12-06 20:44:29,211 DEBUG :: Making API request: GET https://api.twitter.com/2/users/by/username/Agripower
Parameters: {'user.fields': 'created_at'}
Headers: {'User-Agent': 'Python/3.8.9 Requests/2.26.0 Tweepy/4.4.0', 'Authorization': 'Bearer AAAAAAAAAAAAAAAAAAAAAH68VwEAAAAA5DWkqX14lSgqQ2yid9RQhbV1meM%3D8jgI64BX4l8WPDrbahnwKYJFb1Hn9MMz85L2YNPQGGT3bfbSdv'}
Body: None
2021-12-06 20:44:29,212 DEBUG :: Starting new HTTPS connection (1): api.twitter.com:443
2021-12-06 20:44:29,466 DEBUG :: https://api.twitter.com:443 "GET /2/users/by/username/Agripower?user.fields=created_at HTTP/1.1" 200 120
2021-12-06 20:44:29,467 DEBUG :: Received API response: 200 OK
Headers: {'date': 'Mon, 06 Dec 2021 19:44:29 UTC', 'server': 'tsa_f', 'set-cookie': 'guest_id_marketing=v1%3A163881986905172012; Max-Age=63072000; Expires=Wed, 06 Dec 2023 19:44:29 GMT; Path=/; Domain=.twitter.com; Secure; SameSite=None, guest_id_ads=v1%3A163881986905172012; Max-Age=63072000; Expires=Wed, 06 Dec 2023 19:44:29 GMT; Path=/; Domain=.twitter.com; Secure; SameSite=None, personalization_id="v1_URkSBMo8WhEo90TYRwvpgQ=="; Max-Age=63072000; Expires=Wed, 06 Dec 2023 19:44:29 GMT; Path=/; Domain=.twitter.com; Secure; SameSite=None, guest_id=v1%3A163881986905172012; Max-Age=63072000; Expires=Wed, 06 Dec 2023 19:44:29 GMT; Path=/; Domain=.twitter.com; Secure; SameSite=None', 'api-version': '2.31', 'content-type': 'application/json; charset=utf-8', 'cache-control': 'no-cache, no-store, max-age=0', 'content-length': '120', 'x-access-level': 'read', 'x-frame-options': 'SAMEORIGIN', 'content-encoding': 'gzip', 'x-xss-protection': '0', 'x-rate-limit-limit': '300', 'x-rate-limit-reset': '1638820128', 'content-disposition': 'attachment; filename=json.json', 'x-content-type-options': 'nosniff', 'x-rate-limit-remaining': '69', 'strict-transport-security': 'max-age=631138519', 'x-response-time': '130', 'x-connection-hash': '2048716f33163ff6bf0cd005ebe273fe8e1e8b2adebad6b53472e305f5230822'}
Content: b'{"data":{"name":"Agripower Ltd","id":"117364518","username":"Agripower","created_at":"2010-02-25T10:05:53.000Z"}}'
2021-12-06 20:44:29,467 WARNING :: Requesting users | getting Agripower
2021-12-06 20:44:29,468 DEBUG :: Making API request: GET https://api.twitter.com/2/users/by/username/CieDesAlpes
Parameters: {'user.fields': 'created_at'}
Headers: {'User-Agent': 'Python/3.8.9 Requests/2.26.0 Tweepy/4.4.0', 'Authorization': 'Bearer AAAAAAAAAAAAAAAAAAAAAH68VwEAAAAA5DWkqX14lSgqQ2yid9RQhbV1meM%3D8jgI64BX4l8WPDrbahnwKYJFb1Hn9MMz85L2YNPQGGT3bfbSdv'}
Body: None
2021-12-06 20:44:29,470 DEBUG :: Starting new HTTPS connection (1): api.twitter.com:443
2021-12-06 20:44:29,744 DEBUG :: https://api.twitter.com:443 "GET /2/users/by/username/CieDesAlpes?user.fields=created_at HTTP/1.1" 200 136
2021-12-06 20:44:29,745 DEBUG :: Received API response: 200 OK
Headers: {'date': 'Mon, 06 Dec 2021 19:44:29 UTC', 'server': 'tsa_f', 'set-cookie': 'guest_id_marketing=v1%3A163881986930574658; Max-Age=63072000; Expires=Wed, 06 Dec 2023 19:44:29 GMT; Path=/; Domain=.twitter.com; Secure; SameSite=None, guest_id_ads=v1%3A163881986930574658; Max-Age=63072000; Expires=Wed, 06 Dec 2023 19:44:29 GMT; Path=/; Domain=.twitter.com; Secure; SameSite=None, personalization_id="v1_RPZf6G1YAQ8FiPTR9df8eQ=="; Max-Age=63072000; Expires=Wed, 06 Dec 2023 19:44:29 GMT; Path=/; Domain=.twitter.com; Secure; SameSite=None, guest_id=v1%3A163881986930574658; Max-Age=63072000; Expires=Wed, 06 Dec 2023 19:44:29 GMT; Path=/; Domain=.twitter.com; Secure; SameSite=None', 'api-version': '2.31', 'content-type': 'application/json; charset=utf-8', 'cache-control': 'no-cache, no-store, max-age=0', 'content-length': '136', 'x-access-level': 'read', 'x-frame-options': 'SAMEORIGIN', 'content-encoding': 'gzip', 'x-xss-protection': '0', 'x-rate-limit-limit': '300', 'x-rate-limit-reset': '1638820128', 'content-disposition': 'attachment; filename=json.json', 'x-content-type-options': 'nosniff', 'x-rate-limit-remaining': '68', 'strict-transport-security': 'max-age=631138519', 'x-response-time': '155', 'x-connection-hash': '970ddb51c03eb89fe8c1c389425ef8c32cca659c74b528d0faf45eca19c041f6'}
Content: b'{"data":{"created_at":"2017-04-21T15:18:34.000Z","username":"CieDesAlpes","id":"855440630675378177","name":"Compagnie Des Alpes"}}'
2021-12-06 20:44:29,746 WARNING :: Requesting users | getting CieDesAlpes
2021-12-06 20:44:29,747 DEBUG :: Making API request: GET https://api.twitter.com/2/users/by/username/METABOLICEXPLOR
Parameters: {'user.fields': 'created_at'}
Headers: {'User-Agent': 'Python/3.8.9 Requests/2.26.0 Tweepy/4.4.0', 'Authorization': 'Bearer AAAAAAAAAAAAAAAAAAAAAH68VwEAAAAA5DWkqX14lSgqQ2yid9RQhbV1meM%3D8jgI64BX4l8WPDrbahnwKYJFb1Hn9MMz85L2YNPQGGT3bfbSdv'}
Body: None
2021-12-06 20:44:29,748 DEBUG :: Starting new HTTPS connection (1): api.twitter.com:443
2021-12-06 20:44:30,005 DEBUG :: https://api.twitter.com:443 "GET /2/users/by/username/METABOLICEXPLOR?user.fields=created_at HTTP/1.1" 200 138
2021-12-06 20:44:30,006 DEBUG :: Received API response: 200 OK
Headers: {'date': 'Mon, 06 Dec 2021 19:44:29 UTC', 'server': 'tsa_f', 'set-cookie': 'guest_id_marketing=v1%3A163881986959293556; Max-Age=63072000; Expires=Wed, 06 Dec 2023 19:44:29 GMT; Path=/; Domain=.twitter.com; Secure; SameSite=None, guest_id_ads=v1%3A163881986959293556; Max-Age=63072000; Expires=Wed, 06 Dec 2023 19:44:29 GMT; Path=/; Domain=.twitter.com; Secure; SameSite=None, personalization_id="v1_FN8CQoQ3Bn9sQqm+Bet6ZA=="; Max-Age=63072000; Expires=Wed, 06 Dec 2023 19:44:29 GMT; Path=/; Domain=.twitter.com; Secure; SameSite=None, guest_id=v1%3A163881986959293556; Max-Age=63072000; Expires=Wed, 06 Dec 2023 19:44:29 GMT; Path=/; Domain=.twitter.com; Secure; SameSite=None', 'api-version': '2.31', 'content-type': 'application/json; charset=utf-8', 'cache-control': 'no-cache, no-store, max-age=0', 'content-length': '138', 'x-access-level': 'read', 'x-frame-options': 'SAMEORIGIN', 'content-encoding': 'gzip', 'x-xss-protection': '0', 'x-rate-limit-limit': '300', 'x-rate-limit-reset': '1638820128', 'content-disposition': 'attachment; filename=json.json', 'x-content-type-options': 'nosniff', 'x-rate-limit-remaining': '67', 'strict-transport-security': 'max-age=631138519', 'x-response-time': '129', 'x-connection-hash': 'f5e8ebadb2dbe4d316e7c3ddeb1fc198643fe340c1f4fe8d45775f67cc7cae3c'}
Content: b'{"data":{"created_at":"2019-03-19T16:10:59.000Z","name":"METABOLIC EXPLORER","username":"METABOLICEXPLOR","id":"1108038164172685313"}}'
2021-12-06 20:44:30,007 WARNING :: Requesting users | getting METABOLICEXPLOR
2021-12-06 20:44:30,112 DEBUG :: Making API request: GET https://api.twitter.com/2/users/724590888597463042/tweets
Parameters: {'max_results': 5, 'tweet.fields': 'created_at', 'exclude': 'retweets'}
Headers: {'User-Agent': 'Python/3.8.9 Requests/2.26.0 Tweepy/4.4.0', 'Authorization': 'Bearer AAAAAAAAAAAAAAAAAAAAAH68VwEAAAAA5DWkqX14lSgqQ2yid9RQhbV1meM%3D8jgI64BX4l8WPDrbahnwKYJFb1Hn9MMz85L2YNPQGGT3bfbSdv'}
Body: None
2021-12-06 20:44:30,114 DEBUG :: Starting new HTTPS connection (1): api.twitter.com:443
2021-12-06 20:44:30,427 DEBUG :: https://api.twitter.com:443 "GET /2/users/724590888597463042/tweets?max_results=5&tweet.fields=created_at&exclude=retweets HTTP/1.1" 200 896
2021-12-06 20:44:30,429 DEBUG :: Received API response: 200 OK
Headers: {'date': 'Mon, 06 Dec 2021 19:44:30 UTC', 'server': 'tsa_f', 'set-cookie': 'guest_id_marketing=v1%3A163881986991846425; Max-Age=63072000; Expires=Wed, 06 Dec 2023 19:44:30 GMT; Path=/; Domain=.twitter.com; Secure; SameSite=None, guest_id_ads=v1%3A163881986991846425; Max-Age=63072000; Expires=Wed, 06 Dec 2023 19:44:30 GMT; Path=/; Domain=.twitter.com; Secure; SameSite=None, personalization_id="v1_Icw0DtBA3mDbs3Q7v/HVSw=="; Max-Age=63072000; Expires=Wed, 06 Dec 2023 19:44:30 GMT; Path=/; Domain=.twitter.com; Secure; SameSite=None, guest_id=v1%3A163881986991846425; Max-Age=63072000; Expires=Wed, 06 Dec 2023 19:44:30 GMT; Path=/; Domain=.twitter.com; Secure; SameSite=None', 'api-version': '2.31', 'content-type': 'application/json; charset=utf-8', 'cache-control': 'no-cache, no-store, max-age=0', 'content-length': '896', 'x-access-level': 'read', 'x-frame-options': 'SAMEORIGIN', 'content-encoding': 'gzip', 'x-xss-protection': '0', 'x-rate-limit-limit': '1500', 'x-rate-limit-reset': '1638820161', 'content-disposition': 'attachment; filename=json.json', 'x-content-type-options': 'nosniff', 'x-rate-limit-remaining': '1431', 'strict-transport-security': 'max-age=631138519', 'x-response-time': '226', 'x-connection-hash': 'd35ccd52d1a4640fb5237f6d06708be2cfc3447e4fa59b2518086e7135e3425b'}
Content: b'{"data":[{"created_at":"2021-03-09T06:40:04.000Z","id":"1369176140137562112","text":"EBX-044 : nouveau test PCR propri\xc3\xa9taire pour la d\xc3\xa9tection  des variants du SARS-CoV-2\\nhttps://t.co/BRw9wxqvV0"},{"created_at":"2020-10-15T15:37:34.000Z","id":"1316765164759379968","text":"R\xc3\xa9sultats semestriels 2020: EBITDA \xc3\xa0 20,3M\xe2\x82\xac, moyens financiers renforc\xc3\xa9s, et poursuite de la dynamique attendue pour le 2eme semestre :\\nhttps://t.co/CR2RBoeEky"},{"created_at":"2020-09-22T16:55:54.000Z","id":"1308449957880487937","text":"Lancement d\xe2\x80\x99un premier test de diagnostic rapide antig\xc3\xa9nique pour la recherche du virus SARS CoV-2, Sofia\xc2\xae SARS Antigen d\xc3\xa9velopp\xc3\xa9 par notre partenaire US Quidel, marqu\xc3\xa9 CE et disponible imm\xc3\xa9diatement.\\nhttps://t.co/ygdlwkTu5n"},{"created_at":"2020-09-18T09:21:39.000Z","id":"1306886089744023552","text":"Obtention du marquage CE pour notre nouveau test PCR FluCoSyn qui permet d\'identifier sur un seul pr\xc3\xa9l\xc3\xa8vement les virus responsables des principaux syndromes grippaux : virus de COVID-19, des grippes A et B, et du VRS\\nhttps://t.co/xxemTiYiB7"},{"created_at":"2020-07-21T15:52:55.000Z","id":"1285603672836255746","text":"Chiffre d\'affaires semestriel en FORTE HAUSSE de 111% \xc3\xa0 62,2 M\xe2\x82\xac, 31 M\xe2\x82\xac avec les tests et instruments COVID, 31,2 M\xe2\x82\xac avec l\'activit\xc3\xa9 traditionnelle qui augmente aussi :\\nhttps://t.co/zUnaBtR1sv"}],"meta":{"oldest_id":"1285603672836255746","newest_id":"1369176140137562112","result_count":5,"next_token":"7140dibdnow9c7btw3t4lexf54wbubz8kxyrhmk42udyu"}}'
2021-12-06 20:44:30,432 WARNING :: Amount of tweets 3
2021-12-06 20:44:30,433 WARNING :: Recieved full data for 1 users
2021-12-06 20:44:30,433 WARNING :: Cleaning and Analising Tweets Tweets
2021-12-06 20:44:30,434 WARNING :: Analising Tweets Tweets
2021-12-06 20:44:30,472 DEBUG :: Making API request: GET https://api.twitter.com/2/users/1949367278/tweets
Parameters: {'max_results': 5, 'tweet.fields': 'created_at', 'exclude': 'retweets'}
Headers: {'User-Agent': 'Python/3.8.9 Requests/2.26.0 Tweepy/4.4.0', 'Authorization': 'Bearer AAAAAAAAAAAAAAAAAAAAAH68VwEAAAAA5DWkqX14lSgqQ2yid9RQhbV1meM%3D8jgI64BX4l8WPDrbahnwKYJFb1Hn9MMz85L2YNPQGGT3bfbSdv'}
Body: None
2021-12-06 20:44:30,474 DEBUG :: Starting new HTTPS connection (1): api.twitter.com:443
2021-12-06 20:44:30,843 DEBUG :: https://api.twitter.com:443 "GET /2/users/1949367278/tweets?max_results=5&tweet.fields=created_at&exclude=retweets HTTP/1.1" 200 822
2021-12-06 20:44:30,845 DEBUG :: Received API response: 200 OK
Headers: {'date': 'Mon, 06 Dec 2021 19:44:30 UTC', 'server': 'tsa_f', 'set-cookie': 'guest_id_marketing=v1%3A163881987027628148; Max-Age=63072000; Expires=Wed, 06 Dec 2023 19:44:30 GMT; Path=/; Domain=.twitter.com; Secure; SameSite=None, guest_id_ads=v1%3A163881987027628148; Max-Age=63072000; Expires=Wed, 06 Dec 2023 19:44:30 GMT; Path=/; Domain=.twitter.com; Secure; SameSite=None, personalization_id="v1_U1NyZQXft9e0qCDTIKF2vg=="; Max-Age=63072000; Expires=Wed, 06 Dec 2023 19:44:30 GMT; Path=/; Domain=.twitter.com; Secure; SameSite=None, guest_id=v1%3A163881987027628148; Max-Age=63072000; Expires=Wed, 06 Dec 2023 19:44:30 GMT; Path=/; Domain=.twitter.com; Secure; SameSite=None', 'api-version': '2.31', 'content-type': 'application/json; charset=utf-8', 'cache-control': 'no-cache, no-store, max-age=0', 'content-length': '822', 'x-access-level': 'read', 'x-frame-options': 'SAMEORIGIN', 'content-encoding': 'gzip', 'x-xss-protection': '0', 'x-rate-limit-limit': '1500', 'x-rate-limit-reset': '1638820161', 'content-disposition': 'attachment; filename=json.json', 'x-content-type-options': 'nosniff', 'x-rate-limit-remaining': '1430', 'strict-transport-security': 'max-age=631138519', 'x-response-time': '281', 'x-connection-hash': 'b9b12bc39e9c41933e928b51925d459e35753a8c2f19d67e3d02cf24c69c44ee'}
Content: b'{"data":[{"created_at":"2021-10-27T12:51:28.000Z","id":"1453343590839631883","text":"SergeFerrari Group announces Q3 2021 revenues :\\nhttps://t.co/Khdiv7C7rz\\n\\n#sergeferrarigroup #business #company https://t.co/5xHWqVRnxM"},{"created_at":"2021-10-04T10:15:43.000Z","id":"1444969475128836102","text":"World Architecture Day: Pascal Rollet, Architect and Professor, talks about the major challenges of the transformation in the construction sector.\xe2\x80\x8b Serge Ferrari Group develops products to address these challenges.\xe2\x80\x8b\xe2\x80\x8b\\n#sergeferrarigroup #architecture #worldarchitectureday https://t.co/66X4ZEo4ke"},{"created_at":"2021-09-09T08:13:15.000Z","id":"1435878956809469959","text":"Financial communication: Check out our 2021 half-year results: https://t.co/oUwVKGtYxd https://t.co/amyD7NRcTE"},{"created_at":"2021-07-06T12:18:39.000Z","id":"1412385502293020680","text":"Our customer @SOCOTEX participated this weekend to the second edition of the \\"Fabriqu\xc3\xa9 en France\\" exhibition, at the Palais de l\'Elys\xc3\xa9e. \\nOn this occasion, SOCOTEX chose to exhibit its product Abrivoile, with shade sails made of Soltis Lounge 96 Serge Ferrari fabric.\\nSo Proud! https://t.co/oFe13ZVc18"},{"created_at":"2021-07-06T09:57:50.000Z","id":"1412350066812203009","text":"Our customer SOCOTEX participated this weekend to the second edition of the \\"Fabriqu\xc3\xa9 en France\\" exhibition, at the Palais de l\'Elys\xc3\xa9e. \\nOn this occasion, SOCOTEX chose to exhibit its product Abrivoile, with shade sails made of Soltis Lounge 96 Serge Ferrari fabric.\\nSo Proud! https://t.co/OshLCpPX01"}],"meta":{"oldest_id":"1412350066812203009","newest_id":"1453343590839631883","result_count":5,"next_token":"7140dibdnow9c7btw3z16xb58h13kg589n2sh3ad1duex"}}'
2021-12-06 20:44:30,848 WARNING :: Amount of tweets 7
2021-12-06 20:44:30,848 WARNING :: Recieved full data for 2 users
2021-12-06 20:44:30,848 WARNING :: Cleaning and Analising Tweets Tweets
2021-12-06 20:44:30,848 WARNING :: Analising Tweets Tweets
2021-12-06 20:44:30,850 DEBUG :: Making API request: GET https://api.twitter.com/2/users/485527080/tweets
Parameters: {'max_results': 5, 'tweet.fields': 'created_at', 'exclude': 'retweets'}
Headers: {'User-Agent': 'Python/3.8.9 Requests/2.26.0 Tweepy/4.4.0', 'Authorization': 'Bearer AAAAAAAAAAAAAAAAAAAAAH68VwEAAAAA5DWkqX14lSgqQ2yid9RQhbV1meM%3D8jgI64BX4l8WPDrbahnwKYJFb1Hn9MMz85L2YNPQGGT3bfbSdv'}
Body: None
2021-12-06 20:44:30,853 DEBUG :: Starting new HTTPS connection (1): api.twitter.com:443
2021-12-06 20:44:31,136 DEBUG :: https://api.twitter.com:443 "GET /2/users/485527080/tweets?max_results=5&tweet.fields=created_at&exclude=retweets HTTP/1.1" 200 782
2021-12-06 20:44:31,137 DEBUG :: Received API response: 200 OK
Headers: {'date': 'Mon, 06 Dec 2021 19:44:30 UTC', 'server': 'tsa_f', 'set-cookie': 'guest_id_marketing=v1%3A163881987066366061; Max-Age=63072000; Expires=Wed, 06 Dec 2023 19:44:30 GMT; Path=/; Domain=.twitter.com; Secure; SameSite=None, guest_id_ads=v1%3A163881987066366061; Max-Age=63072000; Expires=Wed, 06 Dec 2023 19:44:30 GMT; Path=/; Domain=.twitter.com; Secure; SameSite=None, personalization_id="v1_C4TQAQNWHZ7YUGVcTQR50A=="; Max-Age=63072000; Expires=Wed, 06 Dec 2023 19:44:30 GMT; Path=/; Domain=.twitter.com; Secure; SameSite=None, guest_id=v1%3A163881987066366061; Max-Age=63072000; Expires=Wed, 06 Dec 2023 19:44:30 GMT; Path=/; Domain=.twitter.com; Secure; SameSite=None', 'api-version': '2.31', 'content-type': 'application/json; charset=utf-8', 'cache-control': 'no-cache, no-store, max-age=0', 'content-length': '782', 'x-access-level': 'read', 'x-frame-options': 'SAMEORIGIN', 'content-encoding': 'gzip', 'x-xss-protection': '0', 'x-rate-limit-limit': '1500', 'x-rate-limit-reset': '1638820161', 'content-disposition': 'attachment; filename=json.json', 'x-content-type-options': 'nosniff', 'x-rate-limit-remaining': '1429', 'strict-transport-security': 'max-age=631138519', 'x-response-time': '189', 'x-connection-hash': '1d0b3c4737f21a6c6a4bd3c1579fcd50a1e0089d11b90213834d11e80ca88e79'}
Content: b'{"data":[{"created_at":"2020-10-07T10:02:29.000Z","id":"1313781734564147200","text":"Do you know how hybrid renewables are able to improve resilience of remote grids? \\nOur colleague Arnaud Ba\xc3\xabhr will speak at the Hybrid Renewables conference tomorrow at 12:45 to share some insights from our know-how about Off-grid Hybrid Systems. \\n\\nLink: https://t.co/a2gISdiDeX https://t.co/eCluJ86MOg"},{"created_at":"2020-03-11T15:54:13.000Z","id":"1237768800881258498","text":"@pf7744 Hi there. Vergnet is currently unaffected beyond any cautionary protocols put into place in the countries in which we operate. We continue to take all necessary precautions and follow advisories for all travel plans."},{"created_at":"2020-02-21T13:34:09.000Z","id":"1230848183019896832","text":"@pf7744 @pf7744 we apologise for the lack of communication but our twitter account is now back up and running."},{"created_at":"2020-02-21T13:31:21.000Z","id":"1230847477391200256","text":"@PowerEngInt @snssolarpower Vergnet are very excited to be part of this fantastic project along with Sterling and Wilson and @snssolarpower"},{"created_at":"2020-02-21T13:29:31.000Z","id":"1230847017934438402","text":"@AFSIA_Official @snssolarpower Vergnet are very excited to be part of this fantastic project along with Sterling and Wilson and @snssolarpower"}],"meta":{"oldest_id":"1230847017934438402","newest_id":"1313781734564147200","result_count":5,"next_token":"7140dibdnow9c7btw3t2hc8ok56nqi2thg28xbuu54hte"}}'
2021-12-06 20:44:31,139 WARNING :: Amount of tweets 7
2021-12-06 20:44:31,139 WARNING :: Recieved full data for 3 users
2021-12-06 20:44:31,139 WARNING :: Cleaning and Analising Tweets Tweets
2021-12-06 20:44:31,139 WARNING :: Analising Tweets Tweets
2021-12-06 20:44:31,140 DEBUG :: Making API request: GET https://api.twitter.com/2/users/785748415044997120/tweets
Parameters: {'max_results': 5, 'tweet.fields': 'created_at', 'exclude': 'retweets'}
Headers: {'User-Agent': 'Python/3.8.9 Requests/2.26.0 Tweepy/4.4.0', 'Authorization': 'Bearer AAAAAAAAAAAAAAAAAAAAAH68VwEAAAAA5DWkqX14lSgqQ2yid9RQhbV1meM%3D8jgI64BX4l8WPDrbahnwKYJFb1Hn9MMz85L2YNPQGGT3bfbSdv'}
Body: None
2021-12-06 20:44:31,142 DEBUG :: Starting new HTTPS connection (1): api.twitter.com:443
2021-12-06 20:44:31,455 DEBUG :: https://api.twitter.com:443 "GET /2/users/785748415044997120/tweets?max_results=5&tweet.fields=created_at&exclude=retweets HTTP/1.1" 200 985
2021-12-06 20:44:31,455 DEBUG :: Received API response: 200 OK
Headers: {'date': 'Mon, 06 Dec 2021 19:44:31 UTC', 'server': 'tsa_f', 'set-cookie': 'guest_id_marketing=v1%3A163881987094413003; Max-Age=63072000; Expires=Wed, 06 Dec 2023 19:44:31 GMT; Path=/; Domain=.twitter.com; Secure; SameSite=None, guest_id_ads=v1%3A163881987094413003; Max-Age=63072000; Expires=Wed, 06 Dec 2023 19:44:31 GMT; Path=/; Domain=.twitter.com; Secure; SameSite=None, personalization_id="v1_gZ+nR8fMtGfV5s3aBjMX0A=="; Max-Age=63072000; Expires=Wed, 06 Dec 2023 19:44:31 GMT; Path=/; Domain=.twitter.com; Secure; SameSite=None, guest_id=v1%3A163881987094413003; Max-Age=63072000; Expires=Wed, 06 Dec 2023 19:44:31 GMT; Path=/; Domain=.twitter.com; Secure; SameSite=None', 'api-version': '2.31', 'content-type': 'application/json; charset=utf-8', 'cache-control': 'no-cache, no-store, max-age=0', 'content-length': '985', 'x-access-level': 'read', 'x-frame-options': 'SAMEORIGIN', 'content-encoding': 'gzip', 'x-xss-protection': '0', 'x-rate-limit-limit': '1500', 'x-rate-limit-reset': '1638820161', 'content-disposition': 'attachment; filename=json.json', 'x-content-type-options': 'nosniff', 'x-rate-limit-remaining': '1428', 'strict-transport-security': 'max-age=631138519', 'x-response-time': '227', 'x-connection-hash': '397d309d1ce7f263d15e49ca206ced35988b40e717994e53e36ce1dcd5e3a5ba'}
Content: b'{"data":[{"created_at":"2021-10-04T08:08:07.000Z","id":"1444937360995651586","text":"https://t.co/eyMPLWZVKn"},{"created_at":"2021-09-30T14:49:25.000Z","id":"1443588803503869963","text":"LDLC Distribution recherche... \\n\\uD83D\\uDD0E Un(e) Graphiste (H/F) en #CDI.\\n\\uD83C\\uDFEC Vous aurez pour mission de r\xc3\xa9aliser toutes les demandes de cr\xc3\xa9ations print et digitales li\xc3\xa9es au r\xc3\xa9seau de magasins ! \\n\\uD83D\\uDCBC Infos et candidature : https://t.co/HeNL3Mf61k https://t.co/SdxTHtq3ad"},{"created_at":"2021-06-07T07:40:41.000Z","id":"1401806301991247876","text":"RECRUTEMENT - Nous cherchons une nouvelle p\xc3\xa9pite pour le d\xc3\xa9veloppement de jolis projets... Rejoignez-nous !\\n\\n#recrutement #dsi  #devops \\n\\nhttps://t.co/YMuyZnHLeJ"},{"created_at":"2021-05-07T12:43:00.000Z","id":"1390648361108348932","text":"Vous habitez dans la r\xc3\xa9gion de Thionville et vous aimez l\'informatique ? Notre boutique LDLC recrute ! \\uD83D\\uDCBB\\uD83D\\uDCBC\\n\\n\xe2\x97\x8f Conseiller technique H/F : https://t.co/LNMlQ0UcxO\\n\xe2\x97\x8f Adjoint de magasin H/F : https://t.co/t3kLFjYsf2\\n\\nToutes nos offres d\'emploi : https://t.co/GBwVaw0Um6 https://t.co/Tk7yIjIaWF"},{"created_at":"2021-04-28T12:20:31.000Z","id":"1387381208347205635","text":"\\uD83C\\uDD95 Un nouveau magasin LDLC a ouvert, aujourd\'hui, \xc3\xa0 Caen !\\nNotre \xc3\xa9quipe locale se tient \xc3\xa0 disposition de particuliers et professionnels pour les accompagner dans leurs besoins en mat\xc3\xa9riel informatique \\uD83D\\uDCBB\\n\\n\\uD83D\\uDCCD Centre Commercial Val Saint-Clair  \xe2\x80\x93 14200 H\xc3\xa9rouville-Saint-Clair https://t.co/Psm3eq8kVe"}],"meta":{"oldest_id":"1387381208347205635","newest_id":"1444937360995651586","result_count":5,"next_token":"7140dibdnow9c7btw3w4df76gv2v2wsm69zb4b6z0eyph"}}'
2021-12-06 20:44:31,457 WARNING :: Amount of tweets 7
2021-12-06 20:44:31,457 WARNING :: Recieved full data for 4 users
2021-12-06 20:44:31,457 WARNING :: Cleaning and Analising Tweets Tweets
2021-12-06 20:44:31,457 INFO :: Tweet discriminated
2021-12-06 20:44:31,457 WARNING :: Analising Tweets Tweets
