2021-12-06 18:13:17,013 DEBUG :: Making API request: GET https://api.twitter.com/2/users/by/username/berto_ia
Parameters: {'user.fields': 'created_at'}
Headers: {'User-Agent': 'Python/3.8.9 Requests/2.26.0 Tweepy/4.4.0', 'Authorization': 'Bearer AAAAAAAAAAAAAAAAAAAAAH68VwEAAAAA5DWkqX14lSgqQ2yid9RQhbV1meM%3D8jgI64BX4l8WPDrbahnwKYJFb1Hn9MMz85L2YNPQGGT3bfbSdv'}
Body: None
2021-12-06 18:13:17,017 DEBUG :: Starting new HTTPS connection (1): api.twitter.com:443
2021-12-06 18:13:17,273 DEBUG :: https://api.twitter.com:443 "GET /2/users/by/username/berto_ia?user.fields=created_at HTTP/1.1" 200 140
2021-12-06 18:13:17,283 DEBUG :: Received API response: 200 OK
Headers: {'date': 'Mon, 06 Dec 2021 17:13:16 UTC', 'server': 'tsa_f', 'set-cookie': 'guest_id_marketing=v1%3A163881079647004604; Max-Age=63072000; Expires=Wed, 06 Dec 2023 17:13:16 GMT; Path=/; Domain=.twitter.com; Secure; SameSite=None, guest_id_ads=v1%3A163881079647004604; Max-Age=63072000; Expires=Wed, 06 Dec 2023 17:13:16 GMT; Path=/; Domain=.twitter.com; Secure; SameSite=None, personalization_id="v1_zqr8ZoU0D88h6RsmF1KR6Q=="; Max-Age=63072000; Expires=Wed, 06 Dec 2023 17:13:16 GMT; Path=/; Domain=.twitter.com; Secure; SameSite=None, guest_id=v1%3A163881079647004604; Max-Age=63072000; Expires=Wed, 06 Dec 2023 17:13:16 GMT; Path=/; Domain=.twitter.com; Secure; SameSite=None', 'api-version': '2.31', 'content-type': 'application/json; charset=utf-8', 'cache-control': 'no-cache, no-store, max-age=0', 'content-length': '140', 'x-access-level': 'read', 'x-frame-options': 'SAMEORIGIN', 'content-encoding': 'gzip', 'x-xss-protection': '0', 'x-rate-limit-limit': '300', 'x-rate-limit-reset': '1638811368', 'content-disposition': 'attachment; filename=json.json', 'x-content-type-options': 'nosniff', 'x-rate-limit-remaining': '37', 'strict-transport-security': 'max-age=631138519', 'x-response-time': '129', 'x-connection-hash': '2df552214433ac5480ae5941a6094280bf6e7627569b8b6b9e9d3e38def480ac'}
Content: b'{"data":{"username":"berto_ia","created_at":"2018-05-13T19:10:37.000Z","id":"995743130250088448","name":"bertolami Navette Autonome"}}'
2021-12-06 18:13:17,287 WARNING :: Requesting users | getting berto_ia
2021-12-06 18:13:17,289 DEBUG :: Making API request: GET https://api.twitter.com/2/users/by/username/atari
Parameters: {'user.fields': 'created_at'}
Headers: {'User-Agent': 'Python/3.8.9 Requests/2.26.0 Tweepy/4.4.0', 'Authorization': 'Bearer AAAAAAAAAAAAAAAAAAAAAH68VwEAAAAA5DWkqX14lSgqQ2yid9RQhbV1meM%3D8jgI64BX4l8WPDrbahnwKYJFb1Hn9MMz85L2YNPQGGT3bfbSdv'}
Body: None
2021-12-06 18:13:17,292 DEBUG :: Starting new HTTPS connection (1): api.twitter.com:443
2021-12-06 18:13:17,514 DEBUG :: https://api.twitter.com:443 "GET /2/users/by/username/atari?user.fields=created_at HTTP/1.1" 200 109
2021-12-06 18:13:17,515 DEBUG :: Received API response: 200 OK
Headers: {'date': 'Mon, 06 Dec 2021 17:13:16 UTC', 'server': 'tsa_f', 'set-cookie': 'guest_id_marketing=v1%3A163881079670987016; Max-Age=63072000; Expires=Wed, 06 Dec 2023 17:13:16 GMT; Path=/; Domain=.twitter.com; Secure; SameSite=None, guest_id_ads=v1%3A163881079670987016; Max-Age=63072000; Expires=Wed, 06 Dec 2023 17:13:16 GMT; Path=/; Domain=.twitter.com; Secure; SameSite=None, personalization_id="v1_AzSDrIQwzFr3qomig5rMAg=="; Max-Age=63072000; Expires=Wed, 06 Dec 2023 17:13:16 GMT; Path=/; Domain=.twitter.com; Secure; SameSite=None, guest_id=v1%3A163881079670987016; Max-Age=63072000; Expires=Wed, 06 Dec 2023 17:13:16 GMT; Path=/; Domain=.twitter.com; Secure; SameSite=None', 'api-version': '2.31', 'content-type': 'application/json; charset=utf-8', 'cache-control': 'no-cache, no-store, max-age=0', 'content-length': '109', 'x-access-level': 'read', 'x-frame-options': 'SAMEORIGIN', 'content-encoding': 'gzip', 'x-xss-protection': '0', 'x-rate-limit-limit': '300', 'x-rate-limit-reset': '1638811368', 'content-disposition': 'attachment; filename=json.json', 'x-content-type-options': 'nosniff', 'x-rate-limit-remaining': '36', 'strict-transport-security': 'max-age=631138519', 'x-response-time': '132', 'x-connection-hash': '48df8fe389f3148986865df6d0a847cd53e82ff5635b69944050c7af8ca668ac'}
Content: b'{"data":{"username":"atari","name":"Atari","created_at":"2009-11-04T15:44:42.000Z","id":"87465794"}}'
2021-12-06 18:13:17,515 WARNING :: Requesting users | getting atari
2021-12-06 18:13:17,517 DEBUG :: Making API request: GET https://api.twitter.com/2/users/by/username/adeunisrf
Parameters: {'user.fields': 'created_at'}
Headers: {'User-Agent': 'Python/3.8.9 Requests/2.26.0 Tweepy/4.4.0', 'Authorization': 'Bearer AAAAAAAAAAAAAAAAAAAAAH68VwEAAAAA5DWkqX14lSgqQ2yid9RQhbV1meM%3D8jgI64BX4l8WPDrbahnwKYJFb1Hn9MMz85L2YNPQGGT3bfbSdv'}
Body: None
2021-12-06 18:13:17,519 DEBUG :: Starting new HTTPS connection (1): api.twitter.com:443
2021-12-06 18:13:17,746 DEBUG :: https://api.twitter.com:443 "GET /2/users/by/username/adeunisrf?user.fields=created_at HTTP/1.1" 200 119
2021-12-06 18:13:17,747 DEBUG :: Received API response: 200 OK
Headers: {'date': 'Mon, 06 Dec 2021 17:13:16 UTC', 'server': 'tsa_f', 'set-cookie': 'guest_id_marketing=v1%3A163881079693156116; Max-Age=63072000; Expires=Wed, 06 Dec 2023 17:13:16 GMT; Path=/; Domain=.twitter.com; Secure; SameSite=None, guest_id_ads=v1%3A163881079693156116; Max-Age=63072000; Expires=Wed, 06 Dec 2023 17:13:16 GMT; Path=/; Domain=.twitter.com; Secure; SameSite=None, personalization_id="v1_OcEyoXLLkHXWa+qUUnUTfw=="; Max-Age=63072000; Expires=Wed, 06 Dec 2023 17:13:16 GMT; Path=/; Domain=.twitter.com; Secure; SameSite=None, guest_id=v1%3A163881079693156116; Max-Age=63072000; Expires=Wed, 06 Dec 2023 17:13:16 GMT; Path=/; Domain=.twitter.com; Secure; SameSite=None', 'api-version': '2.31', 'content-type': 'application/json; charset=utf-8', 'cache-control': 'no-cache, no-store, max-age=0', 'content-length': '119', 'x-access-level': 'read', 'x-frame-options': 'SAMEORIGIN', 'content-encoding': 'gzip', 'x-xss-protection': '0', 'x-rate-limit-limit': '300', 'x-rate-limit-reset': '1638811368', 'content-disposition': 'attachment; filename=json.json', 'x-content-type-options': 'nosniff', 'x-rate-limit-remaining': '35', 'strict-transport-security': 'max-age=631138519', 'x-response-time': '141', 'x-connection-hash': '90f2ea1cd8e50e0b8e8dce6581cd625f7cd0727a0631424e78dbac5c59c2f8fe'}
Content: b'{"data":{"id":"607380408","created_at":"2012-06-13T15:23:45.000Z","name":"adeunis\xc2\xae","username":"adeunisrf"}}'
2021-12-06 18:13:17,747 WARNING :: Requesting users | getting adeunisrf
2021-12-06 18:13:17,748 DEBUG :: Making API request: GET https://api.twitter.com/2/users/by/username/proactis
Parameters: {'user.fields': 'created_at'}
Headers: {'User-Agent': 'Python/3.8.9 Requests/2.26.0 Tweepy/4.4.0', 'Authorization': 'Bearer AAAAAAAAAAAAAAAAAAAAAH68VwEAAAAA5DWkqX14lSgqQ2yid9RQhbV1meM%3D8jgI64BX4l8WPDrbahnwKYJFb1Hn9MMz85L2YNPQGGT3bfbSdv'}
Body: None
2021-12-06 18:13:17,750 DEBUG :: Starting new HTTPS connection (1): api.twitter.com:443
2021-12-06 18:13:17,963 DEBUG :: https://api.twitter.com:443 "GET /2/users/by/username/proactis?user.fields=created_at HTTP/1.1" 200 117
2021-12-06 18:13:17,964 DEBUG :: Received API response: 200 OK
Headers: {'date': 'Mon, 06 Dec 2021 17:13:17 UTC', 'server': 'tsa_f', 'set-cookie': 'guest_id_marketing=v1%3A163881079716133119; Max-Age=63072000; Expires=Wed, 06 Dec 2023 17:13:17 GMT; Path=/; Domain=.twitter.com; Secure; SameSite=None, guest_id_ads=v1%3A163881079716133119; Max-Age=63072000; Expires=Wed, 06 Dec 2023 17:13:17 GMT; Path=/; Domain=.twitter.com; Secure; SameSite=None, personalization_id="v1_aoFTdPUfAm3FkRapdsC1/w=="; Max-Age=63072000; Expires=Wed, 06 Dec 2023 17:13:17 GMT; Path=/; Domain=.twitter.com; Secure; SameSite=None, guest_id=v1%3A163881079716133119; Max-Age=63072000; Expires=Wed, 06 Dec 2023 17:13:17 GMT; Path=/; Domain=.twitter.com; Secure; SameSite=None', 'api-version': '2.31', 'content-type': 'application/json; charset=utf-8', 'cache-control': 'no-cache, no-store, max-age=0', 'content-length': '117', 'x-access-level': 'read', 'x-frame-options': 'SAMEORIGIN', 'content-encoding': 'gzip', 'x-xss-protection': '0', 'x-rate-limit-limit': '300', 'x-rate-limit-reset': '1638811368', 'content-disposition': 'attachment; filename=json.json', 'x-content-type-options': 'nosniff', 'x-rate-limit-remaining': '34', 'strict-transport-security': 'max-age=631138519', 'x-response-time': '128', 'x-connection-hash': '0367f511461ba76f9de334343895178ed13fe0e73591a9a92dc9232518a02f25'}
Content: b'{"data":{"username":"proactis","created_at":"2009-06-26T11:13:19.000Z","id":"51016657","name":"Proactis"}}'
2021-12-06 18:13:17,964 WARNING :: Requesting users | getting proactis
2021-12-06 18:13:17,965 DEBUG :: Making API request: GET https://api.twitter.com/2/users/by/username/ProactisBenelux
Parameters: {'user.fields': 'created_at'}
Headers: {'User-Agent': 'Python/3.8.9 Requests/2.26.0 Tweepy/4.4.0', 'Authorization': 'Bearer AAAAAAAAAAAAAAAAAAAAAH68VwEAAAAA5DWkqX14lSgqQ2yid9RQhbV1meM%3D8jgI64BX4l8WPDrbahnwKYJFb1Hn9MMz85L2YNPQGGT3bfbSdv'}
Body: None
2021-12-06 18:13:17,967 DEBUG :: Starting new HTTPS connection (1): api.twitter.com:443
2021-12-06 18:13:18,189 DEBUG :: https://api.twitter.com:443 "GET /2/users/by/username/ProactisBenelux?user.fields=created_at HTTP/1.1" 200 120
2021-12-06 18:13:18,190 DEBUG :: Received API response: 200 OK
Headers: {'date': 'Mon, 06 Dec 2021 17:13:17 UTC', 'server': 'tsa_f', 'set-cookie': 'guest_id_marketing=v1%3A163881079738602644; Max-Age=63072000; Expires=Wed, 06 Dec 2023 17:13:17 GMT; Path=/; Domain=.twitter.com; Secure; SameSite=None, guest_id_ads=v1%3A163881079738602644; Max-Age=63072000; Expires=Wed, 06 Dec 2023 17:13:17 GMT; Path=/; Domain=.twitter.com; Secure; SameSite=None, personalization_id="v1_RdBU/yrzquzBKw9+NUFsvA=="; Max-Age=63072000; Expires=Wed, 06 Dec 2023 17:13:17 GMT; Path=/; Domain=.twitter.com; Secure; SameSite=None, guest_id=v1%3A163881079738602644; Max-Age=63072000; Expires=Wed, 06 Dec 2023 17:13:17 GMT; Path=/; Domain=.twitter.com; Secure; SameSite=None', 'api-version': '2.31', 'content-type': 'application/json; charset=utf-8', 'cache-control': 'no-cache, no-store, max-age=0', 'content-length': '120', 'x-access-level': 'read', 'x-frame-options': 'SAMEORIGIN', 'content-encoding': 'gzip', 'x-xss-protection': '0', 'x-rate-limit-limit': '300', 'x-rate-limit-reset': '1638811368', 'content-disposition': 'attachment; filename=json.json', 'x-content-type-options': 'nosniff', 'x-rate-limit-remaining': '33', 'strict-transport-security': 'max-age=631138519', 'x-response-time': '130', 'x-connection-hash': 'f4acb758756060c55e977f702bf56c7a0a9e9fd82aa303b133186c285d89d73e'}
Content: b'{"data":{"username":"ProactisBenelux","name":"ProactisBenelux","created_at":"2015-06-13T09:54:13.000Z","id":"3322732175"}}'
2021-12-06 18:13:18,190 WARNING :: Requesting users | getting ProactisBenelux
2021-12-06 18:13:18,192 DEBUG :: Making API request: GET https://api.twitter.com/2/users/by/username/HydrogenCouncil
Parameters: {'user.fields': 'created_at'}
Headers: {'User-Agent': 'Python/3.8.9 Requests/2.26.0 Tweepy/4.4.0', 'Authorization': 'Bearer AAAAAAAAAAAAAAAAAAAAAH68VwEAAAAA5DWkqX14lSgqQ2yid9RQhbV1meM%3D8jgI64BX4l8WPDrbahnwKYJFb1Hn9MMz85L2YNPQGGT3bfbSdv'}
Body: None
2021-12-06 18:13:18,194 DEBUG :: Starting new HTTPS connection (1): api.twitter.com:443
2021-12-06 18:13:18,414 DEBUG :: https://api.twitter.com:443 "GET /2/users/by/username/HydrogenCouncil?user.fields=created_at HTTP/1.1" 200 132
2021-12-06 18:13:18,415 DEBUG :: Received API response: 200 OK
Headers: {'date': 'Mon, 06 Dec 2021 17:13:17 UTC', 'server': 'tsa_f', 'set-cookie': 'guest_id_marketing=v1%3A163881079761179807; Max-Age=63072000; Expires=Wed, 06 Dec 2023 17:13:17 GMT; Path=/; Domain=.twitter.com; Secure; SameSite=None, guest_id_ads=v1%3A163881079761179807; Max-Age=63072000; Expires=Wed, 06 Dec 2023 17:13:17 GMT; Path=/; Domain=.twitter.com; Secure; SameSite=None, personalization_id="v1_rCH05C7lD7bbQg7LDUzoYg=="; Max-Age=63072000; Expires=Wed, 06 Dec 2023 17:13:17 GMT; Path=/; Domain=.twitter.com; Secure; SameSite=None, guest_id=v1%3A163881079761179807; Max-Age=63072000; Expires=Wed, 06 Dec 2023 17:13:17 GMT; Path=/; Domain=.twitter.com; Secure; SameSite=None', 'api-version': '2.31', 'content-type': 'application/json; charset=utf-8', 'cache-control': 'no-cache, no-store, max-age=0', 'content-length': '132', 'x-access-level': 'read', 'x-frame-options': 'SAMEORIGIN', 'content-encoding': 'gzip', 'x-xss-protection': '0', 'x-rate-limit-limit': '300', 'x-rate-limit-reset': '1638811368', 'content-disposition': 'attachment; filename=json.json', 'x-content-type-options': 'nosniff', 'x-rate-limit-remaining': '32', 'strict-transport-security': 'max-age=631138519', 'x-response-time': '128', 'x-connection-hash': 'cf9a2b793dacf94ea8d9ce47850774e7df306d3112a61883dddb0eaa5d398a42'}
Content: b'{"data":{"name":"Hydrogen Council","username":"HydrogenCouncil","created_at":"2017-05-18T13:35:41.000Z","id":"865199209896701952"}}'
2021-12-06 18:13:18,415 WARNING :: Requesting users | getting HydrogenCouncil
2021-12-06 18:13:18,417 DEBUG :: Making API request: GET https://api.twitter.com/2/users/by/username/iORGA_GROUP
Parameters: {'user.fields': 'created_at'}
Headers: {'User-Agent': 'Python/3.8.9 Requests/2.26.0 Tweepy/4.4.0', 'Authorization': 'Bearer AAAAAAAAAAAAAAAAAAAAAH68VwEAAAAA5DWkqX14lSgqQ2yid9RQhbV1meM%3D8jgI64BX4l8WPDrbahnwKYJFb1Hn9MMz85L2YNPQGGT3bfbSdv'}
Body: None
2021-12-06 18:13:18,418 DEBUG :: Starting new HTTPS connection (1): api.twitter.com:443
2021-12-06 18:13:18,645 DEBUG :: https://api.twitter.com:443 "GET /2/users/by/username/iORGA_GROUP?user.fields=created_at HTTP/1.1" 200 125
2021-12-06 18:13:18,646 DEBUG :: Received API response: 200 OK
Headers: {'date': 'Mon, 06 Dec 2021 17:13:17 UTC', 'server': 'tsa_f', 'set-cookie': 'guest_id_marketing=v1%3A163881079783784750; Max-Age=63072000; Expires=Wed, 06 Dec 2023 17:13:17 GMT; Path=/; Domain=.twitter.com; Secure; SameSite=None, guest_id_ads=v1%3A163881079783784750; Max-Age=63072000; Expires=Wed, 06 Dec 2023 17:13:17 GMT; Path=/; Domain=.twitter.com; Secure; SameSite=None, personalization_id="v1_3SChzPZFvtAMb0+8YfHVdg=="; Max-Age=63072000; Expires=Wed, 06 Dec 2023 17:13:17 GMT; Path=/; Domain=.twitter.com; Secure; SameSite=None, guest_id=v1%3A163881079783784750; Max-Age=63072000; Expires=Wed, 06 Dec 2023 17:13:17 GMT; Path=/; Domain=.twitter.com; Secure; SameSite=None', 'api-version': '2.31', 'content-type': 'application/json; charset=utf-8', 'cache-control': 'no-cache, no-store, max-age=0', 'content-length': '125', 'x-access-level': 'read', 'x-frame-options': 'SAMEORIGIN', 'content-encoding': 'gzip', 'x-xss-protection': '0', 'x-rate-limit-limit': '300', 'x-rate-limit-reset': '1638811368', 'content-disposition': 'attachment; filename=json.json', 'x-content-type-options': 'nosniff', 'x-rate-limit-remaining': '31', 'strict-transport-security': 'max-age=631138519', 'x-response-time': '134', 'x-connection-hash': 'a9d38d0ac2616d8ba5a8547c6269f49a233c0b95b22f030f5ddf04a849e9767e'}
Content: b'{"data":{"name":"iORGA Group","username":"iORGA_GROUP","id":"171093845","created_at":"2010-07-26T14:58:39.000Z"}}'
2021-12-06 18:13:18,646 WARNING :: Requesting users | getting iORGA_GROUP
2021-12-06 18:13:18,648 DEBUG :: Making API request: GET https://api.twitter.com/2/users/by/username/BlockchainXdev
Parameters: {'user.fields': 'created_at'}
Headers: {'User-Agent': 'Python/3.8.9 Requests/2.26.0 Tweepy/4.4.0', 'Authorization': 'Bearer AAAAAAAAAAAAAAAAAAAAAH68VwEAAAAA5DWkqX14lSgqQ2yid9RQhbV1meM%3D8jgI64BX4l8WPDrbahnwKYJFb1Hn9MMz85L2YNPQGGT3bfbSdv'}
Body: None
2021-12-06 18:13:18,651 DEBUG :: Starting new HTTPS connection (1): api.twitter.com:443
2021-12-06 18:13:18,874 DEBUG :: https://api.twitter.com:443 "GET /2/users/by/username/BlockchainXdev?user.fields=created_at HTTP/1.1" 200 138
2021-12-06 18:13:18,876 DEBUG :: Received API response: 200 OK
Headers: {'date': 'Mon, 06 Dec 2021 17:13:18 UTC', 'server': 'tsa_f', 'set-cookie': 'guest_id_marketing=v1%3A163881079806946264; Max-Age=63072000; Expires=Wed, 06 Dec 2023 17:13:18 GMT; Path=/; Domain=.twitter.com; Secure; SameSite=None, guest_id_ads=v1%3A163881079806946264; Max-Age=63072000; Expires=Wed, 06 Dec 2023 17:13:18 GMT; Path=/; Domain=.twitter.com; Secure; SameSite=None, personalization_id="v1_LToa6eE9X2e0X1Lmwirr/w=="; Max-Age=63072000; Expires=Wed, 06 Dec 2023 17:13:18 GMT; Path=/; Domain=.twitter.com; Secure; SameSite=None, guest_id=v1%3A163881079806946264; Max-Age=63072000; Expires=Wed, 06 Dec 2023 17:13:18 GMT; Path=/; Domain=.twitter.com; Secure; SameSite=None', 'api-version': '2.31', 'content-type': 'application/json; charset=utf-8', 'cache-control': 'no-cache, no-store, max-age=0', 'content-length': '138', 'x-access-level': 'read', 'x-frame-options': 'SAMEORIGIN', 'content-encoding': 'gzip', 'x-xss-protection': '0', 'x-rate-limit-limit': '300', 'x-rate-limit-reset': '1638811368', 'content-disposition': 'attachment; filename=json.json', 'x-content-type-options': 'nosniff', 'x-rate-limit-remaining': '30', 'strict-transport-security': 'max-age=631138519', 'x-response-time': '131', 'x-connection-hash': '490c2048bf196e6af7074c3ad1e2712e2fbbd6a372ab821e9bb1004ce0923615'}
Content: b'{"data":{"username":"BlockchainXdev","id":"1039124681914236928","created_at":"2018-09-10T12:13:24.000Z","name":"The Blockchain Xdev"}}'
2021-12-06 18:13:18,877 WARNING :: Requesting users | getting BlockchainXdev
2021-12-06 18:13:18,880 DEBUG :: Making API request: GET https://api.twitter.com/2/users/by/username/AvenirTelecomfr
Parameters: {'user.fields': 'created_at'}
Headers: {'User-Agent': 'Python/3.8.9 Requests/2.26.0 Tweepy/4.4.0', 'Authorization': 'Bearer AAAAAAAAAAAAAAAAAAAAAH68VwEAAAAA5DWkqX14lSgqQ2yid9RQhbV1meM%3D8jgI64BX4l8WPDrbahnwKYJFb1Hn9MMz85L2YNPQGGT3bfbSdv'}
Body: None
2021-12-06 18:13:18,884 DEBUG :: Starting new HTTPS connection (1): api.twitter.com:443
2021-12-06 18:13:19,119 DEBUG :: https://api.twitter.com:443 "GET /2/users/by/username/AvenirTelecomfr?user.fields=created_at HTTP/1.1" 200 133
2021-12-06 18:13:19,120 DEBUG :: Received API response: 200 OK
Headers: {'date': 'Mon, 06 Dec 2021 17:13:18 UTC', 'server': 'tsa_f', 'set-cookie': 'guest_id_marketing=v1%3A163881079831531272; Max-Age=63072000; Expires=Wed, 06 Dec 2023 17:13:18 GMT; Path=/; Domain=.twitter.com; Secure; SameSite=None, guest_id_ads=v1%3A163881079831531272; Max-Age=63072000; Expires=Wed, 06 Dec 2023 17:13:18 GMT; Path=/; Domain=.twitter.com; Secure; SameSite=None, personalization_id="v1_xk1Du/dTfO+E8IVI8VGm/A=="; Max-Age=63072000; Expires=Wed, 06 Dec 2023 17:13:18 GMT; Path=/; Domain=.twitter.com; Secure; SameSite=None, guest_id=v1%3A163881079831531272; Max-Age=63072000; Expires=Wed, 06 Dec 2023 17:13:18 GMT; Path=/; Domain=.twitter.com; Secure; SameSite=None', 'api-version': '2.31', 'content-type': 'application/json; charset=utf-8', 'cache-control': 'no-cache, no-store, max-age=0', 'content-length': '133', 'x-access-level': 'read', 'x-frame-options': 'SAMEORIGIN', 'content-encoding': 'gzip', 'x-xss-protection': '0', 'x-rate-limit-limit': '300', 'x-rate-limit-reset': '1638811368', 'content-disposition': 'attachment; filename=json.json', 'x-content-type-options': 'nosniff', 'x-rate-limit-remaining': '29', 'strict-transport-security': 'max-age=631138519', 'x-response-time': '129', 'x-connection-hash': 'd43c164b9259ccde8940c36f3b8ddd5fcbb581739ab63219abe8fb6c98abd95b'}
Content: b'{"data":{"name":"Avenir Telecom","created_at":"2017-09-18T08:24:03.000Z","id":"909694493204647936","username":"AvenirTelecomfr"}}'
2021-12-06 18:13:19,121 WARNING :: Requesting users | getting AvenirTelecomfr
2021-12-06 18:13:19,123 DEBUG :: Making API request: GET https://api.twitter.com/2/users/by/username/Neovacs
Parameters: {'user.fields': 'created_at'}
Headers: {'User-Agent': 'Python/3.8.9 Requests/2.26.0 Tweepy/4.4.0', 'Authorization': 'Bearer AAAAAAAAAAAAAAAAAAAAAH68VwEAAAAA5DWkqX14lSgqQ2yid9RQhbV1meM%3D8jgI64BX4l8WPDrbahnwKYJFb1Hn9MMz85L2YNPQGGT3bfbSdv'}
Body: None
2021-12-06 18:13:19,125 DEBUG :: Starting new HTTPS connection (1): api.twitter.com:443
2021-12-06 18:13:19,349 DEBUG :: https://api.twitter.com:443 "GET /2/users/by/username/Neovacs?user.fields=created_at HTTP/1.1" 200 119
2021-12-06 18:13:19,350 DEBUG :: Received API response: 200 OK
Headers: {'date': 'Mon, 06 Dec 2021 17:13:18 UTC', 'server': 'tsa_f', 'set-cookie': 'guest_id_marketing=v1%3A163881079854660863; Max-Age=63072000; Expires=Wed, 06 Dec 2023 17:13:18 GMT; Path=/; Domain=.twitter.com; Secure; SameSite=None, guest_id_ads=v1%3A163881079854660863; Max-Age=63072000; Expires=Wed, 06 Dec 2023 17:13:18 GMT; Path=/; Domain=.twitter.com; Secure; SameSite=None, personalization_id="v1_CbwEnVpoSdpR+bfSbC0z/Q=="; Max-Age=63072000; Expires=Wed, 06 Dec 2023 17:13:18 GMT; Path=/; Domain=.twitter.com; Secure; SameSite=None, guest_id=v1%3A163881079854660863; Max-Age=63072000; Expires=Wed, 06 Dec 2023 17:13:18 GMT; Path=/; Domain=.twitter.com; Secure; SameSite=None', 'api-version': '2.31', 'content-type': 'application/json; charset=utf-8', 'cache-control': 'no-cache, no-store, max-age=0', 'content-length': '119', 'x-access-level': 'read', 'x-frame-options': 'SAMEORIGIN', 'content-encoding': 'gzip', 'x-xss-protection': '0', 'x-rate-limit-limit': '300', 'x-rate-limit-reset': '1638811368', 'content-disposition': 'attachment; filename=json.json', 'x-content-type-options': 'nosniff', 'x-rate-limit-remaining': '28', 'strict-transport-security': 'max-age=631138519', 'x-response-time': '130', 'x-connection-hash': 'c6506423daff9c445e5a2b10d2d39f1950f4f32d0aac0059a6977190dc5d7ffb'}
Content: b'{"data":{"created_at":"2015-12-02T08:20:37.000Z","username":"Neovacs","id":"4348632623","name":"Neovacs SA"}}'
2021-12-06 18:13:19,351 WARNING :: Requesting users | getting Neovacs
2021-12-06 18:13:19,352 DEBUG :: Making API request: GET https://api.twitter.com/2/users/by/username/EOSimaging
Parameters: {'user.fields': 'created_at'}
Headers: {'User-Agent': 'Python/3.8.9 Requests/2.26.0 Tweepy/4.4.0', 'Authorization': 'Bearer AAAAAAAAAAAAAAAAAAAAAH68VwEAAAAA5DWkqX14lSgqQ2yid9RQhbV1meM%3D8jgI64BX4l8WPDrbahnwKYJFb1Hn9MMz85L2YNPQGGT3bfbSdv'}
Body: None
2021-12-06 18:13:19,354 DEBUG :: Starting new HTTPS connection (1): api.twitter.com:443
2021-12-06 18:13:19,575 DEBUG :: https://api.twitter.com:443 "GET /2/users/by/username/EOSimaging?user.fields=created_at HTTP/1.1" 200 117
2021-12-06 18:13:19,576 DEBUG :: Received API response: 200 OK
Headers: {'date': 'Mon, 06 Dec 2021 17:13:18 UTC', 'server': 'tsa_f', 'set-cookie': 'guest_id_marketing=v1%3A163881079877166658; Max-Age=63072000; Expires=Wed, 06 Dec 2023 17:13:18 GMT; Path=/; Domain=.twitter.com; Secure; SameSite=None, guest_id_ads=v1%3A163881079877166658; Max-Age=63072000; Expires=Wed, 06 Dec 2023 17:13:18 GMT; Path=/; Domain=.twitter.com; Secure; SameSite=None, personalization_id="v1_J8fYsHJnm3OzDyBCLuCMyQ=="; Max-Age=63072000; Expires=Wed, 06 Dec 2023 17:13:18 GMT; Path=/; Domain=.twitter.com; Secure; SameSite=None, guest_id=v1%3A163881079877166658; Max-Age=63072000; Expires=Wed, 06 Dec 2023 17:13:18 GMT; Path=/; Domain=.twitter.com; Secure; SameSite=None', 'api-version': '2.31', 'content-type': 'application/json; charset=utf-8', 'cache-control': 'no-cache, no-store, max-age=0', 'content-length': '117', 'x-access-level': 'read', 'x-frame-options': 'SAMEORIGIN', 'content-encoding': 'gzip', 'x-xss-protection': '0', 'x-rate-limit-limit': '300', 'x-rate-limit-reset': '1638811368', 'content-disposition': 'attachment; filename=json.json', 'x-content-type-options': 'nosniff', 'x-rate-limit-remaining': '27', 'strict-transport-security': 'max-age=631138519', 'x-response-time': '131', 'x-connection-hash': '59fc5fb6c7b6132cf87df2aa11b2ca1e1aea0c79b999c09c07ac791188bb816b'}
Content: b'{"data":{"name":"EOS imaging","username":"EOSimaging","id":"2449706736","created_at":"2014-04-17T13:06:49.000Z"}}'
2021-12-06 18:13:19,576 WARNING :: Requesting users | getting EOSimaging
2021-12-06 18:13:19,577 DEBUG :: Making API request: GET https://api.twitter.com/2/users/by/username/DAFmag_fr
Parameters: {'user.fields': 'created_at'}
Headers: {'User-Agent': 'Python/3.8.9 Requests/2.26.0 Tweepy/4.4.0', 'Authorization': 'Bearer AAAAAAAAAAAAAAAAAAAAAH68VwEAAAAA5DWkqX14lSgqQ2yid9RQhbV1meM%3D8jgI64BX4l8WPDrbahnwKYJFb1Hn9MMz85L2YNPQGGT3bfbSdv'}
Body: None
2021-12-06 18:13:19,579 DEBUG :: Starting new HTTPS connection (1): api.twitter.com:443
2021-12-06 18:13:19,807 DEBUG :: https://api.twitter.com:443 "GET /2/users/by/username/DAFmag_fr?user.fields=created_at HTTP/1.1" 200 119
2021-12-06 18:13:19,808 DEBUG :: Received API response: 200 OK
Headers: {'date': 'Mon, 06 Dec 2021 17:13:19 UTC', 'server': 'tsa_f', 'set-cookie': 'guest_id_marketing=v1%3A163881079899673644; Max-Age=63072000; Expires=Wed, 06 Dec 2023 17:13:19 GMT; Path=/; Domain=.twitter.com; Secure; SameSite=None, guest_id_ads=v1%3A163881079899673644; Max-Age=63072000; Expires=Wed, 06 Dec 2023 17:13:19 GMT; Path=/; Domain=.twitter.com; Secure; SameSite=None, personalization_id="v1_Xfn/S/kPsDaLaFC8ktqC/Q=="; Max-Age=63072000; Expires=Wed, 06 Dec 2023 17:13:19 GMT; Path=/; Domain=.twitter.com; Secure; SameSite=None, guest_id=v1%3A163881079899673644; Max-Age=63072000; Expires=Wed, 06 Dec 2023 17:13:19 GMT; Path=/; Domain=.twitter.com; Secure; SameSite=None', 'api-version': '2.31', 'content-type': 'application/json; charset=utf-8', 'cache-control': 'no-cache, no-store, max-age=0', 'content-length': '119', 'x-access-level': 'read', 'x-frame-options': 'SAMEORIGIN', 'content-encoding': 'gzip', 'x-xss-protection': '0', 'x-rate-limit-limit': '300', 'x-rate-limit-reset': '1638811368', 'content-disposition': 'attachment; filename=json.json', 'x-content-type-options': 'nosniff', 'x-rate-limit-remaining': '26', 'strict-transport-security': 'max-age=631138519', 'x-response-time': '137', 'x-connection-hash': '187f6531051ed389bc56825fa6d2e70ac94c0fd2821f2524474ef40453df00d9'}
Content: b'{"data":{"username":"DAFmag_fr","created_at":"2012-11-08T15:32:26.000Z","id":"934755510","name":"DAFmag.fr"}}'
2021-12-06 18:13:19,808 WARNING :: Requesting users | getting DAFmag_fr
2021-12-06 18:13:19,809 DEBUG :: Making API request: GET https://api.twitter.com/2/users/by/username/groupemicropole
Parameters: {'user.fields': 'created_at'}
Headers: {'User-Agent': 'Python/3.8.9 Requests/2.26.0 Tweepy/4.4.0', 'Authorization': 'Bearer AAAAAAAAAAAAAAAAAAAAAH68VwEAAAAA5DWkqX14lSgqQ2yid9RQhbV1meM%3D8jgI64BX4l8WPDrbahnwKYJFb1Hn9MMz85L2YNPQGGT3bfbSdv'}
Body: None
2021-12-06 18:13:19,811 DEBUG :: Starting new HTTPS connection (1): api.twitter.com:443
2021-12-06 18:13:20,044 DEBUG :: https://api.twitter.com:443 "GET /2/users/by/username/groupemicropole?user.fields=created_at HTTP/1.1" 200 123
2021-12-06 18:13:20,046 DEBUG :: Received API response: 200 OK
Headers: {'date': 'Mon, 06 Dec 2021 17:13:19 UTC', 'server': 'tsa_f', 'set-cookie': 'guest_id_marketing=v1%3A163881079922621127; Max-Age=63072000; Expires=Wed, 06 Dec 2023 17:13:19 GMT; Path=/; Domain=.twitter.com; Secure; SameSite=None, guest_id_ads=v1%3A163881079922621127; Max-Age=63072000; Expires=Wed, 06 Dec 2023 17:13:19 GMT; Path=/; Domain=.twitter.com; Secure; SameSite=None, personalization_id="v1_xSMo5n/kE1tadcBtw770Cw=="; Max-Age=63072000; Expires=Wed, 06 Dec 2023 17:13:19 GMT; Path=/; Domain=.twitter.com; Secure; SameSite=None, guest_id=v1%3A163881079922621127; Max-Age=63072000; Expires=Wed, 06 Dec 2023 17:13:19 GMT; Path=/; Domain=.twitter.com; Secure; SameSite=None', 'api-version': '2.31', 'content-type': 'application/json; charset=utf-8', 'cache-control': 'no-cache, no-store, max-age=0', 'content-length': '123', 'x-access-level': 'read', 'x-frame-options': 'SAMEORIGIN', 'content-encoding': 'gzip', 'x-xss-protection': '0', 'x-rate-limit-limit': '300', 'x-rate-limit-reset': '1638811368', 'content-disposition': 'attachment; filename=json.json', 'x-content-type-options': 'nosniff', 'x-rate-limit-remaining': '25', 'strict-transport-security': 'max-age=631138519', 'x-response-time': '141', 'x-connection-hash': 'c506c339fee52f2f05cb0d6b30e767ca0c94221fed079ff65f99958a1678e32b'}
Content: b'{"data":{"created_at":"2009-10-28T08:58:32.000Z","username":"groupemicropole","id":"85776157","name":"Micropole"}}'
2021-12-06 18:13:20,046 WARNING :: Requesting users | getting groupemicropole
2021-12-06 18:13:20,048 DEBUG :: Making API request: GET https://api.twitter.com/2/users/by/username/PrimerdesignLtd
Parameters: {'user.fields': 'created_at'}
Headers: {'User-Agent': 'Python/3.8.9 Requests/2.26.0 Tweepy/4.4.0', 'Authorization': 'Bearer AAAAAAAAAAAAAAAAAAAAAH68VwEAAAAA5DWkqX14lSgqQ2yid9RQhbV1meM%3D8jgI64BX4l8WPDrbahnwKYJFb1Hn9MMz85L2YNPQGGT3bfbSdv'}
Body: None
2021-12-06 18:13:20,051 DEBUG :: Starting new HTTPS connection (1): api.twitter.com:443
2021-12-06 18:13:20,345 DEBUG :: https://api.twitter.com:443 "GET /2/users/by/username/PrimerdesignLtd?user.fields=created_at HTTP/1.1" 200 118
2021-12-06 18:13:20,346 DEBUG :: Received API response: 200 OK
Headers: {'date': 'Mon, 06 Dec 2021 17:13:19 UTC', 'server': 'tsa_f', 'set-cookie': 'guest_id_marketing=v1%3A163881079953434224; Max-Age=63072000; Expires=Wed, 06 Dec 2023 17:13:19 GMT; Path=/; Domain=.twitter.com; Secure; SameSite=None, guest_id_ads=v1%3A163881079953434224; Max-Age=63072000; Expires=Wed, 06 Dec 2023 17:13:19 GMT; Path=/; Domain=.twitter.com; Secure; SameSite=None, personalization_id="v1_lJx5JHsdwjYsuzxMzupK0g=="; Max-Age=63072000; Expires=Wed, 06 Dec 2023 17:13:19 GMT; Path=/; Domain=.twitter.com; Secure; SameSite=None, guest_id=v1%3A163881079953434224; Max-Age=63072000; Expires=Wed, 06 Dec 2023 17:13:19 GMT; Path=/; Domain=.twitter.com; Secure; SameSite=None', 'api-version': '2.31', 'content-type': 'application/json; charset=utf-8', 'cache-control': 'no-cache, no-store, max-age=0', 'content-length': '118', 'x-access-level': 'read', 'x-frame-options': 'SAMEORIGIN', 'content-encoding': 'gzip', 'x-xss-protection': '0', 'x-rate-limit-limit': '300', 'x-rate-limit-reset': '1638811368', 'content-disposition': 'attachment; filename=json.json', 'x-content-type-options': 'nosniff', 'x-rate-limit-remaining': '24', 'strict-transport-security': 'max-age=631138519', 'x-response-time': '205', 'x-connection-hash': 'e5d7a84654a4a9df4525c5ab7d85c58ba96b816c69b986c4894f80c4a19cc046'}
Content: b'{"data":{"name":"Primerdesign","username":"PrimerdesignLtd","created_at":"2011-05-13T15:56:24.000Z","id":"298059805"}}'
2021-12-06 18:13:20,346 WARNING :: Requesting users | getting PrimerdesignLtd
2021-12-06 18:13:20,347 DEBUG :: Making API request: GET https://api.twitter.com/2/users/by/username/MicrogenBioProd
Parameters: {'user.fields': 'created_at'}
Headers: {'User-Agent': 'Python/3.8.9 Requests/2.26.0 Tweepy/4.4.0', 'Authorization': 'Bearer AAAAAAAAAAAAAAAAAAAAAH68VwEAAAAA5DWkqX14lSgqQ2yid9RQhbV1meM%3D8jgI64BX4l8WPDrbahnwKYJFb1Hn9MMz85L2YNPQGGT3bfbSdv'}
Body: None
2021-12-06 18:13:20,349 DEBUG :: Starting new HTTPS connection (1): api.twitter.com:443
2021-12-06 18:13:20,574 DEBUG :: https://api.twitter.com:443 "GET /2/users/by/username/MicrogenBioProd?user.fields=created_at HTTP/1.1" 200 136
2021-12-06 18:13:20,575 DEBUG :: Received API response: 200 OK
Headers: {'date': 'Mon, 06 Dec 2021 17:13:19 UTC', 'server': 'tsa_f', 'set-cookie': 'guest_id_marketing=v1%3A163881079976722299; Max-Age=63072000; Expires=Wed, 06 Dec 2023 17:13:19 GMT; Path=/; Domain=.twitter.com; Secure; SameSite=None, guest_id_ads=v1%3A163881079976722299; Max-Age=63072000; Expires=Wed, 06 Dec 2023 17:13:19 GMT; Path=/; Domain=.twitter.com; Secure; SameSite=None, personalization_id="v1_oy0eBYRxY+4ny50M/uHQNg=="; Max-Age=63072000; Expires=Wed, 06 Dec 2023 17:13:19 GMT; Path=/; Domain=.twitter.com; Secure; SameSite=None, guest_id=v1%3A163881079976722299; Max-Age=63072000; Expires=Wed, 06 Dec 2023 17:13:19 GMT; Path=/; Domain=.twitter.com; Secure; SameSite=None', 'api-version': '2.31', 'content-type': 'application/json; charset=utf-8', 'cache-control': 'no-cache, no-store, max-age=0', 'content-length': '136', 'x-access-level': 'read', 'x-frame-options': 'SAMEORIGIN', 'content-encoding': 'gzip', 'x-xss-protection': '0', 'x-rate-limit-limit': '300', 'x-rate-limit-reset': '1638811368', 'content-disposition': 'attachment; filename=json.json', 'x-content-type-options': 'nosniff', 'x-rate-limit-remaining': '23', 'strict-transport-security': 'max-age=631138519', 'x-response-time': '132', 'x-connection-hash': '56c87a1805f35e688fd2d1d4ffdb6de9ab1e9f1402cca71bb773501705917ad5'}
Content: b'{"data":{"id":"1094961724858470400","name":"Microgen BioProducts","username":"MicrogenBioProd","created_at":"2019-02-11T14:09:53.000Z"}}'
2021-12-06 18:13:20,575 WARNING :: Requesting users | getting MicrogenBioProd
2021-12-06 18:13:20,576 DEBUG :: Making API request: GET https://api.twitter.com/2/users/by/username/DeltaDrone
Parameters: {'user.fields': 'created_at'}
Headers: {'User-Agent': 'Python/3.8.9 Requests/2.26.0 Tweepy/4.4.0', 'Authorization': 'Bearer AAAAAAAAAAAAAAAAAAAAAH68VwEAAAAA5DWkqX14lSgqQ2yid9RQhbV1meM%3D8jgI64BX4l8WPDrbahnwKYJFb1Hn9MMz85L2YNPQGGT3bfbSdv'}
Body: None
2021-12-06 18:13:20,578 DEBUG :: Starting new HTTPS connection (1): api.twitter.com:443
2021-12-06 18:13:20,793 DEBUG :: https://api.twitter.com:443 "GET /2/users/by/username/DeltaDrone?user.fields=created_at HTTP/1.1" 200 119
2021-12-06 18:13:20,794 DEBUG :: Received API response: 200 OK
Headers: {'date': 'Mon, 06 Dec 2021 17:13:20 UTC', 'server': 'tsa_f', 'set-cookie': 'guest_id_marketing=v1%3A163881079998985602; Max-Age=63072000; Expires=Wed, 06 Dec 2023 17:13:20 GMT; Path=/; Domain=.twitter.com; Secure; SameSite=None, guest_id_ads=v1%3A163881079998985602; Max-Age=63072000; Expires=Wed, 06 Dec 2023 17:13:20 GMT; Path=/; Domain=.twitter.com; Secure; SameSite=None, personalization_id="v1_9f8CGxMwzHCgBU0XjUkTPw=="; Max-Age=63072000; Expires=Wed, 06 Dec 2023 17:13:20 GMT; Path=/; Domain=.twitter.com; Secure; SameSite=None, guest_id=v1%3A163881079998985602; Max-Age=63072000; Expires=Wed, 06 Dec 2023 17:13:20 GMT; Path=/; Domain=.twitter.com; Secure; SameSite=None', 'api-version': '2.31', 'content-type': 'application/json; charset=utf-8', 'cache-control': 'no-cache, no-store, max-age=0', 'content-length': '119', 'x-access-level': 'read', 'x-frame-options': 'SAMEORIGIN', 'content-encoding': 'gzip', 'x-xss-protection': '0', 'x-rate-limit-limit': '300', 'x-rate-limit-reset': '1638811368', 'content-disposition': 'attachment; filename=json.json', 'x-content-type-options': 'nosniff', 'x-rate-limit-remaining': '22', 'strict-transport-security': 'max-age=631138519', 'x-response-time': '130', 'x-connection-hash': '19e9d7fdfd9e37947ed4b705e1c18ba376f6f26d2e8ec82a529db28bbe8f3799'}
Content: b'{"data":{"username":"DeltaDrone","id":"1070860650","created_at":"2013-01-08T13:03:56.000Z","name":"Delta Drone"}}'
2021-12-06 18:13:20,794 WARNING :: Requesting users | getting DeltaDrone
2021-12-06 18:13:20,795 DEBUG :: Making API request: GET https://api.twitter.com/2/users/by/username/SensorionPharma
Parameters: {'user.fields': 'created_at'}
Headers: {'User-Agent': 'Python/3.8.9 Requests/2.26.0 Tweepy/4.4.0', 'Authorization': 'Bearer AAAAAAAAAAAAAAAAAAAAAH68VwEAAAAA5DWkqX14lSgqQ2yid9RQhbV1meM%3D8jgI64BX4l8WPDrbahnwKYJFb1Hn9MMz85L2YNPQGGT3bfbSdv'}
Body: None
2021-12-06 18:13:20,797 DEBUG :: Starting new HTTPS connection (1): api.twitter.com:443
2021-12-06 18:13:21,021 DEBUG :: https://api.twitter.com:443 "GET /2/users/by/username/SensorionPharma?user.fields=created_at HTTP/1.1" 200 126
2021-12-06 18:13:21,022 DEBUG :: Received API response: 200 OK
Headers: {'date': 'Mon, 06 Dec 2021 17:13:20 UTC', 'server': 'tsa_f', 'set-cookie': 'guest_id_marketing=v1%3A163881080021102772; Max-Age=63072000; Expires=Wed, 06 Dec 2023 17:13:20 GMT; Path=/; Domain=.twitter.com; Secure; SameSite=None, guest_id_ads=v1%3A163881080021102772; Max-Age=63072000; Expires=Wed, 06 Dec 2023 17:13:20 GMT; Path=/; Domain=.twitter.com; Secure; SameSite=None, personalization_id="v1_2vkciVy4xLkeKzfsjvQEUA=="; Max-Age=63072000; Expires=Wed, 06 Dec 2023 17:13:20 GMT; Path=/; Domain=.twitter.com; Secure; SameSite=None, guest_id=v1%3A163881080021102772; Max-Age=63072000; Expires=Wed, 06 Dec 2023 17:13:20 GMT; Path=/; Domain=.twitter.com; Secure; SameSite=None', 'api-version': '2.31', 'content-type': 'application/json; charset=utf-8', 'cache-control': 'no-cache, no-store, max-age=0', 'content-length': '126', 'x-access-level': 'read', 'x-frame-options': 'SAMEORIGIN', 'content-encoding': 'gzip', 'x-xss-protection': '0', 'x-rate-limit-limit': '300', 'x-rate-limit-reset': '1638811368', 'content-disposition': 'attachment; filename=json.json', 'x-content-type-options': 'nosniff', 'x-rate-limit-remaining': '21', 'strict-transport-security': 'max-age=631138519', 'x-response-time': '136', 'x-connection-hash': '2eef34d1d449e944c1de027aefe791033b9b904a3c97543f5e696360583a1650'}
Content: b'{"data":{"name":"Sensorion","id":"916343661675376640","username":"SensorionPharma","created_at":"2017-10-06T16:45:28.000Z"}}'
2021-12-06 18:13:21,022 WARNING :: Requesting users | getting SensorionPharma
2021-12-06 18:13:21,024 DEBUG :: Making API request: GET https://api.twitter.com/2/users/by/username/groupechargeurs
Parameters: {'user.fields': 'created_at'}
Headers: {'User-Agent': 'Python/3.8.9 Requests/2.26.0 Tweepy/4.4.0', 'Authorization': 'Bearer AAAAAAAAAAAAAAAAAAAAAH68VwEAAAAA5DWkqX14lSgqQ2yid9RQhbV1meM%3D8jgI64BX4l8WPDrbahnwKYJFb1Hn9MMz85L2YNPQGGT3bfbSdv'}
Body: None
2021-12-06 18:13:21,026 DEBUG :: Starting new HTTPS connection (1): api.twitter.com:443
2021-12-06 18:13:21,241 DEBUG :: https://api.twitter.com:443 "GET /2/users/by/username/groupechargeurs?user.fields=created_at HTTP/1.1" 200 136
2021-12-06 18:13:21,243 DEBUG :: Received API response: 200 OK
Headers: {'date': 'Mon, 06 Dec 2021 17:13:20 UTC', 'server': 'tsa_f', 'set-cookie': 'guest_id_marketing=v1%3A163881080043626632; Max-Age=63072000; Expires=Wed, 06 Dec 2023 17:13:20 GMT; Path=/; Domain=.twitter.com; Secure; SameSite=None, guest_id_ads=v1%3A163881080043626632; Max-Age=63072000; Expires=Wed, 06 Dec 2023 17:13:20 GMT; Path=/; Domain=.twitter.com; Secure; SameSite=None, personalization_id="v1_y/yPG/ECgIPPI/GAZkTCow=="; Max-Age=63072000; Expires=Wed, 06 Dec 2023 17:13:20 GMT; Path=/; Domain=.twitter.com; Secure; SameSite=None, guest_id=v1%3A163881080043626632; Max-Age=63072000; Expires=Wed, 06 Dec 2023 17:13:20 GMT; Path=/; Domain=.twitter.com; Secure; SameSite=None', 'api-version': '2.31', 'content-type': 'application/json; charset=utf-8', 'cache-control': 'no-cache, no-store, max-age=0', 'content-length': '136', 'x-access-level': 'read', 'x-frame-options': 'SAMEORIGIN', 'content-encoding': 'gzip', 'x-xss-protection': '0', 'x-rate-limit-limit': '300', 'x-rate-limit-reset': '1638811368', 'content-disposition': 'attachment; filename=json.json', 'x-content-type-options': 'nosniff', 'x-rate-limit-remaining': '20', 'strict-transport-security': 'max-age=631138519', 'x-response-time': '131', 'x-connection-hash': '6d36dcdf3be5bca9eb5aeeb4a18a7b0e4e81d3012f6efe34ba63ec0d917dc8f1'}
Content: b'{"data":{"name":"Groupe #Chargeurs","username":"groupechargeurs","created_at":"2019-05-17T12:44:17.000Z","id":"1129367031751618560"}}'
2021-12-06 18:13:21,243 WARNING :: Requesting users | getting groupechargeurs
2021-12-06 18:13:21,244 DEBUG :: Making API request: GET https://api.twitter.com/2/users/by/username/UVGERMI
Parameters: {'user.fields': 'created_at'}
Headers: {'User-Agent': 'Python/3.8.9 Requests/2.26.0 Tweepy/4.4.0', 'Authorization': 'Bearer AAAAAAAAAAAAAAAAAAAAAH68VwEAAAAA5DWkqX14lSgqQ2yid9RQhbV1meM%3D8jgI64BX4l8WPDrbahnwKYJFb1Hn9MMz85L2YNPQGGT3bfbSdv'}
Body: None
2021-12-06 18:13:21,246 DEBUG :: Starting new HTTPS connection (1): api.twitter.com:443
2021-12-06 18:13:21,495 DEBUG :: https://api.twitter.com:443 "GET /2/users/by/username/UVGERMI?user.fields=created_at HTTP/1.1" 200 127
2021-12-06 18:13:21,496 DEBUG :: Received API response: 200 OK
Headers: {'date': 'Mon, 06 Dec 2021 17:13:20 UTC', 'server': 'tsa_f', 'set-cookie': 'guest_id_marketing=v1%3A163881080068708619; Max-Age=63072000; Expires=Wed, 06 Dec 2023 17:13:20 GMT; Path=/; Domain=.twitter.com; Secure; SameSite=None, guest_id_ads=v1%3A163881080068708619; Max-Age=63072000; Expires=Wed, 06 Dec 2023 17:13:20 GMT; Path=/; Domain=.twitter.com; Secure; SameSite=None, personalization_id="v1_IU4ajPi6oka6O+NLbMS5Tg=="; Max-Age=63072000; Expires=Wed, 06 Dec 2023 17:13:20 GMT; Path=/; Domain=.twitter.com; Secure; SameSite=None, guest_id=v1%3A163881080068708619; Max-Age=63072000; Expires=Wed, 06 Dec 2023 17:13:20 GMT; Path=/; Domain=.twitter.com; Secure; SameSite=None', 'api-version': '2.31', 'content-type': 'application/json; charset=utf-8', 'cache-control': 'no-cache, no-store, max-age=0', 'content-length': '127', 'x-access-level': 'read', 'x-frame-options': 'SAMEORIGIN', 'content-encoding': 'gzip', 'x-xss-protection': '0', 'x-rate-limit-limit': '300', 'x-rate-limit-reset': '1638811368', 'content-disposition': 'attachment; filename=json.json', 'x-content-type-options': 'nosniff', 'x-rate-limit-remaining': '19', 'strict-transport-security': 'max-age=631138519', 'x-response-time': '133', 'x-connection-hash': '7fc56eace3c262f525e6674112c95a204e792d7940dd917b5c2e0e31327b1a84'}
Content: b'{"data":{"created_at":"2018-10-01T09:17:32.000Z","name":"UVGERMI\xc2\xae","username":"UVGERMI","id":"1046690566581432320"}}'
2021-12-06 18:13:21,496 WARNING :: Requesting users | getting UVGERMI
2021-12-06 18:13:21,498 DEBUG :: Making API request: GET https://api.twitter.com/2/users/by/username/MedinCell
Parameters: {'user.fields': 'created_at'}
Headers: {'User-Agent': 'Python/3.8.9 Requests/2.26.0 Tweepy/4.4.0', 'Authorization': 'Bearer AAAAAAAAAAAAAAAAAAAAAH68VwEAAAAA5DWkqX14lSgqQ2yid9RQhbV1meM%3D8jgI64BX4l8WPDrbahnwKYJFb1Hn9MMz85L2YNPQGGT3bfbSdv'}
Body: None
2021-12-06 18:13:21,500 DEBUG :: Starting new HTTPS connection (1): api.twitter.com:443
2021-12-06 18:13:21,741 DEBUG :: https://api.twitter.com:443 "GET /2/users/by/username/MedinCell?user.fields=created_at HTTP/1.1" 200 113
2021-12-06 18:13:21,742 DEBUG :: Received API response: 200 OK
Headers: {'date': 'Mon, 06 Dec 2021 17:13:20 UTC', 'server': 'tsa_f', 'set-cookie': 'guest_id_marketing=v1%3A163881080093632928; Max-Age=63072000; Expires=Wed, 06 Dec 2023 17:13:20 GMT; Path=/; Domain=.twitter.com; Secure; SameSite=None, guest_id_ads=v1%3A163881080093632928; Max-Age=63072000; Expires=Wed, 06 Dec 2023 17:13:20 GMT; Path=/; Domain=.twitter.com; Secure; SameSite=None, personalization_id="v1_/aGujovkk+QiBfiK2v6KYA=="; Max-Age=63072000; Expires=Wed, 06 Dec 2023 17:13:20 GMT; Path=/; Domain=.twitter.com; Secure; SameSite=None, guest_id=v1%3A163881080093632928; Max-Age=63072000; Expires=Wed, 06 Dec 2023 17:13:20 GMT; Path=/; Domain=.twitter.com; Secure; SameSite=None', 'api-version': '2.31', 'content-type': 'application/json; charset=utf-8', 'cache-control': 'no-cache, no-store, max-age=0', 'content-length': '113', 'x-access-level': 'read', 'x-frame-options': 'SAMEORIGIN', 'content-encoding': 'gzip', 'x-xss-protection': '0', 'x-rate-limit-limit': '300', 'x-rate-limit-reset': '1638811368', 'content-disposition': 'attachment; filename=json.json', 'x-content-type-options': 'nosniff', 'x-rate-limit-remaining': '18', 'strict-transport-security': 'max-age=631138519', 'x-response-time': '132', 'x-connection-hash': '51ae78e31660f429ac7436992d312d35996cba2da8c78ddb41ac86bb9512c8d6'}
Content: b'{"data":{"created_at":"2009-12-16T03:42:27.000Z","id":"97127367","username":"MedinCell","name":"MedinCell"}}'
2021-12-06 18:13:21,742 WARNING :: Requesting users | getting MedinCell
2021-12-06 18:13:21,744 DEBUG :: Making API request: GET https://api.twitter.com/2/users/by/username/cellectis
Parameters: {'user.fields': 'created_at'}
Headers: {'User-Agent': 'Python/3.8.9 Requests/2.26.0 Tweepy/4.4.0', 'Authorization': 'Bearer AAAAAAAAAAAAAAAAAAAAAH68VwEAAAAA5DWkqX14lSgqQ2yid9RQhbV1meM%3D8jgI64BX4l8WPDrbahnwKYJFb1Hn9MMz85L2YNPQGGT3bfbSdv'}
Body: None
2021-12-06 18:13:21,745 DEBUG :: Starting new HTTPS connection (1): api.twitter.com:443
2021-12-06 18:13:21,982 DEBUG :: https://api.twitter.com:443 "GET /2/users/by/username/cellectis?user.fields=created_at HTTP/1.1" 200 115
2021-12-06 18:13:21,983 DEBUG :: Received API response: 200 OK
Headers: {'date': 'Mon, 06 Dec 2021 17:13:21 UTC', 'server': 'tsa_f', 'set-cookie': 'guest_id_marketing=v1%3A163881080117528389; Max-Age=63072000; Expires=Wed, 06 Dec 2023 17:13:21 GMT; Path=/; Domain=.twitter.com; Secure; SameSite=None, guest_id_ads=v1%3A163881080117528389; Max-Age=63072000; Expires=Wed, 06 Dec 2023 17:13:21 GMT; Path=/; Domain=.twitter.com; Secure; SameSite=None, personalization_id="v1_mqsBiFO+dobJ2BrNHQcQnw=="; Max-Age=63072000; Expires=Wed, 06 Dec 2023 17:13:21 GMT; Path=/; Domain=.twitter.com; Secure; SameSite=None, guest_id=v1%3A163881080117528389; Max-Age=63072000; Expires=Wed, 06 Dec 2023 17:13:21 GMT; Path=/; Domain=.twitter.com; Secure; SameSite=None', 'api-version': '2.31', 'content-type': 'application/json; charset=utf-8', 'cache-control': 'no-cache, no-store, max-age=0', 'content-length': '115', 'x-access-level': 'read', 'x-frame-options': 'SAMEORIGIN', 'content-encoding': 'gzip', 'x-xss-protection': '0', 'x-rate-limit-limit': '300', 'x-rate-limit-reset': '1638811368', 'content-disposition': 'attachment; filename=json.json', 'x-content-type-options': 'nosniff', 'x-rate-limit-remaining': '17', 'strict-transport-security': 'max-age=631138519', 'x-response-time': '133', 'x-connection-hash': '3e3eb4af0c4aa15b0f188bc4b72157edf4f2e0a1f26582bfbab8b2069a54f422'}
Content: b'{"data":{"name":"Cellectis","id":"81887593","username":"cellectis","created_at":"2009-10-12T17:21:25.000Z"}}'
2021-12-06 18:13:21,983 WARNING :: Requesting users | getting cellectis
2021-12-06 18:13:21,985 DEBUG :: Making API request: GET https://api.twitter.com/2/users/by/username/Carbios
Parameters: {'user.fields': 'created_at'}
Headers: {'User-Agent': 'Python/3.8.9 Requests/2.26.0 Tweepy/4.4.0', 'Authorization': 'Bearer AAAAAAAAAAAAAAAAAAAAAH68VwEAAAAA5DWkqX14lSgqQ2yid9RQhbV1meM%3D8jgI64BX4l8WPDrbahnwKYJFb1Hn9MMz85L2YNPQGGT3bfbSdv'}
Body: None
2021-12-06 18:13:21,986 DEBUG :: Starting new HTTPS connection (1): api.twitter.com:443
2021-12-06 18:13:22,228 DEBUG :: https://api.twitter.com:443 "GET /2/users/by/username/Carbios?user.fields=created_at HTTP/1.1" 200 114
2021-12-06 18:13:22,229 DEBUG :: Received API response: 200 OK
Headers: {'date': 'Mon, 06 Dec 2021 17:13:21 UTC', 'server': 'tsa_f', 'set-cookie': 'guest_id_marketing=v1%3A163881080142109511; Max-Age=63072000; Expires=Wed, 06 Dec 2023 17:13:21 GMT; Path=/; Domain=.twitter.com; Secure; SameSite=None, guest_id_ads=v1%3A163881080142109511; Max-Age=63072000; Expires=Wed, 06 Dec 2023 17:13:21 GMT; Path=/; Domain=.twitter.com; Secure; SameSite=None, personalization_id="v1_YzSJOJqIGSgWxckw+h7S6g=="; Max-Age=63072000; Expires=Wed, 06 Dec 2023 17:13:21 GMT; Path=/; Domain=.twitter.com; Secure; SameSite=None, guest_id=v1%3A163881080142109511; Max-Age=63072000; Expires=Wed, 06 Dec 2023 17:13:21 GMT; Path=/; Domain=.twitter.com; Secure; SameSite=None', 'api-version': '2.31', 'content-type': 'application/json; charset=utf-8', 'cache-control': 'no-cache, no-store, max-age=0', 'content-length': '114', 'x-access-level': 'read', 'x-frame-options': 'SAMEORIGIN', 'content-encoding': 'gzip', 'x-xss-protection': '0', 'x-rate-limit-limit': '300', 'x-rate-limit-reset': '1638811368', 'content-disposition': 'attachment; filename=json.json', 'x-content-type-options': 'nosniff', 'x-rate-limit-remaining': '16', 'strict-transport-security': 'max-age=631138519', 'x-response-time': '132', 'x-connection-hash': '2d5dc6d9cbcac910750613c43425818f57723feec33be5bf46cb673f5f958e98'}
Content: b'{"data":{"id":"2221732909","created_at":"2013-11-29T16:42:25.000Z","name":"Carbios","username":"Carbios"}}'
2021-12-06 18:13:22,229 WARNING :: Requesting users | getting Carbios
2021-12-06 18:13:22,231 DEBUG :: Making API request: GET https://api.twitter.com/2/users/by/username/ImplanetJAZZ
Parameters: {'user.fields': 'created_at'}
Headers: {'User-Agent': 'Python/3.8.9 Requests/2.26.0 Tweepy/4.4.0', 'Authorization': 'Bearer AAAAAAAAAAAAAAAAAAAAAH68VwEAAAAA5DWkqX14lSgqQ2yid9RQhbV1meM%3D8jgI64BX4l8WPDrbahnwKYJFb1Hn9MMz85L2YNPQGGT3bfbSdv'}
Body: None
2021-12-06 18:13:22,233 DEBUG :: Starting new HTTPS connection (1): api.twitter.com:443
2021-12-06 18:13:22,479 DEBUG :: https://api.twitter.com:443 "GET /2/users/by/username/ImplanetJAZZ?user.fields=created_at HTTP/1.1" 200 118
2021-12-06 18:13:22,481 DEBUG :: Received API response: 200 OK
Headers: {'date': 'Mon, 06 Dec 2021 17:13:21 UTC', 'server': 'tsa_f', 'set-cookie': 'guest_id_marketing=v1%3A163881080167193356; Max-Age=63072000; Expires=Wed, 06 Dec 2023 17:13:21 GMT; Path=/; Domain=.twitter.com; Secure; SameSite=None, guest_id_ads=v1%3A163881080167193356; Max-Age=63072000; Expires=Wed, 06 Dec 2023 17:13:21 GMT; Path=/; Domain=.twitter.com; Secure; SameSite=None, personalization_id="v1_bUD6EztsbWlJDYLYjwFiog=="; Max-Age=63072000; Expires=Wed, 06 Dec 2023 17:13:21 GMT; Path=/; Domain=.twitter.com; Secure; SameSite=None, guest_id=v1%3A163881080167193356; Max-Age=63072000; Expires=Wed, 06 Dec 2023 17:13:21 GMT; Path=/; Domain=.twitter.com; Secure; SameSite=None', 'api-version': '2.31', 'content-type': 'application/json; charset=utf-8', 'cache-control': 'no-cache, no-store, max-age=0', 'content-length': '118', 'x-access-level': 'read', 'x-frame-options': 'SAMEORIGIN', 'content-encoding': 'gzip', 'x-xss-protection': '0', 'x-rate-limit-limit': '300', 'x-rate-limit-reset': '1638811368', 'content-disposition': 'attachment; filename=json.json', 'x-content-type-options': 'nosniff', 'x-rate-limit-remaining': '15', 'strict-transport-security': 'max-age=631138519', 'x-response-time': '132', 'x-connection-hash': '9d7ceaf929df240b19cac73cf9327adeed4faf74cc6ed8a0b84c2397ee912b71'}
Content: b'{"data":{"id":"4235480235","created_at":"2015-11-20T15:48:08.000Z","name":"Implanet","username":"ImplanetJAZZ"}}'
2021-12-06 18:13:22,481 WARNING :: Requesting users | getting ImplanetJAZZ
2021-12-06 18:13:22,483 DEBUG :: Making API request: GET https://api.twitter.com/2/users/by/username/Biocartis_
Parameters: {'user.fields': 'created_at'}
Headers: {'User-Agent': 'Python/3.8.9 Requests/2.26.0 Tweepy/4.4.0', 'Authorization': 'Bearer AAAAAAAAAAAAAAAAAAAAAH68VwEAAAAA5DWkqX14lSgqQ2yid9RQhbV1meM%3D8jgI64BX4l8WPDrbahnwKYJFb1Hn9MMz85L2YNPQGGT3bfbSdv'}
Body: None
2021-12-06 18:13:22,485 DEBUG :: Starting new HTTPS connection (1): api.twitter.com:443
2021-12-06 18:13:22,724 DEBUG :: https://api.twitter.com:443 "GET /2/users/by/username/Biocartis_?user.fields=created_at HTTP/1.1" 200 114
2021-12-06 18:13:22,726 DEBUG :: Received API response: 200 OK
Headers: {'date': 'Mon, 06 Dec 2021 17:13:21 UTC', 'server': 'tsa_f', 'set-cookie': 'guest_id_marketing=v1%3A163881080192214602; Max-Age=63072000; Expires=Wed, 06 Dec 2023 17:13:21 GMT; Path=/; Domain=.twitter.com; Secure; SameSite=None, guest_id_ads=v1%3A163881080192214602; Max-Age=63072000; Expires=Wed, 06 Dec 2023 17:13:21 GMT; Path=/; Domain=.twitter.com; Secure; SameSite=None, personalization_id="v1_ScT0859AGxL6xfQm0Qk3jA=="; Max-Age=63072000; Expires=Wed, 06 Dec 2023 17:13:21 GMT; Path=/; Domain=.twitter.com; Secure; SameSite=None, guest_id=v1%3A163881080192214602; Max-Age=63072000; Expires=Wed, 06 Dec 2023 17:13:21 GMT; Path=/; Domain=.twitter.com; Secure; SameSite=None', 'api-version': '2.31', 'content-type': 'application/json; charset=utf-8', 'cache-control': 'no-cache, no-store, max-age=0', 'content-length': '114', 'x-access-level': 'read', 'x-frame-options': 'SAMEORIGIN', 'content-encoding': 'gzip', 'x-xss-protection': '0', 'x-rate-limit-limit': '300', 'x-rate-limit-reset': '1638811368', 'content-disposition': 'attachment; filename=json.json', 'x-content-type-options': 'nosniff', 'x-rate-limit-remaining': '14', 'strict-transport-security': 'max-age=631138519', 'x-response-time': '128', 'x-connection-hash': 'efcb92045c7070ee96fe399cafc2b2f0909625d029e66dc329e04f222d7f97e3'}
Content: b'{"data":{"created_at":"2011-11-11T15:37:46.000Z","username":"Biocartis_","name":"Biocartis","id":"410053275"}}'
2021-12-06 18:13:22,727 WARNING :: Requesting users | getting Biocartis_
2021-12-06 18:13:22,730 DEBUG :: Making API request: GET https://api.twitter.com/2/users/by/username/maunakeatech
Parameters: {'user.fields': 'created_at'}
Headers: {'User-Agent': 'Python/3.8.9 Requests/2.26.0 Tweepy/4.4.0', 'Authorization': 'Bearer AAAAAAAAAAAAAAAAAAAAAH68VwEAAAAA5DWkqX14lSgqQ2yid9RQhbV1meM%3D8jgI64BX4l8WPDrbahnwKYJFb1Hn9MMz85L2YNPQGGT3bfbSdv'}
Body: None
2021-12-06 18:13:22,733 DEBUG :: Starting new HTTPS connection (1): api.twitter.com:443
2021-12-06 18:13:22,996 DEBUG :: https://api.twitter.com:443 "GET /2/users/by/username/maunakeatech?user.fields=created_at HTTP/1.1" 200 151
2021-12-06 18:13:22,997 DEBUG :: Received API response: 200 OK
Headers: {'date': 'Mon, 06 Dec 2021 17:13:22 UTC', 'server': 'tsa_f', 'set-cookie': 'guest_id_marketing=v1%3A163881080217373650; Max-Age=63072000; Expires=Wed, 06 Dec 2023 17:13:22 GMT; Path=/; Domain=.twitter.com; Secure; SameSite=None, guest_id_ads=v1%3A163881080217373650; Max-Age=63072000; Expires=Wed, 06 Dec 2023 17:13:22 GMT; Path=/; Domain=.twitter.com; Secure; SameSite=None, personalization_id="v1_QkGo/W/oa59Qdn3Cq06k2Q=="; Max-Age=63072000; Expires=Wed, 06 Dec 2023 17:13:22 GMT; Path=/; Domain=.twitter.com; Secure; SameSite=None, guest_id=v1%3A163881080217373650; Max-Age=63072000; Expires=Wed, 06 Dec 2023 17:13:22 GMT; Path=/; Domain=.twitter.com; Secure; SameSite=None', 'api-version': '2.31', 'content-type': 'application/json; charset=utf-8', 'cache-control': 'no-cache, no-store, max-age=0', 'content-length': '151', 'x-access-level': 'read', 'x-frame-options': 'SAMEORIGIN', 'content-encoding': 'gzip', 'x-xss-protection': '0', 'x-rate-limit-limit': '300', 'x-rate-limit-reset': '1638811368', 'content-disposition': 'attachment; filename=json.json', 'x-content-type-options': 'nosniff', 'x-rate-limit-remaining': '13', 'strict-transport-security': 'max-age=631138519', 'x-response-time': '148', 'x-connection-hash': 'b22d57a13b336dce0e7c37b1411c12550540cde31c8e8ce076e8e4487ba5d1dc'}
Content: b'{"data":{"username":"maunakeatech","name":"Cellvizio\xc2\xae by Mauna Kea Technologies","id":"273460350","created_at":"2011-03-28T14:50:55.000Z"}}'
2021-12-06 18:13:22,997 WARNING :: Requesting users | getting maunakeatech
2021-12-06 18:13:22,998 DEBUG :: Making API request: GET https://api.twitter.com/2/users/by/username/NEOLIFE_Groupe
Parameters: {'user.fields': 'created_at'}
Headers: {'User-Agent': 'Python/3.8.9 Requests/2.26.0 Tweepy/4.4.0', 'Authorization': 'Bearer AAAAAAAAAAAAAAAAAAAAAH68VwEAAAAA5DWkqX14lSgqQ2yid9RQhbV1meM%3D8jgI64BX4l8WPDrbahnwKYJFb1Hn9MMz85L2YNPQGGT3bfbSdv'}
Body: None
2021-12-06 18:13:23,000 DEBUG :: Starting new HTTPS connection (1): api.twitter.com:443
2021-12-06 18:13:23,244 DEBUG :: https://api.twitter.com:443 "GET /2/users/by/username/NEOLIFE_Groupe?user.fields=created_at HTTP/1.1" 200 129
2021-12-06 18:13:23,246 DEBUG :: Received API response: 200 OK
Headers: {'date': 'Mon, 06 Dec 2021 17:13:22 UTC', 'server': 'tsa_f', 'set-cookie': 'guest_id_marketing=v1%3A163881080243646490; Max-Age=63072000; Expires=Wed, 06 Dec 2023 17:13:22 GMT; Path=/; Domain=.twitter.com; Secure; SameSite=None, guest_id_ads=v1%3A163881080243646490; Max-Age=63072000; Expires=Wed, 06 Dec 2023 17:13:22 GMT; Path=/; Domain=.twitter.com; Secure; SameSite=None, personalization_id="v1_tjqlGGLMKsZPIzKtSo/ZAw=="; Max-Age=63072000; Expires=Wed, 06 Dec 2023 17:13:22 GMT; Path=/; Domain=.twitter.com; Secure; SameSite=None, guest_id=v1%3A163881080243646490; Max-Age=63072000; Expires=Wed, 06 Dec 2023 17:13:22 GMT; Path=/; Domain=.twitter.com; Secure; SameSite=None', 'api-version': '2.31', 'content-type': 'application/json; charset=utf-8', 'cache-control': 'no-cache, no-store, max-age=0', 'content-length': '129', 'x-access-level': 'read', 'x-frame-options': 'SAMEORIGIN', 'content-encoding': 'gzip', 'x-xss-protection': '0', 'x-rate-limit-limit': '300', 'x-rate-limit-reset': '1638811368', 'content-disposition': 'attachment; filename=json.json', 'x-content-type-options': 'nosniff', 'x-rate-limit-remaining': '12', 'strict-transport-security': 'max-age=631138519', 'x-response-time': '134', 'x-connection-hash': '1b161b276aa6f2a67fec4e6416704c64c96d98928bd75503f614e94b595a7cf8'}
Content: b'{"data":{"username":"NEOLIFE_Groupe","created_at":"2014-09-03T15:25:13.000Z","id":"2788181623","name":"neolife"}}'
2021-12-06 18:13:23,246 WARNING :: Requesting users | getting NEOLIFE_Groupe
2021-12-06 18:13:23,248 DEBUG :: Making API request: GET https://api.twitter.com/2/users/by/username/Valbiotis
Parameters: {'user.fields': 'created_at'}
Headers: {'User-Agent': 'Python/3.8.9 Requests/2.26.0 Tweepy/4.4.0', 'Authorization': 'Bearer AAAAAAAAAAAAAAAAAAAAAH68VwEAAAAA5DWkqX14lSgqQ2yid9RQhbV1meM%3D8jgI64BX4l8WPDrbahnwKYJFb1Hn9MMz85L2YNPQGGT3bfbSdv'}
Body: None
2021-12-06 18:13:23,249 DEBUG :: Starting new HTTPS connection (1): api.twitter.com:443
2021-12-06 18:13:23,545 DEBUG :: https://api.twitter.com:443 "GET /2/users/by/username/Valbiotis?user.fields=created_at HTTP/1.1" 200 115
2021-12-06 18:13:23,545 DEBUG :: Received API response: 200 OK
Headers: {'date': 'Mon, 06 Dec 2021 17:13:22 UTC', 'server': 'tsa_f', 'set-cookie': 'guest_id_marketing=v1%3A163881080268965473; Max-Age=63072000; Expires=Wed, 06 Dec 2023 17:13:22 GMT; Path=/; Domain=.twitter.com; Secure; SameSite=None, guest_id_ads=v1%3A163881080268965473; Max-Age=63072000; Expires=Wed, 06 Dec 2023 17:13:22 GMT; Path=/; Domain=.twitter.com; Secure; SameSite=None, personalization_id="v1_f8kOAqgX4WtqyYGvRj6OYw=="; Max-Age=63072000; Expires=Wed, 06 Dec 2023 17:13:22 GMT; Path=/; Domain=.twitter.com; Secure; SameSite=None, guest_id=v1%3A163881080268965473; Max-Age=63072000; Expires=Wed, 06 Dec 2023 17:13:22 GMT; Path=/; Domain=.twitter.com; Secure; SameSite=None', 'api-version': '2.31', 'content-type': 'application/json; charset=utf-8', 'cache-control': 'no-cache, no-store, max-age=0', 'content-length': '115', 'x-access-level': 'read', 'x-frame-options': 'SAMEORIGIN', 'content-encoding': 'gzip', 'x-xss-protection': '0', 'x-rate-limit-limit': '300', 'x-rate-limit-reset': '1638811368', 'content-disposition': 'attachment; filename=json.json', 'x-content-type-options': 'nosniff', 'x-rate-limit-remaining': '11', 'strict-transport-security': 'max-age=631138519', 'x-response-time': '181', 'x-connection-hash': 'c393e94a42508075622d506051e7060c34a1b861785d3fb4abbdd60430796b62'}
Content: b'{"data":{"created_at":"2015-02-02T19:34:07.000Z","username":"Valbiotis","id":"3012860405","name":"Valbiotis"}}'
2021-12-06 18:13:23,546 WARNING :: Requesting users | getting Valbiotis
2021-12-06 18:13:23,547 DEBUG :: Making API request: GET https://api.twitter.com/2/users/by/username/GenomicVision_
Parameters: {'user.fields': 'created_at'}
Headers: {'User-Agent': 'Python/3.8.9 Requests/2.26.0 Tweepy/4.4.0', 'Authorization': 'Bearer AAAAAAAAAAAAAAAAAAAAAH68VwEAAAAA5DWkqX14lSgqQ2yid9RQhbV1meM%3D8jgI64BX4l8WPDrbahnwKYJFb1Hn9MMz85L2YNPQGGT3bfbSdv'}
Body: None
2021-12-06 18:13:23,548 DEBUG :: Starting new HTTPS connection (1): api.twitter.com:443
2021-12-06 18:13:23,805 DEBUG :: https://api.twitter.com:443 "GET /2/users/by/username/GenomicVision_?user.fields=created_at HTTP/1.1" 200 124
2021-12-06 18:13:23,806 DEBUG :: Received API response: 200 OK
Headers: {'date': 'Mon, 06 Dec 2021 17:13:23 UTC', 'server': 'tsa_f', 'set-cookie': 'guest_id_marketing=v1%3A163881080298059715; Max-Age=63072000; Expires=Wed, 06 Dec 2023 17:13:23 GMT; Path=/; Domain=.twitter.com; Secure; SameSite=None, guest_id_ads=v1%3A163881080298059715; Max-Age=63072000; Expires=Wed, 06 Dec 2023 17:13:23 GMT; Path=/; Domain=.twitter.com; Secure; SameSite=None, personalization_id="v1_WUdMPsiORlyKeEWbMVvMEg=="; Max-Age=63072000; Expires=Wed, 06 Dec 2023 17:13:23 GMT; Path=/; Domain=.twitter.com; Secure; SameSite=None, guest_id=v1%3A163881080298059715; Max-Age=63072000; Expires=Wed, 06 Dec 2023 17:13:23 GMT; Path=/; Domain=.twitter.com; Secure; SameSite=None', 'api-version': '2.31', 'content-type': 'application/json; charset=utf-8', 'cache-control': 'no-cache, no-store, max-age=0', 'content-length': '124', 'x-access-level': 'read', 'x-frame-options': 'SAMEORIGIN', 'content-encoding': 'gzip', 'x-xss-protection': '0', 'x-rate-limit-limit': '300', 'x-rate-limit-reset': '1638811368', 'content-disposition': 'attachment; filename=json.json', 'x-content-type-options': 'nosniff', 'x-rate-limit-remaining': '10', 'strict-transport-security': 'max-age=631138519', 'x-response-time': '150', 'x-connection-hash': 'ea29263dc10a5dc5b6b1478e8ded831eacaeab610a04a5ebfd65e5c5183f953f'}
Content: b'{"data":{"id":"3195185721","name":"Genomic Vision","created_at":"2015-04-22T16:16:18.000Z","username":"GenomicVision_"}}'
2021-12-06 18:13:23,806 WARNING :: Requesting users | getting GenomicVision_
2021-12-06 18:13:23,807 DEBUG :: Making API request: GET https://api.twitter.com/2/users/by/username/MEDIANTechno
Parameters: {'user.fields': 'created_at'}
Headers: {'User-Agent': 'Python/3.8.9 Requests/2.26.0 Tweepy/4.4.0', 'Authorization': 'Bearer AAAAAAAAAAAAAAAAAAAAAH68VwEAAAAA5DWkqX14lSgqQ2yid9RQhbV1meM%3D8jgI64BX4l8WPDrbahnwKYJFb1Hn9MMz85L2YNPQGGT3bfbSdv'}
Body: None
2021-12-06 18:13:23,809 DEBUG :: Starting new HTTPS connection (1): api.twitter.com:443
2021-12-06 18:13:24,045 DEBUG :: https://api.twitter.com:443 "GET /2/users/by/username/MEDIANTechno?user.fields=created_at HTTP/1.1" 200 134
2021-12-06 18:13:24,046 DEBUG :: Received API response: 200 OK
Headers: {'date': 'Mon, 06 Dec 2021 17:13:23 UTC', 'server': 'tsa_f', 'set-cookie': 'guest_id_marketing=v1%3A163881080324390249; Max-Age=63072000; Expires=Wed, 06 Dec 2023 17:13:23 GMT; Path=/; Domain=.twitter.com; Secure; SameSite=None, guest_id_ads=v1%3A163881080324390249; Max-Age=63072000; Expires=Wed, 06 Dec 2023 17:13:23 GMT; Path=/; Domain=.twitter.com; Secure; SameSite=None, personalization_id="v1_DxXRs3l8QiYCN0WSwYByaA=="; Max-Age=63072000; Expires=Wed, 06 Dec 2023 17:13:23 GMT; Path=/; Domain=.twitter.com; Secure; SameSite=None, guest_id=v1%3A163881080324390249; Max-Age=63072000; Expires=Wed, 06 Dec 2023 17:13:23 GMT; Path=/; Domain=.twitter.com; Secure; SameSite=None', 'api-version': '2.31', 'content-type': 'application/json; charset=utf-8', 'cache-control': 'no-cache, no-store, max-age=0', 'content-length': '134', 'x-access-level': 'read', 'x-frame-options': 'SAMEORIGIN', 'content-encoding': 'gzip', 'x-xss-protection': '0', 'x-rate-limit-limit': '300', 'x-rate-limit-reset': '1638811368', 'content-disposition': 'attachment; filename=json.json', 'x-content-type-options': 'nosniff', 'x-rate-limit-remaining': '9', 'strict-transport-security': 'max-age=631138519', 'x-response-time': '128', 'x-connection-hash': '4688fa6d55929f1300a6b646a780e6adf9591c85c5a926a5b316a00e82240ab9'}
Content: b'{"data":{"name":"Median Technologies","id":"497759874","username":"MEDIANTechno","created_at":"2012-02-20T10:07:17.000Z"}}'
2021-12-06 18:13:24,046 WARNING :: Requesting users | getting MEDIANTechno
2021-12-06 18:13:24,047 DEBUG :: Making API request: GET https://api.twitter.com/2/users/by/username/Cabasse_Group
Parameters: {'user.fields': 'created_at'}
Headers: {'User-Agent': 'Python/3.8.9 Requests/2.26.0 Tweepy/4.4.0', 'Authorization': 'Bearer AAAAAAAAAAAAAAAAAAAAAH68VwEAAAAA5DWkqX14lSgqQ2yid9RQhbV1meM%3D8jgI64BX4l8WPDrbahnwKYJFb1Hn9MMz85L2YNPQGGT3bfbSdv'}
Body: None
2021-12-06 18:13:24,049 DEBUG :: Starting new HTTPS connection (1): api.twitter.com:443
2021-12-06 18:13:24,297 DEBUG :: https://api.twitter.com:443 "GET /2/users/by/username/Cabasse_Group?user.fields=created_at HTTP/1.1" 200 118
2021-12-06 18:13:24,299 DEBUG :: Received API response: 200 OK
Headers: {'date': 'Mon, 06 Dec 2021 17:13:23 UTC', 'server': 'tsa_f', 'set-cookie': 'guest_id_marketing=v1%3A163881080348564908; Max-Age=63072000; Expires=Wed, 06 Dec 2023 17:13:23 GMT; Path=/; Domain=.twitter.com; Secure; SameSite=None, guest_id_ads=v1%3A163881080348564908; Max-Age=63072000; Expires=Wed, 06 Dec 2023 17:13:23 GMT; Path=/; Domain=.twitter.com; Secure; SameSite=None, personalization_id="v1_jD5WGF6EBw6S1tNhHKFs4Q=="; Max-Age=63072000; Expires=Wed, 06 Dec 2023 17:13:23 GMT; Path=/; Domain=.twitter.com; Secure; SameSite=None, guest_id=v1%3A163881080348564908; Max-Age=63072000; Expires=Wed, 06 Dec 2023 17:13:23 GMT; Path=/; Domain=.twitter.com; Secure; SameSite=None', 'api-version': '2.31', 'content-type': 'application/json; charset=utf-8', 'cache-control': 'no-cache, no-store, max-age=0', 'content-length': '118', 'x-access-level': 'read', 'x-frame-options': 'SAMEORIGIN', 'content-encoding': 'gzip', 'x-xss-protection': '0', 'x-rate-limit-limit': '300', 'x-rate-limit-reset': '1638811368', 'content-disposition': 'attachment; filename=json.json', 'x-content-type-options': 'nosniff', 'x-rate-limit-remaining': '8', 'strict-transport-security': 'max-age=631138519', 'x-response-time': '137', 'x-connection-hash': 'f3f95ea4d213d5234d96fceea948d8539002e6e08110f1d6d06148be2d535466'}
Content: b'{"data":{"name":"Cabasse Group","username":"Cabasse_Group","created_at":"2009-05-20T10:22:29.000Z","id":"41331922"}}'
2021-12-06 18:13:24,299 WARNING :: Requesting users | getting Cabasse_Group
2021-12-06 18:13:24,300 DEBUG :: Making API request: GET https://api.twitter.com/2/users/by/username/Crossject_
Parameters: {'user.fields': 'created_at'}
Headers: {'User-Agent': 'Python/3.8.9 Requests/2.26.0 Tweepy/4.4.0', 'Authorization': 'Bearer AAAAAAAAAAAAAAAAAAAAAH68VwEAAAAA5DWkqX14lSgqQ2yid9RQhbV1meM%3D8jgI64BX4l8WPDrbahnwKYJFb1Hn9MMz85L2YNPQGGT3bfbSdv'}
Body: None
2021-12-06 18:13:24,301 DEBUG :: Starting new HTTPS connection (1): api.twitter.com:443
2021-12-06 18:13:24,550 DEBUG :: https://api.twitter.com:443 "GET /2/users/by/username/Crossject_?user.fields=created_at HTTP/1.1" 200 117
2021-12-06 18:13:24,551 DEBUG :: Received API response: 200 OK
Headers: {'date': 'Mon, 06 Dec 2021 17:13:23 UTC', 'server': 'tsa_f', 'set-cookie': 'guest_id_marketing=v1%3A163881080373913904; Max-Age=63072000; Expires=Wed, 06 Dec 2023 17:13:23 GMT; Path=/; Domain=.twitter.com; Secure; SameSite=None, guest_id_ads=v1%3A163881080373913904; Max-Age=63072000; Expires=Wed, 06 Dec 2023 17:13:23 GMT; Path=/; Domain=.twitter.com; Secure; SameSite=None, personalization_id="v1_/iVltlRrfw22yi2bjHWwCg=="; Max-Age=63072000; Expires=Wed, 06 Dec 2023 17:13:23 GMT; Path=/; Domain=.twitter.com; Secure; SameSite=None, guest_id=v1%3A163881080373913904; Max-Age=63072000; Expires=Wed, 06 Dec 2023 17:13:23 GMT; Path=/; Domain=.twitter.com; Secure; SameSite=None', 'api-version': '2.31', 'content-type': 'application/json; charset=utf-8', 'cache-control': 'no-cache, no-store, max-age=0', 'content-length': '117', 'x-access-level': 'read', 'x-frame-options': 'SAMEORIGIN', 'content-encoding': 'gzip', 'x-xss-protection': '0', 'x-rate-limit-limit': '300', 'x-rate-limit-reset': '1638811368', 'content-disposition': 'attachment; filename=json.json', 'x-content-type-options': 'nosniff', 'x-rate-limit-remaining': '7', 'strict-transport-security': 'max-age=631138519', 'x-response-time': '137', 'x-connection-hash': 'a49989d51a3cc8b7b126d520887b84b2c462842f7b31d06622e959dd3ab8ae66'}
Content: b'{"data":{"username":"Crossject_","created_at":"2014-08-06T14:50:38.000Z","id":"2712208951","name":"Crossject"}}'
2021-12-06 18:13:24,551 WARNING :: Requesting users | getting Crossject_
2021-12-06 18:13:24,552 DEBUG :: Making API request: GET https://api.twitter.com/2/users/by/username/Deinove
Parameters: {'user.fields': 'created_at'}
Headers: {'User-Agent': 'Python/3.8.9 Requests/2.26.0 Tweepy/4.4.0', 'Authorization': 'Bearer AAAAAAAAAAAAAAAAAAAAAH68VwEAAAAA5DWkqX14lSgqQ2yid9RQhbV1meM%3D8jgI64BX4l8WPDrbahnwKYJFb1Hn9MMz85L2YNPQGGT3bfbSdv'}
Body: None
2021-12-06 18:13:24,554 DEBUG :: Starting new HTTPS connection (1): api.twitter.com:443
2021-12-06 18:13:24,797 DEBUG :: https://api.twitter.com:443 "GET /2/users/by/username/Deinove?user.fields=created_at HTTP/1.1" 200 111
2021-12-06 18:13:24,798 DEBUG :: Received API response: 200 OK
Headers: {'date': 'Mon, 06 Dec 2021 17:13:24 UTC', 'server': 'tsa_f', 'set-cookie': 'guest_id_marketing=v1%3A163881080398772983; Max-Age=63072000; Expires=Wed, 06 Dec 2023 17:13:24 GMT; Path=/; Domain=.twitter.com; Secure; SameSite=None, guest_id_ads=v1%3A163881080398772983; Max-Age=63072000; Expires=Wed, 06 Dec 2023 17:13:24 GMT; Path=/; Domain=.twitter.com; Secure; SameSite=None, personalization_id="v1_EJKeERdkx0fvyhjFDDivVg=="; Max-Age=63072000; Expires=Wed, 06 Dec 2023 17:13:24 GMT; Path=/; Domain=.twitter.com; Secure; SameSite=None, guest_id=v1%3A163881080398772983; Max-Age=63072000; Expires=Wed, 06 Dec 2023 17:13:24 GMT; Path=/; Domain=.twitter.com; Secure; SameSite=None', 'api-version': '2.31', 'content-type': 'application/json; charset=utf-8', 'cache-control': 'no-cache, no-store, max-age=0', 'content-length': '111', 'x-access-level': 'read', 'x-frame-options': 'SAMEORIGIN', 'content-encoding': 'gzip', 'x-xss-protection': '0', 'x-rate-limit-limit': '300', 'x-rate-limit-reset': '1638811368', 'content-disposition': 'attachment; filename=json.json', 'x-content-type-options': 'nosniff', 'x-rate-limit-remaining': '6', 'strict-transport-security': 'max-age=631138519', 'x-response-time': '139', 'x-connection-hash': '7a3e3b98ad49b3df516e5ffb0217d382391bd0b301f5d74f009090b7615fe4cf'}
Content: b'{"data":{"created_at":"2010-05-07T08:26:13.000Z","id":"141140470","username":"Deinove","name":"Deinove"}}'
2021-12-06 18:13:24,798 WARNING :: Requesting users | getting Deinove
2021-12-06 18:13:24,799 DEBUG :: Making API request: GET https://api.twitter.com/2/users/by/username/Theranexus
Parameters: {'user.fields': 'created_at'}
Headers: {'User-Agent': 'Python/3.8.9 Requests/2.26.0 Tweepy/4.4.0', 'Authorization': 'Bearer AAAAAAAAAAAAAAAAAAAAAH68VwEAAAAA5DWkqX14lSgqQ2yid9RQhbV1meM%3D8jgI64BX4l8WPDrbahnwKYJFb1Hn9MMz85L2YNPQGGT3bfbSdv'}
Body: None
2021-12-06 18:13:24,801 DEBUG :: Starting new HTTPS connection (1): api.twitter.com:443
2021-12-06 18:13:25,077 DEBUG :: https://api.twitter.com:443 "GET /2/users/by/username/Theranexus?user.fields=created_at HTTP/1.1" 200 114
2021-12-06 18:13:25,079 DEBUG :: Received API response: 200 OK
Headers: {'date': 'Mon, 06 Dec 2021 17:13:24 UTC', 'server': 'tsa_f', 'set-cookie': 'guest_id_marketing=v1%3A163881080423316105; Max-Age=63072000; Expires=Wed, 06 Dec 2023 17:13:24 GMT; Path=/; Domain=.twitter.com; Secure; SameSite=None, guest_id_ads=v1%3A163881080423316105; Max-Age=63072000; Expires=Wed, 06 Dec 2023 17:13:24 GMT; Path=/; Domain=.twitter.com; Secure; SameSite=None, personalization_id="v1_iMfYN9Eg7U2M3S7acmQY3A=="; Max-Age=63072000; Expires=Wed, 06 Dec 2023 17:13:24 GMT; Path=/; Domain=.twitter.com; Secure; SameSite=None, guest_id=v1%3A163881080423316105; Max-Age=63072000; Expires=Wed, 06 Dec 2023 17:13:24 GMT; Path=/; Domain=.twitter.com; Secure; SameSite=None', 'api-version': '2.31', 'content-type': 'application/json; charset=utf-8', 'cache-control': 'no-cache, no-store, max-age=0', 'content-length': '114', 'x-access-level': 'read', 'x-frame-options': 'SAMEORIGIN', 'content-encoding': 'gzip', 'x-xss-protection': '0', 'x-rate-limit-limit': '300', 'x-rate-limit-reset': '1638811368', 'content-disposition': 'attachment; filename=json.json', 'x-content-type-options': 'nosniff', 'x-rate-limit-remaining': '5', 'strict-transport-security': 'max-age=631138519', 'x-response-time': '171', 'x-connection-hash': '8262f58d9eec9442fc9d995131b9c60060e1827855bd33999709b9afad652f44'}
Content: b'{"data":{"name":"Theranexus","created_at":"2011-09-11T10:19:12.000Z","id":"371696848","username":"Theranexus"}}'
2021-12-06 18:13:25,079 WARNING :: Requesting users | getting Theranexus
2021-12-06 18:13:25,080 DEBUG :: Making API request: GET https://api.twitter.com/2/users/by/username/VoltaliaSA
Parameters: {'user.fields': 'created_at'}
Headers: {'User-Agent': 'Python/3.8.9 Requests/2.26.0 Tweepy/4.4.0', 'Authorization': 'Bearer AAAAAAAAAAAAAAAAAAAAAH68VwEAAAAA5DWkqX14lSgqQ2yid9RQhbV1meM%3D8jgI64BX4l8WPDrbahnwKYJFb1Hn9MMz85L2YNPQGGT3bfbSdv'}
Body: None
2021-12-06 18:13:25,082 DEBUG :: Starting new HTTPS connection (1): api.twitter.com:443
2021-12-06 18:13:25,319 DEBUG :: https://api.twitter.com:443 "GET /2/users/by/username/VoltaliaSA?user.fields=created_at HTTP/1.1" 200 123
2021-12-06 18:13:25,319 DEBUG :: Received API response: 200 OK
Headers: {'date': 'Mon, 06 Dec 2021 17:13:24 UTC', 'server': 'tsa_f', 'set-cookie': 'guest_id_marketing=v1%3A163881080451483758; Max-Age=63072000; Expires=Wed, 06 Dec 2023 17:13:24 GMT; Path=/; Domain=.twitter.com; Secure; SameSite=None, guest_id_ads=v1%3A163881080451483758; Max-Age=63072000; Expires=Wed, 06 Dec 2023 17:13:24 GMT; Path=/; Domain=.twitter.com; Secure; SameSite=None, personalization_id="v1_vV8r/PK1sx+rexS6T0AvUQ=="; Max-Age=63072000; Expires=Wed, 06 Dec 2023 17:13:24 GMT; Path=/; Domain=.twitter.com; Secure; SameSite=None, guest_id=v1%3A163881080451483758; Max-Age=63072000; Expires=Wed, 06 Dec 2023 17:13:24 GMT; Path=/; Domain=.twitter.com; Secure; SameSite=None', 'api-version': '2.31', 'content-type': 'application/json; charset=utf-8', 'cache-control': 'no-cache, no-store, max-age=0', 'content-length': '123', 'x-access-level': 'read', 'x-frame-options': 'SAMEORIGIN', 'content-encoding': 'gzip', 'x-xss-protection': '0', 'x-rate-limit-limit': '300', 'x-rate-limit-reset': '1638811368', 'content-disposition': 'attachment; filename=json.json', 'x-content-type-options': 'nosniff', 'x-rate-limit-remaining': '4', 'strict-transport-security': 'max-age=631138519', 'x-response-time': '130', 'x-connection-hash': 'fbec24f28fdce01b31391794ae2c0e918c9d692da790768a7cd4dc2b709cebbd'}
Content: b'{"data":{"username":"VoltaliaSA","id":"707121895775326208","created_at":"2016-03-08T08:32:52.000Z","name":"Voltalia"}}'
2021-12-06 18:13:25,319 WARNING :: Requesting users | getting VoltaliaSA
2021-12-06 18:13:25,321 DEBUG :: Making API request: GET https://api.twitter.com/2/users/by/username/CelyadSA
Parameters: {'user.fields': 'created_at'}
Headers: {'User-Agent': 'Python/3.8.9 Requests/2.26.0 Tweepy/4.4.0', 'Authorization': 'Bearer AAAAAAAAAAAAAAAAAAAAAH68VwEAAAAA5DWkqX14lSgqQ2yid9RQhbV1meM%3D8jgI64BX4l8WPDrbahnwKYJFb1Hn9MMz85L2YNPQGGT3bfbSdv'}
Body: None
2021-12-06 18:13:25,322 DEBUG :: Starting new HTTPS connection (1): api.twitter.com:443
2021-12-06 18:13:25,566 DEBUG :: https://api.twitter.com:443 "GET /2/users/by/username/CelyadSA?user.fields=created_at HTTP/1.1" 200 125
2021-12-06 18:13:25,567 DEBUG :: Received API response: 200 OK
Headers: {'date': 'Mon, 06 Dec 2021 17:13:24 UTC', 'server': 'tsa_f', 'set-cookie': 'guest_id_marketing=v1%3A163881080475891231; Max-Age=63072000; Expires=Wed, 06 Dec 2023 17:13:24 GMT; Path=/; Domain=.twitter.com; Secure; SameSite=None, guest_id_ads=v1%3A163881080475891231; Max-Age=63072000; Expires=Wed, 06 Dec 2023 17:13:24 GMT; Path=/; Domain=.twitter.com; Secure; SameSite=None, personalization_id="v1_f7aTAtPL5xws4E0AdPTNLQ=="; Max-Age=63072000; Expires=Wed, 06 Dec 2023 17:13:24 GMT; Path=/; Domain=.twitter.com; Secure; SameSite=None, guest_id=v1%3A163881080475891231; Max-Age=63072000; Expires=Wed, 06 Dec 2023 17:13:24 GMT; Path=/; Domain=.twitter.com; Secure; SameSite=None', 'api-version': '2.31', 'content-type': 'application/json; charset=utf-8', 'cache-control': 'no-cache, no-store, max-age=0', 'content-length': '125', 'x-access-level': 'read', 'x-frame-options': 'SAMEORIGIN', 'content-encoding': 'gzip', 'x-xss-protection': '0', 'x-rate-limit-limit': '300', 'x-rate-limit-reset': '1638811368', 'content-disposition': 'attachment; filename=json.json', 'x-content-type-options': 'nosniff', 'x-rate-limit-remaining': '3', 'strict-transport-security': 'max-age=631138519', 'x-response-time': '134', 'x-connection-hash': '9c89aad6272b5b1b0500df3610b57c84f2be7c89b9aa272184c86f151cead86f'}
Content: b'{"data":{"created_at":"2012-10-02T08:19:41.000Z","id":"857682306","username":"CelyadSA","name":"Celyad Oncology"}}'
2021-12-06 18:13:25,567 WARNING :: Requesting users | getting CelyadSA
2021-12-06 18:13:25,568 DEBUG :: Making API request: GET https://api.twitter.com/2/users/by/username/Genkyotex_Off
Parameters: {'user.fields': 'created_at'}
Headers: {'User-Agent': 'Python/3.8.9 Requests/2.26.0 Tweepy/4.4.0', 'Authorization': 'Bearer AAAAAAAAAAAAAAAAAAAAAH68VwEAAAAA5DWkqX14lSgqQ2yid9RQhbV1meM%3D8jgI64BX4l8WPDrbahnwKYJFb1Hn9MMz85L2YNPQGGT3bfbSdv'}
Body: None
2021-12-06 18:13:25,570 DEBUG :: Starting new HTTPS connection (1): api.twitter.com:443
2021-12-06 18:13:25,805 DEBUG :: https://api.twitter.com:443 "GET /2/users/by/username/Genkyotex_Off?user.fields=created_at HTTP/1.1" 200 130
2021-12-06 18:13:25,806 DEBUG :: Received API response: 200 OK
Headers: {'date': 'Mon, 06 Dec 2021 17:13:25 UTC', 'server': 'tsa_f', 'set-cookie': 'guest_id_marketing=v1%3A163881080500323126; Max-Age=63072000; Expires=Wed, 06 Dec 2023 17:13:25 GMT; Path=/; Domain=.twitter.com; Secure; SameSite=None, guest_id_ads=v1%3A163881080500323126; Max-Age=63072000; Expires=Wed, 06 Dec 2023 17:13:25 GMT; Path=/; Domain=.twitter.com; Secure; SameSite=None, personalization_id="v1_H6NJYR+2vE4eWtbY4fcnkw=="; Max-Age=63072000; Expires=Wed, 06 Dec 2023 17:13:25 GMT; Path=/; Domain=.twitter.com; Secure; SameSite=None, guest_id=v1%3A163881080500323126; Max-Age=63072000; Expires=Wed, 06 Dec 2023 17:13:25 GMT; Path=/; Domain=.twitter.com; Secure; SameSite=None', 'api-version': '2.31', 'content-type': 'application/json; charset=utf-8', 'cache-control': 'no-cache, no-store, max-age=0', 'content-length': '130', 'x-access-level': 'read', 'x-frame-options': 'SAMEORIGIN', 'content-encoding': 'gzip', 'x-xss-protection': '0', 'x-rate-limit-limit': '300', 'x-rate-limit-reset': '1638811368', 'content-disposition': 'attachment; filename=json.json', 'x-content-type-options': 'nosniff', 'x-rate-limit-remaining': '2', 'strict-transport-security': 'max-age=631138519', 'x-response-time': '132', 'x-connection-hash': '3c977d187af4cc4848d5496380efee4ddb1703eb17592309ceb7d7ac091efc0c'}
Content: b'{"data":{"name":"Genkyotex","id":"852139706917814272","username":"Genkyotex_Off","created_at":"2017-04-12T12:41:52.000Z"}}'
2021-12-06 18:13:25,806 WARNING :: Requesting users | getting Genkyotex_Off
2021-12-06 18:13:25,807 DEBUG :: Making API request: GET https://api.twitter.com/2/users/by/username/PixiumVision
Parameters: {'user.fields': 'created_at'}
Headers: {'User-Agent': 'Python/3.8.9 Requests/2.26.0 Tweepy/4.4.0', 'Authorization': 'Bearer AAAAAAAAAAAAAAAAAAAAAH68VwEAAAAA5DWkqX14lSgqQ2yid9RQhbV1meM%3D8jgI64BX4l8WPDrbahnwKYJFb1Hn9MMz85L2YNPQGGT3bfbSdv'}
Body: None
2021-12-06 18:13:25,809 DEBUG :: Starting new HTTPS connection (1): api.twitter.com:443
2021-12-06 18:13:26,042 DEBUG :: https://api.twitter.com:443 "GET /2/users/by/username/PixiumVision?user.fields=created_at HTTP/1.1" 200 119
2021-12-06 18:13:26,043 DEBUG :: Received API response: 200 OK
Headers: {'date': 'Mon, 06 Dec 2021 17:13:25 UTC', 'server': 'tsa_f', 'set-cookie': 'guest_id_marketing=v1%3A163881080524062989; Max-Age=63072000; Expires=Wed, 06 Dec 2023 17:13:25 GMT; Path=/; Domain=.twitter.com; Secure; SameSite=None, guest_id_ads=v1%3A163881080524062989; Max-Age=63072000; Expires=Wed, 06 Dec 2023 17:13:25 GMT; Path=/; Domain=.twitter.com; Secure; SameSite=None, personalization_id="v1_ubNdIDGrJEB0mlqrE7YIiA=="; Max-Age=63072000; Expires=Wed, 06 Dec 2023 17:13:25 GMT; Path=/; Domain=.twitter.com; Secure; SameSite=None, guest_id=v1%3A163881080524062989; Max-Age=63072000; Expires=Wed, 06 Dec 2023 17:13:25 GMT; Path=/; Domain=.twitter.com; Secure; SameSite=None', 'api-version': '2.31', 'content-type': 'application/json; charset=utf-8', 'cache-control': 'no-cache, no-store, max-age=0', 'content-length': '119', 'x-access-level': 'read', 'x-frame-options': 'SAMEORIGIN', 'content-encoding': 'gzip', 'x-xss-protection': '0', 'x-rate-limit-limit': '300', 'x-rate-limit-reset': '1638811368', 'content-disposition': 'attachment; filename=json.json', 'x-content-type-options': 'nosniff', 'x-rate-limit-remaining': '1', 'strict-transport-security': 'max-age=631138519', 'x-response-time': '128', 'x-connection-hash': '7e8b331b42062dfecccd3ee8305d971b1ad962b668fd739f72ba6957d75b7526'}
Content: b'{"data":{"name":"Pixium-Vision","username":"PixiumVision","created_at":"2013-08-21T09:39:13.000Z","id":"1687886882"}}'
2021-12-06 18:13:26,043 WARNING :: Requesting users | getting PixiumVision
2021-12-06 18:13:26,044 DEBUG :: Making API request: GET https://api.twitter.com/2/users/by/username/Balyo_CORPORATE
Parameters: {'user.fields': 'created_at'}
Headers: {'User-Agent': 'Python/3.8.9 Requests/2.26.0 Tweepy/4.4.0', 'Authorization': 'Bearer AAAAAAAAAAAAAAAAAAAAAH68VwEAAAAA5DWkqX14lSgqQ2yid9RQhbV1meM%3D8jgI64BX4l8WPDrbahnwKYJFb1Hn9MMz85L2YNPQGGT3bfbSdv'}
Body: None
2021-12-06 18:13:26,046 DEBUG :: Starting new HTTPS connection (1): api.twitter.com:443
2021-12-06 18:13:26,287 DEBUG :: https://api.twitter.com:443 "GET /2/users/by/username/Balyo_CORPORATE?user.fields=created_at HTTP/1.1" 200 125
2021-12-06 18:13:26,289 DEBUG :: Received API response: 200 OK
Headers: {'date': 'Mon, 06 Dec 2021 17:13:25 UTC', 'server': 'tsa_f', 'set-cookie': 'guest_id_marketing=v1%3A163881080548374527; Max-Age=63072000; Expires=Wed, 06 Dec 2023 17:13:25 GMT; Path=/; Domain=.twitter.com; Secure; SameSite=None, guest_id_ads=v1%3A163881080548374527; Max-Age=63072000; Expires=Wed, 06 Dec 2023 17:13:25 GMT; Path=/; Domain=.twitter.com; Secure; SameSite=None, personalization_id="v1_37u8GSTaObvf6LK7TvQLPw=="; Max-Age=63072000; Expires=Wed, 06 Dec 2023 17:13:25 GMT; Path=/; Domain=.twitter.com; Secure; SameSite=None, guest_id=v1%3A163881080548374527; Max-Age=63072000; Expires=Wed, 06 Dec 2023 17:13:25 GMT; Path=/; Domain=.twitter.com; Secure; SameSite=None', 'api-version': '2.31', 'content-type': 'application/json; charset=utf-8', 'cache-control': 'no-cache, no-store, max-age=0', 'content-length': '125', 'x-access-level': 'read', 'x-frame-options': 'SAMEORIGIN', 'content-encoding': 'gzip', 'x-xss-protection': '0', 'x-rate-limit-limit': '300', 'x-rate-limit-reset': '1638811368', 'content-disposition': 'attachment; filename=json.json', 'x-content-type-options': 'nosniff', 'x-rate-limit-remaining': '0', 'strict-transport-security': 'max-age=631138519', 'x-response-time': '131', 'x-connection-hash': '2d57e6f91914b4916ca63da7b49dbcaa46065ab37179e9c4c75409c48cef0533'}
Content: b'{"data":{"username":"Balyo_CORPORATE","name":"BALYO","created_at":"2012-02-17T15:48:48.000Z","id":"495087085"}}'
2021-12-06 18:13:26,289 WARNING :: Requesting users | getting Balyo_CORPORATE
2021-12-06 18:13:26,292 DEBUG :: Making API request: GET https://api.twitter.com/2/users/by/username/sesimagotag
Parameters: {'user.fields': 'created_at'}
Headers: {'User-Agent': 'Python/3.8.9 Requests/2.26.0 Tweepy/4.4.0', 'Authorization': 'Bearer AAAAAAAAAAAAAAAAAAAAAH68VwEAAAAA5DWkqX14lSgqQ2yid9RQhbV1meM%3D8jgI64BX4l8WPDrbahnwKYJFb1Hn9MMz85L2YNPQGGT3bfbSdv'}
Body: None
2021-12-06 18:13:26,295 DEBUG :: Starting new HTTPS connection (1): api.twitter.com:443
2021-12-06 18:13:26,519 DEBUG :: https://api.twitter.com:443 "GET /2/users/by/username/sesimagotag?user.fields=created_at HTTP/1.1" 429 94
2021-12-06 18:13:26,520 DEBUG :: Received API response: 429 Too Many Requests
Headers: {'date': 'Mon, 06 Dec 2021 17:13:25 UTC', 'server': 'tsa_f', 'set-cookie': 'guest_id_marketing=v1%3A163881080573399274; Max-Age=63072000; Expires=Wed, 06 Dec 2023 17:13:25 GMT; Path=/; Domain=.twitter.com; Secure; SameSite=None, guest_id_ads=v1%3A163881080573399274; Max-Age=63072000; Expires=Wed, 06 Dec 2023 17:13:25 GMT; Path=/; Domain=.twitter.com; Secure; SameSite=None, personalization_id="v1_ZdDAvBNMGJISp6AKDyHZgw=="; Max-Age=63072000; Expires=Wed, 06 Dec 2023 17:13:25 GMT; Path=/; Domain=.twitter.com; Secure; SameSite=None, guest_id=v1%3A163881080573399274; Max-Age=63072000; Expires=Wed, 06 Dec 2023 17:13:25 GMT; Path=/; Domain=.twitter.com; Secure; SameSite=None', 'api-version': '2.31', 'content-type': 'application/json; charset=utf-8', 'cache-control': 'no-cache, no-store, max-age=0', 'content-length': '94', 'x-access-level': 'read', 'x-frame-options': 'SAMEORIGIN', 'content-encoding': 'gzip', 'x-xss-protection': '0', 'x-rate-limit-limit': '300', 'x-rate-limit-reset': '1638811368', 'content-disposition': 'attachment; filename=json.json', 'x-content-type-options': 'nosniff', 'x-rate-limit-remaining': '0', 'strict-transport-security': 'max-age=631138519', 'x-response-time': '112', 'x-connection-hash': '479d4bc7bcfbb505fe3db55a2ce48c8f9001e3919b0f5377a58b4d1abed36b92'}
Content: b'{"title":"Too Many Requests","detail":"Too Many Requests","type":"about:blank","status":429}'
