2021-12-06 20:35:05,550 DEBUG :: Making API request: GET https://api.twitter.com/2/users/by/username/berto_ia
Parameters: {'user.fields': 'created_at'}
Headers: {'User-Agent': 'Python/3.8.9 Requests/2.26.0 Tweepy/4.4.0', 'Authorization': 'Bearer AAAAAAAAAAAAAAAAAAAAAH68VwEAAAAA5DWkqX14lSgqQ2yid9RQhbV1meM%3D8jgI64BX4l8WPDrbahnwKYJFb1Hn9MMz85L2YNPQGGT3bfbSdv'}
Body: None
2021-12-06 20:35:05,554 DEBUG :: Starting new HTTPS connection (1): api.twitter.com:443
2021-12-06 20:35:05,825 DEBUG :: https://api.twitter.com:443 "GET /2/users/by/username/berto_ia?user.fields=created_at HTTP/1.1" 200 138
2021-12-06 20:35:05,826 DEBUG :: Received API response: 200 OK
Headers: {'date': 'Mon, 06 Dec 2021 19:35:05 UTC', 'server': 'tsa_f', 'set-cookie': 'guest_id_marketing=v1%3A163881930541193429; Max-Age=63072000; Expires=Wed, 06 Dec 2023 19:35:05 GMT; Path=/; Domain=.twitter.com; Secure; SameSite=None, guest_id_ads=v1%3A163881930541193429; Max-Age=63072000; Expires=Wed, 06 Dec 2023 19:35:05 GMT; Path=/; Domain=.twitter.com; Secure; SameSite=None, personalization_id="v1_RkIVhtijkxIRkV6VCJRH7g=="; Max-Age=63072000; Expires=Wed, 06 Dec 2023 19:35:05 GMT; Path=/; Domain=.twitter.com; Secure; SameSite=None, guest_id=v1%3A163881930541193429; Max-Age=63072000; Expires=Wed, 06 Dec 2023 19:35:05 GMT; Path=/; Domain=.twitter.com; Secure; SameSite=None', 'api-version': '2.31', 'content-type': 'application/json; charset=utf-8', 'cache-control': 'no-cache, no-store, max-age=0', 'content-length': '138', 'x-access-level': 'read', 'x-frame-options': 'SAMEORIGIN', 'content-encoding': 'gzip', 'x-xss-protection': '0', 'x-rate-limit-limit': '300', 'x-rate-limit-reset': '1638820128', 'content-disposition': 'attachment; filename=json.json', 'x-content-type-options': 'nosniff', 'x-rate-limit-remaining': '173', 'strict-transport-security': 'max-age=631138519', 'x-response-time': '128', 'x-connection-hash': '9695d1ba00e9ffd472ec4c7069ff19a32d19d13ca5b88f3d74a25fef0fb6a30e'}
Content: b'{"data":{"name":"bertolami Navette Autonome","username":"berto_ia","created_at":"2018-05-13T19:10:37.000Z","id":"995743130250088448"}}'
2021-12-06 20:35:05,829 WARNING :: Requesting users | getting berto_ia
2021-12-06 20:35:05,830 DEBUG :: Making API request: GET https://api.twitter.com/2/users/by/username/atari
Parameters: {'user.fields': 'created_at'}
Headers: {'User-Agent': 'Python/3.8.9 Requests/2.26.0 Tweepy/4.4.0', 'Authorization': 'Bearer AAAAAAAAAAAAAAAAAAAAAH68VwEAAAAA5DWkqX14lSgqQ2yid9RQhbV1meM%3D8jgI64BX4l8WPDrbahnwKYJFb1Hn9MMz85L2YNPQGGT3bfbSdv'}
Body: None
2021-12-06 20:35:05,832 DEBUG :: Starting new HTTPS connection (1): api.twitter.com:443
2021-12-06 20:35:06,048 DEBUG :: https://api.twitter.com:443 "GET /2/users/by/username/atari?user.fields=created_at HTTP/1.1" 200 111
2021-12-06 20:35:06,049 DEBUG :: Received API response: 200 OK
Headers: {'date': 'Mon, 06 Dec 2021 19:35:05 UTC', 'server': 'tsa_f', 'set-cookie': 'guest_id_marketing=v1%3A163881930563749935; Max-Age=63072000; Expires=Wed, 06 Dec 2023 19:35:05 GMT; Path=/; Domain=.twitter.com; Secure; SameSite=None, guest_id_ads=v1%3A163881930563749935; Max-Age=63072000; Expires=Wed, 06 Dec 2023 19:35:05 GMT; Path=/; Domain=.twitter.com; Secure; SameSite=None, personalization_id="v1_HKIGrYcspdupIZHfPquBEA=="; Max-Age=63072000; Expires=Wed, 06 Dec 2023 19:35:05 GMT; Path=/; Domain=.twitter.com; Secure; SameSite=None, guest_id=v1%3A163881930563749935; Max-Age=63072000; Expires=Wed, 06 Dec 2023 19:35:05 GMT; Path=/; Domain=.twitter.com; Secure; SameSite=None', 'api-version': '2.31', 'content-type': 'application/json; charset=utf-8', 'cache-control': 'no-cache, no-store, max-age=0', 'content-length': '111', 'x-access-level': 'read', 'x-frame-options': 'SAMEORIGIN', 'content-encoding': 'gzip', 'x-xss-protection': '0', 'x-rate-limit-limit': '300', 'x-rate-limit-reset': '1638820128', 'content-disposition': 'attachment; filename=json.json', 'x-content-type-options': 'nosniff', 'x-rate-limit-remaining': '172', 'strict-transport-security': 'max-age=631138519', 'x-response-time': '127', 'x-connection-hash': 'c37cfcd3f078c1c4ed600cd1497a2bbf0023d629c5e0349d81f5af4d0badb1d0'}
Content: b'{"data":{"name":"Atari","username":"atari","created_at":"2009-11-04T15:44:42.000Z","id":"87465794"}}'
2021-12-06 20:35:06,050 WARNING :: Requesting users | getting atari
2021-12-06 20:35:06,051 DEBUG :: Making API request: GET https://api.twitter.com/2/users/by/username/adeunisrf
Parameters: {'user.fields': 'created_at'}
Headers: {'User-Agent': 'Python/3.8.9 Requests/2.26.0 Tweepy/4.4.0', 'Authorization': 'Bearer AAAAAAAAAAAAAAAAAAAAAH68VwEAAAAA5DWkqX14lSgqQ2yid9RQhbV1meM%3D8jgI64BX4l8WPDrbahnwKYJFb1Hn9MMz85L2YNPQGGT3bfbSdv'}
Body: None
2021-12-06 20:35:06,053 DEBUG :: Starting new HTTPS connection (1): api.twitter.com:443
2021-12-06 20:35:06,282 DEBUG :: https://api.twitter.com:443 "GET /2/users/by/username/adeunisrf?user.fields=created_at HTTP/1.1" 200 118
2021-12-06 20:35:06,283 DEBUG :: Received API response: 200 OK
Headers: {'date': 'Mon, 06 Dec 2021 19:35:05 UTC', 'server': 'tsa_f', 'set-cookie': 'guest_id_marketing=v1%3A163881930586206928; Max-Age=63072000; Expires=Wed, 06 Dec 2023 19:35:05 GMT; Path=/; Domain=.twitter.com; Secure; SameSite=None, guest_id_ads=v1%3A163881930586206928; Max-Age=63072000; Expires=Wed, 06 Dec 2023 19:35:05 GMT; Path=/; Domain=.twitter.com; Secure; SameSite=None, personalization_id="v1_HNOrwZ+cu168ITN7TwmjrA=="; Max-Age=63072000; Expires=Wed, 06 Dec 2023 19:35:05 GMT; Path=/; Domain=.twitter.com; Secure; SameSite=None, guest_id=v1%3A163881930586206928; Max-Age=63072000; Expires=Wed, 06 Dec 2023 19:35:05 GMT; Path=/; Domain=.twitter.com; Secure; SameSite=None', 'api-version': '2.31', 'content-type': 'application/json; charset=utf-8', 'cache-control': 'no-cache, no-store, max-age=0', 'content-length': '118', 'x-access-level': 'read', 'x-frame-options': 'SAMEORIGIN', 'content-encoding': 'gzip', 'x-xss-protection': '0', 'x-rate-limit-limit': '300', 'x-rate-limit-reset': '1638820128', 'content-disposition': 'attachment; filename=json.json', 'x-content-type-options': 'nosniff', 'x-rate-limit-remaining': '171', 'strict-transport-security': 'max-age=631138519', 'x-response-time': '137', 'x-connection-hash': '35c307e0e9aa01c66dafdf2c664aeb060c71fed6de789069675fb13604b5be7b'}
Content: b'{"data":{"id":"607380408","name":"adeunis\xc2\xae","created_at":"2012-06-13T15:23:45.000Z","username":"adeunisrf"}}'
2021-12-06 20:35:06,283 WARNING :: Requesting users | getting adeunisrf
2021-12-06 20:35:06,284 DEBUG :: Making API request: GET https://api.twitter.com/2/users/by/username/proactis
Parameters: {'user.fields': 'created_at'}
Headers: {'User-Agent': 'Python/3.8.9 Requests/2.26.0 Tweepy/4.4.0', 'Authorization': 'Bearer AAAAAAAAAAAAAAAAAAAAAH68VwEAAAAA5DWkqX14lSgqQ2yid9RQhbV1meM%3D8jgI64BX4l8WPDrbahnwKYJFb1Hn9MMz85L2YNPQGGT3bfbSdv'}
Body: None
2021-12-06 20:35:06,286 DEBUG :: Starting new HTTPS connection (1): api.twitter.com:443
2021-12-06 20:35:06,507 DEBUG :: https://api.twitter.com:443 "GET /2/users/by/username/proactis?user.fields=created_at HTTP/1.1" 200 116
2021-12-06 20:35:06,509 DEBUG :: Received API response: 200 OK
Headers: {'date': 'Mon, 06 Dec 2021 19:35:06 UTC', 'server': 'tsa_f', 'set-cookie': 'guest_id_marketing=v1%3A163881930609368147; Max-Age=63072000; Expires=Wed, 06 Dec 2023 19:35:06 GMT; Path=/; Domain=.twitter.com; Secure; SameSite=None, guest_id_ads=v1%3A163881930609368147; Max-Age=63072000; Expires=Wed, 06 Dec 2023 19:35:06 GMT; Path=/; Domain=.twitter.com; Secure; SameSite=None, personalization_id="v1_3HSmUcHEExiQoSox/bc1Sw=="; Max-Age=63072000; Expires=Wed, 06 Dec 2023 19:35:06 GMT; Path=/; Domain=.twitter.com; Secure; SameSite=None, guest_id=v1%3A163881930609368147; Max-Age=63072000; Expires=Wed, 06 Dec 2023 19:35:06 GMT; Path=/; Domain=.twitter.com; Secure; SameSite=None', 'api-version': '2.31', 'content-type': 'application/json; charset=utf-8', 'cache-control': 'no-cache, no-store, max-age=0', 'content-length': '116', 'x-access-level': 'read', 'x-frame-options': 'SAMEORIGIN', 'content-encoding': 'gzip', 'x-xss-protection': '0', 'x-rate-limit-limit': '300', 'x-rate-limit-reset': '1638820128', 'content-disposition': 'attachment; filename=json.json', 'x-content-type-options': 'nosniff', 'x-rate-limit-remaining': '170', 'strict-transport-security': 'max-age=631138519', 'x-response-time': '129', 'x-connection-hash': '0644ded8b43f93c5ab61f8b357d24aa0067e8a9c655d979e792c705c718e319a'}
Content: b'{"data":{"id":"51016657","name":"Proactis","created_at":"2009-06-26T11:13:19.000Z","username":"proactis"}}'
2021-12-06 20:35:06,509 WARNING :: Requesting users | getting proactis
2021-12-06 20:35:06,510 DEBUG :: Making API request: GET https://api.twitter.com/2/users/by/username/ProactisBenelux
Parameters: {'user.fields': 'created_at'}
Headers: {'User-Agent': 'Python/3.8.9 Requests/2.26.0 Tweepy/4.4.0', 'Authorization': 'Bearer AAAAAAAAAAAAAAAAAAAAAH68VwEAAAAA5DWkqX14lSgqQ2yid9RQhbV1meM%3D8jgI64BX4l8WPDrbahnwKYJFb1Hn9MMz85L2YNPQGGT3bfbSdv'}
Body: None
2021-12-06 20:35:06,512 DEBUG :: Starting new HTTPS connection (1): api.twitter.com:443
2021-12-06 20:35:06,736 DEBUG :: https://api.twitter.com:443 "GET /2/users/by/username/ProactisBenelux?user.fields=created_at HTTP/1.1" 200 122
2021-12-06 20:35:06,739 DEBUG :: Received API response: 200 OK
Headers: {'date': 'Mon, 06 Dec 2021 19:35:06 UTC', 'server': 'tsa_f', 'set-cookie': 'guest_id_marketing=v1%3A163881930631911417; Max-Age=63072000; Expires=Wed, 06 Dec 2023 19:35:06 GMT; Path=/; Domain=.twitter.com; Secure; SameSite=None, guest_id_ads=v1%3A163881930631911417; Max-Age=63072000; Expires=Wed, 06 Dec 2023 19:35:06 GMT; Path=/; Domain=.twitter.com; Secure; SameSite=None, personalization_id="v1_gP3FC5V7VsjSU3S0oICRNw=="; Max-Age=63072000; Expires=Wed, 06 Dec 2023 19:35:06 GMT; Path=/; Domain=.twitter.com; Secure; SameSite=None, guest_id=v1%3A163881930631911417; Max-Age=63072000; Expires=Wed, 06 Dec 2023 19:35:06 GMT; Path=/; Domain=.twitter.com; Secure; SameSite=None', 'api-version': '2.31', 'content-type': 'application/json; charset=utf-8', 'cache-control': 'no-cache, no-store, max-age=0', 'content-length': '122', 'x-access-level': 'read', 'x-frame-options': 'SAMEORIGIN', 'content-encoding': 'gzip', 'x-xss-protection': '0', 'x-rate-limit-limit': '300', 'x-rate-limit-reset': '1638820128', 'content-disposition': 'attachment; filename=json.json', 'x-content-type-options': 'nosniff', 'x-rate-limit-remaining': '169', 'strict-transport-security': 'max-age=631138519', 'x-response-time': '129', 'x-connection-hash': '87ec3ec23aa7e511fb06d1c4080745b5ceee1dafa6293ccc73c1f88d4aa7f311'}
Content: b'{"data":{"id":"3322732175","name":"ProactisBenelux","created_at":"2015-06-13T09:54:13.000Z","username":"ProactisBenelux"}}'
2021-12-06 20:35:06,739 WARNING :: Requesting users | getting ProactisBenelux
2021-12-06 20:35:06,742 DEBUG :: Making API request: GET https://api.twitter.com/2/users/by/username/HydrogenCouncil
Parameters: {'user.fields': 'created_at'}
Headers: {'User-Agent': 'Python/3.8.9 Requests/2.26.0 Tweepy/4.4.0', 'Authorization': 'Bearer AAAAAAAAAAAAAAAAAAAAAH68VwEAAAAA5DWkqX14lSgqQ2yid9RQhbV1meM%3D8jgI64BX4l8WPDrbahnwKYJFb1Hn9MMz85L2YNPQGGT3bfbSdv'}
Body: None
2021-12-06 20:35:06,746 DEBUG :: Starting new HTTPS connection (1): api.twitter.com:443
2021-12-06 20:35:06,980 DEBUG :: https://api.twitter.com:443 "GET /2/users/by/username/HydrogenCouncil?user.fields=created_at HTTP/1.1" 200 134
2021-12-06 20:35:06,983 DEBUG :: Received API response: 200 OK
Headers: {'date': 'Mon, 06 Dec 2021 19:35:06 UTC', 'server': 'tsa_f', 'set-cookie': 'guest_id_marketing=v1%3A163881930656054583; Max-Age=63072000; Expires=Wed, 06 Dec 2023 19:35:06 GMT; Path=/; Domain=.twitter.com; Secure; SameSite=None, guest_id_ads=v1%3A163881930656054583; Max-Age=63072000; Expires=Wed, 06 Dec 2023 19:35:06 GMT; Path=/; Domain=.twitter.com; Secure; SameSite=None, personalization_id="v1_vjzsIfQwLl8sdacaq/tTBA=="; Max-Age=63072000; Expires=Wed, 06 Dec 2023 19:35:06 GMT; Path=/; Domain=.twitter.com; Secure; SameSite=None, guest_id=v1%3A163881930656054583; Max-Age=63072000; Expires=Wed, 06 Dec 2023 19:35:06 GMT; Path=/; Domain=.twitter.com; Secure; SameSite=None', 'api-version': '2.31', 'content-type': 'application/json; charset=utf-8', 'cache-control': 'no-cache, no-store, max-age=0', 'content-length': '134', 'x-access-level': 'read', 'x-frame-options': 'SAMEORIGIN', 'content-encoding': 'gzip', 'x-xss-protection': '0', 'x-rate-limit-limit': '300', 'x-rate-limit-reset': '1638820128', 'content-disposition': 'attachment; filename=json.json', 'x-content-type-options': 'nosniff', 'x-rate-limit-remaining': '168', 'strict-transport-security': 'max-age=631138519', 'x-response-time': '135', 'x-connection-hash': '9cb5c1ef890b916a5bf6749c45ecb957c7863e2eb0ee65641ca692d6dc892195'}
Content: b'{"data":{"username":"HydrogenCouncil","id":"865199209896701952","created_at":"2017-05-18T13:35:41.000Z","name":"Hydrogen Council"}}'
2021-12-06 20:35:06,983 WARNING :: Requesting users | getting HydrogenCouncil
2021-12-06 20:35:06,986 DEBUG :: Making API request: GET https://api.twitter.com/2/users/by/username/iORGA_GROUP
Parameters: {'user.fields': 'created_at'}
Headers: {'User-Agent': 'Python/3.8.9 Requests/2.26.0 Tweepy/4.4.0', 'Authorization': 'Bearer AAAAAAAAAAAAAAAAAAAAAH68VwEAAAAA5DWkqX14lSgqQ2yid9RQhbV1meM%3D8jgI64BX4l8WPDrbahnwKYJFb1Hn9MMz85L2YNPQGGT3bfbSdv'}
Body: None
2021-12-06 20:35:06,989 DEBUG :: Starting new HTTPS connection (1): api.twitter.com:443
2021-12-06 20:35:07,215 DEBUG :: https://api.twitter.com:443 "GET /2/users/by/username/iORGA_GROUP?user.fields=created_at HTTP/1.1" 200 125
2021-12-06 20:35:07,216 DEBUG :: Received API response: 200 OK
Headers: {'date': 'Mon, 06 Dec 2021 19:35:06 UTC', 'server': 'tsa_f', 'set-cookie': 'guest_id_marketing=v1%3A163881930679804214; Max-Age=63072000; Expires=Wed, 06 Dec 2023 19:35:06 GMT; Path=/; Domain=.twitter.com; Secure; SameSite=None, guest_id_ads=v1%3A163881930679804214; Max-Age=63072000; Expires=Wed, 06 Dec 2023 19:35:06 GMT; Path=/; Domain=.twitter.com; Secure; SameSite=None, personalization_id="v1_VEl/f/rwTgCW48ihd7DLbw=="; Max-Age=63072000; Expires=Wed, 06 Dec 2023 19:35:06 GMT; Path=/; Domain=.twitter.com; Secure; SameSite=None, guest_id=v1%3A163881930679804214; Max-Age=63072000; Expires=Wed, 06 Dec 2023 19:35:06 GMT; Path=/; Domain=.twitter.com; Secure; SameSite=None', 'api-version': '2.31', 'content-type': 'application/json; charset=utf-8', 'cache-control': 'no-cache, no-store, max-age=0', 'content-length': '125', 'x-access-level': 'read', 'x-frame-options': 'SAMEORIGIN', 'content-encoding': 'gzip', 'x-xss-protection': '0', 'x-rate-limit-limit': '300', 'x-rate-limit-reset': '1638820128', 'content-disposition': 'attachment; filename=json.json', 'x-content-type-options': 'nosniff', 'x-rate-limit-remaining': '167', 'strict-transport-security': 'max-age=631138519', 'x-response-time': '131', 'x-connection-hash': '2b41cd0aaae469fae246b5f356faceee00f483743d2486d320f473df3aedc233'}
Content: b'{"data":{"username":"iORGA_GROUP","created_at":"2010-07-26T14:58:39.000Z","id":"171093845","name":"iORGA Group"}}'
2021-12-06 20:35:07,216 WARNING :: Requesting users | getting iORGA_GROUP
2021-12-06 20:35:07,217 DEBUG :: Making API request: GET https://api.twitter.com/2/users/by/username/BlockchainXdev
Parameters: {'user.fields': 'created_at'}
Headers: {'User-Agent': 'Python/3.8.9 Requests/2.26.0 Tweepy/4.4.0', 'Authorization': 'Bearer AAAAAAAAAAAAAAAAAAAAAH68VwEAAAAA5DWkqX14lSgqQ2yid9RQhbV1meM%3D8jgI64BX4l8WPDrbahnwKYJFb1Hn9MMz85L2YNPQGGT3bfbSdv'}
Body: None
2021-12-06 20:35:07,219 DEBUG :: Starting new HTTPS connection (1): api.twitter.com:443
2021-12-06 20:35:07,446 DEBUG :: https://api.twitter.com:443 "GET /2/users/by/username/BlockchainXdev?user.fields=created_at HTTP/1.1" 200 134
2021-12-06 20:35:07,447 DEBUG :: Received API response: 200 OK
Headers: {'date': 'Mon, 06 Dec 2021 19:35:07 UTC', 'server': 'tsa_f', 'set-cookie': 'guest_id_marketing=v1%3A163881930701994435; Max-Age=63072000; Expires=Wed, 06 Dec 2023 19:35:07 GMT; Path=/; Domain=.twitter.com; Secure; SameSite=None, guest_id_ads=v1%3A163881930701994435; Max-Age=63072000; Expires=Wed, 06 Dec 2023 19:35:07 GMT; Path=/; Domain=.twitter.com; Secure; SameSite=None, personalization_id="v1_3l5QTL2exXO0JBJFC0s1BQ=="; Max-Age=63072000; Expires=Wed, 06 Dec 2023 19:35:07 GMT; Path=/; Domain=.twitter.com; Secure; SameSite=None, guest_id=v1%3A163881930701994435; Max-Age=63072000; Expires=Wed, 06 Dec 2023 19:35:07 GMT; Path=/; Domain=.twitter.com; Secure; SameSite=None', 'api-version': '2.31', 'content-type': 'application/json; charset=utf-8', 'cache-control': 'no-cache, no-store, max-age=0', 'content-length': '134', 'x-access-level': 'read', 'x-frame-options': 'SAMEORIGIN', 'content-encoding': 'gzip', 'x-xss-protection': '0', 'x-rate-limit-limit': '300', 'x-rate-limit-reset': '1638820128', 'content-disposition': 'attachment; filename=json.json', 'x-content-type-options': 'nosniff', 'x-rate-limit-remaining': '166', 'strict-transport-security': 'max-age=631138519', 'x-response-time': '144', 'x-connection-hash': '1df90588093210749d1301be50ec0e61920687903a789c48ecfc518b72db7d44'}
Content: b'{"data":{"id":"1039124681914236928","name":"The Blockchain Xdev","username":"BlockchainXdev","created_at":"2018-09-10T12:13:24.000Z"}}'
2021-12-06 20:35:07,447 WARNING :: Requesting users | getting BlockchainXdev
2021-12-06 20:35:07,448 DEBUG :: Making API request: GET https://api.twitter.com/2/users/by/username/AvenirTelecomfr
Parameters: {'user.fields': 'created_at'}
Headers: {'User-Agent': 'Python/3.8.9 Requests/2.26.0 Tweepy/4.4.0', 'Authorization': 'Bearer AAAAAAAAAAAAAAAAAAAAAH68VwEAAAAA5DWkqX14lSgqQ2yid9RQhbV1meM%3D8jgI64BX4l8WPDrbahnwKYJFb1Hn9MMz85L2YNPQGGT3bfbSdv'}
Body: None
2021-12-06 20:35:07,450 DEBUG :: Starting new HTTPS connection (1): api.twitter.com:443
2021-12-06 20:35:07,677 DEBUG :: https://api.twitter.com:443 "GET /2/users/by/username/AvenirTelecomfr?user.fields=created_at HTTP/1.1" 200 133
2021-12-06 20:35:07,678 DEBUG :: Received API response: 200 OK
Headers: {'date': 'Mon, 06 Dec 2021 19:35:07 UTC', 'server': 'tsa_f', 'set-cookie': 'guest_id_marketing=v1%3A163881930725006603; Max-Age=63072000; Expires=Wed, 06 Dec 2023 19:35:07 GMT; Path=/; Domain=.twitter.com; Secure; SameSite=None, guest_id_ads=v1%3A163881930725006603; Max-Age=63072000; Expires=Wed, 06 Dec 2023 19:35:07 GMT; Path=/; Domain=.twitter.com; Secure; SameSite=None, personalization_id="v1_o2R6U1kXb2vZV7cBcKy/1Q=="; Max-Age=63072000; Expires=Wed, 06 Dec 2023 19:35:07 GMT; Path=/; Domain=.twitter.com; Secure; SameSite=None, guest_id=v1%3A163881930725006603; Max-Age=63072000; Expires=Wed, 06 Dec 2023 19:35:07 GMT; Path=/; Domain=.twitter.com; Secure; SameSite=None', 'api-version': '2.31', 'content-type': 'application/json; charset=utf-8', 'cache-control': 'no-cache, no-store, max-age=0', 'content-length': '133', 'x-access-level': 'read', 'x-frame-options': 'SAMEORIGIN', 'content-encoding': 'gzip', 'x-xss-protection': '0', 'x-rate-limit-limit': '300', 'x-rate-limit-reset': '1638820128', 'content-disposition': 'attachment; filename=json.json', 'x-content-type-options': 'nosniff', 'x-rate-limit-remaining': '165', 'strict-transport-security': 'max-age=631138519', 'x-response-time': '142', 'x-connection-hash': 'f51e5ea00a5a0d2297af40d1c092b6522e8db993e1bf6c6b028ec694297b7ead'}
Content: b'{"data":{"created_at":"2017-09-18T08:24:03.000Z","username":"AvenirTelecomfr","name":"Avenir Telecom","id":"909694493204647936"}}'
2021-12-06 20:35:07,678 WARNING :: Requesting users | getting AvenirTelecomfr
2021-12-06 20:35:07,778 DEBUG :: Making API request: GET https://api.twitter.com/2/users/995743130250088448/tweets
Parameters: {'max_results': 5, 'tweet.fields': 'created_at', 'exclude': 'retweets'}
Headers: {'User-Agent': 'Python/3.8.9 Requests/2.26.0 Tweepy/4.4.0', 'Authorization': 'Bearer AAAAAAAAAAAAAAAAAAAAAH68VwEAAAAA5DWkqX14lSgqQ2yid9RQhbV1meM%3D8jgI64BX4l8WPDrbahnwKYJFb1Hn9MMz85L2YNPQGGT3bfbSdv'}
Body: None
2021-12-06 20:35:07,780 DEBUG :: Starting new HTTPS connection (1): api.twitter.com:443
2021-12-06 20:35:08,107 DEBUG :: https://api.twitter.com:443 "GET /2/users/995743130250088448/tweets?max_results=5&tweet.fields=created_at&exclude=retweets HTTP/1.1" 200 965
2021-12-06 20:35:08,108 DEBUG :: Received API response: 200 OK
Headers: {'date': 'Mon, 06 Dec 2021 19:35:07 UTC', 'server': 'tsa_f', 'set-cookie': 'guest_id_marketing=v1%3A163881930758245138; Max-Age=63072000; Expires=Wed, 06 Dec 2023 19:35:07 GMT; Path=/; Domain=.twitter.com; Secure; SameSite=None, guest_id_ads=v1%3A163881930758245138; Max-Age=63072000; Expires=Wed, 06 Dec 2023 19:35:07 GMT; Path=/; Domain=.twitter.com; Secure; SameSite=None, personalization_id="v1_RAxUHgozClh9tyZNdW2Cqg=="; Max-Age=63072000; Expires=Wed, 06 Dec 2023 19:35:07 GMT; Path=/; Domain=.twitter.com; Secure; SameSite=None, guest_id=v1%3A163881930758245138; Max-Age=63072000; Expires=Wed, 06 Dec 2023 19:35:07 GMT; Path=/; Domain=.twitter.com; Secure; SameSite=None', 'api-version': '2.31', 'content-type': 'application/json; charset=utf-8', 'cache-control': 'no-cache, no-store, max-age=0', 'content-length': '965', 'x-access-level': 'read', 'x-frame-options': 'SAMEORIGIN', 'content-encoding': 'gzip', 'x-xss-protection': '0', 'x-rate-limit-limit': '1500', 'x-rate-limit-reset': '1638820161', 'content-disposition': 'attachment; filename=json.json', 'x-content-type-options': 'nosniff', 'x-rate-limit-remaining': '1491', 'strict-transport-security': 'max-age=631138519', 'x-response-time': '242', 'x-connection-hash': '0a7430bf2e09b0c4368ae5d841c884fb83dc0f5f95c1b17889ae07bf8e52faff'}
Content: b'{"data":[{"created_at":"2021-12-06T09:12:00.000Z","id":"1467783873572528135","text":"#V2X | Il n\'y a pas que nous qui parlons de l\'importance de l\'infrastructure dans le d\xc3\xa9ploiement des R\xc3\xa9seaux de Mobilit\xc3\xa9 Autonome mais cela a sans doute plus d\'influence car c\'est la t\xc3\xaate pensante de @Baidu_Inc qui lance un livre en Chine :\\nhttps://t.co/rvzbJ2bm6J"},{"created_at":"2021-12-06T08:20:19.000Z","id":"1467770866691973124","text":"#Vigie | D\xc3\xa9couvrez le dernier article de @b_beaudet  : Vigie beti S48 - Et si les Anglo-saxons s\'\xc3\xa9veillaient \xc3\xa0 la navette autonome ? https://t.co/QBk1IvVeh7 via @LinkedIn"},{"created_at":"2021-12-03T07:03:54.000Z","id":"1466664474744700932","text":"#Vision | C\'est vrai que sur un skateboard, on peut mettre ce que l\'on veut... Quand nous disons chez @berto_ia que le monde de la Montagne et du V\xc3\xa9hicule Autonome sont faits pour se rencontrer...\\npoke @p8vidal / @Pannekouckefabr \\nhttps://t.co/2Svz8f5OZo"},{"created_at":"2021-12-02T11:30:43.000Z","id":"1466369233957359626","text":"#LIVE | #CONNECTfleet intervention de @b_beaudet avec @Arval_France et @Navya_Group sur l\xe2\x80\x99opportunit\xc3\xa9 pour les gestionnaires de flottes d\xe2\x80\x99int\xc3\xa9grer la mobilit\xc3\xa9 autonome dans leurs strat\xc3\xa8gies notamment sur leurs sites priv\xc3\xa9s. https://t.co/YB363mS7a1"},{"created_at":"2021-12-02T08:32:28.000Z","id":"1466324374110326784","text":"#LIVE | #CONNECTfleet participation de @b_beaudet \xc3\xa0 l\xe2\x80\x99\xc3\xa9v\xc3\xa9nement pour parler en table ronde de la navette autonome avec @Navya_Group et @Arval_France \\uD83D\\uDE0A https://t.co/qSRbiMkmUu"}],"meta":{"oldest_id":"1466324374110326784","newest_id":"1467783873572528135","result_count":5,"next_token":"7140dibdnow9c7btw3z3axvrajuxozv3f9k8bardl3i9g"}}'
2021-12-06 20:35:08,110 WARNING :: Amount of tweets 3
2021-12-06 20:35:08,110 WARNING :: Recieved full data for 1 users
2021-12-06 20:35:08,110 WARNING :: Cleaning and Analising Tweets Tweets
2021-12-06 20:35:08,110 WARNING :: Analising Tweets Tweets
2021-12-06 20:35:08,146 DEBUG :: Making API request: GET https://api.twitter.com/2/users/87465794/tweets
Parameters: {'max_results': 5, 'tweet.fields': 'created_at', 'exclude': 'retweets'}
Headers: {'User-Agent': 'Python/3.8.9 Requests/2.26.0 Tweepy/4.4.0', 'Authorization': 'Bearer AAAAAAAAAAAAAAAAAAAAAH68VwEAAAAA5DWkqX14lSgqQ2yid9RQhbV1meM%3D8jgI64BX4l8WPDrbahnwKYJFb1Hn9MMz85L2YNPQGGT3bfbSdv'}
Body: None
2021-12-06 20:35:08,148 DEBUG :: Starting new HTTPS connection (1): api.twitter.com:443
2021-12-06 20:35:08,436 DEBUG :: https://api.twitter.com:443 "GET /2/users/87465794/tweets?max_results=5&tweet.fields=created_at&exclude=retweets HTTP/1.1" 200 627
2021-12-06 20:35:08,437 DEBUG :: Received API response: 200 OK
Headers: {'date': 'Mon, 06 Dec 2021 19:35:08 UTC', 'server': 'tsa_f', 'set-cookie': 'guest_id_marketing=v1%3A163881930795466554; Max-Age=63072000; Expires=Wed, 06 Dec 2023 19:35:08 GMT; Path=/; Domain=.twitter.com; Secure; SameSite=None, guest_id_ads=v1%3A163881930795466554; Max-Age=63072000; Expires=Wed, 06 Dec 2023 19:35:08 GMT; Path=/; Domain=.twitter.com; Secure; SameSite=None, personalization_id="v1_Nt7VyQj3wzpZzSj4XGbEOQ=="; Max-Age=63072000; Expires=Wed, 06 Dec 2023 19:35:08 GMT; Path=/; Domain=.twitter.com; Secure; SameSite=None, guest_id=v1%3A163881930795466554; Max-Age=63072000; Expires=Wed, 06 Dec 2023 19:35:08 GMT; Path=/; Domain=.twitter.com; Secure; SameSite=None', 'api-version': '2.31', 'content-type': 'application/json; charset=utf-8', 'cache-control': 'no-cache, no-store, max-age=0', 'content-length': '627', 'x-access-level': 'read', 'x-frame-options': 'SAMEORIGIN', 'content-encoding': 'gzip', 'x-xss-protection': '0', 'x-rate-limit-limit': '1500', 'x-rate-limit-reset': '1638820161', 'content-disposition': 'attachment; filename=json.json', 'x-content-type-options': 'nosniff', 'x-rate-limit-remaining': '1490', 'strict-transport-security': 'max-age=631138519', 'x-response-time': '199', 'x-connection-hash': '4b7b9d89cbf47026d1d00396f1874a0914000f4eca21ca31c9c41aa160968033'}
Content: b'{"data":[{"created_at":"2021-12-06T15:06:47.000Z","id":"1467873157956702211","text":"@sdwoodford @PCMag \xe2\x9d\xa4\xef\xb8\x8f"},{"created_at":"2021-12-06T15:05:55.000Z","id":"1467872941840945154","text":"@BaseballGuys \\uD83C\\uDF82"},{"created_at":"2021-12-06T15:04:02.000Z","id":"1467872465175166976","text":"@ClassyGamingFun @TheAtari_VCS Great video!"},{"created_at":"2021-12-04T20:32:03.000Z","id":"1467230239713546246","text":"The holiday season is in full swing, and there\xe2\x80\x99s tons of Atari goodness to go around! \xe2\x9d\x84\xef\xb8\x8f\\uD83D\\uDE0A Find the perfect gift for the special people in your life at https://t.co/yjPMduMnFO. \\uD83C\\uDF81 https://t.co/BSpdjS06pj"},{"created_at":"2021-12-03T21:03:06.000Z","id":"1466875666285174794","text":"Did you hear the news? Atari 2600 games are back in style with the #AtariXP program! \\uD83D\\uDD79\\uD83E\\uDD2F Learn all about it from @PCMag: https://t.co/Q0pN3RFoox https://t.co/SnYNmT1xeK"}],"meta":{"oldest_id":"1466875666285174794","newest_id":"1467873157956702211","result_count":5,"next_token":"7140dibdnow9c7btw3z3axx9ga28n74ppckuilbz5xbg4"}}'
2021-12-06 20:35:08,438 WARNING :: Amount of tweets 7
2021-12-06 20:35:08,438 WARNING :: Recieved full data for 2 users
2021-12-06 20:35:08,438 WARNING :: Cleaning and Analising Tweets Tweets
2021-12-06 20:35:08,439 WARNING :: Analising Tweets Tweets
2021-12-06 20:35:08,439 DEBUG :: Making API request: GET https://api.twitter.com/2/users/607380408/tweets
Parameters: {'max_results': 5, 'tweet.fields': 'created_at', 'exclude': 'retweets'}
Headers: {'User-Agent': 'Python/3.8.9 Requests/2.26.0 Tweepy/4.4.0', 'Authorization': 'Bearer AAAAAAAAAAAAAAAAAAAAAH68VwEAAAAA5DWkqX14lSgqQ2yid9RQhbV1meM%3D8jgI64BX4l8WPDrbahnwKYJFb1Hn9MMz85L2YNPQGGT3bfbSdv'}
Body: None
2021-12-06 20:35:08,441 DEBUG :: Starting new HTTPS connection (1): api.twitter.com:443
2021-12-06 20:35:08,746 DEBUG :: https://api.twitter.com:443 "GET /2/users/607380408/tweets?max_results=5&tweet.fields=created_at&exclude=retweets HTTP/1.1" 200 998
2021-12-06 20:35:08,747 DEBUG :: Received API response: 200 OK
Headers: {'date': 'Mon, 06 Dec 2021 19:35:08 UTC', 'server': 'tsa_f', 'set-cookie': 'guest_id_marketing=v1%3A163881930824595694; Max-Age=63072000; Expires=Wed, 06 Dec 2023 19:35:08 GMT; Path=/; Domain=.twitter.com; Secure; SameSite=None, guest_id_ads=v1%3A163881930824595694; Max-Age=63072000; Expires=Wed, 06 Dec 2023 19:35:08 GMT; Path=/; Domain=.twitter.com; Secure; SameSite=None, personalization_id="v1_z5chq0RRQek6wRRsmQVgbg=="; Max-Age=63072000; Expires=Wed, 06 Dec 2023 19:35:08 GMT; Path=/; Domain=.twitter.com; Secure; SameSite=None, guest_id=v1%3A163881930824595694; Max-Age=63072000; Expires=Wed, 06 Dec 2023 19:35:08 GMT; Path=/; Domain=.twitter.com; Secure; SameSite=None', 'api-version': '2.31', 'content-type': 'application/json; charset=utf-8', 'cache-control': 'no-cache, no-store, max-age=0', 'content-length': '998', 'x-access-level': 'read', 'x-frame-options': 'SAMEORIGIN', 'content-encoding': 'gzip', 'x-xss-protection': '0', 'x-rate-limit-limit': '1500', 'x-rate-limit-reset': '1638820161', 'content-disposition': 'attachment; filename=json.json', 'x-content-type-options': 'nosniff', 'x-rate-limit-remaining': '1489', 'strict-transport-security': 'max-age=631138519', 'x-response-time': '215', 'x-connection-hash': 'ddcc8f42da7b21b28be6851a260444ae959bd3af3afd85eb1fb5dd3ab2c8b7dc'}
Content: b'{"data":[{"created_at":"2021-11-23T15:52:50.000Z","id":"1463173705446604813","text":"\\uD83C\\uDFC6 Adeunis has obtained ISO 9001 certification!\\nThis certification rewards the high standards set for several years on quality management but also the work of the teams in the continuous improvement of processes.\\nCongrats to the teams who work every day to achieve excellence!"},{"created_at":"2021-11-16T16:05:03.000Z","id":"1460640063918948363","text":"\\uD83C\\uDF07 Adeunis is exhibiting at the @SmartCityexpo Barcelona from 16 to 18 November 2021 alongside @GrenobleAlpes and @businessfrance. #choosefrance"},{"created_at":"2021-10-28T15:22:54.000Z","id":"1453744087069335555","text":"Adeunis has the great honor of representing France at the Dubai World Expo, alongside @LaFrenchFab  and @businessfrance, during the fortnight entitled \\"Thinking about the smart cities and sustainable territories of tomorrow\\". It joins an innovative ecosystem. https://t.co/yUb9wqjIel"},{"created_at":"2021-09-09T15:00:37.000Z","id":"1435981474017185796","text":"Du 28 au 30 septembre 2021, nous serons pr\xc3\xa9sents au Salon H\'Expo, Parc des Expositions de Bordeaux aux c\xc3\xb4t\xc3\xa9s de nos partenaires #citron , #Dryas et #WIT pour pr\xc3\xa9senter aux bailleurs sociaux nos solutions compl\xc3\xa9mentaires de pilotage de la performance \xc3\xa9nerg\xc3\xa9tique des b\xc3\xa2timents ! https://t.co/FGw61KxfhI"},{"created_at":"2021-09-07T11:42:05.000Z","id":"1435206736881897476","text":"Vendredi @cedric_o \xc3\xa9tait dans nos locaux pour rencontrer nos \xc3\xa9quipes et \xc3\xa9changer autour du projet #5G ! https://t.co/ntasRi1tpQ"}],"meta":{"oldest_id":"1435206736881897476","newest_id":"1463173705446604813","result_count":5,"next_token":"7140dibdnow9c7btw3z21ewwilpkqbqxsqxnxac7blv06"}}'
2021-12-06 20:35:08,748 WARNING :: Amount of tweets 7
2021-12-06 20:35:08,748 WARNING :: Recieved full data for 3 users
2021-12-06 20:35:08,748 WARNING :: Cleaning and Analising Tweets Tweets
2021-12-06 20:35:08,748 WARNING :: Analising Tweets Tweets
2021-12-06 20:35:08,749 DEBUG :: Making API request: GET https://api.twitter.com/2/users/51016657/tweets
Parameters: {'max_results': 5, 'tweet.fields': 'created_at', 'exclude': 'retweets'}
Headers: {'User-Agent': 'Python/3.8.9 Requests/2.26.0 Tweepy/4.4.0', 'Authorization': 'Bearer AAAAAAAAAAAAAAAAAAAAAH68VwEAAAAA5DWkqX14lSgqQ2yid9RQhbV1meM%3D8jgI64BX4l8WPDrbahnwKYJFb1Hn9MMz85L2YNPQGGT3bfbSdv'}
Body: None
2021-12-06 20:35:08,751 DEBUG :: Starting new HTTPS connection (1): api.twitter.com:443
2021-12-06 20:35:09,026 DEBUG :: https://api.twitter.com:443 "GET /2/users/51016657/tweets?max_results=5&tweet.fields=created_at&exclude=retweets HTTP/1.1" 200 896
2021-12-06 20:35:09,027 DEBUG :: Received API response: 200 OK
Headers: {'date': 'Mon, 06 Dec 2021 19:35:08 UTC', 'server': 'tsa_f', 'set-cookie': 'guest_id_marketing=v1%3A163881930855366361; Max-Age=63072000; Expires=Wed, 06 Dec 2023 19:35:08 GMT; Path=/; Domain=.twitter.com; Secure; SameSite=None, guest_id_ads=v1%3A163881930855366361; Max-Age=63072000; Expires=Wed, 06 Dec 2023 19:35:08 GMT; Path=/; Domain=.twitter.com; Secure; SameSite=None, personalization_id="v1_xe8vtntlUyBhJna6l8cuOQ=="; Max-Age=63072000; Expires=Wed, 06 Dec 2023 19:35:08 GMT; Path=/; Domain=.twitter.com; Secure; SameSite=None, guest_id=v1%3A163881930855366361; Max-Age=63072000; Expires=Wed, 06 Dec 2023 19:35:08 GMT; Path=/; Domain=.twitter.com; Secure; SameSite=None', 'api-version': '2.31', 'content-type': 'application/json; charset=utf-8', 'cache-control': 'no-cache, no-store, max-age=0', 'content-length': '896', 'x-access-level': 'read', 'x-frame-options': 'SAMEORIGIN', 'content-encoding': 'gzip', 'x-xss-protection': '0', 'x-rate-limit-limit': '1500', 'x-rate-limit-reset': '1638820161', 'content-disposition': 'attachment; filename=json.json', 'x-content-type-options': 'nosniff', 'x-rate-limit-remaining': '1488', 'strict-transport-security': 'max-age=631138519', 'x-response-time': '190', 'x-connection-hash': '5f1c3b8643b3108636934ddca3adf90bc9787053a003b4921713e69498627395'}
Content: b'{"data":[{"created_at":"2021-12-03T10:29:48.000Z","id":"1466716290987565058","text":"Following a very successful online event, Proactis UK&amp;I #ReThink21 is now available for you to access on-demand.\\n\\nYou can watch recordings of our live sessions from speakers such as Peter Smith and Andrew Codd CGMA MBA - click here to access: https://t.co/YFdbEKUBzt"},{"created_at":"2021-12-01T10:33:29.000Z","id":"1465992441014759432","text":"Technology is playing a huge role in helping organisations manage ethical supply chains. \\n\\nFind out more - https://t.co/ocmUhPehHi"},{"created_at":"2021-11-29T12:54:28.000Z","id":"1465303146494840833","text":"Now is the time to manage your supplier relationships.\\n\\nWith Proactis you can build and maintain a strong supplier base by structuring and streamlining the entire supplier lifecycle.\\n\\nhttps://t.co/737Z4MPOnH"},{"created_at":"2021-11-26T12:10:20.000Z","id":"1464204873302478853","text":"Read more about how Louvre Hotels Group has chosen to deploy Proactis\' new procurement solution to its hotels in Europe as part of the Group\'s ERP deployment programme and strategic transformation plan. https://t.co/NY57g53VRM"},{"created_at":"2021-11-25T09:58:10.000Z","id":"1463809228083281925","text":"Here are the opportunities you shouldn\'t miss out on to achieve your capacity, talent and process goals. It\'s time to make an impact - https://t.co/nvmNQ40Gft"}],"meta":{"oldest_id":"1463809228083281925","newest_id":"1466716290987565058","result_count":5,"next_token":"7140dibdnow9c7btw3z3arj2poo6ga7gb47qfmlze1mid"}}'
2021-12-06 20:35:09,028 WARNING :: Amount of tweets 7
2021-12-06 20:35:09,028 WARNING :: Recieved full data for 4 users
2021-12-06 20:35:09,029 WARNING :: Cleaning and Analising Tweets Tweets
2021-12-06 20:35:09,029 WARNING :: Analising Tweets Tweets
2021-12-06 20:35:09,029 DEBUG :: Making API request: GET https://api.twitter.com/2/users/3322732175/tweets
Parameters: {'max_results': 5, 'tweet.fields': 'created_at', 'exclude': 'retweets'}
Headers: {'User-Agent': 'Python/3.8.9 Requests/2.26.0 Tweepy/4.4.0', 'Authorization': 'Bearer AAAAAAAAAAAAAAAAAAAAAH68VwEAAAAA5DWkqX14lSgqQ2yid9RQhbV1meM%3D8jgI64BX4l8WPDrbahnwKYJFb1Hn9MMz85L2YNPQGGT3bfbSdv'}
Body: None
2021-12-06 20:35:09,031 DEBUG :: Starting new HTTPS connection (1): api.twitter.com:443
2021-12-06 20:35:09,348 DEBUG :: https://api.twitter.com:443 "GET /2/users/3322732175/tweets?max_results=5&tweet.fields=created_at&exclude=retweets HTTP/1.1" 200 1125
2021-12-06 20:35:09,349 DEBUG :: Received API response: 200 OK
Headers: {'date': 'Mon, 06 Dec 2021 19:35:08 UTC', 'server': 'tsa_f', 'set-cookie': 'guest_id_marketing=v1%3A163881930883190022; Max-Age=63072000; Expires=Wed, 06 Dec 2023 19:35:08 GMT; Path=/; Domain=.twitter.com; Secure; SameSite=None, guest_id_ads=v1%3A163881930883190022; Max-Age=63072000; Expires=Wed, 06 Dec 2023 19:35:08 GMT; Path=/; Domain=.twitter.com; Secure; SameSite=None, personalization_id="v1_xXasukVWnebb6gJ9cxO28w=="; Max-Age=63072000; Expires=Wed, 06 Dec 2023 19:35:08 GMT; Path=/; Domain=.twitter.com; Secure; SameSite=None, guest_id=v1%3A163881930883190022; Max-Age=63072000; Expires=Wed, 06 Dec 2023 19:35:08 GMT; Path=/; Domain=.twitter.com; Secure; SameSite=None', 'api-version': '2.31', 'content-type': 'application/json; charset=utf-8', 'cache-control': 'no-cache, no-store, max-age=0', 'content-length': '1125', 'x-access-level': 'read', 'x-frame-options': 'SAMEORIGIN', 'content-encoding': 'gzip', 'x-xss-protection': '0', 'x-rate-limit-limit': '1500', 'x-rate-limit-reset': '1638820161', 'content-disposition': 'attachment; filename=json.json', 'x-content-type-options': 'nosniff', 'x-rate-limit-remaining': '1487', 'strict-transport-security': 'max-age=631138519', 'x-response-time': '232', 'x-connection-hash': 'ca9a58c7816e0ec4737835cb0de65c409dc6d177d7be205dbb65ea8f77a70f79'}
Content: b'{"data":[{"created_at":"2020-10-26T11:59:56.000Z","id":"1320696661610516482","text":"Dank @ExecutiveFinan voor het interview!\\n \\nVerkort de verwerkingstijd van facturen en betaal u leveranciers eerder met Proactis P2P en Accelerated Payments. Door facturen sneller te betalen heb je direct impact op supplychain. https://t.co/43ifjs4Hj8"},{"created_at":"2020-06-05T11:00:58.000Z","id":"1268860359655534592","text":"Is P2P een oplossing voor:\\n\xe2\x9d\x94 Inkoop\\n\xe2\x9d\x94 Finance\\n\xe2\x9c\x94\xef\xb8\x8f All of the above\\n\\nTijdens de webinar: \\"What about P2P? Kick-start uw P2P project\\" zullen we ingaan op de noodzaak van P2P.\\n\\nBent u erbij? Meld u aan!\\n#P2P #Webinar \\n\\nhttps://t.co/HJswFCj0eZ https://t.co/l1Oztz2FtN"},{"created_at":"2020-05-11T13:12:04.000Z","id":"1259833653506592768","text":"\\uD83D\\uDCE2 Met trots presenteren wij u de Proactis Business Spend video!\\n\\nU kunt hier zien hoe Proactis u kan helpen om:\\n1. Inzage te verkrijgen in spend data\\n2. Naleving van inkoopbeleid te borgen\\n3. Kostenbesparing te realiseren\\n\\nhttps://t.co/F0WoLuX3FW"},{"created_at":"2020-05-08T08:02:47.000Z","id":"1258668658064228352","text":"In 3 stappen eenvoudig en effectief grip op uw contracten? Dat kan! Als u meer wilt weten over:\\n\\n\xe2\x96\xab\xef\xb8\x8f Nut en nootzaak van inzicht in contractdata\\n\xe2\x96\xab\xef\xb8\x8f CM als \\"quick win\\"\\n\xe2\x96\xab\xef\xb8\x8f De 3 stappen naar volledig inzicht\\n\\nMeld u aan voor de Contract Management Webinar!\\n\\nhttps://t.co/piLte28Spn https://t.co/oTvI5JAxJo"},{"created_at":"2020-04-17T13:20:11.000Z","id":"1251138389782429696","text":"Our home-based offices are filled with energy and we\'re proud of all our employees that are doing their utmost to continue \'business as usual\'!\\n\\nThank you all!\\n\\n#proactis #team #workfromhome #kanjers https://t.co/yV51xAz040"}],"meta":{"oldest_id":"1251138389782429696","newest_id":"1320696661610516482","result_count":5,"next_token":"7140dibdnow9c7btw3t3bpj6z343rrkpa3f8qccw0xoae"}}'
2021-12-06 20:35:09,350 WARNING :: Amount of tweets 7
2021-12-06 20:35:09,350 WARNING :: Recieved full data for 5 users
2021-12-06 20:35:09,350 WARNING :: Cleaning and Analising Tweets Tweets
2021-12-06 20:35:09,350 WARNING :: Analising Tweets Tweets
2021-12-06 20:35:09,351 DEBUG :: Making API request: GET https://api.twitter.com/2/users/865199209896701952/tweets
Parameters: {'max_results': 5, 'tweet.fields': 'created_at', 'exclude': 'retweets'}
Headers: {'User-Agent': 'Python/3.8.9 Requests/2.26.0 Tweepy/4.4.0', 'Authorization': 'Bearer AAAAAAAAAAAAAAAAAAAAAH68VwEAAAAA5DWkqX14lSgqQ2yid9RQhbV1meM%3D8jgI64BX4l8WPDrbahnwKYJFb1Hn9MMz85L2YNPQGGT3bfbSdv'}
Body: None
2021-12-06 20:35:09,352 DEBUG :: Starting new HTTPS connection (1): api.twitter.com:443
2021-12-06 20:35:09,667 DEBUG :: https://api.twitter.com:443 "GET /2/users/865199209896701952/tweets?max_results=5&tweet.fields=created_at&exclude=retweets HTTP/1.1" 200 1025
2021-12-06 20:35:09,668 DEBUG :: Received API response: 200 OK
Headers: {'date': 'Mon, 06 Dec 2021 19:35:09 UTC', 'server': 'tsa_f', 'set-cookie': 'guest_id_marketing=v1%3A163881930915510767; Max-Age=63072000; Expires=Wed, 06 Dec 2023 19:35:09 GMT; Path=/; Domain=.twitter.com; Secure; SameSite=None, guest_id_ads=v1%3A163881930915510767; Max-Age=63072000; Expires=Wed, 06 Dec 2023 19:35:09 GMT; Path=/; Domain=.twitter.com; Secure; SameSite=None, personalization_id="v1_tjCLTc24nC4SvMyl3ZGrcA=="; Max-Age=63072000; Expires=Wed, 06 Dec 2023 19:35:09 GMT; Path=/; Domain=.twitter.com; Secure; SameSite=None, guest_id=v1%3A163881930915510767; Max-Age=63072000; Expires=Wed, 06 Dec 2023 19:35:09 GMT; Path=/; Domain=.twitter.com; Secure; SameSite=None', 'api-version': '2.31', 'content-type': 'application/json; charset=utf-8', 'cache-control': 'no-cache, no-store, max-age=0', 'content-length': '1025', 'x-access-level': 'read', 'x-frame-options': 'SAMEORIGIN', 'content-encoding': 'gzip', 'x-xss-protection': '0', 'x-rate-limit-limit': '1500', 'x-rate-limit-reset': '1638820161', 'content-disposition': 'attachment; filename=json.json', 'x-content-type-options': 'nosniff', 'x-rate-limit-remaining': '1486', 'strict-transport-security': 'max-age=631138519', 'x-response-time': '227', 'x-connection-hash': 'd95ada93bd7c852480b99416cd2076e7c84b164fa22c6bcce3d8c2f8e8800c80'}
Content: b'{"data":[{"created_at":"2021-12-06T13:17:05.000Z","id":"1467845551056113668","text":"#FCEV and #BEV have similarly low lifecycle emissions - scaled up #togetherfornetzero they can both have a great impact on reducing #transport emissions. \\n\\nRead our report on transportation \\uD83D\\uDC49 https://t.co/so5uOV4g0r https://t.co/PESCCOHlb2"},{"created_at":"2021-12-05T08:00:01.000Z","id":"1467403369954230273","text":"Whether at #COP26 with the Glasgow Breakthroughs and #H2Zero, during #EUHydrogenWeek, or through new initiatives by governments and companies, it is undeniable #hydrogen has taken Centre Stage in the #energy conversation.\\n\\nRead @noevanhulst\xe2\x80\x99s thoughts \\uD83D\\uDC47\\nhttps://t.co/HqInNNshC3"},{"created_at":"2021-12-03T16:26:56.000Z","id":"1466806166864994304","text":"At @Reuters\xe2\x80\x99 Hydrogen Economy Europe event, our Director for Policy &amp; Partnerships @daria_nvk outlined hydrogen\xe2\x80\x99s carbon abetment potential by 2030 and by 2050, as well as the policy tools needed to #KickstartHydrogen.\\n\\nhttps://t.co/eTxqAjFDko"},{"created_at":"2021-12-03T14:00:00.000Z","id":"1466769190359117829","text":"While #BEVs are efficient for passenger transportation, #FCEVs are optimal for vehicles with high power and energy demand such as heavy- and medium-duty vehicles.\\n\\nSee why both technologies are needed: https://t.co/so5uOV4g0r\\n#togetherfornetzero"},{"created_at":"2021-12-02T13:39:37.000Z","id":"1466401671106510849","text":"In our Policy Toolbox, we have identified 6\xe2\x83\xa3 pillars for efficient #policy design to encourage the scale-up of low carbon and #renewable #hydrogen.\\n\\nSee this and more in our latest report: https://t.co/c59GFEE3sA https://t.co/MOeWAKlKMz"}],"meta":{"oldest_id":"1466401671106510849","newest_id":"1467845551056113668","result_count":5,"next_token":"7140dibdnow9c7btw3z3axw1zxcnhiopreubebjo559h5"}}'
2021-12-06 20:35:09,669 WARNING :: Amount of tweets 7
2021-12-06 20:35:09,669 WARNING :: Recieved full data for 6 users
2021-12-06 20:35:09,669 WARNING :: Cleaning and Analising Tweets Tweets
2021-12-06 20:35:09,669 WARNING :: Analising Tweets Tweets
2021-12-06 20:35:09,670 DEBUG :: Making API request: GET https://api.twitter.com/2/users/171093845/tweets
Parameters: {'max_results': 5, 'tweet.fields': 'created_at', 'exclude': 'retweets'}
Headers: {'User-Agent': 'Python/3.8.9 Requests/2.26.0 Tweepy/4.4.0', 'Authorization': 'Bearer AAAAAAAAAAAAAAAAAAAAAH68VwEAAAAA5DWkqX14lSgqQ2yid9RQhbV1meM%3D8jgI64BX4l8WPDrbahnwKYJFb1Hn9MMz85L2YNPQGGT3bfbSdv'}
Body: None
2021-12-06 20:35:09,672 DEBUG :: Starting new HTTPS connection (1): api.twitter.com:443
2021-12-06 20:35:09,981 DEBUG :: https://api.twitter.com:443 "GET /2/users/171093845/tweets?max_results=5&tweet.fields=created_at&exclude=retweets HTTP/1.1" 200 1002
2021-12-06 20:35:09,982 DEBUG :: Received API response: 200 OK
Headers: {'date': 'Mon, 06 Dec 2021 19:35:09 UTC', 'server': 'tsa_f', 'set-cookie': 'guest_id_marketing=v1%3A163881930947895584; Max-Age=63072000; Expires=Wed, 06 Dec 2023 19:35:09 GMT; Path=/; Domain=.twitter.com; Secure; SameSite=None, guest_id_ads=v1%3A163881930947895584; Max-Age=63072000; Expires=Wed, 06 Dec 2023 19:35:09 GMT; Path=/; Domain=.twitter.com; Secure; SameSite=None, personalization_id="v1_QulTdeCupVEs/pJqCAqdRg=="; Max-Age=63072000; Expires=Wed, 06 Dec 2023 19:35:09 GMT; Path=/; Domain=.twitter.com; Secure; SameSite=None, guest_id=v1%3A163881930947895584; Max-Age=63072000; Expires=Wed, 06 Dec 2023 19:35:09 GMT; Path=/; Domain=.twitter.com; Secure; SameSite=None', 'api-version': '2.31', 'content-type': 'application/json; charset=utf-8', 'cache-control': 'no-cache, no-store, max-age=0', 'content-length': '1002', 'x-access-level': 'read', 'x-frame-options': 'SAMEORIGIN', 'content-encoding': 'gzip', 'x-xss-protection': '0', 'x-rate-limit-limit': '1500', 'x-rate-limit-reset': '1638820161', 'content-disposition': 'attachment; filename=json.json', 'x-content-type-options': 'nosniff', 'x-rate-limit-remaining': '1485', 'strict-transport-security': 'max-age=631138519', 'x-response-time': '218', 'x-connection-hash': '171da91b2f5735e557b52be0238304f80f995863a05d42b8d552530083a1729a'}
Content: b'{"data":[{"created_at":"2021-12-03T14:01:10.000Z","id":"1466769483402461192","text":"Il avait \xc3\xa9t\xc3\xa9 un des personnages de notre saga estivale \\"devoirs de vacances\\", le r\xc3\xb4le d\'un Chef de Projets au sein de notre Centre De Services de La D\xc3\xa9fense est pr\xc3\xa9sent\xc3\xa9, cette semaine par Lo\xc3\xafc. \\n@_ALTBG \\n@BrunoDamey  @__JPCS \\n#blockchain #developpement #agile https://t.co/wEMRjtVDIq"},{"created_at":"2021-11-30T23:43:29.000Z","id":"1465828863477436426","text":"Il y a plein de belles choses \xc3\xa0 r\xc3\xa9aliser avec les \xc3\xa9quipes @_ALTBG  ! L\'occasion de partager avec les \xc3\xa9quipes @iORGA_GROUP  l\'ambition TBG.\\nRejoignez-nous ! https://t.co/eRGhIa71zC"},{"created_at":"2021-11-30T23:42:38.000Z","id":"1465828651371569155","text":"Nouveau site dans l\'\xc3\xa9cosyst\xc3\xa8me @_ALTBG  ! Les \xc3\xa9quipes iORGA GROUP sont fi\xc3\xa8res de participer aux challenges relev\xc3\xa9s par la solution Eniblock et les architectures Blockchain ! https://t.co/bnBfX5pK6k"},{"created_at":"2021-11-24T22:54:35.000Z","id":"1463642231861043205","text":"200 postes \xc3\xa0 pouvoir en 2022 chez The Blockchain Group - N\'h\xc3\xa9sitez pas - il y a beaucoup de projets \xc3\xa0 r\xc3\xa9aliser, notamment avec les \xc3\xa9quipes IORGA Group ! Postulez !\\n\\nhttps://t.co/mdYPUiZCm6 \\n\\n@_ALTBG https://t.co/TFQg0iKcED"},{"created_at":"2021-11-19T14:58:08.000Z","id":"1461710388970598406","text":"Votre application m\xc3\xa9tier est-elle has been ? Faites le test : https://t.co/iZWzAotxuw \\nDiagnostiquez votre application m\xc3\xa9tier en 5 minutes. nos experts vous proposent un audit flash \xc3\xa0 l\xe2\x80\x99issue du test, pour identifier les am\xc3\xa9liorations \xc3\xa0 apporter ! \\n@BrunoDamey @__JPCS \\n@_ALTBG https://t.co/RDSKrtnzle"}],"meta":{"oldest_id":"1461710388970598406","newest_id":"1466769483402461192","result_count":5,"next_token":"7140dibdnow9c7btw3z3an9bo22t3upe46i3xtx7remgm"}}'
2021-12-06 20:35:09,983 WARNING :: Amount of tweets 7
2021-12-06 20:35:09,983 WARNING :: Recieved full data for 7 users
2021-12-06 20:35:09,983 WARNING :: Cleaning and Analising Tweets Tweets
2021-12-06 20:35:09,983 WARNING :: Analising Tweets Tweets
2021-12-06 20:35:09,984 DEBUG :: Making API request: GET https://api.twitter.com/2/users/1039124681914236928/tweets
Parameters: {'max_results': 5, 'tweet.fields': 'created_at', 'exclude': 'retweets'}
Headers: {'User-Agent': 'Python/3.8.9 Requests/2.26.0 Tweepy/4.4.0', 'Authorization': 'Bearer AAAAAAAAAAAAAAAAAAAAAH68VwEAAAAA5DWkqX14lSgqQ2yid9RQhbV1meM%3D8jgI64BX4l8WPDrbahnwKYJFb1Hn9MMz85L2YNPQGGT3bfbSdv'}
Body: None
2021-12-06 20:35:09,986 DEBUG :: Starting new HTTPS connection (1): api.twitter.com:443
2021-12-06 20:35:10,251 DEBUG :: https://api.twitter.com:443 "GET /2/users/1039124681914236928/tweets?max_results=5&tweet.fields=created_at&exclude=retweets HTTP/1.1" 200 259
2021-12-06 20:35:10,252 DEBUG :: Received API response: 200 OK
Headers: {'date': 'Mon, 06 Dec 2021 19:35:09 UTC', 'server': 'tsa_f', 'set-cookie': 'guest_id_marketing=v1%3A163881930979602149; Max-Age=63072000; Expires=Wed, 06 Dec 2023 19:35:09 GMT; Path=/; Domain=.twitter.com; Secure; SameSite=None, guest_id_ads=v1%3A163881930979602149; Max-Age=63072000; Expires=Wed, 06 Dec 2023 19:35:09 GMT; Path=/; Domain=.twitter.com; Secure; SameSite=None, personalization_id="v1_l4vugCFibbcklbU9Fb0tHQ=="; Max-Age=63072000; Expires=Wed, 06 Dec 2023 19:35:09 GMT; Path=/; Domain=.twitter.com; Secure; SameSite=None, guest_id=v1%3A163881930979602149; Max-Age=63072000; Expires=Wed, 06 Dec 2023 19:35:09 GMT; Path=/; Domain=.twitter.com; Secure; SameSite=None', 'api-version': '2.31', 'content-type': 'application/json; charset=utf-8', 'cache-control': 'no-cache, no-store, max-age=0', 'content-length': '259', 'x-access-level': 'read', 'x-frame-options': 'SAMEORIGIN', 'content-encoding': 'gzip', 'x-xss-protection': '0', 'x-rate-limit-limit': '1500', 'x-rate-limit-reset': '1638820161', 'content-disposition': 'attachment; filename=json.json', 'x-content-type-options': 'nosniff', 'x-rate-limit-remaining': '1484', 'strict-transport-security': 'max-age=631138519', 'x-response-time': '171', 'x-connection-hash': '21d030e2c2b26c0faa81d830d0328977c5e1f185fa8ef53187dcec985e56b92a'}
Content: b'{"data":[{"created_at":"2019-02-22T11:18:32.000Z","id":"1098904870428524544","text":"https://t.co/uwVkBMFd39"},{"created_at":"2018-09-24T09:07:05.000Z","id":"1044151222494736384","text":"Les fondamentaux de la blockchain \xe2\x80\x93 SystemX Blog https://t.co/yLdxMxIMxz"}],"meta":{"oldest_id":"1044151222494736384","newest_id":"1098904870428524544","result_count":2}}'
2021-12-06 20:35:10,253 WARNING :: Amount of tweets 7
2021-12-06 20:35:10,253 WARNING :: Recieved full data for 8 users
2021-12-06 20:35:10,253 WARNING :: Cleaning and Analising Tweets Tweets
2021-12-06 20:35:10,253 INFO :: Tweet discriminated
2021-12-06 20:35:10,253 WARNING :: Analising Tweets Tweets
