2021-12-06 17:53:23,761 DEBUG :: Making API request: GET https://api.twitter.com/2/users/by/username/berto_ia
Parameters: {'expansions': 'pinned_tweet_id', 'user.fields': 'created_at'}
Headers: {'User-Agent': 'Python/3.8.9 Requests/2.26.0 Tweepy/4.4.0', 'Authorization': 'Bearer AAAAAAAAAAAAAAAAAAAAAH68VwEAAAAA5DWkqX14lSgqQ2yid9RQhbV1meM%3D8jgI64BX4l8WPDrbahnwKYJFb1Hn9MMz85L2YNPQGGT3bfbSdv'}
Body: None
2021-12-06 17:53:23,766 DEBUG :: Starting new HTTPS connection (1): api.twitter.com:443
2021-12-06 17:53:24,024 DEBUG :: https://api.twitter.com:443 "GET /2/users/by/username/berto_ia?expansions=pinned_tweet_id&user.fields=created_at HTTP/1.1" 200 138
2021-12-06 17:53:24,025 DEBUG :: Received API response: 200 OK
Headers: {'date': 'Mon, 06 Dec 2021 16:53:23 UTC', 'server': 'tsa_f', 'set-cookie': 'guest_id_marketing=v1%3A163880960320872561; Max-Age=63072000; Expires=Wed, 06 Dec 2023 16:53:23 GMT; Path=/; Domain=.twitter.com; Secure; SameSite=None, guest_id_ads=v1%3A163880960320872561; Max-Age=63072000; Expires=Wed, 06 Dec 2023 16:53:23 GMT; Path=/; Domain=.twitter.com; Secure; SameSite=None, personalization_id="v1_/SBVjmxsBKfKaBYwRh8EJg=="; Max-Age=63072000; Expires=Wed, 06 Dec 2023 16:53:23 GMT; Path=/; Domain=.twitter.com; Secure; SameSite=None, guest_id=v1%3A163880960320872561; Max-Age=63072000; Expires=Wed, 06 Dec 2023 16:53:23 GMT; Path=/; Domain=.twitter.com; Secure; SameSite=None', 'api-version': '2.31', 'content-type': 'application/json; charset=utf-8', 'cache-control': 'no-cache, no-store, max-age=0', 'content-length': '138', 'x-access-level': 'read', 'x-frame-options': 'SAMEORIGIN', 'content-encoding': 'gzip', 'x-xss-protection': '0', 'x-rate-limit-limit': '300', 'x-rate-limit-reset': '1638810286', 'content-disposition': 'attachment; filename=json.json', 'x-content-type-options': 'nosniff', 'x-rate-limit-remaining': '173', 'strict-transport-security': 'max-age=631138519', 'x-response-time': '140', 'x-connection-hash': '52512a95def1fefd1c08d1faf2311cc791c99be6fb3688e8f9bbafe3758ee860'}
Content: b'{"data":{"name":"bertolami Navette Autonome","username":"berto_ia","created_at":"2018-05-13T19:10:37.000Z","id":"995743130250088448"}}'
2021-12-06 17:53:24,028 WARNING :: Requesting users | getting berto_ia
2021-12-06 17:53:24,029 DEBUG :: Making API request: GET https://api.twitter.com/2/users/by/username/atari
Parameters: {'expansions': 'pinned_tweet_id', 'user.fields': 'created_at'}
Headers: {'User-Agent': 'Python/3.8.9 Requests/2.26.0 Tweepy/4.4.0', 'Authorization': 'Bearer AAAAAAAAAAAAAAAAAAAAAH68VwEAAAAA5DWkqX14lSgqQ2yid9RQhbV1meM%3D8jgI64BX4l8WPDrbahnwKYJFb1Hn9MMz85L2YNPQGGT3bfbSdv'}
Body: None
2021-12-06 17:53:24,031 DEBUG :: Starting new HTTPS connection (1): api.twitter.com:443
2021-12-06 17:53:24,261 DEBUG :: https://api.twitter.com:443 "GET /2/users/by/username/atari?expansions=pinned_tweet_id&user.fields=created_at HTTP/1.1" 200 113
2021-12-06 17:53:24,262 DEBUG :: Received API response: 200 OK
Headers: {'date': 'Mon, 06 Dec 2021 16:53:23 UTC', 'server': 'tsa_f', 'set-cookie': 'guest_id_marketing=v1%3A163880960345140077; Max-Age=63072000; Expires=Wed, 06 Dec 2023 16:53:23 GMT; Path=/; Domain=.twitter.com; Secure; SameSite=None, guest_id_ads=v1%3A163880960345140077; Max-Age=63072000; Expires=Wed, 06 Dec 2023 16:53:23 GMT; Path=/; Domain=.twitter.com; Secure; SameSite=None, personalization_id="v1_LqLMk2lHuTDUMI1w5DbHqw=="; Max-Age=63072000; Expires=Wed, 06 Dec 2023 16:53:23 GMT; Path=/; Domain=.twitter.com; Secure; SameSite=None, guest_id=v1%3A163880960345140077; Max-Age=63072000; Expires=Wed, 06 Dec 2023 16:53:23 GMT; Path=/; Domain=.twitter.com; Secure; SameSite=None', 'api-version': '2.31', 'content-type': 'application/json; charset=utf-8', 'cache-control': 'no-cache, no-store, max-age=0', 'content-length': '113', 'x-access-level': 'read', 'x-frame-options': 'SAMEORIGIN', 'content-encoding': 'gzip', 'x-xss-protection': '0', 'x-rate-limit-limit': '300', 'x-rate-limit-reset': '1638810286', 'content-disposition': 'attachment; filename=json.json', 'x-content-type-options': 'nosniff', 'x-rate-limit-remaining': '172', 'strict-transport-security': 'max-age=631138519', 'x-response-time': '133', 'x-connection-hash': 'ec4152dee0b01032b3f6c5fced467f668378937eb24ad861f551f23ab0b35fe7'}
Content: b'{"data":{"username":"atari","created_at":"2009-11-04T15:44:42.000Z","id":"87465794","name":"Atari"}}'
2021-12-06 17:53:24,262 WARNING :: Requesting users | getting atari
2021-12-06 17:53:24,263 DEBUG :: Making API request: GET https://api.twitter.com/2/users/by/username/adeunisrf
Parameters: {'expansions': 'pinned_tweet_id', 'user.fields': 'created_at'}
Headers: {'User-Agent': 'Python/3.8.9 Requests/2.26.0 Tweepy/4.4.0', 'Authorization': 'Bearer AAAAAAAAAAAAAAAAAAAAAH68VwEAAAAA5DWkqX14lSgqQ2yid9RQhbV1meM%3D8jgI64BX4l8WPDrbahnwKYJFb1Hn9MMz85L2YNPQGGT3bfbSdv'}
Body: None
2021-12-06 17:53:24,265 DEBUG :: Starting new HTTPS connection (1): api.twitter.com:443
2021-12-06 17:53:24,497 DEBUG :: https://api.twitter.com:443 "GET /2/users/by/username/adeunisrf?expansions=pinned_tweet_id&user.fields=created_at HTTP/1.1" 200 119
2021-12-06 17:53:24,498 DEBUG :: Received API response: 200 OK
Headers: {'date': 'Mon, 06 Dec 2021 16:53:23 UTC', 'server': 'tsa_f', 'set-cookie': 'guest_id_marketing=v1%3A163880960367850674; Max-Age=63072000; Expires=Wed, 06 Dec 2023 16:53:23 GMT; Path=/; Domain=.twitter.com; Secure; SameSite=None, guest_id_ads=v1%3A163880960367850674; Max-Age=63072000; Expires=Wed, 06 Dec 2023 16:53:23 GMT; Path=/; Domain=.twitter.com; Secure; SameSite=None, personalization_id="v1_m2TxBmpzSNrSXQ6Vfy7XcA=="; Max-Age=63072000; Expires=Wed, 06 Dec 2023 16:53:23 GMT; Path=/; Domain=.twitter.com; Secure; SameSite=None, guest_id=v1%3A163880960367850674; Max-Age=63072000; Expires=Wed, 06 Dec 2023 16:53:23 GMT; Path=/; Domain=.twitter.com; Secure; SameSite=None', 'api-version': '2.31', 'content-type': 'application/json; charset=utf-8', 'cache-control': 'no-cache, no-store, max-age=0', 'content-length': '119', 'x-access-level': 'read', 'x-frame-options': 'SAMEORIGIN', 'content-encoding': 'gzip', 'x-xss-protection': '0', 'x-rate-limit-limit': '300', 'x-rate-limit-reset': '1638810286', 'content-disposition': 'attachment; filename=json.json', 'x-content-type-options': 'nosniff', 'x-rate-limit-remaining': '171', 'strict-transport-security': 'max-age=631138519', 'x-response-time': '141', 'x-connection-hash': 'adbbfa2fef4e3d2d969da6f8f2193f38ac1936e86ceb68b5a818a601e2eb48f5'}
Content: b'{"data":{"username":"adeunisrf","id":"607380408","created_at":"2012-06-13T15:23:45.000Z","name":"adeunis\xc2\xae"}}'
2021-12-06 17:53:24,499 WARNING :: Requesting users | getting adeunisrf
2021-12-06 17:53:24,501 DEBUG :: Making API request: GET https://api.twitter.com/2/users/by/username/proactis
Parameters: {'expansions': 'pinned_tweet_id', 'user.fields': 'created_at'}
Headers: {'User-Agent': 'Python/3.8.9 Requests/2.26.0 Tweepy/4.4.0', 'Authorization': 'Bearer AAAAAAAAAAAAAAAAAAAAAH68VwEAAAAA5DWkqX14lSgqQ2yid9RQhbV1meM%3D8jgI64BX4l8WPDrbahnwKYJFb1Hn9MMz85L2YNPQGGT3bfbSdv'}
Body: None
2021-12-06 17:53:24,505 DEBUG :: Starting new HTTPS connection (1): api.twitter.com:443
2021-12-06 17:53:24,730 DEBUG :: https://api.twitter.com:443 "GET /2/users/by/username/proactis?expansions=pinned_tweet_id&user.fields=created_at HTTP/1.1" 200 117
2021-12-06 17:53:24,732 DEBUG :: Received API response: 200 OK
Headers: {'date': 'Mon, 06 Dec 2021 16:53:23 UTC', 'server': 'tsa_f', 'set-cookie': 'guest_id_marketing=v1%3A163880960392526399; Max-Age=63072000; Expires=Wed, 06 Dec 2023 16:53:23 GMT; Path=/; Domain=.twitter.com; Secure; SameSite=None, guest_id_ads=v1%3A163880960392526399; Max-Age=63072000; Expires=Wed, 06 Dec 2023 16:53:23 GMT; Path=/; Domain=.twitter.com; Secure; SameSite=None, personalization_id="v1_e6wHvGZYm8PunCUFTlWZ0A=="; Max-Age=63072000; Expires=Wed, 06 Dec 2023 16:53:23 GMT; Path=/; Domain=.twitter.com; Secure; SameSite=None, guest_id=v1%3A163880960392526399; Max-Age=63072000; Expires=Wed, 06 Dec 2023 16:53:23 GMT; Path=/; Domain=.twitter.com; Secure; SameSite=None', 'api-version': '2.31', 'content-type': 'application/json; charset=utf-8', 'cache-control': 'no-cache, no-store, max-age=0', 'content-length': '117', 'x-access-level': 'read', 'x-frame-options': 'SAMEORIGIN', 'content-encoding': 'gzip', 'x-xss-protection': '0', 'x-rate-limit-limit': '300', 'x-rate-limit-reset': '1638810286', 'content-disposition': 'attachment; filename=json.json', 'x-content-type-options': 'nosniff', 'x-rate-limit-remaining': '170', 'strict-transport-security': 'max-age=631138519', 'x-response-time': '128', 'x-connection-hash': '33b4f297309ac1380b6019f4e79e1c46c6a7bada74336cc8e6cff96536f035f3'}
Content: b'{"data":{"username":"proactis","created_at":"2009-06-26T11:13:19.000Z","id":"51016657","name":"Proactis"}}'
2021-12-06 17:53:24,733 WARNING :: Requesting users | getting proactis
2021-12-06 17:53:24,735 DEBUG :: Making API request: GET https://api.twitter.com/2/users/by/username/ProactisBenelux
Parameters: {'expansions': 'pinned_tweet_id', 'user.fields': 'created_at'}
Headers: {'User-Agent': 'Python/3.8.9 Requests/2.26.0 Tweepy/4.4.0', 'Authorization': 'Bearer AAAAAAAAAAAAAAAAAAAAAH68VwEAAAAA5DWkqX14lSgqQ2yid9RQhbV1meM%3D8jgI64BX4l8WPDrbahnwKYJFb1Hn9MMz85L2YNPQGGT3bfbSdv'}
Body: None
2021-12-06 17:53:24,737 DEBUG :: Starting new HTTPS connection (1): api.twitter.com:443
2021-12-06 17:53:24,977 DEBUG :: https://api.twitter.com:443 "GET /2/users/by/username/ProactisBenelux?expansions=pinned_tweet_id&user.fields=created_at HTTP/1.1" 200 352
2021-12-06 17:53:24,978 DEBUG :: Received API response: 200 OK
Headers: {'date': 'Mon, 06 Dec 2021 16:53:24 UTC', 'server': 'tsa_f', 'set-cookie': 'guest_id_marketing=v1%3A163880960414727101; Max-Age=63072000; Expires=Wed, 06 Dec 2023 16:53:24 GMT; Path=/; Domain=.twitter.com; Secure; SameSite=None, guest_id_ads=v1%3A163880960414727101; Max-Age=63072000; Expires=Wed, 06 Dec 2023 16:53:24 GMT; Path=/; Domain=.twitter.com; Secure; SameSite=None, personalization_id="v1_KbF0jOcisrMFbIznxm5ZMg=="; Max-Age=63072000; Expires=Wed, 06 Dec 2023 16:53:24 GMT; Path=/; Domain=.twitter.com; Secure; SameSite=None, guest_id=v1%3A163880960414727101; Max-Age=63072000; Expires=Wed, 06 Dec 2023 16:53:24 GMT; Path=/; Domain=.twitter.com; Secure; SameSite=None', 'api-version': '2.31', 'content-type': 'application/json; charset=utf-8', 'cache-control': 'no-cache, no-store, max-age=0', 'content-length': '352', 'x-access-level': 'read', 'x-frame-options': 'SAMEORIGIN', 'content-encoding': 'gzip', 'x-xss-protection': '0', 'x-rate-limit-limit': '300', 'x-rate-limit-reset': '1638810286', 'content-disposition': 'attachment; filename=json.json', 'x-content-type-options': 'nosniff', 'x-rate-limit-remaining': '169', 'strict-transport-security': 'max-age=631138519', 'x-response-time': '153', 'x-connection-hash': '5a3d3b60cde8f9e0e8748fb99570b2fadf1932d0b3853bc78e3b0abdab70e939'}
Content: b'{"data":{"pinned_tweet_id":"1259833653506592768","username":"ProactisBenelux","name":"ProactisBenelux","id":"3322732175","created_at":"2015-06-13T09:54:13.000Z"},"includes":{"tweets":[{"id":"1259833653506592768","text":"\\uD83D\\uDCE2 Met trots presenteren wij u de Proactis Business Spend video!\\n\\nU kunt hier zien hoe Proactis u kan helpen om:\\n1. Inzage te verkrijgen in spend data\\n2. Naleving van inkoopbeleid te borgen\\n3. Kostenbesparing te realiseren\\n\\nhttps://t.co/F0WoLuX3FW"}]}}'
2021-12-06 17:53:24,978 WARNING :: Requesting users | getting ProactisBenelux
2021-12-06 17:53:24,979 DEBUG :: Making API request: GET https://api.twitter.com/2/users/by/username/HydrogenCouncil
Parameters: {'expansions': 'pinned_tweet_id', 'user.fields': 'created_at'}
Headers: {'User-Agent': 'Python/3.8.9 Requests/2.26.0 Tweepy/4.4.0', 'Authorization': 'Bearer AAAAAAAAAAAAAAAAAAAAAH68VwEAAAAA5DWkqX14lSgqQ2yid9RQhbV1meM%3D8jgI64BX4l8WPDrbahnwKYJFb1Hn9MMz85L2YNPQGGT3bfbSdv'}
Body: None
2021-12-06 17:53:24,981 DEBUG :: Starting new HTTPS connection (1): api.twitter.com:443
2021-12-06 17:53:25,203 DEBUG :: https://api.twitter.com:443 "GET /2/users/by/username/HydrogenCouncil?expansions=pinned_tweet_id&user.fields=created_at HTTP/1.1" 200 133
2021-12-06 17:53:25,206 DEBUG :: Received API response: 200 OK
Headers: {'date': 'Mon, 06 Dec 2021 16:53:24 UTC', 'server': 'tsa_f', 'set-cookie': 'guest_id_marketing=v1%3A163880960439611176; Max-Age=63072000; Expires=Wed, 06 Dec 2023 16:53:24 GMT; Path=/; Domain=.twitter.com; Secure; SameSite=None, guest_id_ads=v1%3A163880960439611176; Max-Age=63072000; Expires=Wed, 06 Dec 2023 16:53:24 GMT; Path=/; Domain=.twitter.com; Secure; SameSite=None, personalization_id="v1_dvplk9OOsKUQ63QThJe/bw=="; Max-Age=63072000; Expires=Wed, 06 Dec 2023 16:53:24 GMT; Path=/; Domain=.twitter.com; Secure; SameSite=None, guest_id=v1%3A163880960439611176; Max-Age=63072000; Expires=Wed, 06 Dec 2023 16:53:24 GMT; Path=/; Domain=.twitter.com; Secure; SameSite=None', 'api-version': '2.31', 'content-type': 'application/json; charset=utf-8', 'cache-control': 'no-cache, no-store, max-age=0', 'content-length': '133', 'x-access-level': 'read', 'x-frame-options': 'SAMEORIGIN', 'content-encoding': 'gzip', 'x-xss-protection': '0', 'x-rate-limit-limit': '300', 'x-rate-limit-reset': '1638810286', 'content-disposition': 'attachment; filename=json.json', 'x-content-type-options': 'nosniff', 'x-rate-limit-remaining': '168', 'strict-transport-security': 'max-age=631138519', 'x-response-time': '130', 'x-connection-hash': '5d8fbf377c5cb00a874a5d023fe5cb50d79f89d97afcb6e3340feb280dce0fd1'}
Content: b'{"data":{"name":"Hydrogen Council","id":"865199209896701952","username":"HydrogenCouncil","created_at":"2017-05-18T13:35:41.000Z"}}'
2021-12-06 17:53:25,206 WARNING :: Requesting users | getting HydrogenCouncil
2021-12-06 17:53:25,209 DEBUG :: Making API request: GET https://api.twitter.com/2/users/by/username/iORGA_GROUP
Parameters: {'expansions': 'pinned_tweet_id', 'user.fields': 'created_at'}
Headers: {'User-Agent': 'Python/3.8.9 Requests/2.26.0 Tweepy/4.4.0', 'Authorization': 'Bearer AAAAAAAAAAAAAAAAAAAAAH68VwEAAAAA5DWkqX14lSgqQ2yid9RQhbV1meM%3D8jgI64BX4l8WPDrbahnwKYJFb1Hn9MMz85L2YNPQGGT3bfbSdv'}
Body: None
2021-12-06 17:53:25,214 DEBUG :: Starting new HTTPS connection (1): api.twitter.com:443
2021-12-06 17:53:25,435 DEBUG :: https://api.twitter.com:443 "GET /2/users/by/username/iORGA_GROUP?expansions=pinned_tweet_id&user.fields=created_at HTTP/1.1" 200 125
2021-12-06 17:53:25,437 DEBUG :: Received API response: 200 OK
Headers: {'date': 'Mon, 06 Dec 2021 16:53:24 UTC', 'server': 'tsa_f', 'set-cookie': 'guest_id_marketing=v1%3A163880960462954518; Max-Age=63072000; Expires=Wed, 06 Dec 2023 16:53:24 GMT; Path=/; Domain=.twitter.com; Secure; SameSite=None, guest_id_ads=v1%3A163880960462954518; Max-Age=63072000; Expires=Wed, 06 Dec 2023 16:53:24 GMT; Path=/; Domain=.twitter.com; Secure; SameSite=None, personalization_id="v1_h50ktlhz4NCXTr7d9hyixA=="; Max-Age=63072000; Expires=Wed, 06 Dec 2023 16:53:24 GMT; Path=/; Domain=.twitter.com; Secure; SameSite=None, guest_id=v1%3A163880960462954518; Max-Age=63072000; Expires=Wed, 06 Dec 2023 16:53:24 GMT; Path=/; Domain=.twitter.com; Secure; SameSite=None', 'api-version': '2.31', 'content-type': 'application/json; charset=utf-8', 'cache-control': 'no-cache, no-store, max-age=0', 'content-length': '125', 'x-access-level': 'read', 'x-frame-options': 'SAMEORIGIN', 'content-encoding': 'gzip', 'x-xss-protection': '0', 'x-rate-limit-limit': '300', 'x-rate-limit-reset': '1638810286', 'content-disposition': 'attachment; filename=json.json', 'x-content-type-options': 'nosniff', 'x-rate-limit-remaining': '167', 'strict-transport-security': 'max-age=631138519', 'x-response-time': '131', 'x-connection-hash': '98ac8ac8e52e82c96e5b828c58f4c3a18dbc1c7a47fe28a73d96d83b86eb5ffb'}
Content: b'{"data":{"username":"iORGA_GROUP","name":"iORGA Group","created_at":"2010-07-26T14:58:39.000Z","id":"171093845"}}'
2021-12-06 17:53:25,438 WARNING :: Requesting users | getting iORGA_GROUP
2021-12-06 17:53:25,439 DEBUG :: Making API request: GET https://api.twitter.com/2/users/by/username/BlockchainXdev
Parameters: {'expansions': 'pinned_tweet_id', 'user.fields': 'created_at'}
Headers: {'User-Agent': 'Python/3.8.9 Requests/2.26.0 Tweepy/4.4.0', 'Authorization': 'Bearer AAAAAAAAAAAAAAAAAAAAAH68VwEAAAAA5DWkqX14lSgqQ2yid9RQhbV1meM%3D8jgI64BX4l8WPDrbahnwKYJFb1Hn9MMz85L2YNPQGGT3bfbSdv'}
Body: None
2021-12-06 17:53:25,442 DEBUG :: Starting new HTTPS connection (1): api.twitter.com:443
2021-12-06 17:53:25,655 DEBUG :: https://api.twitter.com:443 "GET /2/users/by/username/BlockchainXdev?expansions=pinned_tweet_id&user.fields=created_at HTTP/1.1" 200 134
2021-12-06 17:53:25,656 DEBUG :: Received API response: 200 OK
Headers: {'date': 'Mon, 06 Dec 2021 16:53:24 UTC', 'server': 'tsa_f', 'set-cookie': 'guest_id_marketing=v1%3A163880960484886747; Max-Age=63072000; Expires=Wed, 06 Dec 2023 16:53:24 GMT; Path=/; Domain=.twitter.com; Secure; SameSite=None, guest_id_ads=v1%3A163880960484886747; Max-Age=63072000; Expires=Wed, 06 Dec 2023 16:53:24 GMT; Path=/; Domain=.twitter.com; Secure; SameSite=None, personalization_id="v1_M28XeQZ537CPyD4VsyUhlQ=="; Max-Age=63072000; Expires=Wed, 06 Dec 2023 16:53:24 GMT; Path=/; Domain=.twitter.com; Secure; SameSite=None, guest_id=v1%3A163880960484886747; Max-Age=63072000; Expires=Wed, 06 Dec 2023 16:53:24 GMT; Path=/; Domain=.twitter.com; Secure; SameSite=None', 'api-version': '2.31', 'content-type': 'application/json; charset=utf-8', 'cache-control': 'no-cache, no-store, max-age=0', 'content-length': '134', 'x-access-level': 'read', 'x-frame-options': 'SAMEORIGIN', 'content-encoding': 'gzip', 'x-xss-protection': '0', 'x-rate-limit-limit': '300', 'x-rate-limit-reset': '1638810286', 'content-disposition': 'attachment; filename=json.json', 'x-content-type-options': 'nosniff', 'x-rate-limit-remaining': '166', 'strict-transport-security': 'max-age=631138519', 'x-response-time': '129', 'x-connection-hash': '3570b00956be303966f60c71ef26f0bafc69709567d71803cd17a87e20907fa2'}
Content: b'{"data":{"name":"The Blockchain Xdev","username":"BlockchainXdev","created_at":"2018-09-10T12:13:24.000Z","id":"1039124681914236928"}}'
2021-12-06 17:53:25,657 WARNING :: Requesting users | getting BlockchainXdev
2021-12-06 17:53:25,658 DEBUG :: Making API request: GET https://api.twitter.com/2/users/by/username/AvenirTelecomfr
Parameters: {'expansions': 'pinned_tweet_id', 'user.fields': 'created_at'}
Headers: {'User-Agent': 'Python/3.8.9 Requests/2.26.0 Tweepy/4.4.0', 'Authorization': 'Bearer AAAAAAAAAAAAAAAAAAAAAH68VwEAAAAA5DWkqX14lSgqQ2yid9RQhbV1meM%3D8jgI64BX4l8WPDrbahnwKYJFb1Hn9MMz85L2YNPQGGT3bfbSdv'}
Body: None
2021-12-06 17:53:25,660 DEBUG :: Starting new HTTPS connection (1): api.twitter.com:443
2021-12-06 17:53:25,875 DEBUG :: https://api.twitter.com:443 "GET /2/users/by/username/AvenirTelecomfr?expansions=pinned_tweet_id&user.fields=created_at HTTP/1.1" 200 131
2021-12-06 17:53:25,876 DEBUG :: Received API response: 200 OK
Headers: {'date': 'Mon, 06 Dec 2021 16:53:25 UTC', 'server': 'tsa_f', 'set-cookie': 'guest_id_marketing=v1%3A163880960506917224; Max-Age=63072000; Expires=Wed, 06 Dec 2023 16:53:25 GMT; Path=/; Domain=.twitter.com; Secure; SameSite=None, guest_id_ads=v1%3A163880960506917224; Max-Age=63072000; Expires=Wed, 06 Dec 2023 16:53:25 GMT; Path=/; Domain=.twitter.com; Secure; SameSite=None, personalization_id="v1_Gn+HShP2n5xGF4IfyX+pCQ=="; Max-Age=63072000; Expires=Wed, 06 Dec 2023 16:53:25 GMT; Path=/; Domain=.twitter.com; Secure; SameSite=None, guest_id=v1%3A163880960506917224; Max-Age=63072000; Expires=Wed, 06 Dec 2023 16:53:25 GMT; Path=/; Domain=.twitter.com; Secure; SameSite=None', 'api-version': '2.31', 'content-type': 'application/json; charset=utf-8', 'cache-control': 'no-cache, no-store, max-age=0', 'content-length': '131', 'x-access-level': 'read', 'x-frame-options': 'SAMEORIGIN', 'content-encoding': 'gzip', 'x-xss-protection': '0', 'x-rate-limit-limit': '300', 'x-rate-limit-reset': '1638810286', 'content-disposition': 'attachment; filename=json.json', 'x-content-type-options': 'nosniff', 'x-rate-limit-remaining': '165', 'strict-transport-security': 'max-age=631138519', 'x-response-time': '131', 'x-connection-hash': 'b77dd46c0ee37d6c03db23fdc22df583c816b3b8bf08af7f3705e5010164f74d'}
Content: b'{"data":{"created_at":"2017-09-18T08:24:03.000Z","id":"909694493204647936","username":"AvenirTelecomfr","name":"Avenir Telecom"}}'
2021-12-06 17:53:25,876 WARNING :: Requesting users | getting AvenirTelecomfr
2021-12-06 17:53:25,991 DEBUG :: Making API request: GET https://api.twitter.com/2/users/995743130250088448/tweets
Parameters: {'max_results': 5, 'tweet.fields': 'created_at', 'exclude': 'retweets'}
Headers: {'User-Agent': 'Python/3.8.9 Requests/2.26.0 Tweepy/4.4.0', 'Authorization': 'Bearer AAAAAAAAAAAAAAAAAAAAAH68VwEAAAAA5DWkqX14lSgqQ2yid9RQhbV1meM%3D8jgI64BX4l8WPDrbahnwKYJFb1Hn9MMz85L2YNPQGGT3bfbSdv'}
Body: None
2021-12-06 17:53:25,993 DEBUG :: Starting new HTTPS connection (1): api.twitter.com:443
2021-12-06 17:53:26,322 DEBUG :: https://api.twitter.com:443 "GET /2/users/995743130250088448/tweets?max_results=5&tweet.fields=created_at&exclude=retweets HTTP/1.1" 200 965
2021-12-06 17:53:26,323 DEBUG :: Received API response: 200 OK
Headers: {'date': 'Mon, 06 Dec 2021 16:53:25 UTC', 'server': 'tsa_f', 'set-cookie': 'guest_id_marketing=v1%3A163880960540547144; Max-Age=63072000; Expires=Wed, 06 Dec 2023 16:53:25 GMT; Path=/; Domain=.twitter.com; Secure; SameSite=None, guest_id_ads=v1%3A163880960540547144; Max-Age=63072000; Expires=Wed, 06 Dec 2023 16:53:25 GMT; Path=/; Domain=.twitter.com; Secure; SameSite=None, personalization_id="v1_SBp92jWWXUvxUWXUFG/4cg=="; Max-Age=63072000; Expires=Wed, 06 Dec 2023 16:53:25 GMT; Path=/; Domain=.twitter.com; Secure; SameSite=None, guest_id=v1%3A163880960540547144; Max-Age=63072000; Expires=Wed, 06 Dec 2023 16:53:25 GMT; Path=/; Domain=.twitter.com; Secure; SameSite=None', 'api-version': '2.31', 'content-type': 'application/json; charset=utf-8', 'cache-control': 'no-cache, no-store, max-age=0', 'content-length': '965', 'x-access-level': 'read', 'x-frame-options': 'SAMEORIGIN', 'content-encoding': 'gzip', 'x-xss-protection': '0', 'x-rate-limit-limit': '1500', 'x-rate-limit-reset': '1638810318', 'content-disposition': 'attachment; filename=json.json', 'x-content-type-options': 'nosniff', 'x-rate-limit-remaining': '1442', 'strict-transport-security': 'max-age=631138519', 'x-response-time': '240', 'x-connection-hash': '836d1451fdf5c02eba414b55a680655a9a010a5a649841d165ae773a2612dc1c'}
Content: b'{"data":[{"created_at":"2021-12-06T09:12:00.000Z","id":"1467783873572528135","text":"#V2X | Il n\'y a pas que nous qui parlons de l\'importance de l\'infrastructure dans le d\xc3\xa9ploiement des R\xc3\xa9seaux de Mobilit\xc3\xa9 Autonome mais cela a sans doute plus d\'influence car c\'est la t\xc3\xaate pensante de @Baidu_Inc qui lance un livre en Chine :\\nhttps://t.co/rvzbJ2bm6J"},{"created_at":"2021-12-06T08:20:19.000Z","id":"1467770866691973124","text":"#Vigie | D\xc3\xa9couvrez le dernier article de @b_beaudet  : Vigie beti S48 - Et si les Anglo-saxons s\'\xc3\xa9veillaient \xc3\xa0 la navette autonome ? https://t.co/QBk1IvVeh7 via @LinkedIn"},{"created_at":"2021-12-03T07:03:54.000Z","id":"1466664474744700932","text":"#Vision | C\'est vrai que sur un skateboard, on peut mettre ce que l\'on veut... Quand nous disons chez @berto_ia que le monde de la Montagne et du V\xc3\xa9hicule Autonome sont faits pour se rencontrer...\\npoke @p8vidal / @Pannekouckefabr \\nhttps://t.co/2Svz8f5OZo"},{"created_at":"2021-12-02T11:30:43.000Z","id":"1466369233957359626","text":"#LIVE | #CONNECTfleet intervention de @b_beaudet avec @Arval_France et @Navya_Group sur l\xe2\x80\x99opportunit\xc3\xa9 pour les gestionnaires de flottes d\xe2\x80\x99int\xc3\xa9grer la mobilit\xc3\xa9 autonome dans leurs strat\xc3\xa8gies notamment sur leurs sites priv\xc3\xa9s. https://t.co/YB363mS7a1"},{"created_at":"2021-12-02T08:32:28.000Z","id":"1466324374110326784","text":"#LIVE | #CONNECTfleet participation de @b_beaudet \xc3\xa0 l\xe2\x80\x99\xc3\xa9v\xc3\xa9nement pour parler en table ronde de la navette autonome avec @Navya_Group et @Arval_France \\uD83D\\uDE0A https://t.co/qSRbiMkmUu"}],"meta":{"oldest_id":"1466324374110326784","newest_id":"1467783873572528135","result_count":5,"next_token":"7140dibdnow9c7btw3z3axvrajuxozv3f9k8bardl3i9g"}}'
2021-12-06 17:53:26,324 WARNING :: Amount of tweets 3
2021-12-06 17:53:26,324 WARNING :: Recieved full data for 1 users
2021-12-06 17:53:26,325 WARNING :: Cleaning and Analising Tweets Tweets
2021-12-06 17:53:26,325 WARNING :: Analising Tweets Tweets
2021-12-06 17:53:26,355 DEBUG :: Making API request: GET https://api.twitter.com/2/users/87465794/tweets
Parameters: {'max_results': 5, 'tweet.fields': 'created_at', 'exclude': 'retweets'}
Headers: {'User-Agent': 'Python/3.8.9 Requests/2.26.0 Tweepy/4.4.0', 'Authorization': 'Bearer AAAAAAAAAAAAAAAAAAAAAH68VwEAAAAA5DWkqX14lSgqQ2yid9RQhbV1meM%3D8jgI64BX4l8WPDrbahnwKYJFb1Hn9MMz85L2YNPQGGT3bfbSdv'}
Body: None
2021-12-06 17:53:26,357 DEBUG :: Starting new HTTPS connection (1): api.twitter.com:443
2021-12-06 17:53:26,654 DEBUG :: https://api.twitter.com:443 "GET /2/users/87465794/tweets?max_results=5&tweet.fields=created_at&exclude=retweets HTTP/1.1" 200 627
2021-12-06 17:53:26,655 DEBUG :: Received API response: 200 OK
Headers: {'date': 'Mon, 06 Dec 2021 16:53:25 UTC', 'server': 'tsa_f', 'set-cookie': 'guest_id_marketing=v1%3A163880960576830970; Max-Age=63072000; Expires=Wed, 06 Dec 2023 16:53:25 GMT; Path=/; Domain=.twitter.com; Secure; SameSite=None, guest_id_ads=v1%3A163880960576830970; Max-Age=63072000; Expires=Wed, 06 Dec 2023 16:53:25 GMT; Path=/; Domain=.twitter.com; Secure; SameSite=None, personalization_id="v1_Uf7alg1j5z2zt/D4kuENSw=="; Max-Age=63072000; Expires=Wed, 06 Dec 2023 16:53:25 GMT; Path=/; Domain=.twitter.com; Secure; SameSite=None, guest_id=v1%3A163880960576830970; Max-Age=63072000; Expires=Wed, 06 Dec 2023 16:53:25 GMT; Path=/; Domain=.twitter.com; Secure; SameSite=None', 'api-version': '2.31', 'content-type': 'application/json; charset=utf-8', 'cache-control': 'no-cache, no-store, max-age=0', 'content-length': '627', 'x-access-level': 'read', 'x-frame-options': 'SAMEORIGIN', 'content-encoding': 'gzip', 'x-xss-protection': '0', 'x-rate-limit-limit': '1500', 'x-rate-limit-reset': '1638810318', 'content-disposition': 'attachment; filename=json.json', 'x-content-type-options': 'nosniff', 'x-rate-limit-remaining': '1441', 'strict-transport-security': 'max-age=631138519', 'x-response-time': '208', 'x-connection-hash': 'e30519315180084636cbe0233143c56969e910351321a13412e6a049af1da85e'}
Content: b'{"data":[{"created_at":"2021-12-06T15:06:47.000Z","id":"1467873157956702211","text":"@sdwoodford @PCMag \xe2\x9d\xa4\xef\xb8\x8f"},{"created_at":"2021-12-06T15:05:55.000Z","id":"1467872941840945154","text":"@BaseballGuys \\uD83C\\uDF82"},{"created_at":"2021-12-06T15:04:02.000Z","id":"1467872465175166976","text":"@ClassyGamingFun @TheAtari_VCS Great video!"},{"created_at":"2021-12-04T20:32:03.000Z","id":"1467230239713546246","text":"The holiday season is in full swing, and there\xe2\x80\x99s tons of Atari goodness to go around! \xe2\x9d\x84\xef\xb8\x8f\\uD83D\\uDE0A Find the perfect gift for the special people in your life at https://t.co/yjPMduMnFO. \\uD83C\\uDF81 https://t.co/BSpdjS06pj"},{"created_at":"2021-12-03T21:03:06.000Z","id":"1466875666285174794","text":"Did you hear the news? Atari 2600 games are back in style with the #AtariXP program! \\uD83D\\uDD79\\uD83E\\uDD2F Learn all about it from @PCMag: https://t.co/Q0pN3RFoox https://t.co/SnYNmT1xeK"}],"meta":{"oldest_id":"1466875666285174794","newest_id":"1467873157956702211","result_count":5,"next_token":"7140dibdnow9c7btw3z3axx9ga28n74ppckuilbz5xbg4"}}'
2021-12-06 17:53:26,657 WARNING :: Amount of tweets 7
2021-12-06 17:53:26,657 WARNING :: Recieved full data for 2 users
2021-12-06 17:53:26,657 WARNING :: Cleaning and Analising Tweets Tweets
2021-12-06 17:53:26,657 WARNING :: Analising Tweets Tweets
2021-12-06 17:53:26,658 DEBUG :: Making API request: GET https://api.twitter.com/2/users/607380408/tweets
Parameters: {'max_results': 5, 'tweet.fields': 'created_at', 'exclude': 'retweets'}
Headers: {'User-Agent': 'Python/3.8.9 Requests/2.26.0 Tweepy/4.4.0', 'Authorization': 'Bearer AAAAAAAAAAAAAAAAAAAAAH68VwEAAAAA5DWkqX14lSgqQ2yid9RQhbV1meM%3D8jgI64BX4l8WPDrbahnwKYJFb1Hn9MMz85L2YNPQGGT3bfbSdv'}
Body: None
2021-12-06 17:53:26,661 DEBUG :: Starting new HTTPS connection (1): api.twitter.com:443
2021-12-06 17:53:26,962 DEBUG :: https://api.twitter.com:443 "GET /2/users/607380408/tweets?max_results=5&tweet.fields=created_at&exclude=retweets HTTP/1.1" 200 998
2021-12-06 17:53:26,964 DEBUG :: Received API response: 200 OK
Headers: {'date': 'Mon, 06 Dec 2021 16:53:26 UTC', 'server': 'tsa_f', 'set-cookie': 'guest_id_marketing=v1%3A163880960607090612; Max-Age=63072000; Expires=Wed, 06 Dec 2023 16:53:26 GMT; Path=/; Domain=.twitter.com; Secure; SameSite=None, guest_id_ads=v1%3A163880960607090612; Max-Age=63072000; Expires=Wed, 06 Dec 2023 16:53:26 GMT; Path=/; Domain=.twitter.com; Secure; SameSite=None, personalization_id="v1_FBdjNLsizXl3I7na2Y4CSQ=="; Max-Age=63072000; Expires=Wed, 06 Dec 2023 16:53:26 GMT; Path=/; Domain=.twitter.com; Secure; SameSite=None, guest_id=v1%3A163880960607090612; Max-Age=63072000; Expires=Wed, 06 Dec 2023 16:53:26 GMT; Path=/; Domain=.twitter.com; Secure; SameSite=None', 'api-version': '2.31', 'content-type': 'application/json; charset=utf-8', 'cache-control': 'no-cache, no-store, max-age=0', 'content-length': '998', 'x-access-level': 'read', 'x-frame-options': 'SAMEORIGIN', 'content-encoding': 'gzip', 'x-xss-protection': '0', 'x-rate-limit-limit': '1500', 'x-rate-limit-reset': '1638810318', 'content-disposition': 'attachment; filename=json.json', 'x-content-type-options': 'nosniff', 'x-rate-limit-remaining': '1440', 'strict-transport-security': 'max-age=631138519', 'x-response-time': '217', 'x-connection-hash': '1363757df28f02bbdfdedbb579213ad00163956f89605375487865c7d892734c'}
Content: b'{"data":[{"created_at":"2021-11-23T15:52:50.000Z","id":"1463173705446604813","text":"\\uD83C\\uDFC6 Adeunis has obtained ISO 9001 certification!\\nThis certification rewards the high standards set for several years on quality management but also the work of the teams in the continuous improvement of processes.\\nCongrats to the teams who work every day to achieve excellence!"},{"created_at":"2021-11-16T16:05:03.000Z","id":"1460640063918948363","text":"\\uD83C\\uDF07 Adeunis is exhibiting at the @SmartCityexpo Barcelona from 16 to 18 November 2021 alongside @GrenobleAlpes and @businessfrance. #choosefrance"},{"created_at":"2021-10-28T15:22:54.000Z","id":"1453744087069335555","text":"Adeunis has the great honor of representing France at the Dubai World Expo, alongside @LaFrenchFab  and @businessfrance, during the fortnight entitled \\"Thinking about the smart cities and sustainable territories of tomorrow\\". It joins an innovative ecosystem. https://t.co/yUb9wqjIel"},{"created_at":"2021-09-09T15:00:37.000Z","id":"1435981474017185796","text":"Du 28 au 30 septembre 2021, nous serons pr\xc3\xa9sents au Salon H\'Expo, Parc des Expositions de Bordeaux aux c\xc3\xb4t\xc3\xa9s de nos partenaires #citron , #Dryas et #WIT pour pr\xc3\xa9senter aux bailleurs sociaux nos solutions compl\xc3\xa9mentaires de pilotage de la performance \xc3\xa9nerg\xc3\xa9tique des b\xc3\xa2timents ! https://t.co/FGw61KxfhI"},{"created_at":"2021-09-07T11:42:05.000Z","id":"1435206736881897476","text":"Vendredi @cedric_o \xc3\xa9tait dans nos locaux pour rencontrer nos \xc3\xa9quipes et \xc3\xa9changer autour du projet #5G ! https://t.co/ntasRi1tpQ"}],"meta":{"oldest_id":"1435206736881897476","newest_id":"1463173705446604813","result_count":5,"next_token":"7140dibdnow9c7btw3z21ewwilpkqbqxsqxnxac7blv06"}}'
2021-12-06 17:53:26,965 WARNING :: Amount of tweets 7
2021-12-06 17:53:26,965 WARNING :: Recieved full data for 3 users
2021-12-06 17:53:26,965 WARNING :: Cleaning and Analising Tweets Tweets
2021-12-06 17:53:26,965 WARNING :: Analising Tweets Tweets
2021-12-06 17:53:26,966 DEBUG :: Making API request: GET https://api.twitter.com/2/users/51016657/tweets
Parameters: {'max_results': 5, 'tweet.fields': 'created_at', 'exclude': 'retweets'}
Headers: {'User-Agent': 'Python/3.8.9 Requests/2.26.0 Tweepy/4.4.0', 'Authorization': 'Bearer AAAAAAAAAAAAAAAAAAAAAH68VwEAAAAA5DWkqX14lSgqQ2yid9RQhbV1meM%3D8jgI64BX4l8WPDrbahnwKYJFb1Hn9MMz85L2YNPQGGT3bfbSdv'}
Body: None
2021-12-06 17:53:26,968 DEBUG :: Starting new HTTPS connection (1): api.twitter.com:443
2021-12-06 17:53:27,255 DEBUG :: https://api.twitter.com:443 "GET /2/users/51016657/tweets?max_results=5&tweet.fields=created_at&exclude=retweets HTTP/1.1" 200 896
2021-12-06 17:53:27,257 DEBUG :: Received API response: 200 OK
Headers: {'date': 'Mon, 06 Dec 2021 16:53:26 UTC', 'server': 'tsa_f', 'set-cookie': 'guest_id_marketing=v1%3A163880960637761208; Max-Age=63072000; Expires=Wed, 06 Dec 2023 16:53:26 GMT; Path=/; Domain=.twitter.com; Secure; SameSite=None, guest_id_ads=v1%3A163880960637761208; Max-Age=63072000; Expires=Wed, 06 Dec 2023 16:53:26 GMT; Path=/; Domain=.twitter.com; Secure; SameSite=None, personalization_id="v1_L+ZDfPPNxlePylbWAtrfwg=="; Max-Age=63072000; Expires=Wed, 06 Dec 2023 16:53:26 GMT; Path=/; Domain=.twitter.com; Secure; SameSite=None, guest_id=v1%3A163880960637761208; Max-Age=63072000; Expires=Wed, 06 Dec 2023 16:53:26 GMT; Path=/; Domain=.twitter.com; Secure; SameSite=None', 'api-version': '2.31', 'content-type': 'application/json; charset=utf-8', 'cache-control': 'no-cache, no-store, max-age=0', 'content-length': '896', 'x-access-level': 'read', 'x-frame-options': 'SAMEORIGIN', 'content-encoding': 'gzip', 'x-xss-protection': '0', 'x-rate-limit-limit': '1500', 'x-rate-limit-reset': '1638810318', 'content-disposition': 'attachment; filename=json.json', 'x-content-type-options': 'nosniff', 'x-rate-limit-remaining': '1439', 'strict-transport-security': 'max-age=631138519', 'x-response-time': '202', 'x-connection-hash': 'b34f3aa431448d0387d9fdafbf0c64aeaf8bee79d2c0478d209d57a05d2b6510'}
Content: b'{"data":[{"created_at":"2021-12-03T10:29:48.000Z","id":"1466716290987565058","text":"Following a very successful online event, Proactis UK&amp;I #ReThink21 is now available for you to access on-demand.\\n\\nYou can watch recordings of our live sessions from speakers such as Peter Smith and Andrew Codd CGMA MBA - click here to access: https://t.co/YFdbEKUBzt"},{"created_at":"2021-12-01T10:33:29.000Z","id":"1465992441014759432","text":"Technology is playing a huge role in helping organisations manage ethical supply chains. \\n\\nFind out more - https://t.co/ocmUhPehHi"},{"created_at":"2021-11-29T12:54:28.000Z","id":"1465303146494840833","text":"Now is the time to manage your supplier relationships.\\n\\nWith Proactis you can build and maintain a strong supplier base by structuring and streamlining the entire supplier lifecycle.\\n\\nhttps://t.co/737Z4MPOnH"},{"created_at":"2021-11-26T12:10:20.000Z","id":"1464204873302478853","text":"Read more about how Louvre Hotels Group has chosen to deploy Proactis\' new procurement solution to its hotels in Europe as part of the Group\'s ERP deployment programme and strategic transformation plan. https://t.co/NY57g53VRM"},{"created_at":"2021-11-25T09:58:10.000Z","id":"1463809228083281925","text":"Here are the opportunities you shouldn\'t miss out on to achieve your capacity, talent and process goals. It\'s time to make an impact - https://t.co/nvmNQ40Gft"}],"meta":{"oldest_id":"1463809228083281925","newest_id":"1466716290987565058","result_count":5,"next_token":"7140dibdnow9c7btw3z3arj2poo6ga7gb47qfmlze1mid"}}'
2021-12-06 17:53:27,258 WARNING :: Amount of tweets 7
2021-12-06 17:53:27,258 WARNING :: Recieved full data for 4 users
2021-12-06 17:53:27,258 WARNING :: Cleaning and Analising Tweets Tweets
2021-12-06 17:53:27,258 WARNING :: Analising Tweets Tweets
2021-12-06 17:53:27,259 DEBUG :: Making API request: GET https://api.twitter.com/2/users/3322732175/tweets
Parameters: {'max_results': 5, 'tweet.fields': 'created_at', 'exclude': 'retweets'}
Headers: {'User-Agent': 'Python/3.8.9 Requests/2.26.0 Tweepy/4.4.0', 'Authorization': 'Bearer AAAAAAAAAAAAAAAAAAAAAH68VwEAAAAA5DWkqX14lSgqQ2yid9RQhbV1meM%3D8jgI64BX4l8WPDrbahnwKYJFb1Hn9MMz85L2YNPQGGT3bfbSdv'}
Body: None
2021-12-06 17:53:27,261 DEBUG :: Starting new HTTPS connection (1): api.twitter.com:443
2021-12-06 17:53:27,562 DEBUG :: https://api.twitter.com:443 "GET /2/users/3322732175/tweets?max_results=5&tweet.fields=created_at&exclude=retweets HTTP/1.1" 200 1125
2021-12-06 17:53:27,563 DEBUG :: Received API response: 200 OK
Headers: {'date': 'Mon, 06 Dec 2021 16:53:26 UTC', 'server': 'tsa_f', 'set-cookie': 'guest_id_marketing=v1%3A163880960667314340; Max-Age=63072000; Expires=Wed, 06 Dec 2023 16:53:26 GMT; Path=/; Domain=.twitter.com; Secure; SameSite=None, guest_id_ads=v1%3A163880960667314340; Max-Age=63072000; Expires=Wed, 06 Dec 2023 16:53:26 GMT; Path=/; Domain=.twitter.com; Secure; SameSite=None, personalization_id="v1_ap96a481s2Jyp3PTOiQpVQ=="; Max-Age=63072000; Expires=Wed, 06 Dec 2023 16:53:26 GMT; Path=/; Domain=.twitter.com; Secure; SameSite=None, guest_id=v1%3A163880960667314340; Max-Age=63072000; Expires=Wed, 06 Dec 2023 16:53:26 GMT; Path=/; Domain=.twitter.com; Secure; SameSite=None', 'api-version': '2.31', 'content-type': 'application/json; charset=utf-8', 'cache-control': 'no-cache, no-store, max-age=0', 'content-length': '1125', 'x-access-level': 'read', 'x-frame-options': 'SAMEORIGIN', 'content-encoding': 'gzip', 'x-xss-protection': '0', 'x-rate-limit-limit': '1500', 'x-rate-limit-reset': '1638810318', 'content-disposition': 'attachment; filename=json.json', 'x-content-type-options': 'nosniff', 'x-rate-limit-remaining': '1438', 'strict-transport-security': 'max-age=631138519', 'x-response-time': '212', 'x-connection-hash': '16fc8a8eabb80a3c689957624e8b445d7956863020f67393ae38e136bba4bd55'}
Content: b'{"data":[{"created_at":"2020-10-26T11:59:56.000Z","id":"1320696661610516482","text":"Dank @ExecutiveFinan voor het interview!\\n \\nVerkort de verwerkingstijd van facturen en betaal u leveranciers eerder met Proactis P2P en Accelerated Payments. Door facturen sneller te betalen heb je direct impact op supplychain. https://t.co/43ifjs4Hj8"},{"created_at":"2020-06-05T11:00:58.000Z","id":"1268860359655534592","text":"Is P2P een oplossing voor:\\n\xe2\x9d\x94 Inkoop\\n\xe2\x9d\x94 Finance\\n\xe2\x9c\x94\xef\xb8\x8f All of the above\\n\\nTijdens de webinar: \\"What about P2P? Kick-start uw P2P project\\" zullen we ingaan op de noodzaak van P2P.\\n\\nBent u erbij? Meld u aan!\\n#P2P #Webinar \\n\\nhttps://t.co/HJswFCj0eZ https://t.co/l1Oztz2FtN"},{"created_at":"2020-05-11T13:12:04.000Z","id":"1259833653506592768","text":"\\uD83D\\uDCE2 Met trots presenteren wij u de Proactis Business Spend video!\\n\\nU kunt hier zien hoe Proactis u kan helpen om:\\n1. Inzage te verkrijgen in spend data\\n2. Naleving van inkoopbeleid te borgen\\n3. Kostenbesparing te realiseren\\n\\nhttps://t.co/F0WoLuX3FW"},{"created_at":"2020-05-08T08:02:47.000Z","id":"1258668658064228352","text":"In 3 stappen eenvoudig en effectief grip op uw contracten? Dat kan! Als u meer wilt weten over:\\n\\n\xe2\x96\xab\xef\xb8\x8f Nut en nootzaak van inzicht in contractdata\\n\xe2\x96\xab\xef\xb8\x8f CM als \\"quick win\\"\\n\xe2\x96\xab\xef\xb8\x8f De 3 stappen naar volledig inzicht\\n\\nMeld u aan voor de Contract Management Webinar!\\n\\nhttps://t.co/piLte28Spn https://t.co/oTvI5JAxJo"},{"created_at":"2020-04-17T13:20:11.000Z","id":"1251138389782429696","text":"Our home-based offices are filled with energy and we\'re proud of all our employees that are doing their utmost to continue \'business as usual\'!\\n\\nThank you all!\\n\\n#proactis #team #workfromhome #kanjers https://t.co/yV51xAz040"}],"meta":{"oldest_id":"1251138389782429696","newest_id":"1320696661610516482","result_count":5,"next_token":"7140dibdnow9c7btw3t3bpj6z343rrkpa3f8qccw0xoae"}}'
2021-12-06 17:53:27,564 WARNING :: Amount of tweets 7
2021-12-06 17:53:27,565 WARNING :: Recieved full data for 5 users
2021-12-06 17:53:27,565 WARNING :: Cleaning and Analising Tweets Tweets
2021-12-06 17:53:27,565 WARNING :: Analising Tweets Tweets
2021-12-06 17:53:27,566 DEBUG :: Making API request: GET https://api.twitter.com/2/users/865199209896701952/tweets
Parameters: {'max_results': 5, 'tweet.fields': 'created_at', 'exclude': 'retweets'}
Headers: {'User-Agent': 'Python/3.8.9 Requests/2.26.0 Tweepy/4.4.0', 'Authorization': 'Bearer AAAAAAAAAAAAAAAAAAAAAH68VwEAAAAA5DWkqX14lSgqQ2yid9RQhbV1meM%3D8jgI64BX4l8WPDrbahnwKYJFb1Hn9MMz85L2YNPQGGT3bfbSdv'}
Body: None
2021-12-06 17:53:27,567 DEBUG :: Starting new HTTPS connection (1): api.twitter.com:443
2021-12-06 17:53:27,859 DEBUG :: https://api.twitter.com:443 "GET /2/users/865199209896701952/tweets?max_results=5&tweet.fields=created_at&exclude=retweets HTTP/1.1" 200 1025
2021-12-06 17:53:27,860 DEBUG :: Received API response: 200 OK
Headers: {'date': 'Mon, 06 Dec 2021 16:53:27 UTC', 'server': 'tsa_f', 'set-cookie': 'guest_id_marketing=v1%3A163880960698021086; Max-Age=63072000; Expires=Wed, 06 Dec 2023 16:53:27 GMT; Path=/; Domain=.twitter.com; Secure; SameSite=None, guest_id_ads=v1%3A163880960698021086; Max-Age=63072000; Expires=Wed, 06 Dec 2023 16:53:27 GMT; Path=/; Domain=.twitter.com; Secure; SameSite=None, personalization_id="v1_IuIwbZpw4PWqL937NnYxLA=="; Max-Age=63072000; Expires=Wed, 06 Dec 2023 16:53:27 GMT; Path=/; Domain=.twitter.com; Secure; SameSite=None, guest_id=v1%3A163880960698021086; Max-Age=63072000; Expires=Wed, 06 Dec 2023 16:53:27 GMT; Path=/; Domain=.twitter.com; Secure; SameSite=None', 'api-version': '2.31', 'content-type': 'application/json; charset=utf-8', 'cache-control': 'no-cache, no-store, max-age=0', 'content-length': '1025', 'x-access-level': 'read', 'x-frame-options': 'SAMEORIGIN', 'content-encoding': 'gzip', 'x-xss-protection': '0', 'x-rate-limit-limit': '1500', 'x-rate-limit-reset': '1638810318', 'content-disposition': 'attachment; filename=json.json', 'x-content-type-options': 'nosniff', 'x-rate-limit-remaining': '1437', 'strict-transport-security': 'max-age=631138519', 'x-response-time': '204', 'x-connection-hash': 'f4e6755dbe48e01426f3aafeaef6a0f03ea3c13cb29ffb97ec76a3d525b2dd97'}
Content: b'{"data":[{"created_at":"2021-12-06T13:17:05.000Z","id":"1467845551056113668","text":"#FCEV and #BEV have similarly low lifecycle emissions - scaled up #togetherfornetzero they can both have a great impact on reducing #transport emissions. \\n\\nRead our report on transportation \\uD83D\\uDC49 https://t.co/so5uOV4g0r https://t.co/PESCCOHlb2"},{"created_at":"2021-12-05T08:00:01.000Z","id":"1467403369954230273","text":"Whether at #COP26 with the Glasgow Breakthroughs and #H2Zero, during #EUHydrogenWeek, or through new initiatives by governments and companies, it is undeniable #hydrogen has taken Centre Stage in the #energy conversation.\\n\\nRead @noevanhulst\xe2\x80\x99s thoughts \\uD83D\\uDC47\\nhttps://t.co/HqInNNshC3"},{"created_at":"2021-12-03T16:26:56.000Z","id":"1466806166864994304","text":"At @Reuters\xe2\x80\x99 Hydrogen Economy Europe event, our Director for Policy &amp; Partnerships @daria_nvk outlined hydrogen\xe2\x80\x99s carbon abetment potential by 2030 and by 2050, as well as the policy tools needed to #KickstartHydrogen.\\n\\nhttps://t.co/eTxqAjFDko"},{"created_at":"2021-12-03T14:00:00.000Z","id":"1466769190359117829","text":"While #BEVs are efficient for passenger transportation, #FCEVs are optimal for vehicles with high power and energy demand such as heavy- and medium-duty vehicles.\\n\\nSee why both technologies are needed: https://t.co/so5uOV4g0r\\n#togetherfornetzero"},{"created_at":"2021-12-02T13:39:37.000Z","id":"1466401671106510849","text":"In our Policy Toolbox, we have identified 6\xe2\x83\xa3 pillars for efficient #policy design to encourage the scale-up of low carbon and #renewable #hydrogen.\\n\\nSee this and more in our latest report: https://t.co/c59GFEE3sA https://t.co/MOeWAKlKMz"}],"meta":{"oldest_id":"1466401671106510849","newest_id":"1467845551056113668","result_count":5,"next_token":"7140dibdnow9c7btw3z3axw1zxcnhiopreubebjo559h5"}}'
2021-12-06 17:53:27,861 WARNING :: Amount of tweets 7
2021-12-06 17:53:27,861 WARNING :: Recieved full data for 6 users
2021-12-06 17:53:27,861 WARNING :: Cleaning and Analising Tweets Tweets
2021-12-06 17:53:27,862 WARNING :: Analising Tweets Tweets
2021-12-06 17:53:27,862 DEBUG :: Making API request: GET https://api.twitter.com/2/users/171093845/tweets
Parameters: {'max_results': 5, 'tweet.fields': 'created_at', 'exclude': 'retweets'}
Headers: {'User-Agent': 'Python/3.8.9 Requests/2.26.0 Tweepy/4.4.0', 'Authorization': 'Bearer AAAAAAAAAAAAAAAAAAAAAH68VwEAAAAA5DWkqX14lSgqQ2yid9RQhbV1meM%3D8jgI64BX4l8WPDrbahnwKYJFb1Hn9MMz85L2YNPQGGT3bfbSdv'}
Body: None
2021-12-06 17:53:27,864 DEBUG :: Starting new HTTPS connection (1): api.twitter.com:443
2021-12-06 17:53:28,248 DEBUG :: https://api.twitter.com:443 "GET /2/users/171093845/tweets?max_results=5&tweet.fields=created_at&exclude=retweets HTTP/1.1" 200 1002
2021-12-06 17:53:28,249 DEBUG :: Received API response: 200 OK
Headers: {'date': 'Mon, 06 Dec 2021 16:53:27 UTC', 'server': 'tsa_f', 'set-cookie': 'guest_id_marketing=v1%3A163880960730860149; Max-Age=63072000; Expires=Wed, 06 Dec 2023 16:53:27 GMT; Path=/; Domain=.twitter.com; Secure; SameSite=None, guest_id_ads=v1%3A163880960730860149; Max-Age=63072000; Expires=Wed, 06 Dec 2023 16:53:27 GMT; Path=/; Domain=.twitter.com; Secure; SameSite=None, personalization_id="v1_+FRXii62BjfTszF6UZgcGw=="; Max-Age=63072000; Expires=Wed, 06 Dec 2023 16:53:27 GMT; Path=/; Domain=.twitter.com; Secure; SameSite=None, guest_id=v1%3A163880960730860149; Max-Age=63072000; Expires=Wed, 06 Dec 2023 16:53:27 GMT; Path=/; Domain=.twitter.com; Secure; SameSite=None', 'api-version': '2.31', 'content-type': 'application/json; charset=utf-8', 'cache-control': 'no-cache, no-store, max-age=0', 'content-length': '1002', 'x-access-level': 'read', 'x-frame-options': 'SAMEORIGIN', 'content-encoding': 'gzip', 'x-xss-protection': '0', 'x-rate-limit-limit': '1500', 'x-rate-limit-reset': '1638810318', 'content-disposition': 'attachment; filename=json.json', 'x-content-type-options': 'nosniff', 'x-rate-limit-remaining': '1436', 'strict-transport-security': 'max-age=631138519', 'x-response-time': '295', 'x-connection-hash': '5c246669433c016ba489818db672832d7abcdbc2c8d3befef3674986cdac5407'}
Content: b'{"data":[{"created_at":"2021-12-03T14:01:10.000Z","id":"1466769483402461192","text":"Il avait \xc3\xa9t\xc3\xa9 un des personnages de notre saga estivale \\"devoirs de vacances\\", le r\xc3\xb4le d\'un Chef de Projets au sein de notre Centre De Services de La D\xc3\xa9fense est pr\xc3\xa9sent\xc3\xa9, cette semaine par Lo\xc3\xafc. \\n@_ALTBG \\n@BrunoDamey  @__JPCS \\n#blockchain #developpement #agile https://t.co/wEMRjtVDIq"},{"created_at":"2021-11-30T23:43:29.000Z","id":"1465828863477436426","text":"Il y a plein de belles choses \xc3\xa0 r\xc3\xa9aliser avec les \xc3\xa9quipes @_ALTBG  ! L\'occasion de partager avec les \xc3\xa9quipes @iORGA_GROUP  l\'ambition TBG.\\nRejoignez-nous ! https://t.co/eRGhIa71zC"},{"created_at":"2021-11-30T23:42:38.000Z","id":"1465828651371569155","text":"Nouveau site dans l\'\xc3\xa9cosyst\xc3\xa8me @_ALTBG  ! Les \xc3\xa9quipes iORGA GROUP sont fi\xc3\xa8res de participer aux challenges relev\xc3\xa9s par la solution Eniblock et les architectures Blockchain ! https://t.co/bnBfX5pK6k"},{"created_at":"2021-11-24T22:54:35.000Z","id":"1463642231861043205","text":"200 postes \xc3\xa0 pouvoir en 2022 chez The Blockchain Group - N\'h\xc3\xa9sitez pas - il y a beaucoup de projets \xc3\xa0 r\xc3\xa9aliser, notamment avec les \xc3\xa9quipes IORGA Group ! Postulez !\\n\\nhttps://t.co/mdYPUiZCm6 \\n\\n@_ALTBG https://t.co/TFQg0iKcED"},{"created_at":"2021-11-19T14:58:08.000Z","id":"1461710388970598406","text":"Votre application m\xc3\xa9tier est-elle has been ? Faites le test : https://t.co/iZWzAotxuw \\nDiagnostiquez votre application m\xc3\xa9tier en 5 minutes. nos experts vous proposent un audit flash \xc3\xa0 l\xe2\x80\x99issue du test, pour identifier les am\xc3\xa9liorations \xc3\xa0 apporter ! \\n@BrunoDamey @__JPCS \\n@_ALTBG https://t.co/RDSKrtnzle"}],"meta":{"oldest_id":"1461710388970598406","newest_id":"1466769483402461192","result_count":5,"next_token":"7140dibdnow9c7btw3z3an9bo22t3upe46i3xtx7remgm"}}'
2021-12-06 17:53:28,250 WARNING :: Amount of tweets 7
2021-12-06 17:53:28,251 WARNING :: Recieved full data for 7 users
2021-12-06 17:53:28,251 WARNING :: Cleaning and Analising Tweets Tweets
2021-12-06 17:53:28,251 WARNING :: Analising Tweets Tweets
2021-12-06 17:53:28,252 DEBUG :: Making API request: GET https://api.twitter.com/2/users/1039124681914236928/tweets
Parameters: {'max_results': 5, 'tweet.fields': 'created_at', 'exclude': 'retweets'}
Headers: {'User-Agent': 'Python/3.8.9 Requests/2.26.0 Tweepy/4.4.0', 'Authorization': 'Bearer AAAAAAAAAAAAAAAAAAAAAH68VwEAAAAA5DWkqX14lSgqQ2yid9RQhbV1meM%3D8jgI64BX4l8WPDrbahnwKYJFb1Hn9MMz85L2YNPQGGT3bfbSdv'}
Body: None
2021-12-06 17:53:28,254 DEBUG :: Starting new HTTPS connection (1): api.twitter.com:443
2021-12-06 17:53:28,556 DEBUG :: https://api.twitter.com:443 "GET /2/users/1039124681914236928/tweets?max_results=5&tweet.fields=created_at&exclude=retweets HTTP/1.1" 200 259
2021-12-06 17:53:28,557 DEBUG :: Received API response: 200 OK
Headers: {'date': 'Mon, 06 Dec 2021 16:53:27 UTC', 'server': 'tsa_f', 'set-cookie': 'guest_id_marketing=v1%3A163880960770079755; Max-Age=63072000; Expires=Wed, 06 Dec 2023 16:53:27 GMT; Path=/; Domain=.twitter.com; Secure; SameSite=None, guest_id_ads=v1%3A163880960770079755; Max-Age=63072000; Expires=Wed, 06 Dec 2023 16:53:27 GMT; Path=/; Domain=.twitter.com; Secure; SameSite=None, personalization_id="v1_Fa1Iig8ue4ixsmnm78IfSQ=="; Max-Age=63072000; Expires=Wed, 06 Dec 2023 16:53:27 GMT; Path=/; Domain=.twitter.com; Secure; SameSite=None, guest_id=v1%3A163880960770079755; Max-Age=63072000; Expires=Wed, 06 Dec 2023 16:53:27 GMT; Path=/; Domain=.twitter.com; Secure; SameSite=None', 'api-version': '2.31', 'content-type': 'application/json; charset=utf-8', 'cache-control': 'no-cache, no-store, max-age=0', 'content-length': '259', 'x-access-level': 'read', 'x-frame-options': 'SAMEORIGIN', 'content-encoding': 'gzip', 'x-xss-protection': '0', 'x-rate-limit-limit': '1500', 'x-rate-limit-reset': '1638810318', 'content-disposition': 'attachment; filename=json.json', 'x-content-type-options': 'nosniff', 'x-rate-limit-remaining': '1435', 'strict-transport-security': 'max-age=631138519', 'x-response-time': '184', 'x-connection-hash': 'a5f6d752fd38dca9cab0a43ee5240f816cfaece38c31ac93b414940e69fc02d1'}
Content: b'{"data":[{"created_at":"2019-02-22T11:18:32.000Z","id":"1098904870428524544","text":"https://t.co/uwVkBMFd39"},{"created_at":"2018-09-24T09:07:05.000Z","id":"1044151222494736384","text":"Les fondamentaux de la blockchain \xe2\x80\x93 SystemX Blog https://t.co/yLdxMxIMxz"}],"meta":{"oldest_id":"1044151222494736384","newest_id":"1098904870428524544","result_count":2}}'
2021-12-06 17:53:28,558 WARNING :: Amount of tweets 7
2021-12-06 17:53:28,558 WARNING :: Recieved full data for 8 users
2021-12-06 17:53:28,559 WARNING :: Cleaning and Analising Tweets Tweets
2021-12-06 17:53:28,559 WARNING :: Analising Tweets Tweets
2021-12-06 17:53:28,559 DEBUG :: Making API request: GET https://api.twitter.com/2/users/909694493204647936/tweets
Parameters: {'max_results': 5, 'tweet.fields': 'created_at', 'exclude': 'retweets'}
Headers: {'User-Agent': 'Python/3.8.9 Requests/2.26.0 Tweepy/4.4.0', 'Authorization': 'Bearer AAAAAAAAAAAAAAAAAAAAAH68VwEAAAAA5DWkqX14lSgqQ2yid9RQhbV1meM%3D8jgI64BX4l8WPDrbahnwKYJFb1Hn9MMz85L2YNPQGGT3bfbSdv'}
Body: None
2021-12-06 17:53:28,561 DEBUG :: Starting new HTTPS connection (1): api.twitter.com:443
2021-12-06 17:53:28,865 DEBUG :: https://api.twitter.com:443 "GET /2/users/909694493204647936/tweets?max_results=5&tweet.fields=created_at&exclude=retweets HTTP/1.1" 200 600
2021-12-06 17:53:28,868 DEBUG :: Received API response: 200 OK
Headers: {'date': 'Mon, 06 Dec 2021 16:53:28 UTC', 'server': 'tsa_f', 'set-cookie': 'guest_id_marketing=v1%3A163880960799496868; Max-Age=63072000; Expires=Wed, 06 Dec 2023 16:53:28 GMT; Path=/; Domain=.twitter.com; Secure; SameSite=None, guest_id_ads=v1%3A163880960799496868; Max-Age=63072000; Expires=Wed, 06 Dec 2023 16:53:28 GMT; Path=/; Domain=.twitter.com; Secure; SameSite=None, personalization_id="v1_9APS3N2scp4SKpp0MKNXYQ=="; Max-Age=63072000; Expires=Wed, 06 Dec 2023 16:53:28 GMT; Path=/; Domain=.twitter.com; Secure; SameSite=None, guest_id=v1%3A163880960799496868; Max-Age=63072000; Expires=Wed, 06 Dec 2023 16:53:28 GMT; Path=/; Domain=.twitter.com; Secure; SameSite=None', 'api-version': '2.31', 'content-type': 'application/json; charset=utf-8', 'cache-control': 'no-cache, no-store, max-age=0', 'content-length': '600', 'x-access-level': 'read', 'x-frame-options': 'SAMEORIGIN', 'content-encoding': 'gzip', 'x-xss-protection': '0', 'x-rate-limit-limit': '1500', 'x-rate-limit-reset': '1638810318', 'content-disposition': 'attachment; filename=json.json', 'x-content-type-options': 'nosniff', 'x-rate-limit-remaining': '1434', 'strict-transport-security': 'max-age=631138519', 'x-response-time': '193', 'x-connection-hash': 'be539dd4f178914d9a3c4f9d5138a1efa8cae0ddfbed862cf88e00282624d0fa'}
Content: b'{"data":[{"created_at":"2021-11-15T15:07:42.000Z","id":"1460263242945683466","text":"Avenir Telecom multiplie son chiffre d\xe2\x80\x99affaires par 2,2 au 1er semestre 2021-2022 gr\xc3\xa2ce au succ\xc3\xa8s de sa nouvelle strat\xc3\xa9gie commerciale\\n\\nhttps://t.co/thcU18yRKc"},{"created_at":"2020-11-04T14:19:54.000Z","id":"1323993375910043648","text":"3ans c\'est long..."},{"created_at":"2020-11-04T14:18:11.000Z","id":"1323992947340333056","text":"Wow, nous sommes enfin de retour sur Twitter ! #AvenirTelecom #AVT ! https://t.co/9Nmt9ZNxIJ"},{"created_at":"2017-09-20T16:21:26.000Z","id":"910539409799426048","text":"Avenir Telecom recrute son : \\nASSISTANT ADV ANGLAIS H/F\\nContact : recrutement@avenir-telecom.fr"},{"created_at":"2017-09-20T12:16:26.000Z","id":"910477750812766208","text":"Avenir Telecom recrute son : \\nCHARGE DE RECRUTEMENT INTERNATIONAL H/F\\nContact : recrutement@avenir-telecom.fr\\n@recrutement"}],"meta":{"oldest_id":"910477750812766208","newest_id":"1460263242945683466","result_count":5,"next_token":"zldjwdz3w6sba13nqq1p3xgumyxuwxqokx22921cy0o"}}'
2021-12-06 17:53:28,870 WARNING :: Amount of tweets 7
2021-12-06 17:53:28,871 WARNING :: Recieved full data for 9 users
2021-12-06 17:53:28,871 WARNING :: Cleaning and Analising Tweets Tweets
2021-12-06 17:53:28,871 WARNING :: Analising Tweets Tweets
