2021-12-07 00:01:22,885 DEBUG :: Making API request: GET https://api.twitter.com/2/users/by/username/MedinCell
Parameters: {'user.fields': 'created_at'}
Headers: {'User-Agent': 'Python/3.8.9 Requests/2.26.0 Tweepy/4.4.0', 'Authorization': 'Bearer AAAAAAAAAAAAAAAAAAAAAH68VwEAAAAA5DWkqX14lSgqQ2yid9RQhbV1meM%3D8jgI64BX4l8WPDrbahnwKYJFb1Hn9MMz85L2YNPQGGT3bfbSdv'}
Body: None
2021-12-07 00:01:22,891 DEBUG :: Starting new HTTPS connection (1): api.twitter.com:443
2021-12-07 00:01:23,774 DEBUG :: https://api.twitter.com:443 "GET /2/users/by/username/MedinCell?user.fields=created_at HTTP/1.1" 200 113
2021-12-07 00:01:23,784 DEBUG :: Received API response: 200 OK
Headers: {'date': 'Mon, 06 Dec 2021 23:01:23 UTC', 'server': 'tsa_f', 'set-cookie': 'guest_id_marketing=v1%3A163883168324829631; Max-Age=63072000; Expires=Wed, 06 Dec 2023 23:01:23 GMT; Path=/; Domain=.twitter.com; Secure; SameSite=None, guest_id_ads=v1%3A163883168324829631; Max-Age=63072000; Expires=Wed, 06 Dec 2023 23:01:23 GMT; Path=/; Domain=.twitter.com; Secure; SameSite=None, personalization_id="v1_3OjYuFUN+AGnsf5xOP+80Q=="; Max-Age=63072000; Expires=Wed, 06 Dec 2023 23:01:23 GMT; Path=/; Domain=.twitter.com; Secure; SameSite=None, guest_id=v1%3A163883168324829631; Max-Age=63072000; Expires=Wed, 06 Dec 2023 23:01:23 GMT; Path=/; Domain=.twitter.com; Secure; SameSite=None', 'api-version': '2.31', 'content-type': 'application/json; charset=utf-8', 'cache-control': 'no-cache, no-store, max-age=0', 'content-length': '113', 'x-access-level': 'read', 'x-frame-options': 'SAMEORIGIN', 'content-encoding': 'gzip', 'x-xss-protection': '0', 'x-rate-limit-limit': '300', 'x-rate-limit-reset': '1638831904', 'content-disposition': 'attachment; filename=json.json', 'x-content-type-options': 'nosniff', 'x-rate-limit-remaining': '18', 'strict-transport-security': 'max-age=631138519', 'x-response-time': '133', 'x-connection-hash': '2aa434aed09aceede6d150eae66c8dbae8a7875a7a94c11baa0aa05eb1c51cf0'}
Content: b'{"data":{"name":"MedinCell","username":"MedinCell","created_at":"2009-12-16T03:42:27.000Z","id":"97127367"}}'
2021-12-07 00:01:23,786 WARNING :: Requesting users | getting MedinCell
2021-12-07 00:01:23,787 DEBUG :: Making API request: GET https://api.twitter.com/2/users/by/username/cellectis
Parameters: {'user.fields': 'created_at'}
Headers: {'User-Agent': 'Python/3.8.9 Requests/2.26.0 Tweepy/4.4.0', 'Authorization': 'Bearer AAAAAAAAAAAAAAAAAAAAAH68VwEAAAAA5DWkqX14lSgqQ2yid9RQhbV1meM%3D8jgI64BX4l8WPDrbahnwKYJFb1Hn9MMz85L2YNPQGGT3bfbSdv'}
Body: None
2021-12-07 00:01:23,789 DEBUG :: Starting new HTTPS connection (1): api.twitter.com:443
2021-12-07 00:01:24,018 DEBUG :: https://api.twitter.com:443 "GET /2/users/by/username/cellectis?user.fields=created_at HTTP/1.1" 200 116
2021-12-07 00:01:24,019 DEBUG :: Received API response: 200 OK
Headers: {'date': 'Mon, 06 Dec 2021 23:01:23 UTC', 'server': 'tsa_f', 'set-cookie': 'guest_id_marketing=v1%3A163883168348472659; Max-Age=63072000; Expires=Wed, 06 Dec 2023 23:01:23 GMT; Path=/; Domain=.twitter.com; Secure; SameSite=None, guest_id_ads=v1%3A163883168348472659; Max-Age=63072000; Expires=Wed, 06 Dec 2023 23:01:23 GMT; Path=/; Domain=.twitter.com; Secure; SameSite=None, personalization_id="v1_6KBsXfxf4f8O2n4W7F+nDQ=="; Max-Age=63072000; Expires=Wed, 06 Dec 2023 23:01:23 GMT; Path=/; Domain=.twitter.com; Secure; SameSite=None, guest_id=v1%3A163883168348472659; Max-Age=63072000; Expires=Wed, 06 Dec 2023 23:01:23 GMT; Path=/; Domain=.twitter.com; Secure; SameSite=None', 'api-version': '2.31', 'content-type': 'application/json; charset=utf-8', 'cache-control': 'no-cache, no-store, max-age=0', 'content-length': '116', 'x-access-level': 'read', 'x-frame-options': 'SAMEORIGIN', 'content-encoding': 'gzip', 'x-xss-protection': '0', 'x-rate-limit-limit': '300', 'x-rate-limit-reset': '1638831904', 'content-disposition': 'attachment; filename=json.json', 'x-content-type-options': 'nosniff', 'x-rate-limit-remaining': '17', 'strict-transport-security': 'max-age=631138519', 'x-response-time': '140', 'x-connection-hash': 'a5afb7d4cef0b3e6c712ac04c6d60959193cfd2957f0a0efd99260b920218806'}
Content: b'{"data":{"created_at":"2009-10-12T17:21:25.000Z","username":"cellectis","id":"81887593","name":"Cellectis"}}'
2021-12-07 00:01:24,020 WARNING :: Requesting users | getting cellectis
2021-12-07 00:01:24,021 DEBUG :: Making API request: GET https://api.twitter.com/2/users/by/username/Carbios
Parameters: {'user.fields': 'created_at'}
Headers: {'User-Agent': 'Python/3.8.9 Requests/2.26.0 Tweepy/4.4.0', 'Authorization': 'Bearer AAAAAAAAAAAAAAAAAAAAAH68VwEAAAAA5DWkqX14lSgqQ2yid9RQhbV1meM%3D8jgI64BX4l8WPDrbahnwKYJFb1Hn9MMz85L2YNPQGGT3bfbSdv'}
Body: None
2021-12-07 00:01:24,023 DEBUG :: Starting new HTTPS connection (1): api.twitter.com:443
2021-12-07 00:01:24,243 DEBUG :: https://api.twitter.com:443 "GET /2/users/by/username/Carbios?user.fields=created_at HTTP/1.1" 200 114
2021-12-07 00:01:24,245 DEBUG :: Received API response: 200 OK
Headers: {'date': 'Mon, 06 Dec 2021 23:01:23 UTC', 'server': 'tsa_f', 'set-cookie': 'guest_id_marketing=v1%3A163883168371154803; Max-Age=63072000; Expires=Wed, 06 Dec 2023 23:01:23 GMT; Path=/; Domain=.twitter.com; Secure; SameSite=None, guest_id_ads=v1%3A163883168371154803; Max-Age=63072000; Expires=Wed, 06 Dec 2023 23:01:23 GMT; Path=/; Domain=.twitter.com; Secure; SameSite=None, personalization_id="v1_WOM9eaOGiZBbAh9skDITEA=="; Max-Age=63072000; Expires=Wed, 06 Dec 2023 23:01:23 GMT; Path=/; Domain=.twitter.com; Secure; SameSite=None, guest_id=v1%3A163883168371154803; Max-Age=63072000; Expires=Wed, 06 Dec 2023 23:01:23 GMT; Path=/; Domain=.twitter.com; Secure; SameSite=None', 'api-version': '2.31', 'content-type': 'application/json; charset=utf-8', 'cache-control': 'no-cache, no-store, max-age=0', 'content-length': '114', 'x-access-level': 'read', 'x-frame-options': 'SAMEORIGIN', 'content-encoding': 'gzip', 'x-xss-protection': '0', 'x-rate-limit-limit': '300', 'x-rate-limit-reset': '1638831904', 'content-disposition': 'attachment; filename=json.json', 'x-content-type-options': 'nosniff', 'x-rate-limit-remaining': '16', 'strict-transport-security': 'max-age=631138519', 'x-response-time': '130', 'x-connection-hash': '5c068398145b61829cbad2de1aace25e1efec8435ffd34137042499ba290cef9'}
Content: b'{"data":{"created_at":"2013-11-29T16:42:25.000Z","name":"Carbios","id":"2221732909","username":"Carbios"}}'
2021-12-07 00:01:24,245 WARNING :: Requesting users | getting Carbios
2021-12-07 00:01:24,247 DEBUG :: Making API request: GET https://api.twitter.com/2/users/by/username/ImplanetJAZZ
Parameters: {'user.fields': 'created_at'}
Headers: {'User-Agent': 'Python/3.8.9 Requests/2.26.0 Tweepy/4.4.0', 'Authorization': 'Bearer AAAAAAAAAAAAAAAAAAAAAH68VwEAAAAA5DWkqX14lSgqQ2yid9RQhbV1meM%3D8jgI64BX4l8WPDrbahnwKYJFb1Hn9MMz85L2YNPQGGT3bfbSdv'}
Body: None
2021-12-07 00:01:24,249 DEBUG :: Starting new HTTPS connection (1): api.twitter.com:443
2021-12-07 00:01:24,480 DEBUG :: https://api.twitter.com:443 "GET /2/users/by/username/ImplanetJAZZ?user.fields=created_at HTTP/1.1" 200 118
2021-12-07 00:01:24,481 DEBUG :: Received API response: 200 OK
Headers: {'date': 'Mon, 06 Dec 2021 23:01:23 UTC', 'server': 'tsa_f', 'set-cookie': 'guest_id_marketing=v1%3A163883168394375173; Max-Age=63072000; Expires=Wed, 06 Dec 2023 23:01:23 GMT; Path=/; Domain=.twitter.com; Secure; SameSite=None, guest_id_ads=v1%3A163883168394375173; Max-Age=63072000; Expires=Wed, 06 Dec 2023 23:01:23 GMT; Path=/; Domain=.twitter.com; Secure; SameSite=None, personalization_id="v1_RME+YdguW2ksMsxCHVp6gA=="; Max-Age=63072000; Expires=Wed, 06 Dec 2023 23:01:23 GMT; Path=/; Domain=.twitter.com; Secure; SameSite=None, guest_id=v1%3A163883168394375173; Max-Age=63072000; Expires=Wed, 06 Dec 2023 23:01:23 GMT; Path=/; Domain=.twitter.com; Secure; SameSite=None', 'api-version': '2.31', 'content-type': 'application/json; charset=utf-8', 'cache-control': 'no-cache, no-store, max-age=0', 'content-length': '118', 'x-access-level': 'read', 'x-frame-options': 'SAMEORIGIN', 'content-encoding': 'gzip', 'x-xss-protection': '0', 'x-rate-limit-limit': '300', 'x-rate-limit-reset': '1638831904', 'content-disposition': 'attachment; filename=json.json', 'x-content-type-options': 'nosniff', 'x-rate-limit-remaining': '15', 'strict-transport-security': 'max-age=631138519', 'x-response-time': '145', 'x-connection-hash': '3964d34f8e1666461af2b2d36a4370ea1fd7dc241880e3f2a036a2b9ef01acab'}
Content: b'{"data":{"name":"Implanet","username":"ImplanetJAZZ","created_at":"2015-11-20T15:48:08.000Z","id":"4235480235"}}'
2021-12-07 00:01:24,481 WARNING :: Requesting users | getting ImplanetJAZZ
2021-12-07 00:01:24,483 DEBUG :: Making API request: GET https://api.twitter.com/2/users/by/username/Biocartis_
Parameters: {'user.fields': 'created_at'}
Headers: {'User-Agent': 'Python/3.8.9 Requests/2.26.0 Tweepy/4.4.0', 'Authorization': 'Bearer AAAAAAAAAAAAAAAAAAAAAH68VwEAAAAA5DWkqX14lSgqQ2yid9RQhbV1meM%3D8jgI64BX4l8WPDrbahnwKYJFb1Hn9MMz85L2YNPQGGT3bfbSdv'}
Body: None
2021-12-07 00:01:24,484 DEBUG :: Starting new HTTPS connection (1): api.twitter.com:443
2021-12-07 00:01:24,699 DEBUG :: https://api.twitter.com:443 "GET /2/users/by/username/Biocartis_?user.fields=created_at HTTP/1.1" 200 114
2021-12-07 00:01:24,700 DEBUG :: Received API response: 200 OK
Headers: {'date': 'Mon, 06 Dec 2021 23:01:24 UTC', 'server': 'tsa_f', 'set-cookie': 'guest_id_marketing=v1%3A163883168417282100; Max-Age=63072000; Expires=Wed, 06 Dec 2023 23:01:24 GMT; Path=/; Domain=.twitter.com; Secure; SameSite=None, guest_id_ads=v1%3A163883168417282100; Max-Age=63072000; Expires=Wed, 06 Dec 2023 23:01:24 GMT; Path=/; Domain=.twitter.com; Secure; SameSite=None, personalization_id="v1_rYPR5nteEYYYLzmC3VZMBA=="; Max-Age=63072000; Expires=Wed, 06 Dec 2023 23:01:24 GMT; Path=/; Domain=.twitter.com; Secure; SameSite=None, guest_id=v1%3A163883168417282100; Max-Age=63072000; Expires=Wed, 06 Dec 2023 23:01:24 GMT; Path=/; Domain=.twitter.com; Secure; SameSite=None', 'api-version': '2.31', 'content-type': 'application/json; charset=utf-8', 'cache-control': 'no-cache, no-store, max-age=0', 'content-length': '114', 'x-access-level': 'read', 'x-frame-options': 'SAMEORIGIN', 'content-encoding': 'gzip', 'x-xss-protection': '0', 'x-rate-limit-limit': '300', 'x-rate-limit-reset': '1638831904', 'content-disposition': 'attachment; filename=json.json', 'x-content-type-options': 'nosniff', 'x-rate-limit-remaining': '14', 'strict-transport-security': 'max-age=631138519', 'x-response-time': '124', 'x-connection-hash': 'eeed15c800318c36df5242b4fb9f81d42f00e1fad17e7985a4909f057ebd87f9'}
Content: b'{"data":{"name":"Biocartis","created_at":"2011-11-11T15:37:46.000Z","username":"Biocartis_","id":"410053275"}}'
2021-12-07 00:01:24,700 WARNING :: Requesting users | getting Biocartis_
2021-12-07 00:01:24,701 DEBUG :: Making API request: GET https://api.twitter.com/2/users/by/username/maunakeatech
Parameters: {'user.fields': 'created_at'}
Headers: {'User-Agent': 'Python/3.8.9 Requests/2.26.0 Tweepy/4.4.0', 'Authorization': 'Bearer AAAAAAAAAAAAAAAAAAAAAH68VwEAAAAA5DWkqX14lSgqQ2yid9RQhbV1meM%3D8jgI64BX4l8WPDrbahnwKYJFb1Hn9MMz85L2YNPQGGT3bfbSdv'}
Body: None
2021-12-07 00:01:24,703 DEBUG :: Starting new HTTPS connection (1): api.twitter.com:443
2021-12-07 00:01:24,934 DEBUG :: https://api.twitter.com:443 "GET /2/users/by/username/maunakeatech?user.fields=created_at HTTP/1.1" 200 151
2021-12-07 00:01:24,935 DEBUG :: Received API response: 200 OK
Headers: {'date': 'Mon, 06 Dec 2021 23:01:24 UTC', 'server': 'tsa_f', 'set-cookie': 'guest_id_marketing=v1%3A163883168440374809; Max-Age=63072000; Expires=Wed, 06 Dec 2023 23:01:24 GMT; Path=/; Domain=.twitter.com; Secure; SameSite=None, guest_id_ads=v1%3A163883168440374809; Max-Age=63072000; Expires=Wed, 06 Dec 2023 23:01:24 GMT; Path=/; Domain=.twitter.com; Secure; SameSite=None, personalization_id="v1_5MJzYLig08x0twWoSCXcLQ=="; Max-Age=63072000; Expires=Wed, 06 Dec 2023 23:01:24 GMT; Path=/; Domain=.twitter.com; Secure; SameSite=None, guest_id=v1%3A163883168440374809; Max-Age=63072000; Expires=Wed, 06 Dec 2023 23:01:24 GMT; Path=/; Domain=.twitter.com; Secure; SameSite=None', 'api-version': '2.31', 'content-type': 'application/json; charset=utf-8', 'cache-control': 'no-cache, no-store, max-age=0', 'content-length': '151', 'x-access-level': 'read', 'x-frame-options': 'SAMEORIGIN', 'content-encoding': 'gzip', 'x-xss-protection': '0', 'x-rate-limit-limit': '300', 'x-rate-limit-reset': '1638831904', 'content-disposition': 'attachment; filename=json.json', 'x-content-type-options': 'nosniff', 'x-rate-limit-remaining': '13', 'strict-transport-security': 'max-age=631138519', 'x-response-time': '137', 'x-connection-hash': '52b820d298c6732bf688cab3882c53b2ea72d4f7efea30bc9d1c1a27712c76a5'}
Content: b'{"data":{"name":"Cellvizio\xc2\xae by Mauna Kea Technologies","id":"273460350","username":"maunakeatech","created_at":"2011-03-28T14:50:55.000Z"}}'
2021-12-07 00:01:24,935 WARNING :: Requesting users | getting maunakeatech
2021-12-07 00:01:24,937 DEBUG :: Making API request: GET https://api.twitter.com/2/users/by/username/NEOLIFE_Groupe
Parameters: {'user.fields': 'created_at'}
Headers: {'User-Agent': 'Python/3.8.9 Requests/2.26.0 Tweepy/4.4.0', 'Authorization': 'Bearer AAAAAAAAAAAAAAAAAAAAAH68VwEAAAAA5DWkqX14lSgqQ2yid9RQhbV1meM%3D8jgI64BX4l8WPDrbahnwKYJFb1Hn9MMz85L2YNPQGGT3bfbSdv'}
Body: None
2021-12-07 00:01:24,938 DEBUG :: Starting new HTTPS connection (1): api.twitter.com:443
2021-12-07 00:01:25,166 DEBUG :: https://api.twitter.com:443 "GET /2/users/by/username/NEOLIFE_Groupe?user.fields=created_at HTTP/1.1" 200 129
2021-12-07 00:01:25,168 DEBUG :: Received API response: 200 OK
Headers: {'date': 'Mon, 06 Dec 2021 23:01:24 UTC', 'server': 'tsa_f', 'set-cookie': 'guest_id_marketing=v1%3A163883168463060760; Max-Age=63072000; Expires=Wed, 06 Dec 2023 23:01:24 GMT; Path=/; Domain=.twitter.com; Secure; SameSite=None, guest_id_ads=v1%3A163883168463060760; Max-Age=63072000; Expires=Wed, 06 Dec 2023 23:01:24 GMT; Path=/; Domain=.twitter.com; Secure; SameSite=None, personalization_id="v1_75SbA3oNARq9WakthRmuVw=="; Max-Age=63072000; Expires=Wed, 06 Dec 2023 23:01:24 GMT; Path=/; Domain=.twitter.com; Secure; SameSite=None, guest_id=v1%3A163883168463060760; Max-Age=63072000; Expires=Wed, 06 Dec 2023 23:01:24 GMT; Path=/; Domain=.twitter.com; Secure; SameSite=None', 'api-version': '2.31', 'content-type': 'application/json; charset=utf-8', 'cache-control': 'no-cache, no-store, max-age=0', 'content-length': '129', 'x-access-level': 'read', 'x-frame-options': 'SAMEORIGIN', 'content-encoding': 'gzip', 'x-xss-protection': '0', 'x-rate-limit-limit': '300', 'x-rate-limit-reset': '1638831904', 'content-disposition': 'attachment; filename=json.json', 'x-content-type-options': 'nosniff', 'x-rate-limit-remaining': '12', 'strict-transport-security': 'max-age=631138519', 'x-response-time': '140', 'x-connection-hash': '1da4e46945a5fb04f3d41aab5731dc5e8032262b4450521df64469bd745f12b4'}
Content: b'{"data":{"id":"2788181623","username":"NEOLIFE_Groupe","created_at":"2014-09-03T15:25:13.000Z","name":"neolife"}}'
2021-12-07 00:01:25,168 WARNING :: Requesting users | getting NEOLIFE_Groupe
2021-12-07 00:01:25,170 DEBUG :: Making API request: GET https://api.twitter.com/2/users/by/username/Valbiotis
Parameters: {'user.fields': 'created_at'}
Headers: {'User-Agent': 'Python/3.8.9 Requests/2.26.0 Tweepy/4.4.0', 'Authorization': 'Bearer AAAAAAAAAAAAAAAAAAAAAH68VwEAAAAA5DWkqX14lSgqQ2yid9RQhbV1meM%3D8jgI64BX4l8WPDrbahnwKYJFb1Hn9MMz85L2YNPQGGT3bfbSdv'}
Body: None
2021-12-07 00:01:25,172 DEBUG :: Starting new HTTPS connection (1): api.twitter.com:443
2021-12-07 00:01:25,399 DEBUG :: https://api.twitter.com:443 "GET /2/users/by/username/Valbiotis?user.fields=created_at HTTP/1.1" 200 115
2021-12-07 00:01:25,401 DEBUG :: Received API response: 200 OK
Headers: {'date': 'Mon, 06 Dec 2021 23:01:24 UTC', 'server': 'tsa_f', 'set-cookie': 'guest_id_marketing=v1%3A163883168487026507; Max-Age=63072000; Expires=Wed, 06 Dec 2023 23:01:24 GMT; Path=/; Domain=.twitter.com; Secure; SameSite=None, guest_id_ads=v1%3A163883168487026507; Max-Age=63072000; Expires=Wed, 06 Dec 2023 23:01:24 GMT; Path=/; Domain=.twitter.com; Secure; SameSite=None, personalization_id="v1_1sFbbjScR+ykLX4lN9jE3Q=="; Max-Age=63072000; Expires=Wed, 06 Dec 2023 23:01:24 GMT; Path=/; Domain=.twitter.com; Secure; SameSite=None, guest_id=v1%3A163883168487026507; Max-Age=63072000; Expires=Wed, 06 Dec 2023 23:01:24 GMT; Path=/; Domain=.twitter.com; Secure; SameSite=None', 'api-version': '2.31', 'content-type': 'application/json; charset=utf-8', 'cache-control': 'no-cache, no-store, max-age=0', 'content-length': '115', 'x-access-level': 'read', 'x-frame-options': 'SAMEORIGIN', 'content-encoding': 'gzip', 'x-xss-protection': '0', 'x-rate-limit-limit': '300', 'x-rate-limit-reset': '1638831904', 'content-disposition': 'attachment; filename=json.json', 'x-content-type-options': 'nosniff', 'x-rate-limit-remaining': '11', 'strict-transport-security': 'max-age=631138519', 'x-response-time': '135', 'x-connection-hash': 'bad8e801b9a62baad5f3feabcc76090858ff21e848f496196b3d432ec7ca74a1'}
Content: b'{"data":{"created_at":"2015-02-02T19:34:07.000Z","id":"3012860405","name":"Valbiotis","username":"Valbiotis"}}'
2021-12-07 00:01:25,402 WARNING :: Requesting users | getting Valbiotis
2021-12-07 00:01:25,404 DEBUG :: Making API request: GET https://api.twitter.com/2/users/by/username/GenomicVision_
Parameters: {'user.fields': 'created_at'}
Headers: {'User-Agent': 'Python/3.8.9 Requests/2.26.0 Tweepy/4.4.0', 'Authorization': 'Bearer AAAAAAAAAAAAAAAAAAAAAH68VwEAAAAA5DWkqX14lSgqQ2yid9RQhbV1meM%3D8jgI64BX4l8WPDrbahnwKYJFb1Hn9MMz85L2YNPQGGT3bfbSdv'}
Body: None
2021-12-07 00:01:25,408 DEBUG :: Starting new HTTPS connection (1): api.twitter.com:443
2021-12-07 00:01:25,637 DEBUG :: https://api.twitter.com:443 "GET /2/users/by/username/GenomicVision_?user.fields=created_at HTTP/1.1" 200 123
2021-12-07 00:01:25,639 DEBUG :: Received API response: 200 OK
Headers: {'date': 'Mon, 06 Dec 2021 23:01:25 UTC', 'server': 'tsa_f', 'set-cookie': 'guest_id_marketing=v1%3A163883168510601755; Max-Age=63072000; Expires=Wed, 06 Dec 2023 23:01:25 GMT; Path=/; Domain=.twitter.com; Secure; SameSite=None, guest_id_ads=v1%3A163883168510601755; Max-Age=63072000; Expires=Wed, 06 Dec 2023 23:01:25 GMT; Path=/; Domain=.twitter.com; Secure; SameSite=None, personalization_id="v1_S3yob36TVaGiBPTdu7KO/Q=="; Max-Age=63072000; Expires=Wed, 06 Dec 2023 23:01:25 GMT; Path=/; Domain=.twitter.com; Secure; SameSite=None, guest_id=v1%3A163883168510601755; Max-Age=63072000; Expires=Wed, 06 Dec 2023 23:01:25 GMT; Path=/; Domain=.twitter.com; Secure; SameSite=None', 'api-version': '2.31', 'content-type': 'application/json; charset=utf-8', 'cache-control': 'no-cache, no-store, max-age=0', 'content-length': '123', 'x-access-level': 'read', 'x-frame-options': 'SAMEORIGIN', 'content-encoding': 'gzip', 'x-xss-protection': '0', 'x-rate-limit-limit': '300', 'x-rate-limit-reset': '1638831904', 'content-disposition': 'attachment; filename=json.json', 'x-content-type-options': 'nosniff', 'x-rate-limit-remaining': '10', 'strict-transport-security': 'max-age=631138519', 'x-response-time': '135', 'x-connection-hash': 'cb71dbb0d59cc0d5410fd11f41c437400bfd425f7a1e584ca224a8a0d0ec2472'}
Content: b'{"data":{"created_at":"2015-04-22T16:16:18.000Z","name":"Genomic Vision","id":"3195185721","username":"GenomicVision_"}}'
2021-12-07 00:01:25,639 WARNING :: Requesting users | getting GenomicVision_
2021-12-07 00:01:25,642 DEBUG :: Making API request: GET https://api.twitter.com/2/users/by/username/MEDIANTechno
Parameters: {'user.fields': 'created_at'}
Headers: {'User-Agent': 'Python/3.8.9 Requests/2.26.0 Tweepy/4.4.0', 'Authorization': 'Bearer AAAAAAAAAAAAAAAAAAAAAH68VwEAAAAA5DWkqX14lSgqQ2yid9RQhbV1meM%3D8jgI64BX4l8WPDrbahnwKYJFb1Hn9MMz85L2YNPQGGT3bfbSdv'}
Body: None
2021-12-07 00:01:25,644 DEBUG :: Starting new HTTPS connection (1): api.twitter.com:443
2021-12-07 00:01:25,865 DEBUG :: https://api.twitter.com:443 "GET /2/users/by/username/MEDIANTechno?user.fields=created_at HTTP/1.1" 200 134
2021-12-07 00:01:25,866 DEBUG :: Received API response: 200 OK
Headers: {'date': 'Mon, 06 Dec 2021 23:01:25 UTC', 'server': 'tsa_f', 'set-cookie': 'guest_id_marketing=v1%3A163883168534163478; Max-Age=63072000; Expires=Wed, 06 Dec 2023 23:01:25 GMT; Path=/; Domain=.twitter.com; Secure; SameSite=None, guest_id_ads=v1%3A163883168534163478; Max-Age=63072000; Expires=Wed, 06 Dec 2023 23:01:25 GMT; Path=/; Domain=.twitter.com; Secure; SameSite=None, personalization_id="v1_2OFUsrevn8IXD1DhmCnsWA=="; Max-Age=63072000; Expires=Wed, 06 Dec 2023 23:01:25 GMT; Path=/; Domain=.twitter.com; Secure; SameSite=None, guest_id=v1%3A163883168534163478; Max-Age=63072000; Expires=Wed, 06 Dec 2023 23:01:25 GMT; Path=/; Domain=.twitter.com; Secure; SameSite=None', 'api-version': '2.31', 'content-type': 'application/json; charset=utf-8', 'cache-control': 'no-cache, no-store, max-age=0', 'content-length': '134', 'x-access-level': 'read', 'x-frame-options': 'SAMEORIGIN', 'content-encoding': 'gzip', 'x-xss-protection': '0', 'x-rate-limit-limit': '300', 'x-rate-limit-reset': '1638831904', 'content-disposition': 'attachment; filename=json.json', 'x-content-type-options': 'nosniff', 'x-rate-limit-remaining': '9', 'strict-transport-security': 'max-age=631138519', 'x-response-time': '131', 'x-connection-hash': '028a6b62b5de5926b43a30323db903ca5d17a754f0140d583a0c5a1720f62879'}
Content: b'{"data":{"id":"497759874","name":"Median Technologies","created_at":"2012-02-20T10:07:17.000Z","username":"MEDIANTechno"}}'
2021-12-07 00:01:25,867 WARNING :: Requesting users | getting MEDIANTechno
2021-12-07 00:01:25,868 DEBUG :: Making API request: GET https://api.twitter.com/2/users/by/username/Cabasse_Group
Parameters: {'user.fields': 'created_at'}
Headers: {'User-Agent': 'Python/3.8.9 Requests/2.26.0 Tweepy/4.4.0', 'Authorization': 'Bearer AAAAAAAAAAAAAAAAAAAAAH68VwEAAAAA5DWkqX14lSgqQ2yid9RQhbV1meM%3D8jgI64BX4l8WPDrbahnwKYJFb1Hn9MMz85L2YNPQGGT3bfbSdv'}
Body: None
2021-12-07 00:01:25,870 DEBUG :: Starting new HTTPS connection (1): api.twitter.com:443
2021-12-07 00:01:26,097 DEBUG :: https://api.twitter.com:443 "GET /2/users/by/username/Cabasse_Group?user.fields=created_at HTTP/1.1" 200 118
2021-12-07 00:01:26,098 DEBUG :: Received API response: 200 OK
Headers: {'date': 'Mon, 06 Dec 2021 23:01:25 UTC', 'server': 'tsa_f', 'set-cookie': 'guest_id_marketing=v1%3A163883168556574953; Max-Age=63072000; Expires=Wed, 06 Dec 2023 23:01:25 GMT; Path=/; Domain=.twitter.com; Secure; SameSite=None, guest_id_ads=v1%3A163883168556574953; Max-Age=63072000; Expires=Wed, 06 Dec 2023 23:01:25 GMT; Path=/; Domain=.twitter.com; Secure; SameSite=None, personalization_id="v1_3Px3LAYCGE7yE2kgYAodzw=="; Max-Age=63072000; Expires=Wed, 06 Dec 2023 23:01:25 GMT; Path=/; Domain=.twitter.com; Secure; SameSite=None, guest_id=v1%3A163883168556574953; Max-Age=63072000; Expires=Wed, 06 Dec 2023 23:01:25 GMT; Path=/; Domain=.twitter.com; Secure; SameSite=None', 'api-version': '2.31', 'content-type': 'application/json; charset=utf-8', 'cache-control': 'no-cache, no-store, max-age=0', 'content-length': '118', 'x-access-level': 'read', 'x-frame-options': 'SAMEORIGIN', 'content-encoding': 'gzip', 'x-xss-protection': '0', 'x-rate-limit-limit': '300', 'x-rate-limit-reset': '1638831904', 'content-disposition': 'attachment; filename=json.json', 'x-content-type-options': 'nosniff', 'x-rate-limit-remaining': '8', 'strict-transport-security': 'max-age=631138519', 'x-response-time': '138', 'x-connection-hash': '384124235b36c2dbd2572e07dd8e307ee90b9ead7843906782b17419dd0a9578'}
Content: b'{"data":{"id":"41331922","username":"Cabasse_Group","name":"Cabasse Group","created_at":"2009-05-20T10:22:29.000Z"}}'
2021-12-07 00:01:26,098 WARNING :: Requesting users | getting Cabasse_Group
2021-12-07 00:01:26,099 DEBUG :: Making API request: GET https://api.twitter.com/2/users/by/username/Crossject_
Parameters: {'user.fields': 'created_at'}
Headers: {'User-Agent': 'Python/3.8.9 Requests/2.26.0 Tweepy/4.4.0', 'Authorization': 'Bearer AAAAAAAAAAAAAAAAAAAAAH68VwEAAAAA5DWkqX14lSgqQ2yid9RQhbV1meM%3D8jgI64BX4l8WPDrbahnwKYJFb1Hn9MMz85L2YNPQGGT3bfbSdv'}
Body: None
2021-12-07 00:01:26,101 DEBUG :: Starting new HTTPS connection (1): api.twitter.com:443
2021-12-07 00:01:26,323 DEBUG :: https://api.twitter.com:443 "GET /2/users/by/username/Crossject_?user.fields=created_at HTTP/1.1" 200 117
2021-12-07 00:01:26,325 DEBUG :: Received API response: 200 OK
Headers: {'date': 'Mon, 06 Dec 2021 23:01:25 UTC', 'server': 'tsa_f', 'set-cookie': 'guest_id_marketing=v1%3A163883168579206323; Max-Age=63072000; Expires=Wed, 06 Dec 2023 23:01:25 GMT; Path=/; Domain=.twitter.com; Secure; SameSite=None, guest_id_ads=v1%3A163883168579206323; Max-Age=63072000; Expires=Wed, 06 Dec 2023 23:01:25 GMT; Path=/; Domain=.twitter.com; Secure; SameSite=None, personalization_id="v1_XpYSUjiDVMglg2i8NRXMpA=="; Max-Age=63072000; Expires=Wed, 06 Dec 2023 23:01:25 GMT; Path=/; Domain=.twitter.com; Secure; SameSite=None, guest_id=v1%3A163883168579206323; Max-Age=63072000; Expires=Wed, 06 Dec 2023 23:01:25 GMT; Path=/; Domain=.twitter.com; Secure; SameSite=None', 'api-version': '2.31', 'content-type': 'application/json; charset=utf-8', 'cache-control': 'no-cache, no-store, max-age=0', 'content-length': '117', 'x-access-level': 'read', 'x-frame-options': 'SAMEORIGIN', 'content-encoding': 'gzip', 'x-xss-protection': '0', 'x-rate-limit-limit': '300', 'x-rate-limit-reset': '1638831904', 'content-disposition': 'attachment; filename=json.json', 'x-content-type-options': 'nosniff', 'x-rate-limit-remaining': '7', 'strict-transport-security': 'max-age=631138519', 'x-response-time': '137', 'x-connection-hash': 'ec4a16ba7a761e951f505118e28f86ab29ceed7dd6307ca3e99e907bf13c73ee'}
Content: b'{"data":{"created_at":"2014-08-06T14:50:38.000Z","name":"Crossject","id":"2712208951","username":"Crossject_"}}'
2021-12-07 00:01:26,325 WARNING :: Requesting users | getting Crossject_
2021-12-07 00:01:26,328 DEBUG :: Making API request: GET https://api.twitter.com/2/users/by/username/Deinove
Parameters: {'user.fields': 'created_at'}
Headers: {'User-Agent': 'Python/3.8.9 Requests/2.26.0 Tweepy/4.4.0', 'Authorization': 'Bearer AAAAAAAAAAAAAAAAAAAAAH68VwEAAAAA5DWkqX14lSgqQ2yid9RQhbV1meM%3D8jgI64BX4l8WPDrbahnwKYJFb1Hn9MMz85L2YNPQGGT3bfbSdv'}
Body: None
2021-12-07 00:01:26,330 DEBUG :: Starting new HTTPS connection (1): api.twitter.com:443
2021-12-07 00:01:26,554 DEBUG :: https://api.twitter.com:443 "GET /2/users/by/username/Deinove?user.fields=created_at HTTP/1.1" 200 113
2021-12-07 00:01:26,555 DEBUG :: Received API response: 200 OK
Headers: {'date': 'Mon, 06 Dec 2021 23:01:26 UTC', 'server': 'tsa_f', 'set-cookie': 'guest_id_marketing=v1%3A163883168602794664; Max-Age=63072000; Expires=Wed, 06 Dec 2023 23:01:26 GMT; Path=/; Domain=.twitter.com; Secure; SameSite=None, guest_id_ads=v1%3A163883168602794664; Max-Age=63072000; Expires=Wed, 06 Dec 2023 23:01:26 GMT; Path=/; Domain=.twitter.com; Secure; SameSite=None, personalization_id="v1_I/dsPhnz832C8dty4c5IuA=="; Max-Age=63072000; Expires=Wed, 06 Dec 2023 23:01:26 GMT; Path=/; Domain=.twitter.com; Secure; SameSite=None, guest_id=v1%3A163883168602794664; Max-Age=63072000; Expires=Wed, 06 Dec 2023 23:01:26 GMT; Path=/; Domain=.twitter.com; Secure; SameSite=None', 'api-version': '2.31', 'content-type': 'application/json; charset=utf-8', 'cache-control': 'no-cache, no-store, max-age=0', 'content-length': '113', 'x-access-level': 'read', 'x-frame-options': 'SAMEORIGIN', 'content-encoding': 'gzip', 'x-xss-protection': '0', 'x-rate-limit-limit': '300', 'x-rate-limit-reset': '1638831904', 'content-disposition': 'attachment; filename=json.json', 'x-content-type-options': 'nosniff', 'x-rate-limit-remaining': '6', 'strict-transport-security': 'max-age=631138519', 'x-response-time': '133', 'x-connection-hash': '83c28de4cb0edc66f306bed4602e7a727f1dfca08448695a41e6195d7e052388'}
Content: b'{"data":{"created_at":"2010-05-07T08:26:13.000Z","name":"Deinove","id":"141140470","username":"Deinove"}}'
2021-12-07 00:01:26,555 WARNING :: Requesting users | getting Deinove
2021-12-07 00:01:26,556 DEBUG :: Making API request: GET https://api.twitter.com/2/users/by/username/Theranexus
Parameters: {'user.fields': 'created_at'}
Headers: {'User-Agent': 'Python/3.8.9 Requests/2.26.0 Tweepy/4.4.0', 'Authorization': 'Bearer AAAAAAAAAAAAAAAAAAAAAH68VwEAAAAA5DWkqX14lSgqQ2yid9RQhbV1meM%3D8jgI64BX4l8WPDrbahnwKYJFb1Hn9MMz85L2YNPQGGT3bfbSdv'}
Body: None
2021-12-07 00:01:26,559 DEBUG :: Starting new HTTPS connection (1): api.twitter.com:443
2021-12-07 00:01:26,781 DEBUG :: https://api.twitter.com:443 "GET /2/users/by/username/Theranexus?user.fields=created_at HTTP/1.1" 200 114
2021-12-07 00:01:26,783 DEBUG :: Received API response: 200 OK
Headers: {'date': 'Mon, 06 Dec 2021 23:01:26 UTC', 'server': 'tsa_f', 'set-cookie': 'guest_id_marketing=v1%3A163883168625715655; Max-Age=63072000; Expires=Wed, 06 Dec 2023 23:01:26 GMT; Path=/; Domain=.twitter.com; Secure; SameSite=None, guest_id_ads=v1%3A163883168625715655; Max-Age=63072000; Expires=Wed, 06 Dec 2023 23:01:26 GMT; Path=/; Domain=.twitter.com; Secure; SameSite=None, personalization_id="v1_CcQR3nqltvdBE6ngAR+wiw=="; Max-Age=63072000; Expires=Wed, 06 Dec 2023 23:01:26 GMT; Path=/; Domain=.twitter.com; Secure; SameSite=None, guest_id=v1%3A163883168625715655; Max-Age=63072000; Expires=Wed, 06 Dec 2023 23:01:26 GMT; Path=/; Domain=.twitter.com; Secure; SameSite=None', 'api-version': '2.31', 'content-type': 'application/json; charset=utf-8', 'cache-control': 'no-cache, no-store, max-age=0', 'content-length': '114', 'x-access-level': 'read', 'x-frame-options': 'SAMEORIGIN', 'content-encoding': 'gzip', 'x-xss-protection': '0', 'x-rate-limit-limit': '300', 'x-rate-limit-reset': '1638831904', 'content-disposition': 'attachment; filename=json.json', 'x-content-type-options': 'nosniff', 'x-rate-limit-remaining': '5', 'strict-transport-security': 'max-age=631138519', 'x-response-time': '132', 'x-connection-hash': 'a707edace9a20a94cbbb86368e9313140a2d40a3310054772eeaff18e9feb61c'}
Content: b'{"data":{"username":"Theranexus","id":"371696848","created_at":"2011-09-11T10:19:12.000Z","name":"Theranexus"}}'
2021-12-07 00:01:26,783 WARNING :: Requesting users | getting Theranexus
2021-12-07 00:01:26,785 DEBUG :: Making API request: GET https://api.twitter.com/2/users/by/username/VoltaliaSA
Parameters: {'user.fields': 'created_at'}
Headers: {'User-Agent': 'Python/3.8.9 Requests/2.26.0 Tweepy/4.4.0', 'Authorization': 'Bearer AAAAAAAAAAAAAAAAAAAAAH68VwEAAAAA5DWkqX14lSgqQ2yid9RQhbV1meM%3D8jgI64BX4l8WPDrbahnwKYJFb1Hn9MMz85L2YNPQGGT3bfbSdv'}
Body: None
2021-12-07 00:01:26,788 DEBUG :: Starting new HTTPS connection (1): api.twitter.com:443
2021-12-07 00:01:27,047 DEBUG :: https://api.twitter.com:443 "GET /2/users/by/username/VoltaliaSA?user.fields=created_at HTTP/1.1" 200 122
2021-12-07 00:01:27,049 DEBUG :: Received API response: 200 OK
Headers: {'date': 'Mon, 06 Dec 2021 23:01:26 UTC', 'server': 'tsa_f', 'set-cookie': 'guest_id_marketing=v1%3A163883168648602858; Max-Age=63072000; Expires=Wed, 06 Dec 2023 23:01:26 GMT; Path=/; Domain=.twitter.com; Secure; SameSite=None, guest_id_ads=v1%3A163883168648602858; Max-Age=63072000; Expires=Wed, 06 Dec 2023 23:01:26 GMT; Path=/; Domain=.twitter.com; Secure; SameSite=None, personalization_id="v1_mJZgN88UtU/3erQ8CkXH7w=="; Max-Age=63072000; Expires=Wed, 06 Dec 2023 23:01:26 GMT; Path=/; Domain=.twitter.com; Secure; SameSite=None, guest_id=v1%3A163883168648602858; Max-Age=63072000; Expires=Wed, 06 Dec 2023 23:01:26 GMT; Path=/; Domain=.twitter.com; Secure; SameSite=None', 'api-version': '2.31', 'content-type': 'application/json; charset=utf-8', 'cache-control': 'no-cache, no-store, max-age=0', 'content-length': '122', 'x-access-level': 'read', 'x-frame-options': 'SAMEORIGIN', 'content-encoding': 'gzip', 'x-xss-protection': '0', 'x-rate-limit-limit': '300', 'x-rate-limit-reset': '1638831904', 'content-disposition': 'attachment; filename=json.json', 'x-content-type-options': 'nosniff', 'x-rate-limit-remaining': '4', 'strict-transport-security': 'max-age=631138519', 'x-response-time': '166', 'x-connection-hash': '79cf30958c17c8aa9c1c0fa974626b007c78557fb068487edb52561ad5dab41e'}
Content: b'{"data":{"id":"707121895775326208","name":"Voltalia","created_at":"2016-03-08T08:32:52.000Z","username":"VoltaliaSA"}}'
2021-12-07 00:01:27,049 WARNING :: Requesting users | getting VoltaliaSA
2021-12-07 00:01:27,051 DEBUG :: Making API request: GET https://api.twitter.com/2/users/by/username/CelyadSA
Parameters: {'user.fields': 'created_at'}
Headers: {'User-Agent': 'Python/3.8.9 Requests/2.26.0 Tweepy/4.4.0', 'Authorization': 'Bearer AAAAAAAAAAAAAAAAAAAAAH68VwEAAAAA5DWkqX14lSgqQ2yid9RQhbV1meM%3D8jgI64BX4l8WPDrbahnwKYJFb1Hn9MMz85L2YNPQGGT3bfbSdv'}
Body: None
2021-12-07 00:01:27,053 DEBUG :: Starting new HTTPS connection (1): api.twitter.com:443
2021-12-07 00:01:27,276 DEBUG :: https://api.twitter.com:443 "GET /2/users/by/username/CelyadSA?user.fields=created_at HTTP/1.1" 200 125
2021-12-07 00:01:27,277 DEBUG :: Received API response: 200 OK
Headers: {'date': 'Mon, 06 Dec 2021 23:01:26 UTC', 'server': 'tsa_f', 'set-cookie': 'guest_id_marketing=v1%3A163883168674902263; Max-Age=63072000; Expires=Wed, 06 Dec 2023 23:01:26 GMT; Path=/; Domain=.twitter.com; Secure; SameSite=None, guest_id_ads=v1%3A163883168674902263; Max-Age=63072000; Expires=Wed, 06 Dec 2023 23:01:26 GMT; Path=/; Domain=.twitter.com; Secure; SameSite=None, personalization_id="v1_oSJsX/Hk+9Y2z0GY6yiPSQ=="; Max-Age=63072000; Expires=Wed, 06 Dec 2023 23:01:26 GMT; Path=/; Domain=.twitter.com; Secure; SameSite=None, guest_id=v1%3A163883168674902263; Max-Age=63072000; Expires=Wed, 06 Dec 2023 23:01:26 GMT; Path=/; Domain=.twitter.com; Secure; SameSite=None', 'api-version': '2.31', 'content-type': 'application/json; charset=utf-8', 'cache-control': 'no-cache, no-store, max-age=0', 'content-length': '125', 'x-access-level': 'read', 'x-frame-options': 'SAMEORIGIN', 'content-encoding': 'gzip', 'x-xss-protection': '0', 'x-rate-limit-limit': '300', 'x-rate-limit-reset': '1638831904', 'content-disposition': 'attachment; filename=json.json', 'x-content-type-options': 'nosniff', 'x-rate-limit-remaining': '3', 'strict-transport-security': 'max-age=631138519', 'x-response-time': '135', 'x-connection-hash': 'bb89feeccfbf535c6e9c488fa3ffeece3e53da118a0cbcc27c9ab50aed09d4bb'}
Content: b'{"data":{"name":"Celyad Oncology","id":"857682306","username":"CelyadSA","created_at":"2012-10-02T08:19:41.000Z"}}'
2021-12-07 00:01:27,277 WARNING :: Requesting users | getting CelyadSA
2021-12-07 00:01:27,278 DEBUG :: Making API request: GET https://api.twitter.com/2/users/by/username/Genkyotex_Off
Parameters: {'user.fields': 'created_at'}
Headers: {'User-Agent': 'Python/3.8.9 Requests/2.26.0 Tweepy/4.4.0', 'Authorization': 'Bearer AAAAAAAAAAAAAAAAAAAAAH68VwEAAAAA5DWkqX14lSgqQ2yid9RQhbV1meM%3D8jgI64BX4l8WPDrbahnwKYJFb1Hn9MMz85L2YNPQGGT3bfbSdv'}
Body: None
2021-12-07 00:01:27,280 DEBUG :: Starting new HTTPS connection (1): api.twitter.com:443
2021-12-07 00:01:27,491 DEBUG :: https://api.twitter.com:443 "GET /2/users/by/username/Genkyotex_Off?user.fields=created_at HTTP/1.1" 200 128
2021-12-07 00:01:27,493 DEBUG :: Received API response: 200 OK
Headers: {'date': 'Mon, 06 Dec 2021 23:01:26 UTC', 'server': 'tsa_f', 'set-cookie': 'guest_id_marketing=v1%3A163883168696543344; Max-Age=63072000; Expires=Wed, 06 Dec 2023 23:01:26 GMT; Path=/; Domain=.twitter.com; Secure; SameSite=None, guest_id_ads=v1%3A163883168696543344; Max-Age=63072000; Expires=Wed, 06 Dec 2023 23:01:26 GMT; Path=/; Domain=.twitter.com; Secure; SameSite=None, personalization_id="v1_t9AbhHhLUtmLT3oVchWqug=="; Max-Age=63072000; Expires=Wed, 06 Dec 2023 23:01:26 GMT; Path=/; Domain=.twitter.com; Secure; SameSite=None, guest_id=v1%3A163883168696543344; Max-Age=63072000; Expires=Wed, 06 Dec 2023 23:01:26 GMT; Path=/; Domain=.twitter.com; Secure; SameSite=None', 'api-version': '2.31', 'content-type': 'application/json; charset=utf-8', 'cache-control': 'no-cache, no-store, max-age=0', 'content-length': '128', 'x-access-level': 'read', 'x-frame-options': 'SAMEORIGIN', 'content-encoding': 'gzip', 'x-xss-protection': '0', 'x-rate-limit-limit': '300', 'x-rate-limit-reset': '1638831904', 'content-disposition': 'attachment; filename=json.json', 'x-content-type-options': 'nosniff', 'x-rate-limit-remaining': '2', 'strict-transport-security': 'max-age=631138519', 'x-response-time': '125', 'x-connection-hash': 'a53262a90fd94db2602ba9177ef43ad03a81c17f0b682092f69e1e9376b149d4'}
Content: b'{"data":{"name":"Genkyotex","created_at":"2017-04-12T12:41:52.000Z","username":"Genkyotex_Off","id":"852139706917814272"}}'
2021-12-07 00:01:27,493 WARNING :: Requesting users | getting Genkyotex_Off
2021-12-07 00:01:27,494 DEBUG :: Making API request: GET https://api.twitter.com/2/users/by/username/PixiumVision
Parameters: {'user.fields': 'created_at'}
Headers: {'User-Agent': 'Python/3.8.9 Requests/2.26.0 Tweepy/4.4.0', 'Authorization': 'Bearer AAAAAAAAAAAAAAAAAAAAAH68VwEAAAAA5DWkqX14lSgqQ2yid9RQhbV1meM%3D8jgI64BX4l8WPDrbahnwKYJFb1Hn9MMz85L2YNPQGGT3bfbSdv'}
Body: None
2021-12-07 00:01:27,496 DEBUG :: Starting new HTTPS connection (1): api.twitter.com:443
2021-12-07 00:01:27,717 DEBUG :: https://api.twitter.com:443 "GET /2/users/by/username/PixiumVision?user.fields=created_at HTTP/1.1" 200 121
2021-12-07 00:01:27,718 DEBUG :: Received API response: 200 OK
Headers: {'date': 'Mon, 06 Dec 2021 23:01:27 UTC', 'server': 'tsa_f', 'set-cookie': 'guest_id_marketing=v1%3A163883168719015650; Max-Age=63072000; Expires=Wed, 06 Dec 2023 23:01:27 GMT; Path=/; Domain=.twitter.com; Secure; SameSite=None, guest_id_ads=v1%3A163883168719015650; Max-Age=63072000; Expires=Wed, 06 Dec 2023 23:01:27 GMT; Path=/; Domain=.twitter.com; Secure; SameSite=None, personalization_id="v1_YF+9ZLWB5S8Yik3AbJ54tg=="; Max-Age=63072000; Expires=Wed, 06 Dec 2023 23:01:27 GMT; Path=/; Domain=.twitter.com; Secure; SameSite=None, guest_id=v1%3A163883168719015650; Max-Age=63072000; Expires=Wed, 06 Dec 2023 23:01:27 GMT; Path=/; Domain=.twitter.com; Secure; SameSite=None', 'api-version': '2.31', 'content-type': 'application/json; charset=utf-8', 'cache-control': 'no-cache, no-store, max-age=0', 'content-length': '121', 'x-access-level': 'read', 'x-frame-options': 'SAMEORIGIN', 'content-encoding': 'gzip', 'x-xss-protection': '0', 'x-rate-limit-limit': '300', 'x-rate-limit-reset': '1638831904', 'content-disposition': 'attachment; filename=json.json', 'x-content-type-options': 'nosniff', 'x-rate-limit-remaining': '1', 'strict-transport-security': 'max-age=631138519', 'x-response-time': '132', 'x-connection-hash': '7cbd69ec93425e9fd78f7e1aced1fb501852eeba807c000ebb0ac2d51819a892'}
Content: b'{"data":{"created_at":"2013-08-21T09:39:13.000Z","name":"Pixium-Vision","id":"1687886882","username":"PixiumVision"}}'
2021-12-07 00:01:27,718 WARNING :: Requesting users | getting PixiumVision
2021-12-07 00:01:27,719 DEBUG :: Making API request: GET https://api.twitter.com/2/users/by/username/Balyo_CORPORATE
Parameters: {'user.fields': 'created_at'}
Headers: {'User-Agent': 'Python/3.8.9 Requests/2.26.0 Tweepy/4.4.0', 'Authorization': 'Bearer AAAAAAAAAAAAAAAAAAAAAH68VwEAAAAA5DWkqX14lSgqQ2yid9RQhbV1meM%3D8jgI64BX4l8WPDrbahnwKYJFb1Hn9MMz85L2YNPQGGT3bfbSdv'}
Body: None
2021-12-07 00:01:27,721 DEBUG :: Starting new HTTPS connection (1): api.twitter.com:443
2021-12-07 00:01:27,940 DEBUG :: https://api.twitter.com:443 "GET /2/users/by/username/Balyo_CORPORATE?user.fields=created_at HTTP/1.1" 200 125
2021-12-07 00:01:27,941 DEBUG :: Received API response: 200 OK
Headers: {'date': 'Mon, 06 Dec 2021 23:01:27 UTC', 'server': 'tsa_f', 'set-cookie': 'guest_id_marketing=v1%3A163883168741073326; Max-Age=63072000; Expires=Wed, 06 Dec 2023 23:01:27 GMT; Path=/; Domain=.twitter.com; Secure; SameSite=None, guest_id_ads=v1%3A163883168741073326; Max-Age=63072000; Expires=Wed, 06 Dec 2023 23:01:27 GMT; Path=/; Domain=.twitter.com; Secure; SameSite=None, personalization_id="v1_g8e0HlqsjKdk1d83DhYezQ=="; Max-Age=63072000; Expires=Wed, 06 Dec 2023 23:01:27 GMT; Path=/; Domain=.twitter.com; Secure; SameSite=None, guest_id=v1%3A163883168741073326; Max-Age=63072000; Expires=Wed, 06 Dec 2023 23:01:27 GMT; Path=/; Domain=.twitter.com; Secure; SameSite=None', 'api-version': '2.31', 'content-type': 'application/json; charset=utf-8', 'cache-control': 'no-cache, no-store, max-age=0', 'content-length': '125', 'x-access-level': 'read', 'x-frame-options': 'SAMEORIGIN', 'content-encoding': 'gzip', 'x-xss-protection': '0', 'x-rate-limit-limit': '300', 'x-rate-limit-reset': '1638831904', 'content-disposition': 'attachment; filename=json.json', 'x-content-type-options': 'nosniff', 'x-rate-limit-remaining': '0', 'strict-transport-security': 'max-age=631138519', 'x-response-time': '130', 'x-connection-hash': 'eb28ac67d3510ee634130d7927aab7d416b7ca5276a89457792953bfc31dee39'}
Content: b'{"data":{"created_at":"2012-02-17T15:48:48.000Z","username":"Balyo_CORPORATE","id":"495087085","name":"BALYO"}}'
2021-12-07 00:01:27,941 WARNING :: Requesting users | getting Balyo_CORPORATE
2021-12-07 00:01:27,942 DEBUG :: Making API request: GET https://api.twitter.com/2/users/by/username/sesimagotag
Parameters: {'user.fields': 'created_at'}
Headers: {'User-Agent': 'Python/3.8.9 Requests/2.26.0 Tweepy/4.4.0', 'Authorization': 'Bearer AAAAAAAAAAAAAAAAAAAAAH68VwEAAAAA5DWkqX14lSgqQ2yid9RQhbV1meM%3D8jgI64BX4l8WPDrbahnwKYJFb1Hn9MMz85L2YNPQGGT3bfbSdv'}
Body: None
2021-12-07 00:01:27,944 DEBUG :: Starting new HTTPS connection (1): api.twitter.com:443
2021-12-07 00:01:28,162 DEBUG :: https://api.twitter.com:443 "GET /2/users/by/username/sesimagotag?user.fields=created_at HTTP/1.1" 429 94
2021-12-07 00:01:28,163 DEBUG :: Received API response: 429 Too Many Requests
Headers: {'date': 'Mon, 06 Dec 2021 23:01:27 UTC', 'server': 'tsa_f', 'set-cookie': 'guest_id_marketing=v1%3A163883168763511055; Max-Age=63072000; Expires=Wed, 06 Dec 2023 23:01:27 GMT; Path=/; Domain=.twitter.com; Secure; SameSite=None, guest_id_ads=v1%3A163883168763511055; Max-Age=63072000; Expires=Wed, 06 Dec 2023 23:01:27 GMT; Path=/; Domain=.twitter.com; Secure; SameSite=None, personalization_id="v1_mToTrS8Q3qLeGGPdC+WvwA=="; Max-Age=63072000; Expires=Wed, 06 Dec 2023 23:01:27 GMT; Path=/; Domain=.twitter.com; Secure; SameSite=None, guest_id=v1%3A163883168763511055; Max-Age=63072000; Expires=Wed, 06 Dec 2023 23:01:27 GMT; Path=/; Domain=.twitter.com; Secure; SameSite=None', 'api-version': '2.31', 'content-type': 'application/json; charset=utf-8', 'cache-control': 'no-cache, no-store, max-age=0', 'content-length': '94', 'x-access-level': 'read', 'x-frame-options': 'SAMEORIGIN', 'content-encoding': 'gzip', 'x-xss-protection': '0', 'x-rate-limit-limit': '300', 'x-rate-limit-reset': '1638831904', 'content-disposition': 'attachment; filename=json.json', 'x-content-type-options': 'nosniff', 'x-rate-limit-remaining': '0', 'strict-transport-security': 'max-age=631138519', 'x-response-time': '123', 'x-connection-hash': '1e1087c565a55400b9a496e09d77a0bbf5c7f5917534f7321489e43d030608a0'}
Content: b'{"title":"Too Many Requests","detail":"Too Many Requests","type":"about:blank","status":429}'
