2021-12-06 17:54:48,268 DEBUG :: Making API request: GET https://api.twitter.com/2/users/by/username/berto_ia
Parameters: {'user.fields': 'created_at'}
Headers: {'User-Agent': 'Python/3.8.9 Requests/2.26.0 Tweepy/4.4.0', 'Authorization': 'Bearer AAAAAAAAAAAAAAAAAAAAAH68VwEAAAAA5DWkqX14lSgqQ2yid9RQhbV1meM%3D8jgI64BX4l8WPDrbahnwKYJFb1Hn9MMz85L2YNPQGGT3bfbSdv'}
Body: None
2021-12-06 17:54:48,272 DEBUG :: Starting new HTTPS connection (1): api.twitter.com:443
2021-12-06 17:54:48,528 DEBUG :: https://api.twitter.com:443 "GET /2/users/by/username/berto_ia?user.fields=created_at HTTP/1.1" 200 138
2021-12-06 17:54:48,537 DEBUG :: Received API response: 200 OK
Headers: {'date': 'Mon, 06 Dec 2021 16:54:47 UTC', 'server': 'tsa_f', 'set-cookie': 'guest_id_marketing=v1%3A163880968771456169; Max-Age=63072000; Expires=Wed, 06 Dec 2023 16:54:47 GMT; Path=/; Domain=.twitter.com; Secure; SameSite=None, guest_id_ads=v1%3A163880968771456169; Max-Age=63072000; Expires=Wed, 06 Dec 2023 16:54:47 GMT; Path=/; Domain=.twitter.com; Secure; SameSite=None, personalization_id="v1_EvmrIiRqIOd3nDdi0Sx61w=="; Max-Age=63072000; Expires=Wed, 06 Dec 2023 16:54:47 GMT; Path=/; Domain=.twitter.com; Secure; SameSite=None, guest_id=v1%3A163880968771456169; Max-Age=63072000; Expires=Wed, 06 Dec 2023 16:54:47 GMT; Path=/; Domain=.twitter.com; Secure; SameSite=None', 'api-version': '2.31', 'content-type': 'application/json; charset=utf-8', 'cache-control': 'no-cache, no-store, max-age=0', 'content-length': '138', 'x-access-level': 'read', 'x-frame-options': 'SAMEORIGIN', 'content-encoding': 'gzip', 'x-xss-protection': '0', 'x-rate-limit-limit': '300', 'x-rate-limit-reset': '1638810286', 'content-disposition': 'attachment; filename=json.json', 'x-content-type-options': 'nosniff', 'x-rate-limit-remaining': '164', 'strict-transport-security': 'max-age=631138519', 'x-response-time': '138', 'x-connection-hash': 'efdb00157c5bdb747152803611a0e4d126afb32cece93e0638fb52fa9b14c515'}
Content: b'{"data":{"name":"bertolami Navette Autonome","id":"995743130250088448","username":"berto_ia","created_at":"2018-05-13T19:10:37.000Z"}}'
2021-12-06 17:54:48,539 WARNING :: Requesting users | getting berto_ia
2021-12-06 17:54:48,540 DEBUG :: Making API request: GET https://api.twitter.com/2/users/by/username/atari
Parameters: {'user.fields': 'created_at'}
Headers: {'User-Agent': 'Python/3.8.9 Requests/2.26.0 Tweepy/4.4.0', 'Authorization': 'Bearer AAAAAAAAAAAAAAAAAAAAAH68VwEAAAAA5DWkqX14lSgqQ2yid9RQhbV1meM%3D8jgI64BX4l8WPDrbahnwKYJFb1Hn9MMz85L2YNPQGGT3bfbSdv'}
Body: None
2021-12-06 17:54:48,542 DEBUG :: Starting new HTTPS connection (1): api.twitter.com:443
2021-12-06 17:54:48,762 DEBUG :: https://api.twitter.com:443 "GET /2/users/by/username/atari?user.fields=created_at HTTP/1.1" 200 109
2021-12-06 17:54:48,763 DEBUG :: Received API response: 200 OK
Headers: {'date': 'Mon, 06 Dec 2021 16:54:47 UTC', 'server': 'tsa_f', 'set-cookie': 'guest_id_marketing=v1%3A163880968795743510; Max-Age=63072000; Expires=Wed, 06 Dec 2023 16:54:47 GMT; Path=/; Domain=.twitter.com; Secure; SameSite=None, guest_id_ads=v1%3A163880968795743510; Max-Age=63072000; Expires=Wed, 06 Dec 2023 16:54:47 GMT; Path=/; Domain=.twitter.com; Secure; SameSite=None, personalization_id="v1_oMCxTH6TTK7P46e2IJkC/w=="; Max-Age=63072000; Expires=Wed, 06 Dec 2023 16:54:47 GMT; Path=/; Domain=.twitter.com; Secure; SameSite=None, guest_id=v1%3A163880968795743510; Max-Age=63072000; Expires=Wed, 06 Dec 2023 16:54:47 GMT; Path=/; Domain=.twitter.com; Secure; SameSite=None', 'api-version': '2.31', 'content-type': 'application/json; charset=utf-8', 'cache-control': 'no-cache, no-store, max-age=0', 'content-length': '109', 'x-access-level': 'read', 'x-frame-options': 'SAMEORIGIN', 'content-encoding': 'gzip', 'x-xss-protection': '0', 'x-rate-limit-limit': '300', 'x-rate-limit-reset': '1638810286', 'content-disposition': 'attachment; filename=json.json', 'x-content-type-options': 'nosniff', 'x-rate-limit-remaining': '163', 'strict-transport-security': 'max-age=631138519', 'x-response-time': '129', 'x-connection-hash': 'e0b44be2272e89dc4982eea4a15872df947db02e368eea4dddb7e665108996d1'}
Content: b'{"data":{"username":"atari","name":"Atari","id":"87465794","created_at":"2009-11-04T15:44:42.000Z"}}'
2021-12-06 17:54:48,763 WARNING :: Requesting users | getting atari
2021-12-06 17:54:48,764 DEBUG :: Making API request: GET https://api.twitter.com/2/users/by/username/adeunisrf
Parameters: {'user.fields': 'created_at'}
Headers: {'User-Agent': 'Python/3.8.9 Requests/2.26.0 Tweepy/4.4.0', 'Authorization': 'Bearer AAAAAAAAAAAAAAAAAAAAAH68VwEAAAAA5DWkqX14lSgqQ2yid9RQhbV1meM%3D8jgI64BX4l8WPDrbahnwKYJFb1Hn9MMz85L2YNPQGGT3bfbSdv'}
Body: None
2021-12-06 17:54:48,766 DEBUG :: Starting new HTTPS connection (1): api.twitter.com:443
2021-12-06 17:54:48,987 DEBUG :: https://api.twitter.com:443 "GET /2/users/by/username/adeunisrf?user.fields=created_at HTTP/1.1" 200 119
2021-12-06 17:54:48,988 DEBUG :: Received API response: 200 OK
Headers: {'date': 'Mon, 06 Dec 2021 16:54:48 UTC', 'server': 'tsa_f', 'set-cookie': 'guest_id_marketing=v1%3A163880968818139098; Max-Age=63072000; Expires=Wed, 06 Dec 2023 16:54:48 GMT; Path=/; Domain=.twitter.com; Secure; SameSite=None, guest_id_ads=v1%3A163880968818139098; Max-Age=63072000; Expires=Wed, 06 Dec 2023 16:54:48 GMT; Path=/; Domain=.twitter.com; Secure; SameSite=None, personalization_id="v1_NtGVnn/k8/NzojSv2mrLzg=="; Max-Age=63072000; Expires=Wed, 06 Dec 2023 16:54:48 GMT; Path=/; Domain=.twitter.com; Secure; SameSite=None, guest_id=v1%3A163880968818139098; Max-Age=63072000; Expires=Wed, 06 Dec 2023 16:54:48 GMT; Path=/; Domain=.twitter.com; Secure; SameSite=None', 'api-version': '2.31', 'content-type': 'application/json; charset=utf-8', 'cache-control': 'no-cache, no-store, max-age=0', 'content-length': '119', 'x-access-level': 'read', 'x-frame-options': 'SAMEORIGIN', 'content-encoding': 'gzip', 'x-xss-protection': '0', 'x-rate-limit-limit': '300', 'x-rate-limit-reset': '1638810286', 'content-disposition': 'attachment; filename=json.json', 'x-content-type-options': 'nosniff', 'x-rate-limit-remaining': '162', 'strict-transport-security': 'max-age=631138519', 'x-response-time': '131', 'x-connection-hash': '39a635e0273490948445a25632f8c92aeae84ef6f5a69884ebf9edbc392dace3'}
Content: b'{"data":{"username":"adeunisrf","id":"607380408","created_at":"2012-06-13T15:23:45.000Z","name":"adeunis\xc2\xae"}}'
2021-12-06 17:54:48,988 WARNING :: Requesting users | getting adeunisrf
2021-12-06 17:54:48,990 DEBUG :: Making API request: GET https://api.twitter.com/2/users/by/username/proactis
Parameters: {'user.fields': 'created_at'}
Headers: {'User-Agent': 'Python/3.8.9 Requests/2.26.0 Tweepy/4.4.0', 'Authorization': 'Bearer AAAAAAAAAAAAAAAAAAAAAH68VwEAAAAA5DWkqX14lSgqQ2yid9RQhbV1meM%3D8jgI64BX4l8WPDrbahnwKYJFb1Hn9MMz85L2YNPQGGT3bfbSdv'}
Body: None
2021-12-06 17:54:48,991 DEBUG :: Starting new HTTPS connection (1): api.twitter.com:443
2021-12-06 17:54:49,214 DEBUG :: https://api.twitter.com:443 "GET /2/users/by/username/proactis?user.fields=created_at HTTP/1.1" 200 114
2021-12-06 17:54:49,215 DEBUG :: Received API response: 200 OK
Headers: {'date': 'Mon, 06 Dec 2021 16:54:48 UTC', 'server': 'tsa_f', 'set-cookie': 'guest_id_marketing=v1%3A163880968840236921; Max-Age=63072000; Expires=Wed, 06 Dec 2023 16:54:48 GMT; Path=/; Domain=.twitter.com; Secure; SameSite=None, guest_id_ads=v1%3A163880968840236921; Max-Age=63072000; Expires=Wed, 06 Dec 2023 16:54:48 GMT; Path=/; Domain=.twitter.com; Secure; SameSite=None, personalization_id="v1_0k8nxLMeMGANs6RszM+dpQ=="; Max-Age=63072000; Expires=Wed, 06 Dec 2023 16:54:48 GMT; Path=/; Domain=.twitter.com; Secure; SameSite=None, guest_id=v1%3A163880968840236921; Max-Age=63072000; Expires=Wed, 06 Dec 2023 16:54:48 GMT; Path=/; Domain=.twitter.com; Secure; SameSite=None', 'api-version': '2.31', 'content-type': 'application/json; charset=utf-8', 'cache-control': 'no-cache, no-store, max-age=0', 'content-length': '114', 'x-access-level': 'read', 'x-frame-options': 'SAMEORIGIN', 'content-encoding': 'gzip', 'x-xss-protection': '0', 'x-rate-limit-limit': '300', 'x-rate-limit-reset': '1638810286', 'content-disposition': 'attachment; filename=json.json', 'x-content-type-options': 'nosniff', 'x-rate-limit-remaining': '161', 'strict-transport-security': 'max-age=631138519', 'x-response-time': '136', 'x-connection-hash': 'c409efe990e02bc30997dcfeb739a43d91416e4c7ffa3617989f0f3b354dcf42'}
Content: b'{"data":{"id":"51016657","created_at":"2009-06-26T11:13:19.000Z","name":"Proactis","username":"proactis"}}'
2021-12-06 17:54:49,215 WARNING :: Requesting users | getting proactis
2021-12-06 17:54:49,216 DEBUG :: Making API request: GET https://api.twitter.com/2/users/by/username/ProactisBenelux
Parameters: {'user.fields': 'created_at'}
Headers: {'User-Agent': 'Python/3.8.9 Requests/2.26.0 Tweepy/4.4.0', 'Authorization': 'Bearer AAAAAAAAAAAAAAAAAAAAAH68VwEAAAAA5DWkqX14lSgqQ2yid9RQhbV1meM%3D8jgI64BX4l8WPDrbahnwKYJFb1Hn9MMz85L2YNPQGGT3bfbSdv'}
Body: None
2021-12-06 17:54:49,218 DEBUG :: Starting new HTTPS connection (1): api.twitter.com:443
2021-12-06 17:54:49,551 DEBUG :: https://api.twitter.com:443 "GET /2/users/by/username/ProactisBenelux?user.fields=created_at HTTP/1.1" 200 121
2021-12-06 17:54:49,552 DEBUG :: Received API response: 200 OK
Headers: {'date': 'Mon, 06 Dec 2021 16:54:48 UTC', 'server': 'tsa_f', 'set-cookie': 'guest_id_marketing=v1%3A163880968871669441; Max-Age=63072000; Expires=Wed, 06 Dec 2023 16:54:48 GMT; Path=/; Domain=.twitter.com; Secure; SameSite=None, guest_id_ads=v1%3A163880968871669441; Max-Age=63072000; Expires=Wed, 06 Dec 2023 16:54:48 GMT; Path=/; Domain=.twitter.com; Secure; SameSite=None, personalization_id="v1_W9e1DcKFTfqkdMAnE4964g=="; Max-Age=63072000; Expires=Wed, 06 Dec 2023 16:54:48 GMT; Path=/; Domain=.twitter.com; Secure; SameSite=None, guest_id=v1%3A163880968871669441; Max-Age=63072000; Expires=Wed, 06 Dec 2023 16:54:48 GMT; Path=/; Domain=.twitter.com; Secure; SameSite=None', 'api-version': '2.31', 'content-type': 'application/json; charset=utf-8', 'cache-control': 'no-cache, no-store, max-age=0', 'content-length': '121', 'x-access-level': 'read', 'x-frame-options': 'SAMEORIGIN', 'content-encoding': 'gzip', 'x-xss-protection': '0', 'x-rate-limit-limit': '300', 'x-rate-limit-reset': '1638810286', 'content-disposition': 'attachment; filename=json.json', 'x-content-type-options': 'nosniff', 'x-rate-limit-remaining': '160', 'strict-transport-security': 'max-age=631138519', 'x-response-time': '241', 'x-connection-hash': '463e453936283e6e154203e13c1ead8b31de470440b4a0f675dd8416b86da9a7'}
Content: b'{"data":{"id":"3322732175","created_at":"2015-06-13T09:54:13.000Z","name":"ProactisBenelux","username":"ProactisBenelux"}}'
2021-12-06 17:54:49,552 WARNING :: Requesting users | getting ProactisBenelux
2021-12-06 17:54:49,554 DEBUG :: Making API request: GET https://api.twitter.com/2/users/by/username/HydrogenCouncil
Parameters: {'user.fields': 'created_at'}
Headers: {'User-Agent': 'Python/3.8.9 Requests/2.26.0 Tweepy/4.4.0', 'Authorization': 'Bearer AAAAAAAAAAAAAAAAAAAAAH68VwEAAAAA5DWkqX14lSgqQ2yid9RQhbV1meM%3D8jgI64BX4l8WPDrbahnwKYJFb1Hn9MMz85L2YNPQGGT3bfbSdv'}
Body: None
2021-12-06 17:54:49,555 DEBUG :: Starting new HTTPS connection (1): api.twitter.com:443
2021-12-06 17:54:49,778 DEBUG :: https://api.twitter.com:443 "GET /2/users/by/username/HydrogenCouncil?user.fields=created_at HTTP/1.1" 200 133
2021-12-06 17:54:49,779 DEBUG :: Received API response: 200 OK
Headers: {'date': 'Mon, 06 Dec 2021 16:54:49 UTC', 'server': 'tsa_f', 'set-cookie': 'guest_id_marketing=v1%3A163880968896886996; Max-Age=63072000; Expires=Wed, 06 Dec 2023 16:54:49 GMT; Path=/; Domain=.twitter.com; Secure; SameSite=None, guest_id_ads=v1%3A163880968896886996; Max-Age=63072000; Expires=Wed, 06 Dec 2023 16:54:49 GMT; Path=/; Domain=.twitter.com; Secure; SameSite=None, personalization_id="v1_3Cy5QOLdCk4YAw7u4m6qAQ=="; Max-Age=63072000; Expires=Wed, 06 Dec 2023 16:54:49 GMT; Path=/; Domain=.twitter.com; Secure; SameSite=None, guest_id=v1%3A163880968896886996; Max-Age=63072000; Expires=Wed, 06 Dec 2023 16:54:49 GMT; Path=/; Domain=.twitter.com; Secure; SameSite=None', 'api-version': '2.31', 'content-type': 'application/json; charset=utf-8', 'cache-control': 'no-cache, no-store, max-age=0', 'content-length': '133', 'x-access-level': 'read', 'x-frame-options': 'SAMEORIGIN', 'content-encoding': 'gzip', 'x-xss-protection': '0', 'x-rate-limit-limit': '300', 'x-rate-limit-reset': '1638810286', 'content-disposition': 'attachment; filename=json.json', 'x-content-type-options': 'nosniff', 'x-rate-limit-remaining': '159', 'strict-transport-security': 'max-age=631138519', 'x-response-time': '134', 'x-connection-hash': '400c3a9e467177ef95ab57014cdce9010800450b5543e2c12518615da5936930'}
Content: b'{"data":{"name":"Hydrogen Council","username":"HydrogenCouncil","id":"865199209896701952","created_at":"2017-05-18T13:35:41.000Z"}}'
2021-12-06 17:54:49,780 WARNING :: Requesting users | getting HydrogenCouncil
2021-12-06 17:54:49,781 DEBUG :: Making API request: GET https://api.twitter.com/2/users/by/username/iORGA_GROUP
Parameters: {'user.fields': 'created_at'}
Headers: {'User-Agent': 'Python/3.8.9 Requests/2.26.0 Tweepy/4.4.0', 'Authorization': 'Bearer AAAAAAAAAAAAAAAAAAAAAH68VwEAAAAA5DWkqX14lSgqQ2yid9RQhbV1meM%3D8jgI64BX4l8WPDrbahnwKYJFb1Hn9MMz85L2YNPQGGT3bfbSdv'}
Body: None
2021-12-06 17:54:49,782 DEBUG :: Starting new HTTPS connection (1): api.twitter.com:443
2021-12-06 17:54:50,006 DEBUG :: https://api.twitter.com:443 "GET /2/users/by/username/iORGA_GROUP?user.fields=created_at HTTP/1.1" 200 125
2021-12-06 17:54:50,007 DEBUG :: Received API response: 200 OK
Headers: {'date': 'Mon, 06 Dec 2021 16:54:49 UTC', 'server': 'tsa_f', 'set-cookie': 'guest_id_marketing=v1%3A163880968919611003; Max-Age=63072000; Expires=Wed, 06 Dec 2023 16:54:49 GMT; Path=/; Domain=.twitter.com; Secure; SameSite=None, guest_id_ads=v1%3A163880968919611003; Max-Age=63072000; Expires=Wed, 06 Dec 2023 16:54:49 GMT; Path=/; Domain=.twitter.com; Secure; SameSite=None, personalization_id="v1_QwLuu4thLo6uRAo8+ew/mw=="; Max-Age=63072000; Expires=Wed, 06 Dec 2023 16:54:49 GMT; Path=/; Domain=.twitter.com; Secure; SameSite=None, guest_id=v1%3A163880968919611003; Max-Age=63072000; Expires=Wed, 06 Dec 2023 16:54:49 GMT; Path=/; Domain=.twitter.com; Secure; SameSite=None', 'api-version': '2.31', 'content-type': 'application/json; charset=utf-8', 'cache-control': 'no-cache, no-store, max-age=0', 'content-length': '125', 'x-access-level': 'read', 'x-frame-options': 'SAMEORIGIN', 'content-encoding': 'gzip', 'x-xss-protection': '0', 'x-rate-limit-limit': '300', 'x-rate-limit-reset': '1638810286', 'content-disposition': 'attachment; filename=json.json', 'x-content-type-options': 'nosniff', 'x-rate-limit-remaining': '158', 'strict-transport-security': 'max-age=631138519', 'x-response-time': '135', 'x-connection-hash': 'bf3945fd7099aadcc42adc6b7795a3b9ad3f63593acbf6f8e565589cf5a23b16'}
Content: b'{"data":{"id":"171093845","created_at":"2010-07-26T14:58:39.000Z","name":"iORGA Group","username":"iORGA_GROUP"}}'
2021-12-06 17:54:50,007 WARNING :: Requesting users | getting iORGA_GROUP
2021-12-06 17:54:50,009 DEBUG :: Making API request: GET https://api.twitter.com/2/users/by/username/BlockchainXdev
Parameters: {'user.fields': 'created_at'}
Headers: {'User-Agent': 'Python/3.8.9 Requests/2.26.0 Tweepy/4.4.0', 'Authorization': 'Bearer AAAAAAAAAAAAAAAAAAAAAH68VwEAAAAA5DWkqX14lSgqQ2yid9RQhbV1meM%3D8jgI64BX4l8WPDrbahnwKYJFb1Hn9MMz85L2YNPQGGT3bfbSdv'}
Body: None
2021-12-06 17:54:50,010 DEBUG :: Starting new HTTPS connection (1): api.twitter.com:443
2021-12-06 17:54:50,233 DEBUG :: https://api.twitter.com:443 "GET /2/users/by/username/BlockchainXdev?user.fields=created_at HTTP/1.1" 200 137
2021-12-06 17:54:50,234 DEBUG :: Received API response: 200 OK
Headers: {'date': 'Mon, 06 Dec 2021 16:54:49 UTC', 'server': 'tsa_f', 'set-cookie': 'guest_id_marketing=v1%3A163880968942338985; Max-Age=63072000; Expires=Wed, 06 Dec 2023 16:54:49 GMT; Path=/; Domain=.twitter.com; Secure; SameSite=None, guest_id_ads=v1%3A163880968942338985; Max-Age=63072000; Expires=Wed, 06 Dec 2023 16:54:49 GMT; Path=/; Domain=.twitter.com; Secure; SameSite=None, personalization_id="v1_kytzKrvfbekC4eBX54oHXg=="; Max-Age=63072000; Expires=Wed, 06 Dec 2023 16:54:49 GMT; Path=/; Domain=.twitter.com; Secure; SameSite=None, guest_id=v1%3A163880968942338985; Max-Age=63072000; Expires=Wed, 06 Dec 2023 16:54:49 GMT; Path=/; Domain=.twitter.com; Secure; SameSite=None', 'api-version': '2.31', 'content-type': 'application/json; charset=utf-8', 'cache-control': 'no-cache, no-store, max-age=0', 'content-length': '137', 'x-access-level': 'read', 'x-frame-options': 'SAMEORIGIN', 'content-encoding': 'gzip', 'x-xss-protection': '0', 'x-rate-limit-limit': '300', 'x-rate-limit-reset': '1638810286', 'content-disposition': 'attachment; filename=json.json', 'x-content-type-options': 'nosniff', 'x-rate-limit-remaining': '157', 'strict-transport-security': 'max-age=631138519', 'x-response-time': '134', 'x-connection-hash': 'a61bbafe0d21707763435db711b7f4ec6ff2276232873f45976cdbf5f6a77597'}
Content: b'{"data":{"name":"The Blockchain Xdev","created_at":"2018-09-10T12:13:24.000Z","id":"1039124681914236928","username":"BlockchainXdev"}}'
2021-12-06 17:54:50,234 WARNING :: Requesting users | getting BlockchainXdev
2021-12-06 17:54:50,236 DEBUG :: Making API request: GET https://api.twitter.com/2/users/by/username/AvenirTelecomfr
Parameters: {'user.fields': 'created_at'}
Headers: {'User-Agent': 'Python/3.8.9 Requests/2.26.0 Tweepy/4.4.0', 'Authorization': 'Bearer AAAAAAAAAAAAAAAAAAAAAH68VwEAAAAA5DWkqX14lSgqQ2yid9RQhbV1meM%3D8jgI64BX4l8WPDrbahnwKYJFb1Hn9MMz85L2YNPQGGT3bfbSdv'}
Body: None
2021-12-06 17:54:50,239 DEBUG :: Starting new HTTPS connection (1): api.twitter.com:443
2021-12-06 17:54:51,022 DEBUG :: https://api.twitter.com:443 "GET /2/users/by/username/AvenirTelecomfr?user.fields=created_at HTTP/1.1" 200 133
2021-12-06 17:54:51,022 DEBUG :: Received API response: 200 OK
Headers: {'date': 'Mon, 06 Dec 2021 16:54:50 UTC', 'server': 'tsa_f', 'set-cookie': 'guest_id_marketing=v1%3A163880969020771753; Max-Age=63072000; Expires=Wed, 06 Dec 2023 16:54:50 GMT; Path=/; Domain=.twitter.com; Secure; SameSite=None, guest_id_ads=v1%3A163880969020771753; Max-Age=63072000; Expires=Wed, 06 Dec 2023 16:54:50 GMT; Path=/; Domain=.twitter.com; Secure; SameSite=None, personalization_id="v1_z4DL/6gevi/TJ2lSHORw9w=="; Max-Age=63072000; Expires=Wed, 06 Dec 2023 16:54:50 GMT; Path=/; Domain=.twitter.com; Secure; SameSite=None, guest_id=v1%3A163880969020771753; Max-Age=63072000; Expires=Wed, 06 Dec 2023 16:54:50 GMT; Path=/; Domain=.twitter.com; Secure; SameSite=None', 'api-version': '2.31', 'content-type': 'application/json; charset=utf-8', 'cache-control': 'no-cache, no-store, max-age=0', 'content-length': '133', 'x-access-level': 'read', 'x-frame-options': 'SAMEORIGIN', 'content-encoding': 'gzip', 'x-xss-protection': '0', 'x-rate-limit-limit': '300', 'x-rate-limit-reset': '1638810286', 'content-disposition': 'attachment; filename=json.json', 'x-content-type-options': 'nosniff', 'x-rate-limit-remaining': '156', 'strict-transport-security': 'max-age=631138519', 'x-response-time': '138', 'x-connection-hash': 'fd927ec5dc178c7d355ca8263cb41ae44476778f7b1f574f4d62bcd2c8f9bf54'}
Content: b'{"data":{"username":"AvenirTelecomfr","name":"Avenir Telecom","id":"909694493204647936","created_at":"2017-09-18T08:24:03.000Z"}}'
2021-12-06 17:54:51,023 WARNING :: Requesting users | getting AvenirTelecomfr
2021-12-06 17:54:51,132 DEBUG :: Making API request: GET https://api.twitter.com/2/users/995743130250088448/tweets
Parameters: {'max_results': 5, 'tweet.fields': 'created_at', 'exclude': 'retweets'}
Headers: {'User-Agent': 'Python/3.8.9 Requests/2.26.0 Tweepy/4.4.0', 'Authorization': 'Bearer AAAAAAAAAAAAAAAAAAAAAH68VwEAAAAA5DWkqX14lSgqQ2yid9RQhbV1meM%3D8jgI64BX4l8WPDrbahnwKYJFb1Hn9MMz85L2YNPQGGT3bfbSdv'}
Body: None
2021-12-06 17:54:51,134 DEBUG :: Starting new HTTPS connection (1): api.twitter.com:443
2021-12-06 17:54:51,430 DEBUG :: https://api.twitter.com:443 "GET /2/users/995743130250088448/tweets?max_results=5&tweet.fields=created_at&exclude=retweets HTTP/1.1" 200 965
2021-12-06 17:54:51,431 DEBUG :: Received API response: 200 OK
Headers: {'date': 'Mon, 06 Dec 2021 16:54:50 UTC', 'server': 'tsa_f', 'set-cookie': 'guest_id_marketing=v1%3A163880969054479873; Max-Age=63072000; Expires=Wed, 06 Dec 2023 16:54:50 GMT; Path=/; Domain=.twitter.com; Secure; SameSite=None, guest_id_ads=v1%3A163880969054479873; Max-Age=63072000; Expires=Wed, 06 Dec 2023 16:54:50 GMT; Path=/; Domain=.twitter.com; Secure; SameSite=None, personalization_id="v1_zx0OUfVAERY4WJNTyxhIgg=="; Max-Age=63072000; Expires=Wed, 06 Dec 2023 16:54:50 GMT; Path=/; Domain=.twitter.com; Secure; SameSite=None, guest_id=v1%3A163880969054479873; Max-Age=63072000; Expires=Wed, 06 Dec 2023 16:54:50 GMT; Path=/; Domain=.twitter.com; Secure; SameSite=None', 'api-version': '2.31', 'content-type': 'application/json; charset=utf-8', 'cache-control': 'no-cache, no-store, max-age=0', 'content-length': '965', 'x-access-level': 'read', 'x-frame-options': 'SAMEORIGIN', 'content-encoding': 'gzip', 'x-xss-protection': '0', 'x-rate-limit-limit': '1500', 'x-rate-limit-reset': '1638810318', 'content-disposition': 'attachment; filename=json.json', 'x-content-type-options': 'nosniff', 'x-rate-limit-remaining': '1433', 'strict-transport-security': 'max-age=631138519', 'x-response-time': '210', 'x-connection-hash': 'ea794784cbdb6da942497e655f080f740426759dca63a4119be9cc6e1385347c'}
Content: b'{"data":[{"created_at":"2021-12-06T09:12:00.000Z","id":"1467783873572528135","text":"#V2X | Il n\'y a pas que nous qui parlons de l\'importance de l\'infrastructure dans le d\xc3\xa9ploiement des R\xc3\xa9seaux de Mobilit\xc3\xa9 Autonome mais cela a sans doute plus d\'influence car c\'est la t\xc3\xaate pensante de @Baidu_Inc qui lance un livre en Chine :\\nhttps://t.co/rvzbJ2bm6J"},{"created_at":"2021-12-06T08:20:19.000Z","id":"1467770866691973124","text":"#Vigie | D\xc3\xa9couvrez le dernier article de @b_beaudet  : Vigie beti S48 - Et si les Anglo-saxons s\'\xc3\xa9veillaient \xc3\xa0 la navette autonome ? https://t.co/QBk1IvVeh7 via @LinkedIn"},{"created_at":"2021-12-03T07:03:54.000Z","id":"1466664474744700932","text":"#Vision | C\'est vrai que sur un skateboard, on peut mettre ce que l\'on veut... Quand nous disons chez @berto_ia que le monde de la Montagne et du V\xc3\xa9hicule Autonome sont faits pour se rencontrer...\\npoke @p8vidal / @Pannekouckefabr \\nhttps://t.co/2Svz8f5OZo"},{"created_at":"2021-12-02T11:30:43.000Z","id":"1466369233957359626","text":"#LIVE | #CONNECTfleet intervention de @b_beaudet avec @Arval_France et @Navya_Group sur l\xe2\x80\x99opportunit\xc3\xa9 pour les gestionnaires de flottes d\xe2\x80\x99int\xc3\xa9grer la mobilit\xc3\xa9 autonome dans leurs strat\xc3\xa8gies notamment sur leurs sites priv\xc3\xa9s. https://t.co/YB363mS7a1"},{"created_at":"2021-12-02T08:32:28.000Z","id":"1466324374110326784","text":"#LIVE | #CONNECTfleet participation de @b_beaudet \xc3\xa0 l\xe2\x80\x99\xc3\xa9v\xc3\xa9nement pour parler en table ronde de la navette autonome avec @Navya_Group et @Arval_France \\uD83D\\uDE0A https://t.co/qSRbiMkmUu"}],"meta":{"oldest_id":"1466324374110326784","newest_id":"1467783873572528135","result_count":5,"next_token":"7140dibdnow9c7btw3z3axvrajuxozv3f9k8bardl3i9g"}}'
2021-12-06 17:54:51,433 WARNING :: Amount of tweets 3
2021-12-06 17:54:51,433 WARNING :: Recieved full data for 1 users
2021-12-06 17:54:51,433 WARNING :: Cleaning and Analising Tweets Tweets
2021-12-06 17:54:51,433 WARNING :: Analising Tweets Tweets
2021-12-06 17:54:51,464 DEBUG :: Making API request: GET https://api.twitter.com/2/users/87465794/tweets
Parameters: {'max_results': 5, 'tweet.fields': 'created_at', 'exclude': 'retweets'}
Headers: {'User-Agent': 'Python/3.8.9 Requests/2.26.0 Tweepy/4.4.0', 'Authorization': 'Bearer AAAAAAAAAAAAAAAAAAAAAH68VwEAAAAA5DWkqX14lSgqQ2yid9RQhbV1meM%3D8jgI64BX4l8WPDrbahnwKYJFb1Hn9MMz85L2YNPQGGT3bfbSdv'}
Body: None
2021-12-06 17:54:51,466 DEBUG :: Starting new HTTPS connection (1): api.twitter.com:443
2021-12-06 17:54:51,769 DEBUG :: https://api.twitter.com:443 "GET /2/users/87465794/tweets?max_results=5&tweet.fields=created_at&exclude=retweets HTTP/1.1" 200 627
2021-12-06 17:54:51,771 DEBUG :: Received API response: 200 OK
Headers: {'date': 'Mon, 06 Dec 2021 16:54:50 UTC', 'server': 'tsa_f', 'set-cookie': 'guest_id_marketing=v1%3A163880969087693295; Max-Age=63072000; Expires=Wed, 06 Dec 2023 16:54:50 GMT; Path=/; Domain=.twitter.com; Secure; SameSite=None, guest_id_ads=v1%3A163880969087693295; Max-Age=63072000; Expires=Wed, 06 Dec 2023 16:54:50 GMT; Path=/; Domain=.twitter.com; Secure; SameSite=None, personalization_id="v1_iw3siMfLvt87egS3whMaVw=="; Max-Age=63072000; Expires=Wed, 06 Dec 2023 16:54:50 GMT; Path=/; Domain=.twitter.com; Secure; SameSite=None, guest_id=v1%3A163880969087693295; Max-Age=63072000; Expires=Wed, 06 Dec 2023 16:54:50 GMT; Path=/; Domain=.twitter.com; Secure; SameSite=None', 'api-version': '2.31', 'content-type': 'application/json; charset=utf-8', 'cache-control': 'no-cache, no-store, max-age=0', 'content-length': '627', 'x-access-level': 'read', 'x-frame-options': 'SAMEORIGIN', 'content-encoding': 'gzip', 'x-xss-protection': '0', 'x-rate-limit-limit': '1500', 'x-rate-limit-reset': '1638810318', 'content-disposition': 'attachment; filename=json.json', 'x-content-type-options': 'nosniff', 'x-rate-limit-remaining': '1432', 'strict-transport-security': 'max-age=631138519', 'x-response-time': '215', 'x-connection-hash': '5ea200f0493b3cdca6cb297d5afb864c144056abbe1f6117b7c9440369e09605'}
Content: b'{"data":[{"created_at":"2021-12-06T15:06:47.000Z","id":"1467873157956702211","text":"@sdwoodford @PCMag \xe2\x9d\xa4\xef\xb8\x8f"},{"created_at":"2021-12-06T15:05:55.000Z","id":"1467872941840945154","text":"@BaseballGuys \\uD83C\\uDF82"},{"created_at":"2021-12-06T15:04:02.000Z","id":"1467872465175166976","text":"@ClassyGamingFun @TheAtari_VCS Great video!"},{"created_at":"2021-12-04T20:32:03.000Z","id":"1467230239713546246","text":"The holiday season is in full swing, and there\xe2\x80\x99s tons of Atari goodness to go around! \xe2\x9d\x84\xef\xb8\x8f\\uD83D\\uDE0A Find the perfect gift for the special people in your life at https://t.co/yjPMduMnFO. \\uD83C\\uDF81 https://t.co/BSpdjS06pj"},{"created_at":"2021-12-03T21:03:06.000Z","id":"1466875666285174794","text":"Did you hear the news? Atari 2600 games are back in style with the #AtariXP program! \\uD83D\\uDD79\\uD83E\\uDD2F Learn all about it from @PCMag: https://t.co/Q0pN3RFoox https://t.co/SnYNmT1xeK"}],"meta":{"oldest_id":"1466875666285174794","newest_id":"1467873157956702211","result_count":5,"next_token":"7140dibdnow9c7btw3z3axx9ga28n74ppckuilbz5xbg4"}}'
2021-12-06 17:54:51,774 WARNING :: Amount of tweets 7
2021-12-06 17:54:51,774 WARNING :: Recieved full data for 2 users
2021-12-06 17:54:51,775 WARNING :: Cleaning and Analising Tweets Tweets
2021-12-06 17:54:51,775 WARNING :: Analising Tweets Tweets
2021-12-06 17:54:51,776 DEBUG :: Making API request: GET https://api.twitter.com/2/users/607380408/tweets
Parameters: {'max_results': 5, 'tweet.fields': 'created_at', 'exclude': 'retweets'}
Headers: {'User-Agent': 'Python/3.8.9 Requests/2.26.0 Tweepy/4.4.0', 'Authorization': 'Bearer AAAAAAAAAAAAAAAAAAAAAH68VwEAAAAA5DWkqX14lSgqQ2yid9RQhbV1meM%3D8jgI64BX4l8WPDrbahnwKYJFb1Hn9MMz85L2YNPQGGT3bfbSdv'}
Body: None
2021-12-06 17:54:51,780 DEBUG :: Starting new HTTPS connection (1): api.twitter.com:443
2021-12-06 17:54:52,096 DEBUG :: https://api.twitter.com:443 "GET /2/users/607380408/tweets?max_results=5&tweet.fields=created_at&exclude=retweets HTTP/1.1" 200 998
2021-12-06 17:54:52,098 DEBUG :: Received API response: 200 OK
Headers: {'date': 'Mon, 06 Dec 2021 16:54:51 UTC', 'server': 'tsa_f', 'set-cookie': 'guest_id_marketing=v1%3A163880969119951810; Max-Age=63072000; Expires=Wed, 06 Dec 2023 16:54:51 GMT; Path=/; Domain=.twitter.com; Secure; SameSite=None, guest_id_ads=v1%3A163880969119951810; Max-Age=63072000; Expires=Wed, 06 Dec 2023 16:54:51 GMT; Path=/; Domain=.twitter.com; Secure; SameSite=None, personalization_id="v1_EpHrTTOhi3GFQozvg1sy+w=="; Max-Age=63072000; Expires=Wed, 06 Dec 2023 16:54:51 GMT; Path=/; Domain=.twitter.com; Secure; SameSite=None, guest_id=v1%3A163880969119951810; Max-Age=63072000; Expires=Wed, 06 Dec 2023 16:54:51 GMT; Path=/; Domain=.twitter.com; Secure; SameSite=None', 'api-version': '2.31', 'content-type': 'application/json; charset=utf-8', 'cache-control': 'no-cache, no-store, max-age=0', 'content-length': '998', 'x-access-level': 'read', 'x-frame-options': 'SAMEORIGIN', 'content-encoding': 'gzip', 'x-xss-protection': '0', 'x-rate-limit-limit': '1500', 'x-rate-limit-reset': '1638810318', 'content-disposition': 'attachment; filename=json.json', 'x-content-type-options': 'nosniff', 'x-rate-limit-remaining': '1431', 'strict-transport-security': 'max-age=631138519', 'x-response-time': '220', 'x-connection-hash': '5c250884e775c44635308319fbbe9f48411a1e897435c4d32a4c419ff6c986e9'}
Content: b'{"data":[{"created_at":"2021-11-23T15:52:50.000Z","id":"1463173705446604813","text":"\\uD83C\\uDFC6 Adeunis has obtained ISO 9001 certification!\\nThis certification rewards the high standards set for several years on quality management but also the work of the teams in the continuous improvement of processes.\\nCongrats to the teams who work every day to achieve excellence!"},{"created_at":"2021-11-16T16:05:03.000Z","id":"1460640063918948363","text":"\\uD83C\\uDF07 Adeunis is exhibiting at the @SmartCityexpo Barcelona from 16 to 18 November 2021 alongside @GrenobleAlpes and @businessfrance. #choosefrance"},{"created_at":"2021-10-28T15:22:54.000Z","id":"1453744087069335555","text":"Adeunis has the great honor of representing France at the Dubai World Expo, alongside @LaFrenchFab  and @businessfrance, during the fortnight entitled \\"Thinking about the smart cities and sustainable territories of tomorrow\\". It joins an innovative ecosystem. https://t.co/yUb9wqjIel"},{"created_at":"2021-09-09T15:00:37.000Z","id":"1435981474017185796","text":"Du 28 au 30 septembre 2021, nous serons pr\xc3\xa9sents au Salon H\'Expo, Parc des Expositions de Bordeaux aux c\xc3\xb4t\xc3\xa9s de nos partenaires #citron , #Dryas et #WIT pour pr\xc3\xa9senter aux bailleurs sociaux nos solutions compl\xc3\xa9mentaires de pilotage de la performance \xc3\xa9nerg\xc3\xa9tique des b\xc3\xa2timents ! https://t.co/FGw61KxfhI"},{"created_at":"2021-09-07T11:42:05.000Z","id":"1435206736881897476","text":"Vendredi @cedric_o \xc3\xa9tait dans nos locaux pour rencontrer nos \xc3\xa9quipes et \xc3\xa9changer autour du projet #5G ! https://t.co/ntasRi1tpQ"}],"meta":{"oldest_id":"1435206736881897476","newest_id":"1463173705446604813","result_count":5,"next_token":"7140dibdnow9c7btw3z21ewwilpkqbqxsqxnxac7blv06"}}'
2021-12-06 17:54:52,101 WARNING :: Amount of tweets 7
2021-12-06 17:54:52,101 WARNING :: Recieved full data for 3 users
2021-12-06 17:54:52,101 WARNING :: Cleaning and Analising Tweets Tweets
2021-12-06 17:54:52,101 WARNING :: Analising Tweets Tweets
2021-12-06 17:54:52,103 DEBUG :: Making API request: GET https://api.twitter.com/2/users/51016657/tweets
Parameters: {'max_results': 5, 'tweet.fields': 'created_at', 'exclude': 'retweets'}
Headers: {'User-Agent': 'Python/3.8.9 Requests/2.26.0 Tweepy/4.4.0', 'Authorization': 'Bearer AAAAAAAAAAAAAAAAAAAAAH68VwEAAAAA5DWkqX14lSgqQ2yid9RQhbV1meM%3D8jgI64BX4l8WPDrbahnwKYJFb1Hn9MMz85L2YNPQGGT3bfbSdv'}
Body: None
2021-12-06 17:54:52,107 DEBUG :: Starting new HTTPS connection (1): api.twitter.com:443
2021-12-06 17:54:52,479 DEBUG :: https://api.twitter.com:443 "GET /2/users/51016657/tweets?max_results=5&tweet.fields=created_at&exclude=retweets HTTP/1.1" 200 896
2021-12-06 17:54:52,480 DEBUG :: Received API response: 200 OK
Headers: {'date': 'Mon, 06 Dec 2021 16:54:51 UTC', 'server': 'tsa_f', 'set-cookie': 'guest_id_marketing=v1%3A163880969153240343; Max-Age=63072000; Expires=Wed, 06 Dec 2023 16:54:51 GMT; Path=/; Domain=.twitter.com; Secure; SameSite=None, guest_id_ads=v1%3A163880969153240343; Max-Age=63072000; Expires=Wed, 06 Dec 2023 16:54:51 GMT; Path=/; Domain=.twitter.com; Secure; SameSite=None, personalization_id="v1_/8/4fO3Ux4hLXPEY5aoVGQ=="; Max-Age=63072000; Expires=Wed, 06 Dec 2023 16:54:51 GMT; Path=/; Domain=.twitter.com; Secure; SameSite=None, guest_id=v1%3A163880969153240343; Max-Age=63072000; Expires=Wed, 06 Dec 2023 16:54:51 GMT; Path=/; Domain=.twitter.com; Secure; SameSite=None', 'api-version': '2.31', 'content-type': 'application/json; charset=utf-8', 'cache-control': 'no-cache, no-store, max-age=0', 'content-length': '896', 'x-access-level': 'read', 'x-frame-options': 'SAMEORIGIN', 'content-encoding': 'gzip', 'x-xss-protection': '0', 'x-rate-limit-limit': '1500', 'x-rate-limit-reset': '1638810318', 'content-disposition': 'attachment; filename=json.json', 'x-content-type-options': 'nosniff', 'x-rate-limit-remaining': '1430', 'strict-transport-security': 'max-age=631138519', 'x-response-time': '271', 'x-connection-hash': '2d614d302476276d7ae1868a6ae21478fe0f8a872ae0dcbb01fa37b9dbce46d9'}
Content: b'{"data":[{"created_at":"2021-12-03T10:29:48.000Z","id":"1466716290987565058","text":"Following a very successful online event, Proactis UK&amp;I #ReThink21 is now available for you to access on-demand.\\n\\nYou can watch recordings of our live sessions from speakers such as Peter Smith and Andrew Codd CGMA MBA - click here to access: https://t.co/YFdbEKUBzt"},{"created_at":"2021-12-01T10:33:29.000Z","id":"1465992441014759432","text":"Technology is playing a huge role in helping organisations manage ethical supply chains. \\n\\nFind out more - https://t.co/ocmUhPehHi"},{"created_at":"2021-11-29T12:54:28.000Z","id":"1465303146494840833","text":"Now is the time to manage your supplier relationships.\\n\\nWith Proactis you can build and maintain a strong supplier base by structuring and streamlining the entire supplier lifecycle.\\n\\nhttps://t.co/737Z4MPOnH"},{"created_at":"2021-11-26T12:10:20.000Z","id":"1464204873302478853","text":"Read more about how Louvre Hotels Group has chosen to deploy Proactis\' new procurement solution to its hotels in Europe as part of the Group\'s ERP deployment programme and strategic transformation plan. https://t.co/NY57g53VRM"},{"created_at":"2021-11-25T09:58:10.000Z","id":"1463809228083281925","text":"Here are the opportunities you shouldn\'t miss out on to achieve your capacity, talent and process goals. It\'s time to make an impact - https://t.co/nvmNQ40Gft"}],"meta":{"oldest_id":"1463809228083281925","newest_id":"1466716290987565058","result_count":5,"next_token":"7140dibdnow9c7btw3z3arj2poo6ga7gb47qfmlze1mid"}}'
2021-12-06 17:54:52,481 WARNING :: Amount of tweets 7
2021-12-06 17:54:52,481 WARNING :: Recieved full data for 4 users
2021-12-06 17:54:52,482 WARNING :: Cleaning and Analising Tweets Tweets
2021-12-06 17:54:52,482 WARNING :: Analising Tweets Tweets
2021-12-06 17:54:52,482 DEBUG :: Making API request: GET https://api.twitter.com/2/users/3322732175/tweets
Parameters: {'max_results': 5, 'tweet.fields': 'created_at', 'exclude': 'retweets'}
Headers: {'User-Agent': 'Python/3.8.9 Requests/2.26.0 Tweepy/4.4.0', 'Authorization': 'Bearer AAAAAAAAAAAAAAAAAAAAAH68VwEAAAAA5DWkqX14lSgqQ2yid9RQhbV1meM%3D8jgI64BX4l8WPDrbahnwKYJFb1Hn9MMz85L2YNPQGGT3bfbSdv'}
Body: None
2021-12-06 17:54:52,484 DEBUG :: Starting new HTTPS connection (1): api.twitter.com:443
2021-12-06 17:54:52,800 DEBUG :: https://api.twitter.com:443 "GET /2/users/3322732175/tweets?max_results=5&tweet.fields=created_at&exclude=retweets HTTP/1.1" 200 1125
2021-12-06 17:54:52,801 DEBUG :: Received API response: 200 OK
Headers: {'date': 'Mon, 06 Dec 2021 16:54:52 UTC', 'server': 'tsa_f', 'set-cookie': 'guest_id_marketing=v1%3A163880969190027561; Max-Age=63072000; Expires=Wed, 06 Dec 2023 16:54:52 GMT; Path=/; Domain=.twitter.com; Secure; SameSite=None, guest_id_ads=v1%3A163880969190027561; Max-Age=63072000; Expires=Wed, 06 Dec 2023 16:54:52 GMT; Path=/; Domain=.twitter.com; Secure; SameSite=None, personalization_id="v1_po9n4HEy9PSaL27Pq94A6g=="; Max-Age=63072000; Expires=Wed, 06 Dec 2023 16:54:52 GMT; Path=/; Domain=.twitter.com; Secure; SameSite=None, guest_id=v1%3A163880969190027561; Max-Age=63072000; Expires=Wed, 06 Dec 2023 16:54:52 GMT; Path=/; Domain=.twitter.com; Secure; SameSite=None', 'api-version': '2.31', 'content-type': 'application/json; charset=utf-8', 'cache-control': 'no-cache, no-store, max-age=0', 'content-length': '1125', 'x-access-level': 'read', 'x-frame-options': 'SAMEORIGIN', 'content-encoding': 'gzip', 'x-xss-protection': '0', 'x-rate-limit-limit': '1500', 'x-rate-limit-reset': '1638810318', 'content-disposition': 'attachment; filename=json.json', 'x-content-type-options': 'nosniff', 'x-rate-limit-remaining': '1429', 'strict-transport-security': 'max-age=631138519', 'x-response-time': '224', 'x-connection-hash': '94121c448b918162d639d66908c89fc369fcd0150bf085f702a936ec6fc461be'}
Content: b'{"data":[{"created_at":"2020-10-26T11:59:56.000Z","id":"1320696661610516482","text":"Dank @ExecutiveFinan voor het interview!\\n \\nVerkort de verwerkingstijd van facturen en betaal u leveranciers eerder met Proactis P2P en Accelerated Payments. Door facturen sneller te betalen heb je direct impact op supplychain. https://t.co/43ifjs4Hj8"},{"created_at":"2020-06-05T11:00:58.000Z","id":"1268860359655534592","text":"Is P2P een oplossing voor:\\n\xe2\x9d\x94 Inkoop\\n\xe2\x9d\x94 Finance\\n\xe2\x9c\x94\xef\xb8\x8f All of the above\\n\\nTijdens de webinar: \\"What about P2P? Kick-start uw P2P project\\" zullen we ingaan op de noodzaak van P2P.\\n\\nBent u erbij? Meld u aan!\\n#P2P #Webinar \\n\\nhttps://t.co/HJswFCj0eZ https://t.co/l1Oztz2FtN"},{"created_at":"2020-05-11T13:12:04.000Z","id":"1259833653506592768","text":"\\uD83D\\uDCE2 Met trots presenteren wij u de Proactis Business Spend video!\\n\\nU kunt hier zien hoe Proactis u kan helpen om:\\n1. Inzage te verkrijgen in spend data\\n2. Naleving van inkoopbeleid te borgen\\n3. Kostenbesparing te realiseren\\n\\nhttps://t.co/F0WoLuX3FW"},{"created_at":"2020-05-08T08:02:47.000Z","id":"1258668658064228352","text":"In 3 stappen eenvoudig en effectief grip op uw contracten? Dat kan! Als u meer wilt weten over:\\n\\n\xe2\x96\xab\xef\xb8\x8f Nut en nootzaak van inzicht in contractdata\\n\xe2\x96\xab\xef\xb8\x8f CM als \\"quick win\\"\\n\xe2\x96\xab\xef\xb8\x8f De 3 stappen naar volledig inzicht\\n\\nMeld u aan voor de Contract Management Webinar!\\n\\nhttps://t.co/piLte28Spn https://t.co/oTvI5JAxJo"},{"created_at":"2020-04-17T13:20:11.000Z","id":"1251138389782429696","text":"Our home-based offices are filled with energy and we\'re proud of all our employees that are doing their utmost to continue \'business as usual\'!\\n\\nThank you all!\\n\\n#proactis #team #workfromhome #kanjers https://t.co/yV51xAz040"}],"meta":{"oldest_id":"1251138389782429696","newest_id":"1320696661610516482","result_count":5,"next_token":"7140dibdnow9c7btw3t3bpj6z343rrkpa3f8qccw0xoae"}}'
2021-12-06 17:54:52,803 WARNING :: Amount of tweets 7
2021-12-06 17:54:52,803 WARNING :: Recieved full data for 5 users
2021-12-06 17:54:52,803 WARNING :: Cleaning and Analising Tweets Tweets
2021-12-06 17:54:52,803 WARNING :: Analising Tweets Tweets
2021-12-06 17:54:52,804 DEBUG :: Making API request: GET https://api.twitter.com/2/users/865199209896701952/tweets
Parameters: {'max_results': 5, 'tweet.fields': 'created_at', 'exclude': 'retweets'}
Headers: {'User-Agent': 'Python/3.8.9 Requests/2.26.0 Tweepy/4.4.0', 'Authorization': 'Bearer AAAAAAAAAAAAAAAAAAAAAH68VwEAAAAA5DWkqX14lSgqQ2yid9RQhbV1meM%3D8jgI64BX4l8WPDrbahnwKYJFb1Hn9MMz85L2YNPQGGT3bfbSdv'}
Body: None
2021-12-06 17:54:52,806 DEBUG :: Starting new HTTPS connection (1): api.twitter.com:443
2021-12-06 17:54:53,113 DEBUG :: https://api.twitter.com:443 "GET /2/users/865199209896701952/tweets?max_results=5&tweet.fields=created_at&exclude=retweets HTTP/1.1" 200 1025
2021-12-06 17:54:53,114 DEBUG :: Received API response: 200 OK
Headers: {'date': 'Mon, 06 Dec 2021 16:54:52 UTC', 'server': 'tsa_f', 'set-cookie': 'guest_id_marketing=v1%3A163880969221869418; Max-Age=63072000; Expires=Wed, 06 Dec 2023 16:54:52 GMT; Path=/; Domain=.twitter.com; Secure; SameSite=None, guest_id_ads=v1%3A163880969221869418; Max-Age=63072000; Expires=Wed, 06 Dec 2023 16:54:52 GMT; Path=/; Domain=.twitter.com; Secure; SameSite=None, personalization_id="v1_SylRK0R26xyP0Fvb27ZP3Q=="; Max-Age=63072000; Expires=Wed, 06 Dec 2023 16:54:52 GMT; Path=/; Domain=.twitter.com; Secure; SameSite=None, guest_id=v1%3A163880969221869418; Max-Age=63072000; Expires=Wed, 06 Dec 2023 16:54:52 GMT; Path=/; Domain=.twitter.com; Secure; SameSite=None', 'api-version': '2.31', 'content-type': 'application/json; charset=utf-8', 'cache-control': 'no-cache, no-store, max-age=0', 'content-length': '1025', 'x-access-level': 'read', 'x-frame-options': 'SAMEORIGIN', 'content-encoding': 'gzip', 'x-xss-protection': '0', 'x-rate-limit-limit': '1500', 'x-rate-limit-reset': '1638810318', 'content-disposition': 'attachment; filename=json.json', 'x-content-type-options': 'nosniff', 'x-rate-limit-remaining': '1428', 'strict-transport-security': 'max-age=631138519', 'x-response-time': '217', 'x-connection-hash': '032af633250fff33f957bc1624dcb09a8c5a950fd48b678716d24db1205c61fc'}
Content: b'{"data":[{"created_at":"2021-12-06T13:17:05.000Z","id":"1467845551056113668","text":"#FCEV and #BEV have similarly low lifecycle emissions - scaled up #togetherfornetzero they can both have a great impact on reducing #transport emissions. \\n\\nRead our report on transportation \\uD83D\\uDC49 https://t.co/so5uOV4g0r https://t.co/PESCCOHlb2"},{"created_at":"2021-12-05T08:00:01.000Z","id":"1467403369954230273","text":"Whether at #COP26 with the Glasgow Breakthroughs and #H2Zero, during #EUHydrogenWeek, or through new initiatives by governments and companies, it is undeniable #hydrogen has taken Centre Stage in the #energy conversation.\\n\\nRead @noevanhulst\xe2\x80\x99s thoughts \\uD83D\\uDC47\\nhttps://t.co/HqInNNshC3"},{"created_at":"2021-12-03T16:26:56.000Z","id":"1466806166864994304","text":"At @Reuters\xe2\x80\x99 Hydrogen Economy Europe event, our Director for Policy &amp; Partnerships @daria_nvk outlined hydrogen\xe2\x80\x99s carbon abetment potential by 2030 and by 2050, as well as the policy tools needed to #KickstartHydrogen.\\n\\nhttps://t.co/eTxqAjFDko"},{"created_at":"2021-12-03T14:00:00.000Z","id":"1466769190359117829","text":"While #BEVs are efficient for passenger transportation, #FCEVs are optimal for vehicles with high power and energy demand such as heavy- and medium-duty vehicles.\\n\\nSee why both technologies are needed: https://t.co/so5uOV4g0r\\n#togetherfornetzero"},{"created_at":"2021-12-02T13:39:37.000Z","id":"1466401671106510849","text":"In our Policy Toolbox, we have identified 6\xe2\x83\xa3 pillars for efficient #policy design to encourage the scale-up of low carbon and #renewable #hydrogen.\\n\\nSee this and more in our latest report: https://t.co/c59GFEE3sA https://t.co/MOeWAKlKMz"}],"meta":{"oldest_id":"1466401671106510849","newest_id":"1467845551056113668","result_count":5,"next_token":"7140dibdnow9c7btw3z3axw1zxcnhiopreubebjo559h5"}}'
2021-12-06 17:54:53,115 WARNING :: Amount of tweets 7
2021-12-06 17:54:53,115 WARNING :: Recieved full data for 6 users
2021-12-06 17:54:53,115 WARNING :: Cleaning and Analising Tweets Tweets
2021-12-06 17:54:53,115 WARNING :: Analising Tweets Tweets
2021-12-06 17:54:53,116 DEBUG :: Making API request: GET https://api.twitter.com/2/users/171093845/tweets
Parameters: {'max_results': 5, 'tweet.fields': 'created_at', 'exclude': 'retweets'}
Headers: {'User-Agent': 'Python/3.8.9 Requests/2.26.0 Tweepy/4.4.0', 'Authorization': 'Bearer AAAAAAAAAAAAAAAAAAAAAH68VwEAAAAA5DWkqX14lSgqQ2yid9RQhbV1meM%3D8jgI64BX4l8WPDrbahnwKYJFb1Hn9MMz85L2YNPQGGT3bfbSdv'}
Body: None
2021-12-06 17:54:53,118 DEBUG :: Starting new HTTPS connection (1): api.twitter.com:443
2021-12-06 17:54:53,461 DEBUG :: https://api.twitter.com:443 "GET /2/users/171093845/tweets?max_results=5&tweet.fields=created_at&exclude=retweets HTTP/1.1" 200 1002
2021-12-06 17:54:53,462 DEBUG :: Received API response: 200 OK
Headers: {'date': 'Mon, 06 Dec 2021 16:54:52 UTC', 'server': 'tsa_f', 'set-cookie': 'guest_id_marketing=v1%3A163880969252965937; Max-Age=63072000; Expires=Wed, 06 Dec 2023 16:54:52 GMT; Path=/; Domain=.twitter.com; Secure; SameSite=None, guest_id_ads=v1%3A163880969252965937; Max-Age=63072000; Expires=Wed, 06 Dec 2023 16:54:52 GMT; Path=/; Domain=.twitter.com; Secure; SameSite=None, personalization_id="v1_9YqkwXrB0ctRD5qEmS0/2Q=="; Max-Age=63072000; Expires=Wed, 06 Dec 2023 16:54:52 GMT; Path=/; Domain=.twitter.com; Secure; SameSite=None, guest_id=v1%3A163880969252965937; Max-Age=63072000; Expires=Wed, 06 Dec 2023 16:54:52 GMT; Path=/; Domain=.twitter.com; Secure; SameSite=None', 'api-version': '2.31', 'content-type': 'application/json; charset=utf-8', 'cache-control': 'no-cache, no-store, max-age=0', 'content-length': '1002', 'x-access-level': 'read', 'x-frame-options': 'SAMEORIGIN', 'content-encoding': 'gzip', 'x-xss-protection': '0', 'x-rate-limit-limit': '1500', 'x-rate-limit-reset': '1638810318', 'content-disposition': 'attachment; filename=json.json', 'x-content-type-options': 'nosniff', 'x-rate-limit-remaining': '1427', 'strict-transport-security': 'max-age=631138519', 'x-response-time': '257', 'x-connection-hash': 'c20cf61f9b2cef82c6115e1d14d0640754a3283e42755872fe9c4a00608e7947'}
Content: b'{"data":[{"created_at":"2021-12-03T14:01:10.000Z","id":"1466769483402461192","text":"Il avait \xc3\xa9t\xc3\xa9 un des personnages de notre saga estivale \\"devoirs de vacances\\", le r\xc3\xb4le d\'un Chef de Projets au sein de notre Centre De Services de La D\xc3\xa9fense est pr\xc3\xa9sent\xc3\xa9, cette semaine par Lo\xc3\xafc. \\n@_ALTBG \\n@BrunoDamey  @__JPCS \\n#blockchain #developpement #agile https://t.co/wEMRjtVDIq"},{"created_at":"2021-11-30T23:43:29.000Z","id":"1465828863477436426","text":"Il y a plein de belles choses \xc3\xa0 r\xc3\xa9aliser avec les \xc3\xa9quipes @_ALTBG  ! L\'occasion de partager avec les \xc3\xa9quipes @iORGA_GROUP  l\'ambition TBG.\\nRejoignez-nous ! https://t.co/eRGhIa71zC"},{"created_at":"2021-11-30T23:42:38.000Z","id":"1465828651371569155","text":"Nouveau site dans l\'\xc3\xa9cosyst\xc3\xa8me @_ALTBG  ! Les \xc3\xa9quipes iORGA GROUP sont fi\xc3\xa8res de participer aux challenges relev\xc3\xa9s par la solution Eniblock et les architectures Blockchain ! https://t.co/bnBfX5pK6k"},{"created_at":"2021-11-24T22:54:35.000Z","id":"1463642231861043205","text":"200 postes \xc3\xa0 pouvoir en 2022 chez The Blockchain Group - N\'h\xc3\xa9sitez pas - il y a beaucoup de projets \xc3\xa0 r\xc3\xa9aliser, notamment avec les \xc3\xa9quipes IORGA Group ! Postulez !\\n\\nhttps://t.co/mdYPUiZCm6 \\n\\n@_ALTBG https://t.co/TFQg0iKcED"},{"created_at":"2021-11-19T14:58:08.000Z","id":"1461710388970598406","text":"Votre application m\xc3\xa9tier est-elle has been ? Faites le test : https://t.co/iZWzAotxuw \\nDiagnostiquez votre application m\xc3\xa9tier en 5 minutes. nos experts vous proposent un audit flash \xc3\xa0 l\xe2\x80\x99issue du test, pour identifier les am\xc3\xa9liorations \xc3\xa0 apporter ! \\n@BrunoDamey @__JPCS \\n@_ALTBG https://t.co/RDSKrtnzle"}],"meta":{"oldest_id":"1461710388970598406","newest_id":"1466769483402461192","result_count":5,"next_token":"7140dibdnow9c7btw3z3an9bo22t3upe46i3xtx7remgm"}}'
2021-12-06 17:54:53,463 WARNING :: Amount of tweets 7
2021-12-06 17:54:53,463 WARNING :: Recieved full data for 7 users
2021-12-06 17:54:53,463 WARNING :: Cleaning and Analising Tweets Tweets
2021-12-06 17:54:53,463 WARNING :: Analising Tweets Tweets
2021-12-06 17:54:53,464 DEBUG :: Making API request: GET https://api.twitter.com/2/users/1039124681914236928/tweets
Parameters: {'max_results': 5, 'tweet.fields': 'created_at', 'exclude': 'retweets'}
Headers: {'User-Agent': 'Python/3.8.9 Requests/2.26.0 Tweepy/4.4.0', 'Authorization': 'Bearer AAAAAAAAAAAAAAAAAAAAAH68VwEAAAAA5DWkqX14lSgqQ2yid9RQhbV1meM%3D8jgI64BX4l8WPDrbahnwKYJFb1Hn9MMz85L2YNPQGGT3bfbSdv'}
Body: None
2021-12-06 17:54:53,466 DEBUG :: Starting new HTTPS connection (1): api.twitter.com:443
2021-12-06 17:54:53,762 DEBUG :: https://api.twitter.com:443 "GET /2/users/1039124681914236928/tweets?max_results=5&tweet.fields=created_at&exclude=retweets HTTP/1.1" 200 259
2021-12-06 17:54:53,763 DEBUG :: Received API response: 200 OK
Headers: {'date': 'Mon, 06 Dec 2021 16:54:52 UTC', 'server': 'tsa_f', 'set-cookie': 'guest_id_marketing=v1%3A163880969289745236; Max-Age=63072000; Expires=Wed, 06 Dec 2023 16:54:52 GMT; Path=/; Domain=.twitter.com; Secure; SameSite=None, guest_id_ads=v1%3A163880969289745236; Max-Age=63072000; Expires=Wed, 06 Dec 2023 16:54:52 GMT; Path=/; Domain=.twitter.com; Secure; SameSite=None, personalization_id="v1_DmHVSqC0/KusxbBlZO667A=="; Max-Age=63072000; Expires=Wed, 06 Dec 2023 16:54:52 GMT; Path=/; Domain=.twitter.com; Secure; SameSite=None, guest_id=v1%3A163880969289745236; Max-Age=63072000; Expires=Wed, 06 Dec 2023 16:54:52 GMT; Path=/; Domain=.twitter.com; Secure; SameSite=None', 'api-version': '2.31', 'content-type': 'application/json; charset=utf-8', 'cache-control': 'no-cache, no-store, max-age=0', 'content-length': '259', 'x-access-level': 'read', 'x-frame-options': 'SAMEORIGIN', 'content-encoding': 'gzip', 'x-xss-protection': '0', 'x-rate-limit-limit': '1500', 'x-rate-limit-reset': '1638810318', 'content-disposition': 'attachment; filename=json.json', 'x-content-type-options': 'nosniff', 'x-rate-limit-remaining': '1426', 'strict-transport-security': 'max-age=631138519', 'x-response-time': '189', 'x-connection-hash': '53a3bc682c3809c1841e9292de50d3bb1d7fc7ee60264574f9f74df3c73aff89'}
Content: b'{"data":[{"created_at":"2019-02-22T11:18:32.000Z","id":"1098904870428524544","text":"https://t.co/uwVkBMFd39"},{"created_at":"2018-09-24T09:07:05.000Z","id":"1044151222494736384","text":"Les fondamentaux de la blockchain \xe2\x80\x93 SystemX Blog https://t.co/yLdxMxIMxz"}],"meta":{"oldest_id":"1044151222494736384","newest_id":"1098904870428524544","result_count":2}}'
2021-12-06 17:54:53,764 WARNING :: Amount of tweets 7
2021-12-06 17:54:53,764 WARNING :: Recieved full data for 8 users
2021-12-06 17:54:53,764 WARNING :: Cleaning and Analising Tweets Tweets
2021-12-06 17:54:53,764 WARNING :: Analising Tweets Tweets
2021-12-06 17:54:53,765 DEBUG :: Making API request: GET https://api.twitter.com/2/users/909694493204647936/tweets
Parameters: {'max_results': 5, 'tweet.fields': 'created_at', 'exclude': 'retweets'}
Headers: {'User-Agent': 'Python/3.8.9 Requests/2.26.0 Tweepy/4.4.0', 'Authorization': 'Bearer AAAAAAAAAAAAAAAAAAAAAH68VwEAAAAA5DWkqX14lSgqQ2yid9RQhbV1meM%3D8jgI64BX4l8WPDrbahnwKYJFb1Hn9MMz85L2YNPQGGT3bfbSdv'}
Body: None
2021-12-06 17:54:53,766 DEBUG :: Starting new HTTPS connection (1): api.twitter.com:443
2021-12-06 17:54:54,089 DEBUG :: https://api.twitter.com:443 "GET /2/users/909694493204647936/tweets?max_results=5&tweet.fields=created_at&exclude=retweets HTTP/1.1" 200 600
2021-12-06 17:54:54,090 DEBUG :: Received API response: 200 OK
Headers: {'date': 'Mon, 06 Dec 2021 16:54:53 UTC', 'server': 'tsa_f', 'set-cookie': 'guest_id_marketing=v1%3A163880969320409164; Max-Age=63072000; Expires=Wed, 06 Dec 2023 16:54:53 GMT; Path=/; Domain=.twitter.com; Secure; SameSite=None, guest_id_ads=v1%3A163880969320409164; Max-Age=63072000; Expires=Wed, 06 Dec 2023 16:54:53 GMT; Path=/; Domain=.twitter.com; Secure; SameSite=None, personalization_id="v1_V3cCpBUd3w+wVscSSCKGIg=="; Max-Age=63072000; Expires=Wed, 06 Dec 2023 16:54:53 GMT; Path=/; Domain=.twitter.com; Secure; SameSite=None, guest_id=v1%3A163880969320409164; Max-Age=63072000; Expires=Wed, 06 Dec 2023 16:54:53 GMT; Path=/; Domain=.twitter.com; Secure; SameSite=None', 'api-version': '2.31', 'content-type': 'application/json; charset=utf-8', 'cache-control': 'no-cache, no-store, max-age=0', 'content-length': '600', 'x-access-level': 'read', 'x-frame-options': 'SAMEORIGIN', 'content-encoding': 'gzip', 'x-xss-protection': '0', 'x-rate-limit-limit': '1500', 'x-rate-limit-reset': '1638810318', 'content-disposition': 'attachment; filename=json.json', 'x-content-type-options': 'nosniff', 'x-rate-limit-remaining': '1425', 'strict-transport-security': 'max-age=631138519', 'x-response-time': '209', 'x-connection-hash': '0ce49c810033d379414fae4508627cff97a84804cc654d6a71bf30a9df8297ae'}
Content: b'{"data":[{"created_at":"2021-11-15T15:07:42.000Z","id":"1460263242945683466","text":"Avenir Telecom multiplie son chiffre d\xe2\x80\x99affaires par 2,2 au 1er semestre 2021-2022 gr\xc3\xa2ce au succ\xc3\xa8s de sa nouvelle strat\xc3\xa9gie commerciale\\n\\nhttps://t.co/thcU18yRKc"},{"created_at":"2020-11-04T14:19:54.000Z","id":"1323993375910043648","text":"3ans c\'est long..."},{"created_at":"2020-11-04T14:18:11.000Z","id":"1323992947340333056","text":"Wow, nous sommes enfin de retour sur Twitter ! #AvenirTelecom #AVT ! https://t.co/9Nmt9ZNxIJ"},{"created_at":"2017-09-20T16:21:26.000Z","id":"910539409799426048","text":"Avenir Telecom recrute son : \\nASSISTANT ADV ANGLAIS H/F\\nContact : recrutement@avenir-telecom.fr"},{"created_at":"2017-09-20T12:16:26.000Z","id":"910477750812766208","text":"Avenir Telecom recrute son : \\nCHARGE DE RECRUTEMENT INTERNATIONAL H/F\\nContact : recrutement@avenir-telecom.fr\\n@recrutement"}],"meta":{"oldest_id":"910477750812766208","newest_id":"1460263242945683466","result_count":5,"next_token":"zldjwdz3w6sba13nqq1p3xgumyxuwxqokx22921cy0o"}}'
2021-12-06 17:54:54,091 WARNING :: Amount of tweets 7
2021-12-06 17:54:54,091 WARNING :: Recieved full data for 9 users
2021-12-06 17:54:54,092 WARNING :: Cleaning and Analising Tweets Tweets
2021-12-06 17:54:54,092 WARNING :: Analising Tweets Tweets
