2021-12-06 20:49:32,040 DEBUG :: Making API request: GET https://api.twitter.com/2/users/by/username/EurobioSc
Parameters: {'user.fields': 'created_at'}
Headers: {'User-Agent': 'Python/3.8.9 Requests/2.26.0 Tweepy/4.4.0', 'Authorization': 'Bearer AAAAAAAAAAAAAAAAAAAAAH68VwEAAAAA5DWkqX14lSgqQ2yid9RQhbV1meM%3D8jgI64BX4l8WPDrbahnwKYJFb1Hn9MMz85L2YNPQGGT3bfbSdv'}
Body: None
2021-12-06 20:49:32,044 DEBUG :: Starting new HTTPS connection (1): api.twitter.com:443
2021-12-06 20:49:32,317 DEBUG :: https://api.twitter.com:443 "GET /2/users/by/username/EurobioSc?user.fields=created_at HTTP/1.1" 200 131
2021-12-06 20:49:32,327 DEBUG :: Received API response: 200 OK
Headers: {'date': 'Mon, 06 Dec 2021 19:49:31 UTC', 'server': 'tsa_f', 'set-cookie': 'guest_id_marketing=v1%3A163882017190208672; Max-Age=63072000; Expires=Wed, 06 Dec 2023 19:49:31 GMT; Path=/; Domain=.twitter.com; Secure; SameSite=None, guest_id_ads=v1%3A163882017190208672; Max-Age=63072000; Expires=Wed, 06 Dec 2023 19:49:31 GMT; Path=/; Domain=.twitter.com; Secure; SameSite=None, personalization_id="v1_iS+boyAgT4rICZA2CMk6hw=="; Max-Age=63072000; Expires=Wed, 06 Dec 2023 19:49:31 GMT; Path=/; Domain=.twitter.com; Secure; SameSite=None, guest_id=v1%3A163882017190208672; Max-Age=63072000; Expires=Wed, 06 Dec 2023 19:49:31 GMT; Path=/; Domain=.twitter.com; Secure; SameSite=None', 'api-version': '2.31', 'content-type': 'application/json; charset=utf-8', 'cache-control': 'no-cache, no-store, max-age=0', 'content-length': '131', 'x-access-level': 'read', 'x-frame-options': 'SAMEORIGIN', 'content-encoding': 'gzip', 'x-xss-protection': '0', 'x-rate-limit-limit': '300', 'x-rate-limit-reset': '1638821071', 'content-disposition': 'attachment; filename=json.json', 'x-content-type-options': 'nosniff', 'x-rate-limit-remaining': '299', 'strict-transport-security': 'max-age=631138519', 'x-response-time': '131', 'x-connection-hash': '764aed5469edb06ac87abfff1f4b85eb9317b30c0707d4ead0977713f6b0d545'}
Content: b'{"data":{"id":"724590888597463042","name":"Eurobio Scientific","username":"EurobioSc","created_at":"2016-04-25T13:28:24.000Z"}}'
2021-12-06 20:49:32,329 WARNING :: Requesting users | getting EurobioSc
2021-12-06 20:49:32,330 DEBUG :: Making API request: GET https://api.twitter.com/2/users/by/username/SergeFerrari
Parameters: {'user.fields': 'created_at'}
Headers: {'User-Agent': 'Python/3.8.9 Requests/2.26.0 Tweepy/4.4.0', 'Authorization': 'Bearer AAAAAAAAAAAAAAAAAAAAAH68VwEAAAAA5DWkqX14lSgqQ2yid9RQhbV1meM%3D8jgI64BX4l8WPDrbahnwKYJFb1Hn9MMz85L2YNPQGGT3bfbSdv'}
Body: None
2021-12-06 20:49:32,332 DEBUG :: Starting new HTTPS connection (1): api.twitter.com:443
2021-12-06 20:49:32,547 DEBUG :: https://api.twitter.com:443 "GET /2/users/by/username/SergeFerrari?user.fields=created_at HTTP/1.1" 200 118
2021-12-06 20:49:32,549 DEBUG :: Received API response: 200 OK
Headers: {'date': 'Mon, 06 Dec 2021 19:49:32 UTC', 'server': 'tsa_f', 'set-cookie': 'guest_id_marketing=v1%3A163882017213300654; Max-Age=63072000; Expires=Wed, 06 Dec 2023 19:49:32 GMT; Path=/; Domain=.twitter.com; Secure; SameSite=None, guest_id_ads=v1%3A163882017213300654; Max-Age=63072000; Expires=Wed, 06 Dec 2023 19:49:32 GMT; Path=/; Domain=.twitter.com; Secure; SameSite=None, personalization_id="v1_Skzv5ApxpS4zLr83CMnVPA=="; Max-Age=63072000; Expires=Wed, 06 Dec 2023 19:49:32 GMT; Path=/; Domain=.twitter.com; Secure; SameSite=None, guest_id=v1%3A163882017213300654; Max-Age=63072000; Expires=Wed, 06 Dec 2023 19:49:32 GMT; Path=/; Domain=.twitter.com; Secure; SameSite=None', 'api-version': '2.31', 'content-type': 'application/json; charset=utf-8', 'cache-control': 'no-cache, no-store, max-age=0', 'content-length': '118', 'x-access-level': 'read', 'x-frame-options': 'SAMEORIGIN', 'content-encoding': 'gzip', 'x-xss-protection': '0', 'x-rate-limit-limit': '300', 'x-rate-limit-reset': '1638821071', 'content-disposition': 'attachment; filename=json.json', 'x-content-type-options': 'nosniff', 'x-rate-limit-remaining': '298', 'strict-transport-security': 'max-age=631138519', 'x-response-time': '130', 'x-connection-hash': '61023d94992ce82e85ad68cf639f1cf5995c47ee799ed244ab47fc7a1709b9b8'}
Content: b'{"data":{"username":"SergeFerrari","name":"Serge Ferrari","id":"1949367278","created_at":"2013-10-09T14:16:26.000Z"}}'
2021-12-06 20:49:32,549 WARNING :: Requesting users | getting SergeFerrari
2021-12-06 20:49:32,551 DEBUG :: Making API request: GET https://api.twitter.com/2/users/by/username/VergnetEnergy
Parameters: {'user.fields': 'created_at'}
Headers: {'User-Agent': 'Python/3.8.9 Requests/2.26.0 Tweepy/4.4.0', 'Authorization': 'Bearer AAAAAAAAAAAAAAAAAAAAAH68VwEAAAAA5DWkqX14lSgqQ2yid9RQhbV1meM%3D8jgI64BX4l8WPDrbahnwKYJFb1Hn9MMz85L2YNPQGGT3bfbSdv'}
Body: None
2021-12-06 20:49:32,553 DEBUG :: Starting new HTTPS connection (1): api.twitter.com:443
2021-12-06 20:49:32,771 DEBUG :: https://api.twitter.com:443 "GET /2/users/by/username/VergnetEnergy?user.fields=created_at HTTP/1.1" 200 118
2021-12-06 20:49:32,772 DEBUG :: Received API response: 200 OK
Headers: {'date': 'Mon, 06 Dec 2021 19:49:32 UTC', 'server': 'tsa_f', 'set-cookie': 'guest_id_marketing=v1%3A163882017235983656; Max-Age=63072000; Expires=Wed, 06 Dec 2023 19:49:32 GMT; Path=/; Domain=.twitter.com; Secure; SameSite=None, guest_id_ads=v1%3A163882017235983656; Max-Age=63072000; Expires=Wed, 06 Dec 2023 19:49:32 GMT; Path=/; Domain=.twitter.com; Secure; SameSite=None, personalization_id="v1_iQWAbY24+rn6XfEj5mN6Mg=="; Max-Age=63072000; Expires=Wed, 06 Dec 2023 19:49:32 GMT; Path=/; Domain=.twitter.com; Secure; SameSite=None, guest_id=v1%3A163882017235983656; Max-Age=63072000; Expires=Wed, 06 Dec 2023 19:49:32 GMT; Path=/; Domain=.twitter.com; Secure; SameSite=None', 'api-version': '2.31', 'content-type': 'application/json; charset=utf-8', 'cache-control': 'no-cache, no-store, max-age=0', 'content-length': '118', 'x-access-level': 'read', 'x-frame-options': 'SAMEORIGIN', 'content-encoding': 'gzip', 'x-xss-protection': '0', 'x-rate-limit-limit': '300', 'x-rate-limit-reset': '1638821071', 'content-disposition': 'attachment; filename=json.json', 'x-content-type-options': 'nosniff', 'x-rate-limit-remaining': '297', 'strict-transport-security': 'max-age=631138519', 'x-response-time': '128', 'x-connection-hash': '9ca361883a02889a686aa51fb7ede4275383ee98142328b5ee746ee7dd51e509'}
Content: b'{"data":{"username":"VergnetEnergy","name":"Vergnet","created_at":"2012-02-07T09:11:47.000Z","id":"485527080"}}'
2021-12-06 20:49:32,772 WARNING :: Requesting users | getting VergnetEnergy
2021-12-06 20:49:32,773 DEBUG :: Making API request: GET https://api.twitter.com/2/users/by/username/GroupeLDLC
Parameters: {'user.fields': 'created_at'}
Headers: {'User-Agent': 'Python/3.8.9 Requests/2.26.0 Tweepy/4.4.0', 'Authorization': 'Bearer AAAAAAAAAAAAAAAAAAAAAH68VwEAAAAA5DWkqX14lSgqQ2yid9RQhbV1meM%3D8jgI64BX4l8WPDrbahnwKYJFb1Hn9MMz85L2YNPQGGT3bfbSdv'}
Body: None
2021-12-06 20:49:32,774 DEBUG :: Starting new HTTPS connection (1): api.twitter.com:443
2021-12-06 20:49:33,022 DEBUG :: https://api.twitter.com:443 "GET /2/users/by/username/GroupeLDLC?user.fields=created_at HTTP/1.1" 200 129
2021-12-06 20:49:33,023 DEBUG :: Received API response: 200 OK
Headers: {'date': 'Mon, 06 Dec 2021 19:49:32 UTC', 'server': 'tsa_f', 'set-cookie': 'guest_id_marketing=v1%3A163882017258034682; Max-Age=63072000; Expires=Wed, 06 Dec 2023 19:49:32 GMT; Path=/; Domain=.twitter.com; Secure; SameSite=None, guest_id_ads=v1%3A163882017258034682; Max-Age=63072000; Expires=Wed, 06 Dec 2023 19:49:32 GMT; Path=/; Domain=.twitter.com; Secure; SameSite=None, personalization_id="v1_6HZVK+rQ8xYpPHm3jJTtAw=="; Max-Age=63072000; Expires=Wed, 06 Dec 2023 19:49:32 GMT; Path=/; Domain=.twitter.com; Secure; SameSite=None, guest_id=v1%3A163882017258034682; Max-Age=63072000; Expires=Wed, 06 Dec 2023 19:49:32 GMT; Path=/; Domain=.twitter.com; Secure; SameSite=None', 'api-version': '2.31', 'content-type': 'application/json; charset=utf-8', 'cache-control': 'no-cache, no-store, max-age=0', 'content-length': '129', 'x-access-level': 'read', 'x-frame-options': 'SAMEORIGIN', 'content-encoding': 'gzip', 'x-xss-protection': '0', 'x-rate-limit-limit': '300', 'x-rate-limit-reset': '1638821071', 'content-disposition': 'attachment; filename=json.json', 'x-content-type-options': 'nosniff', 'x-rate-limit-remaining': '296', 'strict-transport-security': 'max-age=631138519', 'x-response-time': '157', 'x-connection-hash': 'eb6bcd7b85231abd9ca65db42ad1972c4a6317be5bf07cdaf26a9b17847c2c86'}
Content: b'{"data":{"username":"GroupeLDLC","id":"785748415044997120","created_at":"2016-10-11T07:46:35.000Z","name":"Groupe LDLC"}}'
2021-12-06 20:49:33,023 WARNING :: Requesting users | getting GroupeLDLC
2021-12-06 20:49:33,024 DEBUG :: Making API request: GET https://api.twitter.com/2/users/by/username/medicrea
Parameters: {'user.fields': 'created_at'}
Headers: {'User-Agent': 'Python/3.8.9 Requests/2.26.0 Tweepy/4.4.0', 'Authorization': 'Bearer AAAAAAAAAAAAAAAAAAAAAH68VwEAAAAA5DWkqX14lSgqQ2yid9RQhbV1meM%3D8jgI64BX4l8WPDrbahnwKYJFb1Hn9MMz85L2YNPQGGT3bfbSdv'}
Body: None
2021-12-06 20:49:33,026 DEBUG :: Starting new HTTPS connection (1): api.twitter.com:443
2021-12-06 20:49:33,243 DEBUG :: https://api.twitter.com:443 "GET /2/users/by/username/medicrea?user.fields=created_at HTTP/1.1" 200 127
2021-12-06 20:49:33,244 DEBUG :: Received API response: 200 OK
Headers: {'date': 'Mon, 06 Dec 2021 19:49:32 UTC', 'server': 'tsa_f', 'set-cookie': 'guest_id_marketing=v1%3A163882017283125223; Max-Age=63072000; Expires=Wed, 06 Dec 2023 19:49:32 GMT; Path=/; Domain=.twitter.com; Secure; SameSite=None, guest_id_ads=v1%3A163882017283125223; Max-Age=63072000; Expires=Wed, 06 Dec 2023 19:49:32 GMT; Path=/; Domain=.twitter.com; Secure; SameSite=None, personalization_id="v1_QxAbGxnc7wTcqbVVxhfNuA=="; Max-Age=63072000; Expires=Wed, 06 Dec 2023 19:49:32 GMT; Path=/; Domain=.twitter.com; Secure; SameSite=None, guest_id=v1%3A163882017283125223; Max-Age=63072000; Expires=Wed, 06 Dec 2023 19:49:32 GMT; Path=/; Domain=.twitter.com; Secure; SameSite=None', 'api-version': '2.31', 'content-type': 'application/json; charset=utf-8', 'cache-control': 'no-cache, no-store, max-age=0', 'content-length': '127', 'x-access-level': 'read', 'x-frame-options': 'SAMEORIGIN', 'content-encoding': 'gzip', 'x-xss-protection': '0', 'x-rate-limit-limit': '300', 'x-rate-limit-reset': '1638821071', 'content-disposition': 'attachment; filename=json.json', 'x-content-type-options': 'nosniff', 'x-rate-limit-remaining': '295', 'strict-transport-security': 'max-age=631138519', 'x-response-time': '128', 'x-connection-hash': 'f227ecae1084918fc910bc9ec4f3dac5882a80d812c8367bd25a2fcfe594fc25'}
Content: b'{"data":{"name":"Medicrea International","id":"589186665","username":"medicrea","created_at":"2012-05-24T13:04:53.000Z"}}'
2021-12-06 20:49:33,244 WARNING :: Requesting users | getting medicrea
2021-12-06 20:49:33,246 DEBUG :: Making API request: GET https://api.twitter.com/2/users/by/username/claranova_group
Parameters: {'user.fields': 'created_at'}
Headers: {'User-Agent': 'Python/3.8.9 Requests/2.26.0 Tweepy/4.4.0', 'Authorization': 'Bearer AAAAAAAAAAAAAAAAAAAAAH68VwEAAAAA5DWkqX14lSgqQ2yid9RQhbV1meM%3D8jgI64BX4l8WPDrbahnwKYJFb1Hn9MMz85L2YNPQGGT3bfbSdv'}
Body: None
2021-12-06 20:49:33,247 DEBUG :: Starting new HTTPS connection (1): api.twitter.com:443
2021-12-06 20:49:33,480 DEBUG :: https://api.twitter.com:443 "GET /2/users/by/username/claranova_group?user.fields=created_at HTTP/1.1" 200 126
2021-12-06 20:49:33,481 DEBUG :: Received API response: 200 OK
Headers: {'date': 'Mon, 06 Dec 2021 19:49:33 UTC', 'server': 'tsa_f', 'set-cookie': 'guest_id_marketing=v1%3A163882017305545959; Max-Age=63072000; Expires=Wed, 06 Dec 2023 19:49:33 GMT; Path=/; Domain=.twitter.com; Secure; SameSite=None, guest_id_ads=v1%3A163882017305545959; Max-Age=63072000; Expires=Wed, 06 Dec 2023 19:49:33 GMT; Path=/; Domain=.twitter.com; Secure; SameSite=None, personalization_id="v1_zwLO16/bdUEFjmngZwTc0g=="; Max-Age=63072000; Expires=Wed, 06 Dec 2023 19:49:33 GMT; Path=/; Domain=.twitter.com; Secure; SameSite=None, guest_id=v1%3A163882017305545959; Max-Age=63072000; Expires=Wed, 06 Dec 2023 19:49:33 GMT; Path=/; Domain=.twitter.com; Secure; SameSite=None', 'api-version': '2.31', 'content-type': 'application/json; charset=utf-8', 'cache-control': 'no-cache, no-store, max-age=0', 'content-length': '126', 'x-access-level': 'read', 'x-frame-options': 'SAMEORIGIN', 'content-encoding': 'gzip', 'x-xss-protection': '0', 'x-rate-limit-limit': '300', 'x-rate-limit-reset': '1638821071', 'content-disposition': 'attachment; filename=json.json', 'x-content-type-options': 'nosniff', 'x-rate-limit-remaining': '294', 'strict-transport-security': 'max-age=631138519', 'x-response-time': '140', 'x-connection-hash': 'e4f11f6076c859cb841273b60b7b48b8ea17ff5516e7147a997f03bdaf2c6c9b'}
Content: b'{"data":{"created_at":"2017-04-06T18:09:18.000Z","username":"claranova_group","name":"claranova","id":"850047779300933633"}}'
2021-12-06 20:49:33,481 WARNING :: Requesting users | getting claranova_group
2021-12-06 20:49:33,482 DEBUG :: Making API request: GET https://api.twitter.com/2/users/by/username/OregeSas
Parameters: {'user.fields': 'created_at'}
Headers: {'User-Agent': 'Python/3.8.9 Requests/2.26.0 Tweepy/4.4.0', 'Authorization': 'Bearer AAAAAAAAAAAAAAAAAAAAAH68VwEAAAAA5DWkqX14lSgqQ2yid9RQhbV1meM%3D8jgI64BX4l8WPDrbahnwKYJFb1Hn9MMz85L2YNPQGGT3bfbSdv'}
Body: None
2021-12-06 20:49:33,484 DEBUG :: Starting new HTTPS connection (1): api.twitter.com:443
2021-12-06 20:49:33,711 DEBUG :: https://api.twitter.com:443 "GET /2/users/by/username/OregeSas?user.fields=created_at HTTP/1.1" 200 129
2021-12-06 20:49:33,712 DEBUG :: Received API response: 200 OK
Headers: {'date': 'Mon, 06 Dec 2021 19:49:33 UTC', 'server': 'tsa_f', 'set-cookie': 'guest_id_marketing=v1%3A163882017328879102; Max-Age=63072000; Expires=Wed, 06 Dec 2023 19:49:33 GMT; Path=/; Domain=.twitter.com; Secure; SameSite=None, guest_id_ads=v1%3A163882017328879102; Max-Age=63072000; Expires=Wed, 06 Dec 2023 19:49:33 GMT; Path=/; Domain=.twitter.com; Secure; SameSite=None, personalization_id="v1_Jpo7DW6R8PQ8e9GC1+hu0g=="; Max-Age=63072000; Expires=Wed, 06 Dec 2023 19:49:33 GMT; Path=/; Domain=.twitter.com; Secure; SameSite=None, guest_id=v1%3A163882017328879102; Max-Age=63072000; Expires=Wed, 06 Dec 2023 19:49:33 GMT; Path=/; Domain=.twitter.com; Secure; SameSite=None', 'api-version': '2.31', 'content-type': 'application/json; charset=utf-8', 'cache-control': 'no-cache, no-store, max-age=0', 'content-length': '129', 'x-access-level': 'read', 'x-frame-options': 'SAMEORIGIN', 'content-encoding': 'gzip', 'x-xss-protection': '0', 'x-rate-limit-limit': '300', 'x-rate-limit-reset': '1638821071', 'content-disposition': 'attachment; filename=json.json', 'x-content-type-options': 'nosniff', 'x-rate-limit-remaining': '293', 'strict-transport-security': 'max-age=631138519', 'x-response-time': '138', 'x-connection-hash': '4f3994a688b62dbd6384ed53950e7a0b373e17bdccf62b4793046219be3f396b'}
Content: b'{"data":{"username":"OregeSas","created_at":"2016-07-21T07:09:06.000Z","id":"756023177185222656","name":"Or\xc3\xa8ge"}}'
2021-12-06 20:49:33,712 WARNING :: Requesting users | getting OregeSas
2021-12-06 20:49:33,713 DEBUG :: Making API request: GET https://api.twitter.com/2/users/by/username/Oxurion
Parameters: {'user.fields': 'created_at'}
Headers: {'User-Agent': 'Python/3.8.9 Requests/2.26.0 Tweepy/4.4.0', 'Authorization': 'Bearer AAAAAAAAAAAAAAAAAAAAAH68VwEAAAAA5DWkqX14lSgqQ2yid9RQhbV1meM%3D8jgI64BX4l8WPDrbahnwKYJFb1Hn9MMz85L2YNPQGGT3bfbSdv'}
Body: None
2021-12-06 20:49:33,715 DEBUG :: Starting new HTTPS connection (1): api.twitter.com:443
2021-12-06 20:49:33,933 DEBUG :: https://api.twitter.com:443 "GET /2/users/by/username/Oxurion?user.fields=created_at HTTP/1.1" 200 118
2021-12-06 20:49:33,934 DEBUG :: Received API response: 200 OK
Headers: {'date': 'Mon, 06 Dec 2021 19:49:33 UTC', 'server': 'tsa_f', 'set-cookie': 'guest_id_marketing=v1%3A163882017352175602; Max-Age=63072000; Expires=Wed, 06 Dec 2023 19:49:33 GMT; Path=/; Domain=.twitter.com; Secure; SameSite=None, guest_id_ads=v1%3A163882017352175602; Max-Age=63072000; Expires=Wed, 06 Dec 2023 19:49:33 GMT; Path=/; Domain=.twitter.com; Secure; SameSite=None, personalization_id="v1_Q55yOaGw21XpPuM5eEk6lg=="; Max-Age=63072000; Expires=Wed, 06 Dec 2023 19:49:33 GMT; Path=/; Domain=.twitter.com; Secure; SameSite=None, guest_id=v1%3A163882017352175602; Max-Age=63072000; Expires=Wed, 06 Dec 2023 19:49:33 GMT; Path=/; Domain=.twitter.com; Secure; SameSite=None', 'api-version': '2.31', 'content-type': 'application/json; charset=utf-8', 'cache-control': 'no-cache, no-store, max-age=0', 'content-length': '118', 'x-access-level': 'read', 'x-frame-options': 'SAMEORIGIN', 'content-encoding': 'gzip', 'x-xss-protection': '0', 'x-rate-limit-limit': '300', 'x-rate-limit-reset': '1638821071', 'content-disposition': 'attachment; filename=json.json', 'x-content-type-options': 'nosniff', 'x-rate-limit-remaining': '292', 'strict-transport-security': 'max-age=631138519', 'x-response-time': '128', 'x-connection-hash': '1994da11a51f409ab9caa62ac50d3397fb70ea220d20879161164ce5993fb418'}
Content: b'{"data":{"name":"Oxurion NV","username":"Oxurion","created_at":"2011-09-20T18:57:55.000Z","id":"376936356"}}'
2021-12-06 20:49:33,935 WARNING :: Requesting users | getting Oxurion
2021-12-06 20:49:33,937 DEBUG :: Making API request: GET https://api.twitter.com/2/users/by/username/Nextedia
Parameters: {'user.fields': 'created_at'}
Headers: {'User-Agent': 'Python/3.8.9 Requests/2.26.0 Tweepy/4.4.0', 'Authorization': 'Bearer AAAAAAAAAAAAAAAAAAAAAH68VwEAAAAA5DWkqX14lSgqQ2yid9RQhbV1meM%3D8jgI64BX4l8WPDrbahnwKYJFb1Hn9MMz85L2YNPQGGT3bfbSdv'}
Body: None
2021-12-06 20:49:33,938 DEBUG :: Starting new HTTPS connection (1): api.twitter.com:443
2021-12-06 20:49:34,161 DEBUG :: https://api.twitter.com:443 "GET /2/users/by/username/Nextedia?user.fields=created_at HTTP/1.1" 200 113
2021-12-06 20:49:34,162 DEBUG :: Received API response: 200 OK
Headers: {'date': 'Mon, 06 Dec 2021 19:49:33 UTC', 'server': 'tsa_f', 'set-cookie': 'guest_id_marketing=v1%3A163882017374499269; Max-Age=63072000; Expires=Wed, 06 Dec 2023 19:49:33 GMT; Path=/; Domain=.twitter.com; Secure; SameSite=None, guest_id_ads=v1%3A163882017374499269; Max-Age=63072000; Expires=Wed, 06 Dec 2023 19:49:33 GMT; Path=/; Domain=.twitter.com; Secure; SameSite=None, personalization_id="v1_4woCYoFy0lM+KXBlsUUhuw=="; Max-Age=63072000; Expires=Wed, 06 Dec 2023 19:49:33 GMT; Path=/; Domain=.twitter.com; Secure; SameSite=None, guest_id=v1%3A163882017374499269; Max-Age=63072000; Expires=Wed, 06 Dec 2023 19:49:33 GMT; Path=/; Domain=.twitter.com; Secure; SameSite=None', 'api-version': '2.31', 'content-type': 'application/json; charset=utf-8', 'cache-control': 'no-cache, no-store, max-age=0', 'content-length': '113', 'x-access-level': 'read', 'x-frame-options': 'SAMEORIGIN', 'content-encoding': 'gzip', 'x-xss-protection': '0', 'x-rate-limit-limit': '300', 'x-rate-limit-reset': '1638821071', 'content-disposition': 'attachment; filename=json.json', 'x-content-type-options': 'nosniff', 'x-rate-limit-remaining': '291', 'strict-transport-security': 'max-age=631138519', 'x-response-time': '134', 'x-connection-hash': '460f5bca02b87256df2b66b4f0a4adffdd103d65b7c286007785ea018919ea0c'}
Content: b'{"data":{"created_at":"2013-03-07T18:51:19.000Z","id":"1249807652","username":"Nextedia","name":"Nextedia"}}'
2021-12-06 20:49:34,163 WARNING :: Requesting users | getting Nextedia
2021-12-06 20:49:34,164 DEBUG :: Making API request: GET https://api.twitter.com/2/users/by/username/Plastivaloire
Parameters: {'user.fields': 'created_at'}
Headers: {'User-Agent': 'Python/3.8.9 Requests/2.26.0 Tweepy/4.4.0', 'Authorization': 'Bearer AAAAAAAAAAAAAAAAAAAAAH68VwEAAAAA5DWkqX14lSgqQ2yid9RQhbV1meM%3D8jgI64BX4l8WPDrbahnwKYJFb1Hn9MMz85L2YNPQGGT3bfbSdv'}
Body: None
2021-12-06 20:49:34,166 DEBUG :: Starting new HTTPS connection (1): api.twitter.com:443
2021-12-06 20:49:34,393 DEBUG :: https://api.twitter.com:443 "GET /2/users/by/username/Plastivaloire?user.fields=created_at HTTP/1.1" 200 134
2021-12-06 20:49:34,395 DEBUG :: Received API response: 200 OK
Headers: {'date': 'Mon, 06 Dec 2021 19:49:34 UTC', 'server': 'tsa_f', 'set-cookie': 'guest_id_marketing=v1%3A163882017397396417; Max-Age=63072000; Expires=Wed, 06 Dec 2023 19:49:34 GMT; Path=/; Domain=.twitter.com; Secure; SameSite=None, guest_id_ads=v1%3A163882017397396417; Max-Age=63072000; Expires=Wed, 06 Dec 2023 19:49:34 GMT; Path=/; Domain=.twitter.com; Secure; SameSite=None, personalization_id="v1_TM0vFYVxkuvSbd92FTXSKg=="; Max-Age=63072000; Expires=Wed, 06 Dec 2023 19:49:34 GMT; Path=/; Domain=.twitter.com; Secure; SameSite=None, guest_id=v1%3A163882017397396417; Max-Age=63072000; Expires=Wed, 06 Dec 2023 19:49:34 GMT; Path=/; Domain=.twitter.com; Secure; SameSite=None', 'api-version': '2.31', 'content-type': 'application/json; charset=utf-8', 'cache-control': 'no-cache, no-store, max-age=0', 'content-length': '134', 'x-access-level': 'read', 'x-frame-options': 'SAMEORIGIN', 'content-encoding': 'gzip', 'x-xss-protection': '0', 'x-rate-limit-limit': '300', 'x-rate-limit-reset': '1638821071', 'content-disposition': 'attachment; filename=json.json', 'x-content-type-options': 'nosniff', 'x-rate-limit-remaining': '290', 'strict-transport-security': 'max-age=631138519', 'x-response-time': '136', 'x-connection-hash': '58cc82e5425a750e015ae94e10cd3b3830e11927113f1fc0213f62c29dba2a71'}
Content: b'{"data":{"created_at":"2018-01-08T15:05:47.000Z","username":"Plastivaloire","name":"Groupe Plastivaloire","id":"950383035534528512"}}'
2021-12-06 20:49:34,396 WARNING :: Requesting users | getting Plastivaloire
2021-12-06 20:49:34,398 DEBUG :: Making API request: GET https://api.twitter.com/2/users/by/username/EmovaGroup
Parameters: {'user.fields': 'created_at'}
Headers: {'User-Agent': 'Python/3.8.9 Requests/2.26.0 Tweepy/4.4.0', 'Authorization': 'Bearer AAAAAAAAAAAAAAAAAAAAAH68VwEAAAAA5DWkqX14lSgqQ2yid9RQhbV1meM%3D8jgI64BX4l8WPDrbahnwKYJFb1Hn9MMz85L2YNPQGGT3bfbSdv'}
Body: None
2021-12-06 20:49:34,401 DEBUG :: Starting new HTTPS connection (1): api.twitter.com:443
2021-12-06 20:49:34,621 DEBUG :: https://api.twitter.com:443 "GET /2/users/by/username/EmovaGroup?user.fields=created_at HTTP/1.1" 200 120
2021-12-06 20:49:34,621 DEBUG :: Received API response: 200 OK
Headers: {'date': 'Mon, 06 Dec 2021 19:49:34 UTC', 'server': 'tsa_f', 'set-cookie': 'guest_id_marketing=v1%3A163882017420732955; Max-Age=63072000; Expires=Wed, 06 Dec 2023 19:49:34 GMT; Path=/; Domain=.twitter.com; Secure; SameSite=None, guest_id_ads=v1%3A163882017420732955; Max-Age=63072000; Expires=Wed, 06 Dec 2023 19:49:34 GMT; Path=/; Domain=.twitter.com; Secure; SameSite=None, personalization_id="v1_8QvjRjV/KING1UYHELSB7g=="; Max-Age=63072000; Expires=Wed, 06 Dec 2023 19:49:34 GMT; Path=/; Domain=.twitter.com; Secure; SameSite=None, guest_id=v1%3A163882017420732955; Max-Age=63072000; Expires=Wed, 06 Dec 2023 19:49:34 GMT; Path=/; Domain=.twitter.com; Secure; SameSite=None', 'api-version': '2.31', 'content-type': 'application/json; charset=utf-8', 'cache-control': 'no-cache, no-store, max-age=0', 'content-length': '120', 'x-access-level': 'read', 'x-frame-options': 'SAMEORIGIN', 'content-encoding': 'gzip', 'x-xss-protection': '0', 'x-rate-limit-limit': '300', 'x-rate-limit-reset': '1638821071', 'content-disposition': 'attachment; filename=json.json', 'x-content-type-options': 'nosniff', 'x-rate-limit-remaining': '289', 'strict-transport-security': 'max-age=631138519', 'x-response-time': '130', 'x-connection-hash': '2b04dcdb8c261892bb5cd73b7fe11f7b07237bfebdba034c05088aa22a7be3e7'}
Content: b'{"data":{"name":"Emova Group","username":"EmovaGroup","id":"3191379677","created_at":"2015-04-21T16:17:42.000Z"}}'
2021-12-06 20:49:34,622 WARNING :: Requesting users | getting EmovaGroup
2021-12-06 20:49:34,623 DEBUG :: Making API request: GET https://api.twitter.com/2/users/by/username/EkinopsSA
Parameters: {'user.fields': 'created_at'}
Headers: {'User-Agent': 'Python/3.8.9 Requests/2.26.0 Tweepy/4.4.0', 'Authorization': 'Bearer AAAAAAAAAAAAAAAAAAAAAH68VwEAAAAA5DWkqX14lSgqQ2yid9RQhbV1meM%3D8jgI64BX4l8WPDrbahnwKYJFb1Hn9MMz85L2YNPQGGT3bfbSdv'}
Body: None
2021-12-06 20:49:34,624 DEBUG :: Starting new HTTPS connection (1): api.twitter.com:443
2021-12-06 20:49:34,845 DEBUG :: https://api.twitter.com:443 "GET /2/users/by/username/EkinopsSA?user.fields=created_at HTTP/1.1" 200 117
2021-12-06 20:49:34,847 DEBUG :: Received API response: 200 OK
Headers: {'date': 'Mon, 06 Dec 2021 19:49:34 UTC', 'server': 'tsa_f', 'set-cookie': 'guest_id_marketing=v1%3A163882017443156572; Max-Age=63072000; Expires=Wed, 06 Dec 2023 19:49:34 GMT; Path=/; Domain=.twitter.com; Secure; SameSite=None, guest_id_ads=v1%3A163882017443156572; Max-Age=63072000; Expires=Wed, 06 Dec 2023 19:49:34 GMT; Path=/; Domain=.twitter.com; Secure; SameSite=None, personalization_id="v1_8U6JzGqRLm4N7iFFAvNvjg=="; Max-Age=63072000; Expires=Wed, 06 Dec 2023 19:49:34 GMT; Path=/; Domain=.twitter.com; Secure; SameSite=None, guest_id=v1%3A163882017443156572; Max-Age=63072000; Expires=Wed, 06 Dec 2023 19:49:34 GMT; Path=/; Domain=.twitter.com; Secure; SameSite=None', 'api-version': '2.31', 'content-type': 'application/json; charset=utf-8', 'cache-control': 'no-cache, no-store, max-age=0', 'content-length': '117', 'x-access-level': 'read', 'x-frame-options': 'SAMEORIGIN', 'content-encoding': 'gzip', 'x-xss-protection': '0', 'x-rate-limit-limit': '300', 'x-rate-limit-reset': '1638821071', 'content-disposition': 'attachment; filename=json.json', 'x-content-type-options': 'nosniff', 'x-rate-limit-remaining': '288', 'strict-transport-security': 'max-age=631138519', 'x-response-time': '130', 'x-connection-hash': 'fc0595092ef8c8579c0e58621b4fc6e57170f4cad55ef1161719ed5bce2e011b'}
Content: b'{"data":{"username":"EkinopsSA","created_at":"2012-11-21T16:27:21.000Z","id":"962674404","name":"Ekinops"}}'
2021-12-06 20:49:34,848 WARNING :: Requesting users | getting EkinopsSA
2021-12-06 20:49:34,850 DEBUG :: Making API request: GET https://api.twitter.com/2/users/by/username/Europlasma
Parameters: {'user.fields': 'created_at'}
Headers: {'User-Agent': 'Python/3.8.9 Requests/2.26.0 Tweepy/4.4.0', 'Authorization': 'Bearer AAAAAAAAAAAAAAAAAAAAAH68VwEAAAAA5DWkqX14lSgqQ2yid9RQhbV1meM%3D8jgI64BX4l8WPDrbahnwKYJFb1Hn9MMz85L2YNPQGGT3bfbSdv'}
Body: None
2021-12-06 20:49:34,851 DEBUG :: Starting new HTTPS connection (1): api.twitter.com:443
2021-12-06 20:49:35,066 DEBUG :: https://api.twitter.com:443 "GET /2/users/by/username/Europlasma?user.fields=created_at HTTP/1.1" 200 114
2021-12-06 20:49:35,067 DEBUG :: Received API response: 200 OK
Headers: {'date': 'Mon, 06 Dec 2021 19:49:34 UTC', 'server': 'tsa_f', 'set-cookie': 'guest_id_marketing=v1%3A163882017465236231; Max-Age=63072000; Expires=Wed, 06 Dec 2023 19:49:34 GMT; Path=/; Domain=.twitter.com; Secure; SameSite=None, guest_id_ads=v1%3A163882017465236231; Max-Age=63072000; Expires=Wed, 06 Dec 2023 19:49:34 GMT; Path=/; Domain=.twitter.com; Secure; SameSite=None, personalization_id="v1_xcvv8P3uMydvV34JYv7eXA=="; Max-Age=63072000; Expires=Wed, 06 Dec 2023 19:49:34 GMT; Path=/; Domain=.twitter.com; Secure; SameSite=None, guest_id=v1%3A163882017465236231; Max-Age=63072000; Expires=Wed, 06 Dec 2023 19:49:34 GMT; Path=/; Domain=.twitter.com; Secure; SameSite=None', 'api-version': '2.31', 'content-type': 'application/json; charset=utf-8', 'cache-control': 'no-cache, no-store, max-age=0', 'content-length': '114', 'x-access-level': 'read', 'x-frame-options': 'SAMEORIGIN', 'content-encoding': 'gzip', 'x-xss-protection': '0', 'x-rate-limit-limit': '300', 'x-rate-limit-reset': '1638821071', 'content-disposition': 'attachment; filename=json.json', 'x-content-type-options': 'nosniff', 'x-rate-limit-remaining': '287', 'strict-transport-security': 'max-age=631138519', 'x-response-time': '130', 'x-connection-hash': '66e259a88d9b8969579555d2ff5880869fa416b160da82ffa909997f36ac2256'}
Content: b'{"data":{"name":"Europlasma","username":"Europlasma","id":"523298537","created_at":"2012-03-13T14:10:54.000Z"}}'
2021-12-06 20:49:35,067 WARNING :: Requesting users | getting Europlasma
2021-12-06 20:49:35,069 DEBUG :: Making API request: GET https://api.twitter.com/2/users/by/username/wallixcom
Parameters: {'user.fields': 'created_at'}
Headers: {'User-Agent': 'Python/3.8.9 Requests/2.26.0 Tweepy/4.4.0', 'Authorization': 'Bearer AAAAAAAAAAAAAAAAAAAAAH68VwEAAAAA5DWkqX14lSgqQ2yid9RQhbV1meM%3D8jgI64BX4l8WPDrbahnwKYJFb1Hn9MMz85L2YNPQGGT3bfbSdv'}
Body: None
2021-12-06 20:49:35,070 DEBUG :: Starting new HTTPS connection (1): api.twitter.com:443
2021-12-06 20:49:35,290 DEBUG :: https://api.twitter.com:443 "GET /2/users/by/username/wallixcom?user.fields=created_at HTTP/1.1" 200 122
2021-12-06 20:49:35,292 DEBUG :: Received API response: 200 OK
Headers: {'date': 'Mon, 06 Dec 2021 19:49:34 UTC', 'server': 'tsa_f', 'set-cookie': 'guest_id_marketing=v1%3A163882017487832044; Max-Age=63072000; Expires=Wed, 06 Dec 2023 19:49:34 GMT; Path=/; Domain=.twitter.com; Secure; SameSite=None, guest_id_ads=v1%3A163882017487832044; Max-Age=63072000; Expires=Wed, 06 Dec 2023 19:49:34 GMT; Path=/; Domain=.twitter.com; Secure; SameSite=None, personalization_id="v1_EtLemCzerL+ElO2au+lfXg=="; Max-Age=63072000; Expires=Wed, 06 Dec 2023 19:49:34 GMT; Path=/; Domain=.twitter.com; Secure; SameSite=None, guest_id=v1%3A163882017487832044; Max-Age=63072000; Expires=Wed, 06 Dec 2023 19:49:34 GMT; Path=/; Domain=.twitter.com; Secure; SameSite=None', 'api-version': '2.31', 'content-type': 'application/json; charset=utf-8', 'cache-control': 'no-cache, no-store, max-age=0', 'content-length': '122', 'x-access-level': 'read', 'x-frame-options': 'SAMEORIGIN', 'content-encoding': 'gzip', 'x-xss-protection': '0', 'x-rate-limit-limit': '300', 'x-rate-limit-reset': '1638821071', 'content-disposition': 'attachment; filename=json.json', 'x-content-type-options': 'nosniff', 'x-rate-limit-remaining': '286', 'strict-transport-security': 'max-age=631138519', 'x-response-time': '129', 'x-connection-hash': 'f360e6ab4bf4d03e8040de88c51220ef16c3b44b66cf4b4ab22ede7d99feb4c4'}
Content: b'{"data":{"name":"WALLIX","id":"227580951","username":"wallixcom","created_at":"2010-12-17T06:10:28.000Z"}}'
2021-12-06 20:49:35,292 WARNING :: Requesting users | getting wallixcom
2021-12-06 20:49:35,294 DEBUG :: Making API request: GET https://api.twitter.com/2/users/by/username/haulottegroup
Parameters: {'user.fields': 'created_at'}
Headers: {'User-Agent': 'Python/3.8.9 Requests/2.26.0 Tweepy/4.4.0', 'Authorization': 'Bearer AAAAAAAAAAAAAAAAAAAAAH68VwEAAAAA5DWkqX14lSgqQ2yid9RQhbV1meM%3D8jgI64BX4l8WPDrbahnwKYJFb1Hn9MMz85L2YNPQGGT3bfbSdv'}
Body: None
2021-12-06 20:49:35,296 DEBUG :: Starting new HTTPS connection (1): api.twitter.com:443
2021-12-06 20:49:35,513 DEBUG :: https://api.twitter.com:443 "GET /2/users/by/username/haulottegroup?user.fields=created_at HTTP/1.1" 200 121
2021-12-06 20:49:35,514 DEBUG :: Received API response: 200 OK
Headers: {'date': 'Mon, 06 Dec 2021 19:49:35 UTC', 'server': 'tsa_f', 'set-cookie': 'guest_id_marketing=v1%3A163882017509738242; Max-Age=63072000; Expires=Wed, 06 Dec 2023 19:49:35 GMT; Path=/; Domain=.twitter.com; Secure; SameSite=None, guest_id_ads=v1%3A163882017509738242; Max-Age=63072000; Expires=Wed, 06 Dec 2023 19:49:35 GMT; Path=/; Domain=.twitter.com; Secure; SameSite=None, personalization_id="v1_No5l/NYzKLHTqHILWG8qTw=="; Max-Age=63072000; Expires=Wed, 06 Dec 2023 19:49:35 GMT; Path=/; Domain=.twitter.com; Secure; SameSite=None, guest_id=v1%3A163882017509738242; Max-Age=63072000; Expires=Wed, 06 Dec 2023 19:49:35 GMT; Path=/; Domain=.twitter.com; Secure; SameSite=None', 'api-version': '2.31', 'content-type': 'application/json; charset=utf-8', 'cache-control': 'no-cache, no-store, max-age=0', 'content-length': '121', 'x-access-level': 'read', 'x-frame-options': 'SAMEORIGIN', 'content-encoding': 'gzip', 'x-xss-protection': '0', 'x-rate-limit-limit': '300', 'x-rate-limit-reset': '1638821071', 'content-disposition': 'attachment; filename=json.json', 'x-content-type-options': 'nosniff', 'x-rate-limit-remaining': '285', 'strict-transport-security': 'max-age=631138519', 'x-response-time': '133', 'x-connection-hash': '5d2c7d02d04a0dee67bb9c931b95ec416d53f4857d958193b306f7350c6336f4'}
Content: b'{"data":{"created_at":"2009-04-17T13:25:08.000Z","username":"haulottegroup","name":"Haulotte","id":"32402276"}}'
2021-12-06 20:49:35,515 WARNING :: Requesting users | getting haulottegroup
2021-12-06 20:49:35,516 DEBUG :: Making API request: GET https://api.twitter.com/2/users/by/username/microwavevision
Parameters: {'user.fields': 'created_at'}
Headers: {'User-Agent': 'Python/3.8.9 Requests/2.26.0 Tweepy/4.4.0', 'Authorization': 'Bearer AAAAAAAAAAAAAAAAAAAAAH68VwEAAAAA5DWkqX14lSgqQ2yid9RQhbV1meM%3D8jgI64BX4l8WPDrbahnwKYJFb1Hn9MMz85L2YNPQGGT3bfbSdv'}
Body: None
2021-12-06 20:49:35,517 DEBUG :: Starting new HTTPS connection (1): api.twitter.com:443
2021-12-06 20:49:35,761 DEBUG :: https://api.twitter.com:443 "GET /2/users/by/username/microwavevision?user.fields=created_at HTTP/1.1" 200 123
2021-12-06 20:49:35,762 DEBUG :: Received API response: 200 OK
Headers: {'date': 'Mon, 06 Dec 2021 19:49:35 UTC', 'server': 'tsa_f', 'set-cookie': 'guest_id_marketing=v1%3A163882017531792785; Max-Age=63072000; Expires=Wed, 06 Dec 2023 19:49:35 GMT; Path=/; Domain=.twitter.com; Secure; SameSite=None, guest_id_ads=v1%3A163882017531792785; Max-Age=63072000; Expires=Wed, 06 Dec 2023 19:49:35 GMT; Path=/; Domain=.twitter.com; Secure; SameSite=None, personalization_id="v1_hBHqXuJZoGknUXS1AxQOZQ=="; Max-Age=63072000; Expires=Wed, 06 Dec 2023 19:49:35 GMT; Path=/; Domain=.twitter.com; Secure; SameSite=None, guest_id=v1%3A163882017531792785; Max-Age=63072000; Expires=Wed, 06 Dec 2023 19:49:35 GMT; Path=/; Domain=.twitter.com; Secure; SameSite=None', 'api-version': '2.31', 'content-type': 'application/json; charset=utf-8', 'cache-control': 'no-cache, no-store, max-age=0', 'content-length': '123', 'x-access-level': 'read', 'x-frame-options': 'SAMEORIGIN', 'content-encoding': 'gzip', 'x-xss-protection': '0', 'x-rate-limit-limit': '300', 'x-rate-limit-reset': '1638821071', 'content-disposition': 'attachment; filename=json.json', 'x-content-type-options': 'nosniff', 'x-rate-limit-remaining': '284', 'strict-transport-security': 'max-age=631138519', 'x-response-time': '145', 'x-connection-hash': '1e4b3c2b28ef62edc2f021882e8bbd28e4426977bc9391960bb7ec6f1588b69f'}
Content: b'{"data":{"created_at":"2010-10-18T13:55:27.000Z","name":"Microwave Vision","username":"microwavevision","id":"204342865"}}'
2021-12-06 20:49:35,762 WARNING :: Requesting users | getting microwavevision
2021-12-06 20:49:35,764 DEBUG :: Making API request: GET https://api.twitter.com/2/users/by/username/Artefact_Global
Parameters: {'user.fields': 'created_at'}
Headers: {'User-Agent': 'Python/3.8.9 Requests/2.26.0 Tweepy/4.4.0', 'Authorization': 'Bearer AAAAAAAAAAAAAAAAAAAAAH68VwEAAAAA5DWkqX14lSgqQ2yid9RQhbV1meM%3D8jgI64BX4l8WPDrbahnwKYJFb1Hn9MMz85L2YNPQGGT3bfbSdv'}
Body: None
2021-12-06 20:49:35,765 DEBUG :: Starting new HTTPS connection (1): api.twitter.com:443
2021-12-06 20:49:35,983 DEBUG :: https://api.twitter.com:443 "GET /2/users/by/username/Artefact_Global?user.fields=created_at HTTP/1.1" 200 129
2021-12-06 20:49:35,985 DEBUG :: Received API response: 200 OK
Headers: {'date': 'Mon, 06 Dec 2021 19:49:35 UTC', 'server': 'tsa_f', 'set-cookie': 'guest_id_marketing=v1%3A163882017557008458; Max-Age=63072000; Expires=Wed, 06 Dec 2023 19:49:35 GMT; Path=/; Domain=.twitter.com; Secure; SameSite=None, guest_id_ads=v1%3A163882017557008458; Max-Age=63072000; Expires=Wed, 06 Dec 2023 19:49:35 GMT; Path=/; Domain=.twitter.com; Secure; SameSite=None, personalization_id="v1_6v8IbWNdsfGO78vpQGOl2g=="; Max-Age=63072000; Expires=Wed, 06 Dec 2023 19:49:35 GMT; Path=/; Domain=.twitter.com; Secure; SameSite=None, guest_id=v1%3A163882017557008458; Max-Age=63072000; Expires=Wed, 06 Dec 2023 19:49:35 GMT; Path=/; Domain=.twitter.com; Secure; SameSite=None', 'api-version': '2.31', 'content-type': 'application/json; charset=utf-8', 'cache-control': 'no-cache, no-store, max-age=0', 'content-length': '129', 'x-access-level': 'read', 'x-frame-options': 'SAMEORIGIN', 'content-encoding': 'gzip', 'x-xss-protection': '0', 'x-rate-limit-limit': '300', 'x-rate-limit-reset': '1638821071', 'content-disposition': 'attachment; filename=json.json', 'x-content-type-options': 'nosniff', 'x-rate-limit-remaining': '283', 'strict-transport-security': 'max-age=631138519', 'x-response-time': '130', 'x-connection-hash': 'e6f88c924ee0855a3dcdc4fe1da4ca6a4f65631e69a124f082715f9dbca490de'}
Content: b'{"data":{"created_at":"2017-10-31T14:32:53.000Z","username":"Artefact_Global","name":"Artefact","id":"925369992354455552"}}'
2021-12-06 20:49:35,985 WARNING :: Requesting users | getting Artefact_Global
2021-12-06 20:49:35,988 DEBUG :: Making API request: GET https://api.twitter.com/2/users/by/username/witbe
Parameters: {'user.fields': 'created_at'}
Headers: {'User-Agent': 'Python/3.8.9 Requests/2.26.0 Tweepy/4.4.0', 'Authorization': 'Bearer AAAAAAAAAAAAAAAAAAAAAH68VwEAAAAA5DWkqX14lSgqQ2yid9RQhbV1meM%3D8jgI64BX4l8WPDrbahnwKYJFb1Hn9MMz85L2YNPQGGT3bfbSdv'}
Body: None
2021-12-06 20:49:35,990 DEBUG :: Starting new HTTPS connection (1): api.twitter.com:443
2021-12-06 20:49:36,215 DEBUG :: https://api.twitter.com:443 "GET /2/users/by/username/witbe?user.fields=created_at HTTP/1.1" 200 110
2021-12-06 20:49:36,216 DEBUG :: Received API response: 200 OK
Headers: {'date': 'Mon, 06 Dec 2021 19:49:35 UTC', 'server': 'tsa_f', 'set-cookie': 'guest_id_marketing=v1%3A163882017579910642; Max-Age=63072000; Expires=Wed, 06 Dec 2023 19:49:35 GMT; Path=/; Domain=.twitter.com; Secure; SameSite=None, guest_id_ads=v1%3A163882017579910642; Max-Age=63072000; Expires=Wed, 06 Dec 2023 19:49:35 GMT; Path=/; Domain=.twitter.com; Secure; SameSite=None, personalization_id="v1_50vpUPCFLdLp2eNUKkNBPg=="; Max-Age=63072000; Expires=Wed, 06 Dec 2023 19:49:35 GMT; Path=/; Domain=.twitter.com; Secure; SameSite=None, guest_id=v1%3A163882017579910642; Max-Age=63072000; Expires=Wed, 06 Dec 2023 19:49:35 GMT; Path=/; Domain=.twitter.com; Secure; SameSite=None', 'api-version': '2.31', 'content-type': 'application/json; charset=utf-8', 'cache-control': 'no-cache, no-store, max-age=0', 'content-length': '110', 'x-access-level': 'read', 'x-frame-options': 'SAMEORIGIN', 'content-encoding': 'gzip', 'x-xss-protection': '0', 'x-rate-limit-limit': '300', 'x-rate-limit-reset': '1638821071', 'content-disposition': 'attachment; filename=json.json', 'x-content-type-options': 'nosniff', 'x-rate-limit-remaining': '282', 'strict-transport-security': 'max-age=631138519', 'x-response-time': '132', 'x-connection-hash': '7d7c0050f519f764078ac15edecf5ec77a1a0dd51d944c566cc7d727ee06af68'}
Content: b'{"data":{"created_at":"2007-07-31T09:28:31.000Z","username":"witbe","name":"Witbe","id":"7843552"}}'
2021-12-06 20:49:36,216 WARNING :: Requesting users | getting witbe
2021-12-06 20:49:36,217 DEBUG :: Making API request: GET https://api.twitter.com/2/users/by/username/adthinkperf
Parameters: {'user.fields': 'created_at'}
Headers: {'User-Agent': 'Python/3.8.9 Requests/2.26.0 Tweepy/4.4.0', 'Authorization': 'Bearer AAAAAAAAAAAAAAAAAAAAAH68VwEAAAAA5DWkqX14lSgqQ2yid9RQhbV1meM%3D8jgI64BX4l8WPDrbahnwKYJFb1Hn9MMz85L2YNPQGGT3bfbSdv'}
Body: None
2021-12-06 20:49:36,219 DEBUG :: Starting new HTTPS connection (1): api.twitter.com:443
2021-12-06 20:49:36,473 DEBUG :: https://api.twitter.com:443 "GET /2/users/by/username/adthinkperf?user.fields=created_at HTTP/1.1" 200 118
2021-12-06 20:49:36,474 DEBUG :: Received API response: 200 OK
Headers: {'date': 'Mon, 06 Dec 2021 19:49:36 UTC', 'server': 'tsa_f', 'set-cookie': 'guest_id_marketing=v1%3A163882017606187242; Max-Age=63072000; Expires=Wed, 06 Dec 2023 19:49:36 GMT; Path=/; Domain=.twitter.com; Secure; SameSite=None, guest_id_ads=v1%3A163882017606187242; Max-Age=63072000; Expires=Wed, 06 Dec 2023 19:49:36 GMT; Path=/; Domain=.twitter.com; Secure; SameSite=None, personalization_id="v1_GxTKQa+Z2t9qqnw3efmmww=="; Max-Age=63072000; Expires=Wed, 06 Dec 2023 19:49:36 GMT; Path=/; Domain=.twitter.com; Secure; SameSite=None, guest_id=v1%3A163882017606187242; Max-Age=63072000; Expires=Wed, 06 Dec 2023 19:49:36 GMT; Path=/; Domain=.twitter.com; Secure; SameSite=None', 'api-version': '2.31', 'content-type': 'application/json; charset=utf-8', 'cache-control': 'no-cache, no-store, max-age=0', 'content-length': '118', 'x-access-level': 'read', 'x-frame-options': 'SAMEORIGIN', 'content-encoding': 'gzip', 'x-xss-protection': '0', 'x-rate-limit-limit': '300', 'x-rate-limit-reset': '1638821071', 'content-disposition': 'attachment; filename=json.json', 'x-content-type-options': 'nosniff', 'x-rate-limit-remaining': '281', 'strict-transport-security': 'max-age=631138519', 'x-response-time': '128', 'x-connection-hash': '6fbe0d580221424b89e1e5407447d59c3b6119c0e640907b2a3990bd75696e46'}
Content: b'{"data":{"name":"Adthink","id":"89701020","username":"adthinkperf","created_at":"2009-11-13T13:42:40.000Z"}}'
2021-12-06 20:49:36,474 WARNING :: Requesting users | getting adthinkperf
2021-12-06 20:49:36,475 DEBUG :: Making API request: GET https://api.twitter.com/2/users/by/username/LedLucibel
Parameters: {'user.fields': 'created_at'}
Headers: {'User-Agent': 'Python/3.8.9 Requests/2.26.0 Tweepy/4.4.0', 'Authorization': 'Bearer AAAAAAAAAAAAAAAAAAAAAH68VwEAAAAA5DWkqX14lSgqQ2yid9RQhbV1meM%3D8jgI64BX4l8WPDrbahnwKYJFb1Hn9MMz85L2YNPQGGT3bfbSdv'}
Body: None
2021-12-06 20:49:36,477 DEBUG :: Starting new HTTPS connection (1): api.twitter.com:443
2021-12-06 20:49:36,735 DEBUG :: https://api.twitter.com:443 "GET /2/users/by/username/LedLucibel?user.fields=created_at HTTP/1.1" 200 114
2021-12-06 20:49:36,737 DEBUG :: Received API response: 200 OK
Headers: {'date': 'Mon, 06 Dec 2021 19:49:36 UTC', 'server': 'tsa_f', 'set-cookie': 'guest_id_marketing=v1%3A163882017631589898; Max-Age=63072000; Expires=Wed, 06 Dec 2023 19:49:36 GMT; Path=/; Domain=.twitter.com; Secure; SameSite=None, guest_id_ads=v1%3A163882017631589898; Max-Age=63072000; Expires=Wed, 06 Dec 2023 19:49:36 GMT; Path=/; Domain=.twitter.com; Secure; SameSite=None, personalization_id="v1_YQbxGk7hpoQWemnGdzsgvQ=="; Max-Age=63072000; Expires=Wed, 06 Dec 2023 19:49:36 GMT; Path=/; Domain=.twitter.com; Secure; SameSite=None, guest_id=v1%3A163882017631589898; Max-Age=63072000; Expires=Wed, 06 Dec 2023 19:49:36 GMT; Path=/; Domain=.twitter.com; Secure; SameSite=None', 'api-version': '2.31', 'content-type': 'application/json; charset=utf-8', 'cache-control': 'no-cache, no-store, max-age=0', 'content-length': '114', 'x-access-level': 'read', 'x-frame-options': 'SAMEORIGIN', 'content-encoding': 'gzip', 'x-xss-protection': '0', 'x-rate-limit-limit': '300', 'x-rate-limit-reset': '1638821071', 'content-disposition': 'attachment; filename=json.json', 'x-content-type-options': 'nosniff', 'x-rate-limit-remaining': '280', 'strict-transport-security': 'max-age=631138519', 'x-response-time': '136', 'x-connection-hash': '2d4f44670c18fe33fadfe5d91ca991375f6ec4fcdd0a3984901af29d3ec6b540'}
Content: b'{"data":{"name":"Lucibel","username":"LedLucibel","id":"974295912","created_at":"2012-11-27T17:25:48.000Z"}}'
2021-12-06 20:49:36,738 WARNING :: Requesting users | getting LedLucibel
2021-12-06 20:49:36,740 DEBUG :: Making API request: GET https://api.twitter.com/2/users/by/username/kko_int
Parameters: {'user.fields': 'created_at'}
Headers: {'User-Agent': 'Python/3.8.9 Requests/2.26.0 Tweepy/4.4.0', 'Authorization': 'Bearer AAAAAAAAAAAAAAAAAAAAAH68VwEAAAAA5DWkqX14lSgqQ2yid9RQhbV1meM%3D8jgI64BX4l8WPDrbahnwKYJFb1Hn9MMz85L2YNPQGGT3bfbSdv'}
Body: None
2021-12-06 20:49:36,743 DEBUG :: Starting new HTTPS connection (1): api.twitter.com:443
2021-12-06 20:49:37,021 DEBUG :: https://api.twitter.com:443 "GET /2/users/by/username/kko_int?user.fields=created_at HTTP/1.1" 200 130
2021-12-06 20:49:37,022 DEBUG :: Received API response: 200 OK
Headers: {'date': 'Mon, 06 Dec 2021 19:49:36 UTC', 'server': 'tsa_f', 'set-cookie': 'guest_id_marketing=v1%3A163882017659031740; Max-Age=63072000; Expires=Wed, 06 Dec 2023 19:49:36 GMT; Path=/; Domain=.twitter.com; Secure; SameSite=None, guest_id_ads=v1%3A163882017659031740; Max-Age=63072000; Expires=Wed, 06 Dec 2023 19:49:36 GMT; Path=/; Domain=.twitter.com; Secure; SameSite=None, personalization_id="v1_fU22Xo7AJxHcpdNc09RG5Q=="; Max-Age=63072000; Expires=Wed, 06 Dec 2023 19:49:36 GMT; Path=/; Domain=.twitter.com; Secure; SameSite=None, guest_id=v1%3A163882017659031740; Max-Age=63072000; Expires=Wed, 06 Dec 2023 19:49:36 GMT; Path=/; Domain=.twitter.com; Secure; SameSite=None', 'api-version': '2.31', 'content-type': 'application/json; charset=utf-8', 'cache-control': 'no-cache, no-store, max-age=0', 'content-length': '130', 'x-access-level': 'read', 'x-frame-options': 'SAMEORIGIN', 'content-encoding': 'gzip', 'x-xss-protection': '0', 'x-rate-limit-limit': '300', 'x-rate-limit-reset': '1638821071', 'content-disposition': 'attachment; filename=json.json', 'x-content-type-options': 'nosniff', 'x-rate-limit-remaining': '279', 'strict-transport-security': 'max-age=631138519', 'x-response-time': '146', 'x-connection-hash': '9e7c6e87c26b2f080fd2125441eb22e67971066373a5746d372abed97a932169'}
Content: b'{"data":{"id":"3994686369","created_at":"2015-10-19T13:28:05.000Z","name":"KKO International","username":"kko_int"}}'
2021-12-06 20:49:37,022 WARNING :: Requesting users | getting kko_int
2021-12-06 20:49:37,023 DEBUG :: Making API request: GET https://api.twitter.com/2/users/by/username/InventivaPharma
Parameters: {'user.fields': 'created_at'}
Headers: {'User-Agent': 'Python/3.8.9 Requests/2.26.0 Tweepy/4.4.0', 'Authorization': 'Bearer AAAAAAAAAAAAAAAAAAAAAH68VwEAAAAA5DWkqX14lSgqQ2yid9RQhbV1meM%3D8jgI64BX4l8WPDrbahnwKYJFb1Hn9MMz85L2YNPQGGT3bfbSdv'}
Body: None
2021-12-06 20:49:37,024 DEBUG :: Starting new HTTPS connection (1): api.twitter.com:443
2021-12-06 20:49:37,276 DEBUG :: https://api.twitter.com:443 "GET /2/users/by/username/InventivaPharma?user.fields=created_at HTTP/1.1" 200 124
2021-12-06 20:49:37,277 DEBUG :: Received API response: 200 OK
Headers: {'date': 'Mon, 06 Dec 2021 19:49:36 UTC', 'server': 'tsa_f', 'set-cookie': 'guest_id_marketing=v1%3A163882017686507598; Max-Age=63072000; Expires=Wed, 06 Dec 2023 19:49:36 GMT; Path=/; Domain=.twitter.com; Secure; SameSite=None, guest_id_ads=v1%3A163882017686507598; Max-Age=63072000; Expires=Wed, 06 Dec 2023 19:49:36 GMT; Path=/; Domain=.twitter.com; Secure; SameSite=None, personalization_id="v1_9e0edfu3QPyaTlbk126Bew=="; Max-Age=63072000; Expires=Wed, 06 Dec 2023 19:49:36 GMT; Path=/; Domain=.twitter.com; Secure; SameSite=None, guest_id=v1%3A163882017686507598; Max-Age=63072000; Expires=Wed, 06 Dec 2023 19:49:36 GMT; Path=/; Domain=.twitter.com; Secure; SameSite=None', 'api-version': '2.31', 'content-type': 'application/json; charset=utf-8', 'cache-control': 'no-cache, no-store, max-age=0', 'content-length': '124', 'x-access-level': 'read', 'x-frame-options': 'SAMEORIGIN', 'content-encoding': 'gzip', 'x-xss-protection': '0', 'x-rate-limit-limit': '300', 'x-rate-limit-reset': '1638821071', 'content-disposition': 'attachment; filename=json.json', 'x-content-type-options': 'nosniff', 'x-rate-limit-remaining': '278', 'strict-transport-security': 'max-age=631138519', 'x-response-time': '128', 'x-connection-hash': 'a75cc0a629009208d6143a9e912ecaca70d8a3749bdf2372e1b28ba22d90eb8b'}
Content: b'{"data":{"username":"InventivaPharma","created_at":"2012-10-18T19:02:05.000Z","id":"889531236","name":"Inventiva Pharma"}}'
2021-12-06 20:49:37,277 WARNING :: Requesting users | getting InventivaPharma
2021-12-06 20:49:37,279 DEBUG :: Making API request: GET https://api.twitter.com/2/users/by/username/MrBricolageSA
Parameters: {'user.fields': 'created_at'}
Headers: {'User-Agent': 'Python/3.8.9 Requests/2.26.0 Tweepy/4.4.0', 'Authorization': 'Bearer AAAAAAAAAAAAAAAAAAAAAH68VwEAAAAA5DWkqX14lSgqQ2yid9RQhbV1meM%3D8jgI64BX4l8WPDrbahnwKYJFb1Hn9MMz85L2YNPQGGT3bfbSdv'}
Body: None
2021-12-06 20:49:37,280 DEBUG :: Starting new HTTPS connection (1): api.twitter.com:443
2021-12-06 20:49:37,538 DEBUG :: https://api.twitter.com:443 "GET /2/users/by/username/MrBricolageSA?user.fields=created_at HTTP/1.1" 200 123
2021-12-06 20:49:37,539 DEBUG :: Received API response: 200 OK
Headers: {'date': 'Mon, 06 Dec 2021 19:49:37 UTC', 'server': 'tsa_f', 'set-cookie': 'guest_id_marketing=v1%3A163882017712238414; Max-Age=63072000; Expires=Wed, 06 Dec 2023 19:49:37 GMT; Path=/; Domain=.twitter.com; Secure; SameSite=None, guest_id_ads=v1%3A163882017712238414; Max-Age=63072000; Expires=Wed, 06 Dec 2023 19:49:37 GMT; Path=/; Domain=.twitter.com; Secure; SameSite=None, personalization_id="v1_Zn9yNqXaFUsjZghXBu1VDw=="; Max-Age=63072000; Expires=Wed, 06 Dec 2023 19:49:37 GMT; Path=/; Domain=.twitter.com; Secure; SameSite=None, guest_id=v1%3A163882017712238414; Max-Age=63072000; Expires=Wed, 06 Dec 2023 19:49:37 GMT; Path=/; Domain=.twitter.com; Secure; SameSite=None', 'api-version': '2.31', 'content-type': 'application/json; charset=utf-8', 'cache-control': 'no-cache, no-store, max-age=0', 'content-length': '123', 'x-access-level': 'read', 'x-frame-options': 'SAMEORIGIN', 'content-encoding': 'gzip', 'x-xss-protection': '0', 'x-rate-limit-limit': '300', 'x-rate-limit-reset': '1638821071', 'content-disposition': 'attachment; filename=json.json', 'x-content-type-options': 'nosniff', 'x-rate-limit-remaining': '277', 'strict-transport-security': 'max-age=631138519', 'x-response-time': '132', 'x-connection-hash': 'f60f9fcb59ef79c9c2a6cac3eaee625847c49633021f186c78ce77e1ca7e0884'}
Content: b'{"data":{"name":"Mr.Bricolage","id":"164419373","username":"MrBricolageSA","created_at":"2010-07-08T20:57:16.000Z"}}'
2021-12-06 20:49:37,539 WARNING :: Requesting users | getting MrBricolageSA
2021-12-06 20:49:37,540 DEBUG :: Making API request: GET https://api.twitter.com/2/users/by/username/GlobalBioenergi
Parameters: {'user.fields': 'created_at'}
Headers: {'User-Agent': 'Python/3.8.9 Requests/2.26.0 Tweepy/4.4.0', 'Authorization': 'Bearer AAAAAAAAAAAAAAAAAAAAAH68VwEAAAAA5DWkqX14lSgqQ2yid9RQhbV1meM%3D8jgI64BX4l8WPDrbahnwKYJFb1Hn9MMz85L2YNPQGGT3bfbSdv'}
Body: None
2021-12-06 20:49:37,542 DEBUG :: Starting new HTTPS connection (1): api.twitter.com:443
2021-12-06 20:49:37,805 DEBUG :: https://api.twitter.com:443 "GET /2/users/by/username/GlobalBioenergi?user.fields=created_at HTTP/1.1" 200 127
2021-12-06 20:49:37,806 DEBUG :: Received API response: 200 OK
Headers: {'date': 'Mon, 06 Dec 2021 19:49:37 UTC', 'server': 'tsa_f', 'set-cookie': 'guest_id_marketing=v1%3A163882017738503891; Max-Age=63072000; Expires=Wed, 06 Dec 2023 19:49:37 GMT; Path=/; Domain=.twitter.com; Secure; SameSite=None, guest_id_ads=v1%3A163882017738503891; Max-Age=63072000; Expires=Wed, 06 Dec 2023 19:49:37 GMT; Path=/; Domain=.twitter.com; Secure; SameSite=None, personalization_id="v1_iXzQmQdPR5vkMayVgqoalg=="; Max-Age=63072000; Expires=Wed, 06 Dec 2023 19:49:37 GMT; Path=/; Domain=.twitter.com; Secure; SameSite=None, guest_id=v1%3A163882017738503891; Max-Age=63072000; Expires=Wed, 06 Dec 2023 19:49:37 GMT; Path=/; Domain=.twitter.com; Secure; SameSite=None', 'api-version': '2.31', 'content-type': 'application/json; charset=utf-8', 'cache-control': 'no-cache, no-store, max-age=0', 'content-length': '127', 'x-access-level': 'read', 'x-frame-options': 'SAMEORIGIN', 'content-encoding': 'gzip', 'x-xss-protection': '0', 'x-rate-limit-limit': '300', 'x-rate-limit-reset': '1638821071', 'content-disposition': 'attachment; filename=json.json', 'x-content-type-options': 'nosniff', 'x-rate-limit-remaining': '276', 'strict-transport-security': 'max-age=631138519', 'x-response-time': '137', 'x-connection-hash': 'e44f6442109a4874c1e67742e20b5887fb83800c9f0fafc650425e47f058389e'}
Content: b'{"data":{"username":"GlobalBioenergi","created_at":"2014-04-23T08:26:13.000Z","id":"2459407352","name":"Global Bioenergies"}}'
2021-12-06 20:49:37,807 WARNING :: Requesting users | getting GlobalBioenergi
2021-12-06 20:49:37,808 DEBUG :: Making API request: GET https://api.twitter.com/2/users/by/username/STREAMWIDE
Parameters: {'user.fields': 'created_at'}
Headers: {'User-Agent': 'Python/3.8.9 Requests/2.26.0 Tweepy/4.4.0', 'Authorization': 'Bearer AAAAAAAAAAAAAAAAAAAAAH68VwEAAAAA5DWkqX14lSgqQ2yid9RQhbV1meM%3D8jgI64BX4l8WPDrbahnwKYJFb1Hn9MMz85L2YNPQGGT3bfbSdv'}
Body: None
2021-12-06 20:49:37,809 DEBUG :: Starting new HTTPS connection (1): api.twitter.com:443
2021-12-06 20:49:38,069 DEBUG :: https://api.twitter.com:443 "GET /2/users/by/username/STREAMWIDE?user.fields=created_at HTTP/1.1" 200 116
2021-12-06 20:49:38,070 DEBUG :: Received API response: 200 OK
Headers: {'date': 'Mon, 06 Dec 2021 19:49:37 UTC', 'server': 'tsa_f', 'set-cookie': 'guest_id_marketing=v1%3A163882017765103781; Max-Age=63072000; Expires=Wed, 06 Dec 2023 19:49:37 GMT; Path=/; Domain=.twitter.com; Secure; SameSite=None, guest_id_ads=v1%3A163882017765103781; Max-Age=63072000; Expires=Wed, 06 Dec 2023 19:49:37 GMT; Path=/; Domain=.twitter.com; Secure; SameSite=None, personalization_id="v1_WSrNY1Ki0aaSmZY527TNIg=="; Max-Age=63072000; Expires=Wed, 06 Dec 2023 19:49:37 GMT; Path=/; Domain=.twitter.com; Secure; SameSite=None, guest_id=v1%3A163882017765103781; Max-Age=63072000; Expires=Wed, 06 Dec 2023 19:49:37 GMT; Path=/; Domain=.twitter.com; Secure; SameSite=None', 'api-version': '2.31', 'content-type': 'application/json; charset=utf-8', 'cache-control': 'no-cache, no-store, max-age=0', 'content-length': '116', 'x-access-level': 'read', 'x-frame-options': 'SAMEORIGIN', 'content-encoding': 'gzip', 'x-xss-protection': '0', 'x-rate-limit-limit': '300', 'x-rate-limit-reset': '1638821071', 'content-disposition': 'attachment; filename=json.json', 'x-content-type-options': 'nosniff', 'x-rate-limit-remaining': '275', 'strict-transport-security': 'max-age=631138519', 'x-response-time': '134', 'x-connection-hash': '98dd5e1550c9ac8acce41540f2368537dbddbe3fbeec583f59af0e6ee4b77938'}
Content: b'{"data":{"name":"STREAMWIDE","username":"STREAMWIDE","created_at":"2010-02-16T16:21:11.000Z","id":"114788264"}}'
2021-12-06 20:49:38,070 WARNING :: Requesting users | getting STREAMWIDE
2021-12-06 20:49:38,071 DEBUG :: Making API request: GET https://api.twitter.com/2/users/by/username/Global_EcoPower
Parameters: {'user.fields': 'created_at'}
Headers: {'User-Agent': 'Python/3.8.9 Requests/2.26.0 Tweepy/4.4.0', 'Authorization': 'Bearer AAAAAAAAAAAAAAAAAAAAAH68VwEAAAAA5DWkqX14lSgqQ2yid9RQhbV1meM%3D8jgI64BX4l8WPDrbahnwKYJFb1Hn9MMz85L2YNPQGGT3bfbSdv'}
Body: None
2021-12-06 20:49:38,073 DEBUG :: Starting new HTTPS connection (1): api.twitter.com:443
2021-12-06 20:49:38,338 DEBUG :: https://api.twitter.com:443 "GET /2/users/by/username/Global_EcoPower?user.fields=created_at HTTP/1.1" 200 124
2021-12-06 20:49:38,339 DEBUG :: Received API response: 200 OK
Headers: {'date': 'Mon, 06 Dec 2021 19:49:37 UTC', 'server': 'tsa_f', 'set-cookie': 'guest_id_marketing=v1%3A163882017791828201; Max-Age=63072000; Expires=Wed, 06 Dec 2023 19:49:37 GMT; Path=/; Domain=.twitter.com; Secure; SameSite=None, guest_id_ads=v1%3A163882017791828201; Max-Age=63072000; Expires=Wed, 06 Dec 2023 19:49:37 GMT; Path=/; Domain=.twitter.com; Secure; SameSite=None, personalization_id="v1_tGqUPWrERmuGD/7SoeqhKA=="; Max-Age=63072000; Expires=Wed, 06 Dec 2023 19:49:37 GMT; Path=/; Domain=.twitter.com; Secure; SameSite=None, guest_id=v1%3A163882017791828201; Max-Age=63072000; Expires=Wed, 06 Dec 2023 19:49:37 GMT; Path=/; Domain=.twitter.com; Secure; SameSite=None', 'api-version': '2.31', 'content-type': 'application/json; charset=utf-8', 'cache-control': 'no-cache, no-store, max-age=0', 'content-length': '124', 'x-access-level': 'read', 'x-frame-options': 'SAMEORIGIN', 'content-encoding': 'gzip', 'x-xss-protection': '0', 'x-rate-limit-limit': '300', 'x-rate-limit-reset': '1638821071', 'content-disposition': 'attachment; filename=json.json', 'x-content-type-options': 'nosniff', 'x-rate-limit-remaining': '274', 'strict-transport-security': 'max-age=631138519', 'x-response-time': '135', 'x-connection-hash': '3533c93aa0df6b66535641099c3bf4a9c6371deb1c6179cf1d9f65e9e1f8848a'}
Content: b'{"data":{"name":"GlobalEcoPower","id":"1446386077","username":"Global_EcoPower","created_at":"2013-05-21T13:45:48.000Z"}}'
2021-12-06 20:49:38,339 WARNING :: Requesting users | getting Global_EcoPower
2021-12-06 20:49:38,340 DEBUG :: Making API request: GET https://api.twitter.com/2/users/by/username/Pharmagest
Parameters: {'user.fields': 'created_at'}
Headers: {'User-Agent': 'Python/3.8.9 Requests/2.26.0 Tweepy/4.4.0', 'Authorization': 'Bearer AAAAAAAAAAAAAAAAAAAAAH68VwEAAAAA5DWkqX14lSgqQ2yid9RQhbV1meM%3D8jgI64BX4l8WPDrbahnwKYJFb1Hn9MMz85L2YNPQGGT3bfbSdv'}
Body: None
2021-12-06 20:49:38,342 DEBUG :: Starting new HTTPS connection (1): api.twitter.com:443
2021-12-06 20:49:38,605 DEBUG :: https://api.twitter.com:443 "GET /2/users/by/username/Pharmagest?user.fields=created_at HTTP/1.1" 200 112
2021-12-06 20:49:38,606 DEBUG :: Received API response: 200 OK
Headers: {'date': 'Mon, 06 Dec 2021 19:49:38 UTC', 'server': 'tsa_f', 'set-cookie': 'guest_id_marketing=v1%3A163882017819105086; Max-Age=63072000; Expires=Wed, 06 Dec 2023 19:49:38 GMT; Path=/; Domain=.twitter.com; Secure; SameSite=None, guest_id_ads=v1%3A163882017819105086; Max-Age=63072000; Expires=Wed, 06 Dec 2023 19:49:38 GMT; Path=/; Domain=.twitter.com; Secure; SameSite=None, personalization_id="v1_WOnMh5m/OpiWoXAoIuCOIg=="; Max-Age=63072000; Expires=Wed, 06 Dec 2023 19:49:38 GMT; Path=/; Domain=.twitter.com; Secure; SameSite=None, guest_id=v1%3A163882017819105086; Max-Age=63072000; Expires=Wed, 06 Dec 2023 19:49:38 GMT; Path=/; Domain=.twitter.com; Secure; SameSite=None', 'api-version': '2.31', 'content-type': 'application/json; charset=utf-8', 'cache-control': 'no-cache, no-store, max-age=0', 'content-length': '112', 'x-access-level': 'read', 'x-frame-options': 'SAMEORIGIN', 'content-encoding': 'gzip', 'x-xss-protection': '0', 'x-rate-limit-limit': '300', 'x-rate-limit-reset': '1638821071', 'content-disposition': 'attachment; filename=json.json', 'x-content-type-options': 'nosniff', 'x-rate-limit-remaining': '273', 'strict-transport-security': 'max-age=631138519', 'x-response-time': '131', 'x-connection-hash': 'cfcf06a7e2963f7d6e2db4acc60c9a22a98e12820cb615973cd67d279c91d3dc'}
Content: b'{"data":{"id":"88876114","name":"Pharmagest","username":"Pharmagest","created_at":"2009-11-10T07:33:21.000Z"}}'
2021-12-06 20:49:38,607 WARNING :: Requesting users | getting Pharmagest
2021-12-06 20:49:38,608 DEBUG :: Making API request: GET https://api.twitter.com/2/users/by/username/Agripower
Parameters: {'user.fields': 'created_at'}
Headers: {'User-Agent': 'Python/3.8.9 Requests/2.26.0 Tweepy/4.4.0', 'Authorization': 'Bearer AAAAAAAAAAAAAAAAAAAAAH68VwEAAAAA5DWkqX14lSgqQ2yid9RQhbV1meM%3D8jgI64BX4l8WPDrbahnwKYJFb1Hn9MMz85L2YNPQGGT3bfbSdv'}
Body: None
2021-12-06 20:49:38,611 DEBUG :: Starting new HTTPS connection (1): api.twitter.com:443
2021-12-06 20:49:38,877 DEBUG :: https://api.twitter.com:443 "GET /2/users/by/username/Agripower?user.fields=created_at HTTP/1.1" 200 119
2021-12-06 20:49:38,878 DEBUG :: Received API response: 200 OK
Headers: {'date': 'Mon, 06 Dec 2021 19:49:38 UTC', 'server': 'tsa_f', 'set-cookie': 'guest_id_marketing=v1%3A163882017846042389; Max-Age=63072000; Expires=Wed, 06 Dec 2023 19:49:38 GMT; Path=/; Domain=.twitter.com; Secure; SameSite=None, guest_id_ads=v1%3A163882017846042389; Max-Age=63072000; Expires=Wed, 06 Dec 2023 19:49:38 GMT; Path=/; Domain=.twitter.com; Secure; SameSite=None, personalization_id="v1_6oETmDkTuF80h6kDc2RbQQ=="; Max-Age=63072000; Expires=Wed, 06 Dec 2023 19:49:38 GMT; Path=/; Domain=.twitter.com; Secure; SameSite=None, guest_id=v1%3A163882017846042389; Max-Age=63072000; Expires=Wed, 06 Dec 2023 19:49:38 GMT; Path=/; Domain=.twitter.com; Secure; SameSite=None', 'api-version': '2.31', 'content-type': 'application/json; charset=utf-8', 'cache-control': 'no-cache, no-store, max-age=0', 'content-length': '119', 'x-access-level': 'read', 'x-frame-options': 'SAMEORIGIN', 'content-encoding': 'gzip', 'x-xss-protection': '0', 'x-rate-limit-limit': '300', 'x-rate-limit-reset': '1638821071', 'content-disposition': 'attachment; filename=json.json', 'x-content-type-options': 'nosniff', 'x-rate-limit-remaining': '272', 'strict-transport-security': 'max-age=631138519', 'x-response-time': '133', 'x-connection-hash': 'd0d68f91baebbcaebe2e756e50fbe195491a1e8efaaa1925b858d893cb3ed9aa'}
Content: b'{"data":{"created_at":"2010-02-25T10:05:53.000Z","username":"Agripower","name":"Agripower Ltd","id":"117364518"}}'
2021-12-06 20:49:38,879 WARNING :: Requesting users | getting Agripower
2021-12-06 20:49:38,880 DEBUG :: Making API request: GET https://api.twitter.com/2/users/by/username/CieDesAlpes
Parameters: {'user.fields': 'created_at'}
Headers: {'User-Agent': 'Python/3.8.9 Requests/2.26.0 Tweepy/4.4.0', 'Authorization': 'Bearer AAAAAAAAAAAAAAAAAAAAAH68VwEAAAAA5DWkqX14lSgqQ2yid9RQhbV1meM%3D8jgI64BX4l8WPDrbahnwKYJFb1Hn9MMz85L2YNPQGGT3bfbSdv'}
Body: None
2021-12-06 20:49:38,881 DEBUG :: Starting new HTTPS connection (1): api.twitter.com:443
2021-12-06 20:49:39,152 DEBUG :: https://api.twitter.com:443 "GET /2/users/by/username/CieDesAlpes?user.fields=created_at HTTP/1.1" 200 136
2021-12-06 20:49:39,153 DEBUG :: Received API response: 200 OK
Headers: {'date': 'Mon, 06 Dec 2021 19:49:38 UTC', 'server': 'tsa_f', 'set-cookie': 'guest_id_marketing=v1%3A163882017872289167; Max-Age=63072000; Expires=Wed, 06 Dec 2023 19:49:38 GMT; Path=/; Domain=.twitter.com; Secure; SameSite=None, guest_id_ads=v1%3A163882017872289167; Max-Age=63072000; Expires=Wed, 06 Dec 2023 19:49:38 GMT; Path=/; Domain=.twitter.com; Secure; SameSite=None, personalization_id="v1_QjslJRCpLvz+rz5ILObbFQ=="; Max-Age=63072000; Expires=Wed, 06 Dec 2023 19:49:38 GMT; Path=/; Domain=.twitter.com; Secure; SameSite=None, guest_id=v1%3A163882017872289167; Max-Age=63072000; Expires=Wed, 06 Dec 2023 19:49:38 GMT; Path=/; Domain=.twitter.com; Secure; SameSite=None', 'api-version': '2.31', 'content-type': 'application/json; charset=utf-8', 'cache-control': 'no-cache, no-store, max-age=0', 'content-length': '136', 'x-access-level': 'read', 'x-frame-options': 'SAMEORIGIN', 'content-encoding': 'gzip', 'x-xss-protection': '0', 'x-rate-limit-limit': '300', 'x-rate-limit-reset': '1638821071', 'content-disposition': 'attachment; filename=json.json', 'x-content-type-options': 'nosniff', 'x-rate-limit-remaining': '271', 'strict-transport-security': 'max-age=631138519', 'x-response-time': '146', 'x-connection-hash': '081881f65063afa82cf30d885c7a77be7bdfd68698f13ba867a261d27d053fcc'}
Content: b'{"data":{"username":"CieDesAlpes","name":"Compagnie Des Alpes","created_at":"2017-04-21T15:18:34.000Z","id":"855440630675378177"}}'
2021-12-06 20:49:39,153 WARNING :: Requesting users | getting CieDesAlpes
2021-12-06 20:49:39,154 DEBUG :: Making API request: GET https://api.twitter.com/2/users/by/username/METABOLICEXPLOR
Parameters: {'user.fields': 'created_at'}
Headers: {'User-Agent': 'Python/3.8.9 Requests/2.26.0 Tweepy/4.4.0', 'Authorization': 'Bearer AAAAAAAAAAAAAAAAAAAAAH68VwEAAAAA5DWkqX14lSgqQ2yid9RQhbV1meM%3D8jgI64BX4l8WPDrbahnwKYJFb1Hn9MMz85L2YNPQGGT3bfbSdv'}
Body: None
2021-12-06 20:49:39,156 DEBUG :: Starting new HTTPS connection (1): api.twitter.com:443
2021-12-06 20:49:39,413 DEBUG :: https://api.twitter.com:443 "GET /2/users/by/username/METABOLICEXPLOR?user.fields=created_at HTTP/1.1" 200 137
2021-12-06 20:49:39,414 DEBUG :: Received API response: 200 OK
Headers: {'date': 'Mon, 06 Dec 2021 19:49:39 UTC', 'server': 'tsa_f', 'set-cookie': 'guest_id_marketing=v1%3A163882017899863607; Max-Age=63072000; Expires=Wed, 06 Dec 2023 19:49:39 GMT; Path=/; Domain=.twitter.com; Secure; SameSite=None, guest_id_ads=v1%3A163882017899863607; Max-Age=63072000; Expires=Wed, 06 Dec 2023 19:49:39 GMT; Path=/; Domain=.twitter.com; Secure; SameSite=None, personalization_id="v1_J5wpWjDWj3mEhbV85IKyzA=="; Max-Age=63072000; Expires=Wed, 06 Dec 2023 19:49:39 GMT; Path=/; Domain=.twitter.com; Secure; SameSite=None, guest_id=v1%3A163882017899863607; Max-Age=63072000; Expires=Wed, 06 Dec 2023 19:49:39 GMT; Path=/; Domain=.twitter.com; Secure; SameSite=None', 'api-version': '2.31', 'content-type': 'application/json; charset=utf-8', 'cache-control': 'no-cache, no-store, max-age=0', 'content-length': '137', 'x-access-level': 'read', 'x-frame-options': 'SAMEORIGIN', 'content-encoding': 'gzip', 'x-xss-protection': '0', 'x-rate-limit-limit': '300', 'x-rate-limit-reset': '1638821071', 'content-disposition': 'attachment; filename=json.json', 'x-content-type-options': 'nosniff', 'x-rate-limit-remaining': '270', 'strict-transport-security': 'max-age=631138519', 'x-response-time': '131', 'x-connection-hash': '9a9187368bd63747f47e25e051752a74bf0c2cba85d43a2d552140c4d818fa21'}
Content: b'{"data":{"username":"METABOLICEXPLOR","name":"METABOLIC EXPLORER","created_at":"2019-03-19T16:10:59.000Z","id":"1108038164172685313"}}'
2021-12-06 20:49:39,414 WARNING :: Requesting users | getting METABOLICEXPLOR
2021-12-06 20:49:39,498 DEBUG :: Making API request: GET https://api.twitter.com/2/users/724590888597463042/tweets
Parameters: {'max_results': 5, 'tweet.fields': 'created_at', 'exclude': 'retweets'}
Headers: {'User-Agent': 'Python/3.8.9 Requests/2.26.0 Tweepy/4.4.0', 'Authorization': 'Bearer AAAAAAAAAAAAAAAAAAAAAH68VwEAAAAA5DWkqX14lSgqQ2yid9RQhbV1meM%3D8jgI64BX4l8WPDrbahnwKYJFb1Hn9MMz85L2YNPQGGT3bfbSdv'}
Body: None
2021-12-06 20:49:39,500 DEBUG :: Starting new HTTPS connection (1): api.twitter.com:443
2021-12-06 20:49:39,849 DEBUG :: https://api.twitter.com:443 "GET /2/users/724590888597463042/tweets?max_results=5&tweet.fields=created_at&exclude=retweets HTTP/1.1" 200 896
2021-12-06 20:49:39,850 DEBUG :: Received API response: 200 OK
Headers: {'date': 'Mon, 06 Dec 2021 19:49:39 UTC', 'server': 'tsa_f', 'set-cookie': 'guest_id_marketing=v1%3A163882017934047451; Max-Age=63072000; Expires=Wed, 06 Dec 2023 19:49:39 GMT; Path=/; Domain=.twitter.com; Secure; SameSite=None, guest_id_ads=v1%3A163882017934047451; Max-Age=63072000; Expires=Wed, 06 Dec 2023 19:49:39 GMT; Path=/; Domain=.twitter.com; Secure; SameSite=None, personalization_id="v1_eritbV6z+ZPYx3xX7xqYnA=="; Max-Age=63072000; Expires=Wed, 06 Dec 2023 19:49:39 GMT; Path=/; Domain=.twitter.com; Secure; SameSite=None, guest_id=v1%3A163882017934047451; Max-Age=63072000; Expires=Wed, 06 Dec 2023 19:49:39 GMT; Path=/; Domain=.twitter.com; Secure; SameSite=None', 'api-version': '2.31', 'content-type': 'application/json; charset=utf-8', 'cache-control': 'no-cache, no-store, max-age=0', 'content-length': '896', 'x-access-level': 'read', 'x-frame-options': 'SAMEORIGIN', 'content-encoding': 'gzip', 'x-xss-protection': '0', 'x-rate-limit-limit': '1500', 'x-rate-limit-reset': '1638821079', 'content-disposition': 'attachment; filename=json.json', 'x-content-type-options': 'nosniff', 'x-rate-limit-remaining': '1499', 'strict-transport-security': 'max-age=631138519', 'x-response-time': '229', 'x-connection-hash': '683735e739fd025817e95ec6b6814c08a7970b7ff6dcfca69f029c674042c48d'}
Content: b'{"data":[{"created_at":"2021-03-09T06:40:04.000Z","id":"1369176140137562112","text":"EBX-044 : nouveau test PCR propri\xc3\xa9taire pour la d\xc3\xa9tection  des variants du SARS-CoV-2\\nhttps://t.co/BRw9wxqvV0"},{"created_at":"2020-10-15T15:37:34.000Z","id":"1316765164759379968","text":"R\xc3\xa9sultats semestriels 2020: EBITDA \xc3\xa0 20,3M\xe2\x82\xac, moyens financiers renforc\xc3\xa9s, et poursuite de la dynamique attendue pour le 2eme semestre :\\nhttps://t.co/CR2RBoeEky"},{"created_at":"2020-09-22T16:55:54.000Z","id":"1308449957880487937","text":"Lancement d\xe2\x80\x99un premier test de diagnostic rapide antig\xc3\xa9nique pour la recherche du virus SARS CoV-2, Sofia\xc2\xae SARS Antigen d\xc3\xa9velopp\xc3\xa9 par notre partenaire US Quidel, marqu\xc3\xa9 CE et disponible imm\xc3\xa9diatement.\\nhttps://t.co/ygdlwkTu5n"},{"created_at":"2020-09-18T09:21:39.000Z","id":"1306886089744023552","text":"Obtention du marquage CE pour notre nouveau test PCR FluCoSyn qui permet d\'identifier sur un seul pr\xc3\xa9l\xc3\xa8vement les virus responsables des principaux syndromes grippaux : virus de COVID-19, des grippes A et B, et du VRS\\nhttps://t.co/xxemTiYiB7"},{"created_at":"2020-07-21T15:52:55.000Z","id":"1285603672836255746","text":"Chiffre d\'affaires semestriel en FORTE HAUSSE de 111% \xc3\xa0 62,2 M\xe2\x82\xac, 31 M\xe2\x82\xac avec les tests et instruments COVID, 31,2 M\xe2\x82\xac avec l\'activit\xc3\xa9 traditionnelle qui augmente aussi :\\nhttps://t.co/zUnaBtR1sv"}],"meta":{"oldest_id":"1285603672836255746","newest_id":"1369176140137562112","result_count":5,"next_token":"7140dibdnow9c7btw3t4lexf54wbubz8kxyrhmk42udyu"}}'
2021-12-06 20:49:39,851 WARNING :: Amount of tweets 3
2021-12-06 20:49:39,852 WARNING :: Recieved full data for 1 users
2021-12-06 20:49:39,852 WARNING :: Cleaning and Analising Tweets Tweets
2021-12-06 20:49:39,852 WARNING :: Analising Tweets Tweets
2021-12-06 20:49:39,880 DEBUG :: Making API request: GET https://api.twitter.com/2/users/1949367278/tweets
Parameters: {'max_results': 5, 'tweet.fields': 'created_at', 'exclude': 'retweets'}
Headers: {'User-Agent': 'Python/3.8.9 Requests/2.26.0 Tweepy/4.4.0', 'Authorization': 'Bearer AAAAAAAAAAAAAAAAAAAAAH68VwEAAAAA5DWkqX14lSgqQ2yid9RQhbV1meM%3D8jgI64BX4l8WPDrbahnwKYJFb1Hn9MMz85L2YNPQGGT3bfbSdv'}
Body: None
2021-12-06 20:49:39,882 DEBUG :: Starting new HTTPS connection (1): api.twitter.com:443
2021-12-06 20:49:40,217 DEBUG :: https://api.twitter.com:443 "GET /2/users/1949367278/tweets?max_results=5&tweet.fields=created_at&exclude=retweets HTTP/1.1" 200 822
2021-12-06 20:49:40,218 DEBUG :: Received API response: 200 OK
Headers: {'date': 'Mon, 06 Dec 2021 19:49:39 UTC', 'server': 'tsa_f', 'set-cookie': 'guest_id_marketing=v1%3A163882017972099885; Max-Age=63072000; Expires=Wed, 06 Dec 2023 19:49:39 GMT; Path=/; Domain=.twitter.com; Secure; SameSite=None, guest_id_ads=v1%3A163882017972099885; Max-Age=63072000; Expires=Wed, 06 Dec 2023 19:49:39 GMT; Path=/; Domain=.twitter.com; Secure; SameSite=None, personalization_id="v1_fVe6ByxP1JRa5HWkrmTIZg=="; Max-Age=63072000; Expires=Wed, 06 Dec 2023 19:49:39 GMT; Path=/; Domain=.twitter.com; Secure; SameSite=None, guest_id=v1%3A163882017972099885; Max-Age=63072000; Expires=Wed, 06 Dec 2023 19:49:39 GMT; Path=/; Domain=.twitter.com; Secure; SameSite=None', 'api-version': '2.31', 'content-type': 'application/json; charset=utf-8', 'cache-control': 'no-cache, no-store, max-age=0', 'content-length': '822', 'x-access-level': 'read', 'x-frame-options': 'SAMEORIGIN', 'content-encoding': 'gzip', 'x-xss-protection': '0', 'x-rate-limit-limit': '1500', 'x-rate-limit-reset': '1638821079', 'content-disposition': 'attachment; filename=json.json', 'x-content-type-options': 'nosniff', 'x-rate-limit-remaining': '1498', 'strict-transport-security': 'max-age=631138519', 'x-response-time': '214', 'x-connection-hash': 'a505350aae80f038fa8a2f8b2252e5a71d283ab8adb80d32f16e129ceb3c608d'}
Content: b'{"data":[{"created_at":"2021-10-27T12:51:28.000Z","id":"1453343590839631883","text":"SergeFerrari Group announces Q3 2021 revenues :\\nhttps://t.co/Khdiv7C7rz\\n\\n#sergeferrarigroup #business #company https://t.co/5xHWqVRnxM"},{"created_at":"2021-10-04T10:15:43.000Z","id":"1444969475128836102","text":"World Architecture Day: Pascal Rollet, Architect and Professor, talks about the major challenges of the transformation in the construction sector.\xe2\x80\x8b Serge Ferrari Group develops products to address these challenges.\xe2\x80\x8b\xe2\x80\x8b\\n#sergeferrarigroup #architecture #worldarchitectureday https://t.co/66X4ZEo4ke"},{"created_at":"2021-09-09T08:13:15.000Z","id":"1435878956809469959","text":"Financial communication: Check out our 2021 half-year results: https://t.co/oUwVKGtYxd https://t.co/amyD7NRcTE"},{"created_at":"2021-07-06T12:18:39.000Z","id":"1412385502293020680","text":"Our customer @SOCOTEX participated this weekend to the second edition of the \\"Fabriqu\xc3\xa9 en France\\" exhibition, at the Palais de l\'Elys\xc3\xa9e. \\nOn this occasion, SOCOTEX chose to exhibit its product Abrivoile, with shade sails made of Soltis Lounge 96 Serge Ferrari fabric.\\nSo Proud! https://t.co/oFe13ZVc18"},{"created_at":"2021-07-06T09:57:50.000Z","id":"1412350066812203009","text":"Our customer SOCOTEX participated this weekend to the second edition of the \\"Fabriqu\xc3\xa9 en France\\" exhibition, at the Palais de l\'Elys\xc3\xa9e. \\nOn this occasion, SOCOTEX chose to exhibit its product Abrivoile, with shade sails made of Soltis Lounge 96 Serge Ferrari fabric.\\nSo Proud! https://t.co/OshLCpPX01"}],"meta":{"oldest_id":"1412350066812203009","newest_id":"1453343590839631883","result_count":5,"next_token":"7140dibdnow9c7btw3z16xb58h13kg589n2sh3ad1duex"}}'
2021-12-06 20:49:40,220 WARNING :: Amount of tweets 7
2021-12-06 20:49:40,220 WARNING :: Recieved full data for 2 users
2021-12-06 20:49:40,220 WARNING :: Cleaning and Analising Tweets Tweets
2021-12-06 20:49:40,220 WARNING :: Analising Tweets Tweets
2021-12-06 20:49:40,220 DEBUG :: Making API request: GET https://api.twitter.com/2/users/485527080/tweets
Parameters: {'max_results': 5, 'tweet.fields': 'created_at', 'exclude': 'retweets'}
Headers: {'User-Agent': 'Python/3.8.9 Requests/2.26.0 Tweepy/4.4.0', 'Authorization': 'Bearer AAAAAAAAAAAAAAAAAAAAAH68VwEAAAAA5DWkqX14lSgqQ2yid9RQhbV1meM%3D8jgI64BX4l8WPDrbahnwKYJFb1Hn9MMz85L2YNPQGGT3bfbSdv'}
Body: None
2021-12-06 20:49:40,222 DEBUG :: Starting new HTTPS connection (1): api.twitter.com:443
2021-12-06 20:49:40,573 DEBUG :: https://api.twitter.com:443 "GET /2/users/485527080/tweets?max_results=5&tweet.fields=created_at&exclude=retweets HTTP/1.1" 200 782
2021-12-06 20:49:40,574 DEBUG :: Received API response: 200 OK
Headers: {'date': 'Mon, 06 Dec 2021 19:49:40 UTC', 'server': 'tsa_f', 'set-cookie': 'guest_id_marketing=v1%3A163882018005866859; Max-Age=63072000; Expires=Wed, 06 Dec 2023 19:49:40 GMT; Path=/; Domain=.twitter.com; Secure; SameSite=None, guest_id_ads=v1%3A163882018005866859; Max-Age=63072000; Expires=Wed, 06 Dec 2023 19:49:40 GMT; Path=/; Domain=.twitter.com; Secure; SameSite=None, personalization_id="v1_KDzA5GLmGmTz8FuEau9JaA=="; Max-Age=63072000; Expires=Wed, 06 Dec 2023 19:49:40 GMT; Path=/; Domain=.twitter.com; Secure; SameSite=None, guest_id=v1%3A163882018005866859; Max-Age=63072000; Expires=Wed, 06 Dec 2023 19:49:40 GMT; Path=/; Domain=.twitter.com; Secure; SameSite=None', 'api-version': '2.31', 'content-type': 'application/json; charset=utf-8', 'cache-control': 'no-cache, no-store, max-age=0', 'content-length': '782', 'x-access-level': 'read', 'x-frame-options': 'SAMEORIGIN', 'content-encoding': 'gzip', 'x-xss-protection': '0', 'x-rate-limit-limit': '1500', 'x-rate-limit-reset': '1638821079', 'content-disposition': 'attachment; filename=json.json', 'x-content-type-options': 'nosniff', 'x-rate-limit-remaining': '1497', 'strict-transport-security': 'max-age=631138519', 'x-response-time': '230', 'x-connection-hash': 'e8651aa45878333e7d9671e2dc0eda126f4161cbadc34c05249e4ffc672c7d90'}
Content: b'{"data":[{"created_at":"2020-10-07T10:02:29.000Z","id":"1313781734564147200","text":"Do you know how hybrid renewables are able to improve resilience of remote grids? \\nOur colleague Arnaud Ba\xc3\xabhr will speak at the Hybrid Renewables conference tomorrow at 12:45 to share some insights from our know-how about Off-grid Hybrid Systems. \\n\\nLink: https://t.co/a2gISdiDeX https://t.co/eCluJ86MOg"},{"created_at":"2020-03-11T15:54:13.000Z","id":"1237768800881258498","text":"@pf7744 Hi there. Vergnet is currently unaffected beyond any cautionary protocols put into place in the countries in which we operate. We continue to take all necessary precautions and follow advisories for all travel plans."},{"created_at":"2020-02-21T13:34:09.000Z","id":"1230848183019896832","text":"@pf7744 @pf7744 we apologise for the lack of communication but our twitter account is now back up and running."},{"created_at":"2020-02-21T13:31:21.000Z","id":"1230847477391200256","text":"@PowerEngInt @snssolarpower Vergnet are very excited to be part of this fantastic project along with Sterling and Wilson and @snssolarpower"},{"created_at":"2020-02-21T13:29:31.000Z","id":"1230847017934438402","text":"@AFSIA_Official @snssolarpower Vergnet are very excited to be part of this fantastic project along with Sterling and Wilson and @snssolarpower"}],"meta":{"oldest_id":"1230847017934438402","newest_id":"1313781734564147200","result_count":5,"next_token":"7140dibdnow9c7btw3t2hc8ok56nqi2thg28xbuu54hte"}}'
2021-12-06 20:49:40,575 WARNING :: Amount of tweets 7
2021-12-06 20:49:40,575 WARNING :: Recieved full data for 3 users
2021-12-06 20:49:40,575 WARNING :: Cleaning and Analising Tweets Tweets
2021-12-06 20:49:40,575 WARNING :: Analising Tweets Tweets
2021-12-06 20:49:40,576 DEBUG :: Making API request: GET https://api.twitter.com/2/users/785748415044997120/tweets
Parameters: {'max_results': 5, 'tweet.fields': 'created_at', 'exclude': 'retweets'}
Headers: {'User-Agent': 'Python/3.8.9 Requests/2.26.0 Tweepy/4.4.0', 'Authorization': 'Bearer AAAAAAAAAAAAAAAAAAAAAH68VwEAAAAA5DWkqX14lSgqQ2yid9RQhbV1meM%3D8jgI64BX4l8WPDrbahnwKYJFb1Hn9MMz85L2YNPQGGT3bfbSdv'}
Body: None
2021-12-06 20:49:40,578 DEBUG :: Starting new HTTPS connection (1): api.twitter.com:443
2021-12-06 20:49:40,924 DEBUG :: https://api.twitter.com:443 "GET /2/users/785748415044997120/tweets?max_results=5&tweet.fields=created_at&exclude=retweets HTTP/1.1" 200 985
2021-12-06 20:49:40,925 DEBUG :: Received API response: 200 OK
Headers: {'date': 'Mon, 06 Dec 2021 19:49:40 UTC', 'server': 'tsa_f', 'set-cookie': 'guest_id_marketing=v1%3A163882018041555479; Max-Age=63072000; Expires=Wed, 06 Dec 2023 19:49:40 GMT; Path=/; Domain=.twitter.com; Secure; SameSite=None, guest_id_ads=v1%3A163882018041555479; Max-Age=63072000; Expires=Wed, 06 Dec 2023 19:49:40 GMT; Path=/; Domain=.twitter.com; Secure; SameSite=None, personalization_id="v1_tiy4PNF+Zd0Vt3mHvVmchw=="; Max-Age=63072000; Expires=Wed, 06 Dec 2023 19:49:40 GMT; Path=/; Domain=.twitter.com; Secure; SameSite=None, guest_id=v1%3A163882018041555479; Max-Age=63072000; Expires=Wed, 06 Dec 2023 19:49:40 GMT; Path=/; Domain=.twitter.com; Secure; SameSite=None', 'api-version': '2.31', 'content-type': 'application/json; charset=utf-8', 'cache-control': 'no-cache, no-store, max-age=0', 'content-length': '985', 'x-access-level': 'read', 'x-frame-options': 'SAMEORIGIN', 'content-encoding': 'gzip', 'x-xss-protection': '0', 'x-rate-limit-limit': '1500', 'x-rate-limit-reset': '1638821079', 'content-disposition': 'attachment; filename=json.json', 'x-content-type-options': 'nosniff', 'x-rate-limit-remaining': '1496', 'strict-transport-security': 'max-age=631138519', 'x-response-time': '224', 'x-connection-hash': 'd47b9fe17edccf8fb1c1c07f16ac4ce08beeefe74893d22cf7885f12a5edcb87'}
Content: b'{"data":[{"created_at":"2021-10-04T08:08:07.000Z","id":"1444937360995651586","text":"https://t.co/eyMPLWZVKn"},{"created_at":"2021-09-30T14:49:25.000Z","id":"1443588803503869963","text":"LDLC Distribution recherche... \\n\\uD83D\\uDD0E Un(e) Graphiste (H/F) en #CDI.\\n\\uD83C\\uDFEC Vous aurez pour mission de r\xc3\xa9aliser toutes les demandes de cr\xc3\xa9ations print et digitales li\xc3\xa9es au r\xc3\xa9seau de magasins ! \\n\\uD83D\\uDCBC Infos et candidature : https://t.co/HeNL3Mf61k https://t.co/SdxTHtq3ad"},{"created_at":"2021-06-07T07:40:41.000Z","id":"1401806301991247876","text":"RECRUTEMENT - Nous cherchons une nouvelle p\xc3\xa9pite pour le d\xc3\xa9veloppement de jolis projets... Rejoignez-nous !\\n\\n#recrutement #dsi  #devops \\n\\nhttps://t.co/YMuyZnHLeJ"},{"created_at":"2021-05-07T12:43:00.000Z","id":"1390648361108348932","text":"Vous habitez dans la r\xc3\xa9gion de Thionville et vous aimez l\'informatique ? Notre boutique LDLC recrute ! \\uD83D\\uDCBB\\uD83D\\uDCBC\\n\\n\xe2\x97\x8f Conseiller technique H/F : https://t.co/LNMlQ0UcxO\\n\xe2\x97\x8f Adjoint de magasin H/F : https://t.co/t3kLFjYsf2\\n\\nToutes nos offres d\'emploi : https://t.co/GBwVaw0Um6 https://t.co/Tk7yIjIaWF"},{"created_at":"2021-04-28T12:20:31.000Z","id":"1387381208347205635","text":"\\uD83C\\uDD95 Un nouveau magasin LDLC a ouvert, aujourd\'hui, \xc3\xa0 Caen !\\nNotre \xc3\xa9quipe locale se tient \xc3\xa0 disposition de particuliers et professionnels pour les accompagner dans leurs besoins en mat\xc3\xa9riel informatique \\uD83D\\uDCBB\\n\\n\\uD83D\\uDCCD Centre Commercial Val Saint-Clair  \xe2\x80\x93 14200 H\xc3\xa9rouville-Saint-Clair https://t.co/Psm3eq8kVe"}],"meta":{"oldest_id":"1387381208347205635","newest_id":"1444937360995651586","result_count":5,"next_token":"7140dibdnow9c7btw3w4df76gv2v2wsm69zb4b6z0eyph"}}'
2021-12-06 20:49:40,927 WARNING :: Amount of tweets 7
2021-12-06 20:49:40,927 WARNING :: Recieved full data for 4 users
2021-12-06 20:49:40,927 WARNING :: Cleaning and Analising Tweets Tweets
2021-12-06 20:49:40,927 INFO :: Tweet discriminated
2021-12-06 20:49:40,927 WARNING :: Analising Tweets Tweets
