2021-12-07 00:21:29,001 DEBUG :: Making API request: GET https://api.twitter.com/2/users/by/username/MedinCell
Parameters: {'user.fields': 'created_at'}
Headers: {'User-Agent': 'Python/3.8.9 Requests/2.26.0 Tweepy/4.4.0', 'Authorization': 'Bearer AAAAAAAAAAAAAAAAAAAAAH68VwEAAAAA5DWkqX14lSgqQ2yid9RQhbV1meM%3D8jgI64BX4l8WPDrbahnwKYJFb1Hn9MMz85L2YNPQGGT3bfbSdv'}
Body: None
2021-12-07 00:21:29,007 DEBUG :: Starting new HTTPS connection (1): api.twitter.com:443
2021-12-07 00:21:29,266 DEBUG :: https://api.twitter.com:443 "GET /2/users/by/username/MedinCell?user.fields=created_at HTTP/1.1" 200 112
2021-12-07 00:21:29,267 DEBUG :: Received API response: 200 OK
Headers: {'date': 'Mon, 06 Dec 2021 23:21:28 UTC', 'server': 'tsa_f', 'set-cookie': 'guest_id_marketing=v1%3A163883288873702577; Max-Age=63072000; Expires=Wed, 06 Dec 2023 23:21:28 GMT; Path=/; Domain=.twitter.com; Secure; SameSite=None, guest_id_ads=v1%3A163883288873702577; Max-Age=63072000; Expires=Wed, 06 Dec 2023 23:21:28 GMT; Path=/; Domain=.twitter.com; Secure; SameSite=None, personalization_id="v1_sjwOctKTPFF497zAIRREfQ=="; Max-Age=63072000; Expires=Wed, 06 Dec 2023 23:21:28 GMT; Path=/; Domain=.twitter.com; Secure; SameSite=None, guest_id=v1%3A163883288873702577; Max-Age=63072000; Expires=Wed, 06 Dec 2023 23:21:28 GMT; Path=/; Domain=.twitter.com; Secure; SameSite=None', 'api-version': '2.31', 'content-type': 'application/json; charset=utf-8', 'cache-control': 'no-cache, no-store, max-age=0', 'content-length': '112', 'x-access-level': 'read', 'x-frame-options': 'SAMEORIGIN', 'content-encoding': 'gzip', 'x-xss-protection': '0', 'x-rate-limit-limit': '300', 'x-rate-limit-reset': '1638833555', 'content-disposition': 'attachment; filename=json.json', 'x-content-type-options': 'nosniff', 'x-rate-limit-remaining': '281', 'strict-transport-security': 'max-age=631138519', 'x-response-time': '138', 'x-connection-hash': '30a7c2dbceef8a1716583237572c022820ae7246dc8487736751ce3c02d8b282'}
Content: b'{"data":{"id":"97127367","created_at":"2009-12-16T03:42:27.000Z","username":"MedinCell","name":"MedinCell"}}'
2021-12-07 00:21:29,269 WARNING :: Requesting users | getting MedinCell
2021-12-07 00:21:29,271 DEBUG :: Making API request: GET https://api.twitter.com/2/users/by/username/cellectis
Parameters: {'user.fields': 'created_at'}
Headers: {'User-Agent': 'Python/3.8.9 Requests/2.26.0 Tweepy/4.4.0', 'Authorization': 'Bearer AAAAAAAAAAAAAAAAAAAAAH68VwEAAAAA5DWkqX14lSgqQ2yid9RQhbV1meM%3D8jgI64BX4l8WPDrbahnwKYJFb1Hn9MMz85L2YNPQGGT3bfbSdv'}
Body: None
2021-12-07 00:21:29,273 DEBUG :: Starting new HTTPS connection (1): api.twitter.com:443
2021-12-07 00:21:29,497 DEBUG :: https://api.twitter.com:443 "GET /2/users/by/username/cellectis?user.fields=created_at HTTP/1.1" 200 116
2021-12-07 00:21:29,499 DEBUG :: Received API response: 200 OK
Headers: {'date': 'Mon, 06 Dec 2021 23:21:28 UTC', 'server': 'tsa_f', 'set-cookie': 'guest_id_marketing=v1%3A163883288896783918; Max-Age=63072000; Expires=Wed, 06 Dec 2023 23:21:28 GMT; Path=/; Domain=.twitter.com; Secure; SameSite=None, guest_id_ads=v1%3A163883288896783918; Max-Age=63072000; Expires=Wed, 06 Dec 2023 23:21:28 GMT; Path=/; Domain=.twitter.com; Secure; SameSite=None, personalization_id="v1_yo0J/f9T3kpuueXhCS2gTQ=="; Max-Age=63072000; Expires=Wed, 06 Dec 2023 23:21:28 GMT; Path=/; Domain=.twitter.com; Secure; SameSite=None, guest_id=v1%3A163883288896783918; Max-Age=63072000; Expires=Wed, 06 Dec 2023 23:21:28 GMT; Path=/; Domain=.twitter.com; Secure; SameSite=None', 'api-version': '2.31', 'content-type': 'application/json; charset=utf-8', 'cache-control': 'no-cache, no-store, max-age=0', 'content-length': '116', 'x-access-level': 'read', 'x-frame-options': 'SAMEORIGIN', 'content-encoding': 'gzip', 'x-xss-protection': '0', 'x-rate-limit-limit': '300', 'x-rate-limit-reset': '1638833555', 'content-disposition': 'attachment; filename=json.json', 'x-content-type-options': 'nosniff', 'x-rate-limit-remaining': '280', 'strict-transport-security': 'max-age=631138519', 'x-response-time': '138', 'x-connection-hash': 'f872d7e70fd02eedbec85bf5042aa24195e9c71b1ba64b7c5bcd7c0125669cf9'}
Content: b'{"data":{"name":"Cellectis","username":"cellectis","created_at":"2009-10-12T17:21:25.000Z","id":"81887593"}}'
2021-12-07 00:21:29,499 WARNING :: Requesting users | getting cellectis
2021-12-07 00:21:29,501 DEBUG :: Making API request: GET https://api.twitter.com/2/users/by/username/Carbios
Parameters: {'user.fields': 'created_at'}
Headers: {'User-Agent': 'Python/3.8.9 Requests/2.26.0 Tweepy/4.4.0', 'Authorization': 'Bearer AAAAAAAAAAAAAAAAAAAAAH68VwEAAAAA5DWkqX14lSgqQ2yid9RQhbV1meM%3D8jgI64BX4l8WPDrbahnwKYJFb1Hn9MMz85L2YNPQGGT3bfbSdv'}
Body: None
2021-12-07 00:21:29,504 DEBUG :: Starting new HTTPS connection (1): api.twitter.com:443
2021-12-07 00:21:29,723 DEBUG :: https://api.twitter.com:443 "GET /2/users/by/username/Carbios?user.fields=created_at HTTP/1.1" 200 114
2021-12-07 00:21:29,724 DEBUG :: Received API response: 200 OK
Headers: {'date': 'Mon, 06 Dec 2021 23:21:29 UTC', 'server': 'tsa_f', 'set-cookie': 'guest_id_marketing=v1%3A163883288919943650; Max-Age=63072000; Expires=Wed, 06 Dec 2023 23:21:29 GMT; Path=/; Domain=.twitter.com; Secure; SameSite=None, guest_id_ads=v1%3A163883288919943650; Max-Age=63072000; Expires=Wed, 06 Dec 2023 23:21:29 GMT; Path=/; Domain=.twitter.com; Secure; SameSite=None, personalization_id="v1_diXaFXSbbtNptzW8pcS83Q=="; Max-Age=63072000; Expires=Wed, 06 Dec 2023 23:21:29 GMT; Path=/; Domain=.twitter.com; Secure; SameSite=None, guest_id=v1%3A163883288919943650; Max-Age=63072000; Expires=Wed, 06 Dec 2023 23:21:29 GMT; Path=/; Domain=.twitter.com; Secure; SameSite=None', 'api-version': '2.31', 'content-type': 'application/json; charset=utf-8', 'cache-control': 'no-cache, no-store, max-age=0', 'content-length': '114', 'x-access-level': 'read', 'x-frame-options': 'SAMEORIGIN', 'content-encoding': 'gzip', 'x-xss-protection': '0', 'x-rate-limit-limit': '300', 'x-rate-limit-reset': '1638833555', 'content-disposition': 'attachment; filename=json.json', 'x-content-type-options': 'nosniff', 'x-rate-limit-remaining': '279', 'strict-transport-security': 'max-age=631138519', 'x-response-time': '133', 'x-connection-hash': 'eda98be4607d0676a734f647db3e7888215669a9aa3526151abad333af456760'}
Content: b'{"data":{"created_at":"2013-11-29T16:42:25.000Z","name":"Carbios","id":"2221732909","username":"Carbios"}}'
2021-12-07 00:21:29,724 WARNING :: Requesting users | getting Carbios
2021-12-07 00:21:29,725 DEBUG :: Making API request: GET https://api.twitter.com/2/users/by/username/ImplanetJAZZ
Parameters: {'user.fields': 'created_at'}
Headers: {'User-Agent': 'Python/3.8.9 Requests/2.26.0 Tweepy/4.4.0', 'Authorization': 'Bearer AAAAAAAAAAAAAAAAAAAAAH68VwEAAAAA5DWkqX14lSgqQ2yid9RQhbV1meM%3D8jgI64BX4l8WPDrbahnwKYJFb1Hn9MMz85L2YNPQGGT3bfbSdv'}
Body: None
2021-12-07 00:21:29,727 DEBUG :: Starting new HTTPS connection (1): api.twitter.com:443
2021-12-07 00:21:29,958 DEBUG :: https://api.twitter.com:443 "GET /2/users/by/username/ImplanetJAZZ?user.fields=created_at HTTP/1.1" 200 118
2021-12-07 00:21:29,960 DEBUG :: Received API response: 200 OK
Headers: {'date': 'Mon, 06 Dec 2021 23:21:29 UTC', 'server': 'tsa_f', 'set-cookie': 'guest_id_marketing=v1%3A163883288941919076; Max-Age=63072000; Expires=Wed, 06 Dec 2023 23:21:29 GMT; Path=/; Domain=.twitter.com; Secure; SameSite=None, guest_id_ads=v1%3A163883288941919076; Max-Age=63072000; Expires=Wed, 06 Dec 2023 23:21:29 GMT; Path=/; Domain=.twitter.com; Secure; SameSite=None, personalization_id="v1_UWCDuCWGkOMMnNTqKV+Fdg=="; Max-Age=63072000; Expires=Wed, 06 Dec 2023 23:21:29 GMT; Path=/; Domain=.twitter.com; Secure; SameSite=None, guest_id=v1%3A163883288941919076; Max-Age=63072000; Expires=Wed, 06 Dec 2023 23:21:29 GMT; Path=/; Domain=.twitter.com; Secure; SameSite=None', 'api-version': '2.31', 'content-type': 'application/json; charset=utf-8', 'cache-control': 'no-cache, no-store, max-age=0', 'content-length': '118', 'x-access-level': 'read', 'x-frame-options': 'SAMEORIGIN', 'content-encoding': 'gzip', 'x-xss-protection': '0', 'x-rate-limit-limit': '300', 'x-rate-limit-reset': '1638833555', 'content-disposition': 'attachment; filename=json.json', 'x-content-type-options': 'nosniff', 'x-rate-limit-remaining': '278', 'strict-transport-security': 'max-age=631138519', 'x-response-time': '146', 'x-connection-hash': 'dee392144d63a7e4c12606305d3256b031db4b066e47d307bf13ec870988abd3'}
Content: b'{"data":{"created_at":"2015-11-20T15:48:08.000Z","name":"Implanet","id":"4235480235","username":"ImplanetJAZZ"}}'
2021-12-07 00:21:29,960 WARNING :: Requesting users | getting ImplanetJAZZ
2021-12-07 00:21:29,962 DEBUG :: Making API request: GET https://api.twitter.com/2/users/by/username/Biocartis_
Parameters: {'user.fields': 'created_at'}
Headers: {'User-Agent': 'Python/3.8.9 Requests/2.26.0 Tweepy/4.4.0', 'Authorization': 'Bearer AAAAAAAAAAAAAAAAAAAAAH68VwEAAAAA5DWkqX14lSgqQ2yid9RQhbV1meM%3D8jgI64BX4l8WPDrbahnwKYJFb1Hn9MMz85L2YNPQGGT3bfbSdv'}
Body: None
2021-12-07 00:21:29,964 DEBUG :: Starting new HTTPS connection (1): api.twitter.com:443
2021-12-07 00:21:30,186 DEBUG :: https://api.twitter.com:443 "GET /2/users/by/username/Biocartis_?user.fields=created_at HTTP/1.1" 200 114
2021-12-07 00:21:30,188 DEBUG :: Received API response: 200 OK
Headers: {'date': 'Mon, 06 Dec 2021 23:21:29 UTC', 'server': 'tsa_f', 'set-cookie': 'guest_id_marketing=v1%3A163883288965594235; Max-Age=63072000; Expires=Wed, 06 Dec 2023 23:21:29 GMT; Path=/; Domain=.twitter.com; Secure; SameSite=None, guest_id_ads=v1%3A163883288965594235; Max-Age=63072000; Expires=Wed, 06 Dec 2023 23:21:29 GMT; Path=/; Domain=.twitter.com; Secure; SameSite=None, personalization_id="v1_q2HxbUbP10pQ/iJyQgRkUQ=="; Max-Age=63072000; Expires=Wed, 06 Dec 2023 23:21:29 GMT; Path=/; Domain=.twitter.com; Secure; SameSite=None, guest_id=v1%3A163883288965594235; Max-Age=63072000; Expires=Wed, 06 Dec 2023 23:21:29 GMT; Path=/; Domain=.twitter.com; Secure; SameSite=None', 'api-version': '2.31', 'content-type': 'application/json; charset=utf-8', 'cache-control': 'no-cache, no-store, max-age=0', 'content-length': '114', 'x-access-level': 'read', 'x-frame-options': 'SAMEORIGIN', 'content-encoding': 'gzip', 'x-xss-protection': '0', 'x-rate-limit-limit': '300', 'x-rate-limit-reset': '1638833555', 'content-disposition': 'attachment; filename=json.json', 'x-content-type-options': 'nosniff', 'x-rate-limit-remaining': '277', 'strict-transport-security': 'max-age=631138519', 'x-response-time': '131', 'x-connection-hash': 'f22d55b25f1450bd42a66292e8a3d10dc6f816806b66a5a5e82ca88aeda73709'}
Content: b'{"data":{"name":"Biocartis","created_at":"2011-11-11T15:37:46.000Z","username":"Biocartis_","id":"410053275"}}'
2021-12-07 00:21:30,188 WARNING :: Requesting users | getting Biocartis_
2021-12-07 00:21:30,189 DEBUG :: Making API request: GET https://api.twitter.com/2/users/by/username/maunakeatech
Parameters: {'user.fields': 'created_at'}
Headers: {'User-Agent': 'Python/3.8.9 Requests/2.26.0 Tweepy/4.4.0', 'Authorization': 'Bearer AAAAAAAAAAAAAAAAAAAAAH68VwEAAAAA5DWkqX14lSgqQ2yid9RQhbV1meM%3D8jgI64BX4l8WPDrbahnwKYJFb1Hn9MMz85L2YNPQGGT3bfbSdv'}
Body: None
2021-12-07 00:21:30,191 DEBUG :: Starting new HTTPS connection (1): api.twitter.com:443
2021-12-07 00:21:30,456 DEBUG :: https://api.twitter.com:443 "GET /2/users/by/username/maunakeatech?user.fields=created_at HTTP/1.1" 200 151
2021-12-07 00:21:30,458 DEBUG :: Received API response: 200 OK
Headers: {'date': 'Mon, 06 Dec 2021 23:21:29 UTC', 'server': 'tsa_f', 'set-cookie': 'guest_id_marketing=v1%3A163883288988321404; Max-Age=63072000; Expires=Wed, 06 Dec 2023 23:21:29 GMT; Path=/; Domain=.twitter.com; Secure; SameSite=None, guest_id_ads=v1%3A163883288988321404; Max-Age=63072000; Expires=Wed, 06 Dec 2023 23:21:29 GMT; Path=/; Domain=.twitter.com; Secure; SameSite=None, personalization_id="v1_/sezdNeK7l0wfM0zyhFxSQ=="; Max-Age=63072000; Expires=Wed, 06 Dec 2023 23:21:29 GMT; Path=/; Domain=.twitter.com; Secure; SameSite=None, guest_id=v1%3A163883288988321404; Max-Age=63072000; Expires=Wed, 06 Dec 2023 23:21:29 GMT; Path=/; Domain=.twitter.com; Secure; SameSite=None', 'api-version': '2.31', 'content-type': 'application/json; charset=utf-8', 'cache-control': 'no-cache, no-store, max-age=0', 'content-length': '151', 'x-access-level': 'read', 'x-frame-options': 'SAMEORIGIN', 'content-encoding': 'gzip', 'x-xss-protection': '0', 'x-rate-limit-limit': '300', 'x-rate-limit-reset': '1638833555', 'content-disposition': 'attachment; filename=json.json', 'x-content-type-options': 'nosniff', 'x-rate-limit-remaining': '276', 'strict-transport-security': 'max-age=631138519', 'x-response-time': '174', 'x-connection-hash': 'dc25e68c0e5c5e0222cf1af7fac60434224394157658b7e6b7dc6e632b9f7aa7'}
Content: b'{"data":{"name":"Cellvizio\xc2\xae by Mauna Kea Technologies","username":"maunakeatech","created_at":"2011-03-28T14:50:55.000Z","id":"273460350"}}'
2021-12-07 00:21:30,458 WARNING :: Requesting users | getting maunakeatech
2021-12-07 00:21:30,460 DEBUG :: Making API request: GET https://api.twitter.com/2/users/by/username/NEOLIFE_Groupe
Parameters: {'user.fields': 'created_at'}
Headers: {'User-Agent': 'Python/3.8.9 Requests/2.26.0 Tweepy/4.4.0', 'Authorization': 'Bearer AAAAAAAAAAAAAAAAAAAAAH68VwEAAAAA5DWkqX14lSgqQ2yid9RQhbV1meM%3D8jgI64BX4l8WPDrbahnwKYJFb1Hn9MMz85L2YNPQGGT3bfbSdv'}
Body: None
2021-12-07 00:21:30,463 DEBUG :: Starting new HTTPS connection (1): api.twitter.com:443
2021-12-07 00:21:30,684 DEBUG :: https://api.twitter.com:443 "GET /2/users/by/username/NEOLIFE_Groupe?user.fields=created_at HTTP/1.1" 200 129
2021-12-07 00:21:30,685 DEBUG :: Received API response: 200 OK
Headers: {'date': 'Mon, 06 Dec 2021 23:21:30 UTC', 'server': 'tsa_f', 'set-cookie': 'guest_id_marketing=v1%3A163883289015701614; Max-Age=63072000; Expires=Wed, 06 Dec 2023 23:21:30 GMT; Path=/; Domain=.twitter.com; Secure; SameSite=None, guest_id_ads=v1%3A163883289015701614; Max-Age=63072000; Expires=Wed, 06 Dec 2023 23:21:30 GMT; Path=/; Domain=.twitter.com; Secure; SameSite=None, personalization_id="v1_+oxM27BhccQUb2hBrK0x+w=="; Max-Age=63072000; Expires=Wed, 06 Dec 2023 23:21:30 GMT; Path=/; Domain=.twitter.com; Secure; SameSite=None, guest_id=v1%3A163883289015701614; Max-Age=63072000; Expires=Wed, 06 Dec 2023 23:21:30 GMT; Path=/; Domain=.twitter.com; Secure; SameSite=None', 'api-version': '2.31', 'content-type': 'application/json; charset=utf-8', 'cache-control': 'no-cache, no-store, max-age=0', 'content-length': '129', 'x-access-level': 'read', 'x-frame-options': 'SAMEORIGIN', 'content-encoding': 'gzip', 'x-xss-protection': '0', 'x-rate-limit-limit': '300', 'x-rate-limit-reset': '1638833555', 'content-disposition': 'attachment; filename=json.json', 'x-content-type-options': 'nosniff', 'x-rate-limit-remaining': '275', 'strict-transport-security': 'max-age=631138519', 'x-response-time': '135', 'x-connection-hash': '1bb6ee326659e81c6ee408061ad2db493ab70adb207098c220cd5e6d81db91c7'}
Content: b'{"data":{"created_at":"2014-09-03T15:25:13.000Z","name":"neolife","id":"2788181623","username":"NEOLIFE_Groupe"}}'
2021-12-07 00:21:30,685 WARNING :: Requesting users | getting NEOLIFE_Groupe
2021-12-07 00:21:30,686 DEBUG :: Making API request: GET https://api.twitter.com/2/users/by/username/Valbiotis
Parameters: {'user.fields': 'created_at'}
Headers: {'User-Agent': 'Python/3.8.9 Requests/2.26.0 Tweepy/4.4.0', 'Authorization': 'Bearer AAAAAAAAAAAAAAAAAAAAAH68VwEAAAAA5DWkqX14lSgqQ2yid9RQhbV1meM%3D8jgI64BX4l8WPDrbahnwKYJFb1Hn9MMz85L2YNPQGGT3bfbSdv'}
Body: None
2021-12-07 00:21:30,688 DEBUG :: Starting new HTTPS connection (1): api.twitter.com:443
2021-12-07 00:21:30,919 DEBUG :: https://api.twitter.com:443 "GET /2/users/by/username/Valbiotis?user.fields=created_at HTTP/1.1" 200 115
2021-12-07 00:21:30,920 DEBUG :: Received API response: 200 OK
Headers: {'date': 'Mon, 06 Dec 2021 23:21:30 UTC', 'server': 'tsa_f', 'set-cookie': 'guest_id_marketing=v1%3A163883289038744009; Max-Age=63072000; Expires=Wed, 06 Dec 2023 23:21:30 GMT; Path=/; Domain=.twitter.com; Secure; SameSite=None, guest_id_ads=v1%3A163883289038744009; Max-Age=63072000; Expires=Wed, 06 Dec 2023 23:21:30 GMT; Path=/; Domain=.twitter.com; Secure; SameSite=None, personalization_id="v1_iJy0m3PqOG7FyzpgSYEzTw=="; Max-Age=63072000; Expires=Wed, 06 Dec 2023 23:21:30 GMT; Path=/; Domain=.twitter.com; Secure; SameSite=None, guest_id=v1%3A163883289038744009; Max-Age=63072000; Expires=Wed, 06 Dec 2023 23:21:30 GMT; Path=/; Domain=.twitter.com; Secure; SameSite=None', 'api-version': '2.31', 'content-type': 'application/json; charset=utf-8', 'cache-control': 'no-cache, no-store, max-age=0', 'content-length': '115', 'x-access-level': 'read', 'x-frame-options': 'SAMEORIGIN', 'content-encoding': 'gzip', 'x-xss-protection': '0', 'x-rate-limit-limit': '300', 'x-rate-limit-reset': '1638833555', 'content-disposition': 'attachment; filename=json.json', 'x-content-type-options': 'nosniff', 'x-rate-limit-remaining': '274', 'strict-transport-security': 'max-age=631138519', 'x-response-time': '139', 'x-connection-hash': 'a3b3636b852ca0035e4e625779a89cb84dc3ecf171fd03fb44aa698e4b7d4fdd'}
Content: b'{"data":{"username":"Valbiotis","created_at":"2015-02-02T19:34:07.000Z","id":"3012860405","name":"Valbiotis"}}'
2021-12-07 00:21:30,920 WARNING :: Requesting users | getting Valbiotis
2021-12-07 00:21:30,921 DEBUG :: Making API request: GET https://api.twitter.com/2/users/by/username/GenomicVision_
Parameters: {'user.fields': 'created_at'}
Headers: {'User-Agent': 'Python/3.8.9 Requests/2.26.0 Tweepy/4.4.0', 'Authorization': 'Bearer AAAAAAAAAAAAAAAAAAAAAH68VwEAAAAA5DWkqX14lSgqQ2yid9RQhbV1meM%3D8jgI64BX4l8WPDrbahnwKYJFb1Hn9MMz85L2YNPQGGT3bfbSdv'}
Body: None
2021-12-07 00:21:30,923 DEBUG :: Starting new HTTPS connection (1): api.twitter.com:443
2021-12-07 00:21:31,142 DEBUG :: https://api.twitter.com:443 "GET /2/users/by/username/GenomicVision_?user.fields=created_at HTTP/1.1" 200 123
2021-12-07 00:21:31,143 DEBUG :: Received API response: 200 OK
Headers: {'date': 'Mon, 06 Dec 2021 23:21:30 UTC', 'server': 'tsa_f', 'set-cookie': 'guest_id_marketing=v1%3A163883289061766811; Max-Age=63072000; Expires=Wed, 06 Dec 2023 23:21:30 GMT; Path=/; Domain=.twitter.com; Secure; SameSite=None, guest_id_ads=v1%3A163883289061766811; Max-Age=63072000; Expires=Wed, 06 Dec 2023 23:21:30 GMT; Path=/; Domain=.twitter.com; Secure; SameSite=None, personalization_id="v1_9DD1+ZE1pLSiY1Z0KBS6tg=="; Max-Age=63072000; Expires=Wed, 06 Dec 2023 23:21:30 GMT; Path=/; Domain=.twitter.com; Secure; SameSite=None, guest_id=v1%3A163883289061766811; Max-Age=63072000; Expires=Wed, 06 Dec 2023 23:21:30 GMT; Path=/; Domain=.twitter.com; Secure; SameSite=None', 'api-version': '2.31', 'content-type': 'application/json; charset=utf-8', 'cache-control': 'no-cache, no-store, max-age=0', 'content-length': '123', 'x-access-level': 'read', 'x-frame-options': 'SAMEORIGIN', 'content-encoding': 'gzip', 'x-xss-protection': '0', 'x-rate-limit-limit': '300', 'x-rate-limit-reset': '1638833555', 'content-disposition': 'attachment; filename=json.json', 'x-content-type-options': 'nosniff', 'x-rate-limit-remaining': '273', 'strict-transport-security': 'max-age=631138519', 'x-response-time': '132', 'x-connection-hash': '8f5ea23c52f069bbfaac22bf56a48973f2960ab1755b08803d6b490e357e63f8'}
Content: b'{"data":{"created_at":"2015-04-22T16:16:18.000Z","username":"GenomicVision_","id":"3195185721","name":"Genomic Vision"}}'
2021-12-07 00:21:31,143 WARNING :: Requesting users | getting GenomicVision_
2021-12-07 00:21:31,144 DEBUG :: Making API request: GET https://api.twitter.com/2/users/by/username/MEDIANTechno
Parameters: {'user.fields': 'created_at'}
Headers: {'User-Agent': 'Python/3.8.9 Requests/2.26.0 Tweepy/4.4.0', 'Authorization': 'Bearer AAAAAAAAAAAAAAAAAAAAAH68VwEAAAAA5DWkqX14lSgqQ2yid9RQhbV1meM%3D8jgI64BX4l8WPDrbahnwKYJFb1Hn9MMz85L2YNPQGGT3bfbSdv'}
Body: None
2021-12-07 00:21:31,146 DEBUG :: Starting new HTTPS connection (1): api.twitter.com:443
2021-12-07 00:21:31,390 DEBUG :: https://api.twitter.com:443 "GET /2/users/by/username/MEDIANTechno?user.fields=created_at HTTP/1.1" 200 133
2021-12-07 00:21:31,391 DEBUG :: Received API response: 200 OK
Headers: {'date': 'Mon, 06 Dec 2021 23:21:30 UTC', 'server': 'tsa_f', 'set-cookie': 'guest_id_marketing=v1%3A163883289086699215; Max-Age=63072000; Expires=Wed, 06 Dec 2023 23:21:30 GMT; Path=/; Domain=.twitter.com; Secure; SameSite=None, guest_id_ads=v1%3A163883289086699215; Max-Age=63072000; Expires=Wed, 06 Dec 2023 23:21:30 GMT; Path=/; Domain=.twitter.com; Secure; SameSite=None, personalization_id="v1_b53HQb80r4v3SLBu6iowDQ=="; Max-Age=63072000; Expires=Wed, 06 Dec 2023 23:21:30 GMT; Path=/; Domain=.twitter.com; Secure; SameSite=None, guest_id=v1%3A163883289086699215; Max-Age=63072000; Expires=Wed, 06 Dec 2023 23:21:30 GMT; Path=/; Domain=.twitter.com; Secure; SameSite=None', 'api-version': '2.31', 'content-type': 'application/json; charset=utf-8', 'cache-control': 'no-cache, no-store, max-age=0', 'content-length': '133', 'x-access-level': 'read', 'x-frame-options': 'SAMEORIGIN', 'content-encoding': 'gzip', 'x-xss-protection': '0', 'x-rate-limit-limit': '300', 'x-rate-limit-reset': '1638833555', 'content-disposition': 'attachment; filename=json.json', 'x-content-type-options': 'nosniff', 'x-rate-limit-remaining': '272', 'strict-transport-security': 'max-age=631138519', 'x-response-time': '131', 'x-connection-hash': 'c0ce1ec2854046e083a5de3ad5ddc4ffe86d539767cc2cfaa2ad12971462a217'}
Content: b'{"data":{"id":"497759874","username":"MEDIANTechno","created_at":"2012-02-20T10:07:17.000Z","name":"Median Technologies"}}'
2021-12-07 00:21:31,392 WARNING :: Requesting users | getting MEDIANTechno
2021-12-07 00:21:31,393 DEBUG :: Making API request: GET https://api.twitter.com/2/users/by/username/Cabasse_Group
Parameters: {'user.fields': 'created_at'}
Headers: {'User-Agent': 'Python/3.8.9 Requests/2.26.0 Tweepy/4.4.0', 'Authorization': 'Bearer AAAAAAAAAAAAAAAAAAAAAH68VwEAAAAA5DWkqX14lSgqQ2yid9RQhbV1meM%3D8jgI64BX4l8WPDrbahnwKYJFb1Hn9MMz85L2YNPQGGT3bfbSdv'}
Body: None
2021-12-07 00:21:31,394 DEBUG :: Starting new HTTPS connection (1): api.twitter.com:443
2021-12-07 00:21:31,642 DEBUG :: https://api.twitter.com:443 "GET /2/users/by/username/Cabasse_Group?user.fields=created_at HTTP/1.1" 200 121
2021-12-07 00:21:31,643 DEBUG :: Received API response: 200 OK
Headers: {'date': 'Mon, 06 Dec 2021 23:21:31 UTC', 'server': 'tsa_f', 'set-cookie': 'guest_id_marketing=v1%3A163883289111277088; Max-Age=63072000; Expires=Wed, 06 Dec 2023 23:21:31 GMT; Path=/; Domain=.twitter.com; Secure; SameSite=None, guest_id_ads=v1%3A163883289111277088; Max-Age=63072000; Expires=Wed, 06 Dec 2023 23:21:31 GMT; Path=/; Domain=.twitter.com; Secure; SameSite=None, personalization_id="v1_2jALUZoBGXswRjr7zrMuPw=="; Max-Age=63072000; Expires=Wed, 06 Dec 2023 23:21:31 GMT; Path=/; Domain=.twitter.com; Secure; SameSite=None, guest_id=v1%3A163883289111277088; Max-Age=63072000; Expires=Wed, 06 Dec 2023 23:21:31 GMT; Path=/; Domain=.twitter.com; Secure; SameSite=None', 'api-version': '2.31', 'content-type': 'application/json; charset=utf-8', 'cache-control': 'no-cache, no-store, max-age=0', 'content-length': '121', 'x-access-level': 'read', 'x-frame-options': 'SAMEORIGIN', 'content-encoding': 'gzip', 'x-xss-protection': '0', 'x-rate-limit-limit': '300', 'x-rate-limit-reset': '1638833555', 'content-disposition': 'attachment; filename=json.json', 'x-content-type-options': 'nosniff', 'x-rate-limit-remaining': '271', 'strict-transport-security': 'max-age=631138519', 'x-response-time': '139', 'x-connection-hash': 'ea44ae8f574b656ca24a177935d7a503d7b9e5f8ee3cb5cfbd32b677c526cc63'}
Content: b'{"data":{"username":"Cabasse_Group","id":"41331922","created_at":"2009-05-20T10:22:29.000Z","name":"Cabasse Group"}}'
2021-12-07 00:21:31,643 WARNING :: Requesting users | getting Cabasse_Group
2021-12-07 00:21:31,644 DEBUG :: Making API request: GET https://api.twitter.com/2/users/by/username/Crossject_
Parameters: {'user.fields': 'created_at'}
Headers: {'User-Agent': 'Python/3.8.9 Requests/2.26.0 Tweepy/4.4.0', 'Authorization': 'Bearer AAAAAAAAAAAAAAAAAAAAAH68VwEAAAAA5DWkqX14lSgqQ2yid9RQhbV1meM%3D8jgI64BX4l8WPDrbahnwKYJFb1Hn9MMz85L2YNPQGGT3bfbSdv'}
Body: None
2021-12-07 00:21:31,646 DEBUG :: Starting new HTTPS connection (1): api.twitter.com:443
2021-12-07 00:21:31,906 DEBUG :: https://api.twitter.com:443 "GET /2/users/by/username/Crossject_?user.fields=created_at HTTP/1.1" 200 117
2021-12-07 00:21:31,907 DEBUG :: Received API response: 200 OK
Headers: {'date': 'Mon, 06 Dec 2021 23:21:31 UTC', 'server': 'tsa_f', 'set-cookie': 'guest_id_marketing=v1%3A163883289137565573; Max-Age=63072000; Expires=Wed, 06 Dec 2023 23:21:31 GMT; Path=/; Domain=.twitter.com; Secure; SameSite=None, guest_id_ads=v1%3A163883289137565573; Max-Age=63072000; Expires=Wed, 06 Dec 2023 23:21:31 GMT; Path=/; Domain=.twitter.com; Secure; SameSite=None, personalization_id="v1_3eNtgKDR5tzDz8OW7P3BiQ=="; Max-Age=63072000; Expires=Wed, 06 Dec 2023 23:21:31 GMT; Path=/; Domain=.twitter.com; Secure; SameSite=None, guest_id=v1%3A163883289137565573; Max-Age=63072000; Expires=Wed, 06 Dec 2023 23:21:31 GMT; Path=/; Domain=.twitter.com; Secure; SameSite=None', 'api-version': '2.31', 'content-type': 'application/json; charset=utf-8', 'cache-control': 'no-cache, no-store, max-age=0', 'content-length': '117', 'x-access-level': 'read', 'x-frame-options': 'SAMEORIGIN', 'content-encoding': 'gzip', 'x-xss-protection': '0', 'x-rate-limit-limit': '300', 'x-rate-limit-reset': '1638833555', 'content-disposition': 'attachment; filename=json.json', 'x-content-type-options': 'nosniff', 'x-rate-limit-remaining': '270', 'strict-transport-security': 'max-age=631138519', 'x-response-time': '133', 'x-connection-hash': '378ec968d928bcdf002dee75bbf79d069574cd79f481916578753025abb0108f'}
Content: b'{"data":{"name":"Crossject","id":"2712208951","username":"Crossject_","created_at":"2014-08-06T14:50:38.000Z"}}'
2021-12-07 00:21:31,907 WARNING :: Requesting users | getting Crossject_
2021-12-07 00:21:31,908 DEBUG :: Making API request: GET https://api.twitter.com/2/users/by/username/Deinove
Parameters: {'user.fields': 'created_at'}
Headers: {'User-Agent': 'Python/3.8.9 Requests/2.26.0 Tweepy/4.4.0', 'Authorization': 'Bearer AAAAAAAAAAAAAAAAAAAAAH68VwEAAAAA5DWkqX14lSgqQ2yid9RQhbV1meM%3D8jgI64BX4l8WPDrbahnwKYJFb1Hn9MMz85L2YNPQGGT3bfbSdv'}
Body: None
2021-12-07 00:21:31,909 DEBUG :: Starting new HTTPS connection (1): api.twitter.com:443
2021-12-07 00:21:32,134 DEBUG :: https://api.twitter.com:443 "GET /2/users/by/username/Deinove?user.fields=created_at HTTP/1.1" 200 113
2021-12-07 00:21:32,135 DEBUG :: Received API response: 200 OK
Headers: {'date': 'Mon, 06 Dec 2021 23:21:31 UTC', 'server': 'tsa_f', 'set-cookie': 'guest_id_marketing=v1%3A163883289160609179; Max-Age=63072000; Expires=Wed, 06 Dec 2023 23:21:31 GMT; Path=/; Domain=.twitter.com; Secure; SameSite=None, guest_id_ads=v1%3A163883289160609179; Max-Age=63072000; Expires=Wed, 06 Dec 2023 23:21:31 GMT; Path=/; Domain=.twitter.com; Secure; SameSite=None, personalization_id="v1_qW+k9T8n0JNxSrKTohZp4Q=="; Max-Age=63072000; Expires=Wed, 06 Dec 2023 23:21:31 GMT; Path=/; Domain=.twitter.com; Secure; SameSite=None, guest_id=v1%3A163883289160609179; Max-Age=63072000; Expires=Wed, 06 Dec 2023 23:21:31 GMT; Path=/; Domain=.twitter.com; Secure; SameSite=None', 'api-version': '2.31', 'content-type': 'application/json; charset=utf-8', 'cache-control': 'no-cache, no-store, max-age=0', 'content-length': '113', 'x-access-level': 'read', 'x-frame-options': 'SAMEORIGIN', 'content-encoding': 'gzip', 'x-xss-protection': '0', 'x-rate-limit-limit': '300', 'x-rate-limit-reset': '1638833555', 'content-disposition': 'attachment; filename=json.json', 'x-content-type-options': 'nosniff', 'x-rate-limit-remaining': '269', 'strict-transport-security': 'max-age=631138519', 'x-response-time': '135', 'x-connection-hash': 'e707faab008b48a7e9496c5cf4710437267889811c3aedde1235050cdbe37730'}
Content: b'{"data":{"created_at":"2010-05-07T08:26:13.000Z","name":"Deinove","id":"141140470","username":"Deinove"}}'
2021-12-07 00:21:32,135 WARNING :: Requesting users | getting Deinove
2021-12-07 00:21:32,136 DEBUG :: Making API request: GET https://api.twitter.com/2/users/by/username/Theranexus
Parameters: {'user.fields': 'created_at'}
Headers: {'User-Agent': 'Python/3.8.9 Requests/2.26.0 Tweepy/4.4.0', 'Authorization': 'Bearer AAAAAAAAAAAAAAAAAAAAAH68VwEAAAAA5DWkqX14lSgqQ2yid9RQhbV1meM%3D8jgI64BX4l8WPDrbahnwKYJFb1Hn9MMz85L2YNPQGGT3bfbSdv'}
Body: None
2021-12-07 00:21:32,137 DEBUG :: Starting new HTTPS connection (1): api.twitter.com:443
2021-12-07 00:21:32,364 DEBUG :: https://api.twitter.com:443 "GET /2/users/by/username/Theranexus?user.fields=created_at HTTP/1.1" 200 113
2021-12-07 00:21:32,365 DEBUG :: Received API response: 200 OK
Headers: {'date': 'Mon, 06 Dec 2021 23:21:31 UTC', 'server': 'tsa_f', 'set-cookie': 'guest_id_marketing=v1%3A163883289183358480; Max-Age=63072000; Expires=Wed, 06 Dec 2023 23:21:31 GMT; Path=/; Domain=.twitter.com; Secure; SameSite=None, guest_id_ads=v1%3A163883289183358480; Max-Age=63072000; Expires=Wed, 06 Dec 2023 23:21:31 GMT; Path=/; Domain=.twitter.com; Secure; SameSite=None, personalization_id="v1_EWOS877ZaIFSQsrm7TdxoQ=="; Max-Age=63072000; Expires=Wed, 06 Dec 2023 23:21:31 GMT; Path=/; Domain=.twitter.com; Secure; SameSite=None, guest_id=v1%3A163883289183358480; Max-Age=63072000; Expires=Wed, 06 Dec 2023 23:21:31 GMT; Path=/; Domain=.twitter.com; Secure; SameSite=None', 'api-version': '2.31', 'content-type': 'application/json; charset=utf-8', 'cache-control': 'no-cache, no-store, max-age=0', 'content-length': '113', 'x-access-level': 'read', 'x-frame-options': 'SAMEORIGIN', 'content-encoding': 'gzip', 'x-xss-protection': '0', 'x-rate-limit-limit': '300', 'x-rate-limit-reset': '1638833555', 'content-disposition': 'attachment; filename=json.json', 'x-content-type-options': 'nosniff', 'x-rate-limit-remaining': '268', 'strict-transport-security': 'max-age=631138519', 'x-response-time': '137', 'x-connection-hash': '6f256da54dbb97b07834edf2e2388ddec81ae348f537a16c3a82fcba134573de'}
Content: b'{"data":{"created_at":"2011-09-11T10:19:12.000Z","username":"Theranexus","id":"371696848","name":"Theranexus"}}'
2021-12-07 00:21:32,366 WARNING :: Requesting users | getting Theranexus
2021-12-07 00:21:32,367 DEBUG :: Making API request: GET https://api.twitter.com/2/users/by/username/VoltaliaSA
Parameters: {'user.fields': 'created_at'}
Headers: {'User-Agent': 'Python/3.8.9 Requests/2.26.0 Tweepy/4.4.0', 'Authorization': 'Bearer AAAAAAAAAAAAAAAAAAAAAH68VwEAAAAA5DWkqX14lSgqQ2yid9RQhbV1meM%3D8jgI64BX4l8WPDrbahnwKYJFb1Hn9MMz85L2YNPQGGT3bfbSdv'}
Body: None
2021-12-07 00:21:32,369 DEBUG :: Starting new HTTPS connection (1): api.twitter.com:443
2021-12-07 00:21:32,590 DEBUG :: https://api.twitter.com:443 "GET /2/users/by/username/VoltaliaSA?user.fields=created_at HTTP/1.1" 200 123
2021-12-07 00:21:32,591 DEBUG :: Received API response: 200 OK
Headers: {'date': 'Mon, 06 Dec 2021 23:21:32 UTC', 'server': 'tsa_f', 'set-cookie': 'guest_id_marketing=v1%3A163883289206201793; Max-Age=63072000; Expires=Wed, 06 Dec 2023 23:21:32 GMT; Path=/; Domain=.twitter.com; Secure; SameSite=None, guest_id_ads=v1%3A163883289206201793; Max-Age=63072000; Expires=Wed, 06 Dec 2023 23:21:32 GMT; Path=/; Domain=.twitter.com; Secure; SameSite=None, personalization_id="v1_vcxs3WCPVyLFWkqfuRYcVA=="; Max-Age=63072000; Expires=Wed, 06 Dec 2023 23:21:32 GMT; Path=/; Domain=.twitter.com; Secure; SameSite=None, guest_id=v1%3A163883289206201793; Max-Age=63072000; Expires=Wed, 06 Dec 2023 23:21:32 GMT; Path=/; Domain=.twitter.com; Secure; SameSite=None', 'api-version': '2.31', 'content-type': 'application/json; charset=utf-8', 'cache-control': 'no-cache, no-store, max-age=0', 'content-length': '123', 'x-access-level': 'read', 'x-frame-options': 'SAMEORIGIN', 'content-encoding': 'gzip', 'x-xss-protection': '0', 'x-rate-limit-limit': '300', 'x-rate-limit-reset': '1638833555', 'content-disposition': 'attachment; filename=json.json', 'x-content-type-options': 'nosniff', 'x-rate-limit-remaining': '267', 'strict-transport-security': 'max-age=631138519', 'x-response-time': '135', 'x-connection-hash': '650aa1a8da7278c7f66393a05df23d9a22f519707a75a8ae08fccd38dc84dcc5'}
Content: b'{"data":{"created_at":"2016-03-08T08:32:52.000Z","username":"VoltaliaSA","id":"707121895775326208","name":"Voltalia"}}'
2021-12-07 00:21:32,591 WARNING :: Requesting users | getting VoltaliaSA
2021-12-07 00:21:32,592 DEBUG :: Making API request: GET https://api.twitter.com/2/users/by/username/CelyadSA
Parameters: {'user.fields': 'created_at'}
Headers: {'User-Agent': 'Python/3.8.9 Requests/2.26.0 Tweepy/4.4.0', 'Authorization': 'Bearer AAAAAAAAAAAAAAAAAAAAAH68VwEAAAAA5DWkqX14lSgqQ2yid9RQhbV1meM%3D8jgI64BX4l8WPDrbahnwKYJFb1Hn9MMz85L2YNPQGGT3bfbSdv'}
Body: None
2021-12-07 00:21:32,594 DEBUG :: Starting new HTTPS connection (1): api.twitter.com:443
2021-12-07 00:21:32,825 DEBUG :: https://api.twitter.com:443 "GET /2/users/by/username/CelyadSA?user.fields=created_at HTTP/1.1" 200 125
2021-12-07 00:21:32,826 DEBUG :: Received API response: 200 OK
Headers: {'date': 'Mon, 06 Dec 2021 23:21:32 UTC', 'server': 'tsa_f', 'set-cookie': 'guest_id_marketing=v1%3A163883289229221068; Max-Age=63072000; Expires=Wed, 06 Dec 2023 23:21:32 GMT; Path=/; Domain=.twitter.com; Secure; SameSite=None, guest_id_ads=v1%3A163883289229221068; Max-Age=63072000; Expires=Wed, 06 Dec 2023 23:21:32 GMT; Path=/; Domain=.twitter.com; Secure; SameSite=None, personalization_id="v1_8UGeN1dxXRi0MbFa3V/ouA=="; Max-Age=63072000; Expires=Wed, 06 Dec 2023 23:21:32 GMT; Path=/; Domain=.twitter.com; Secure; SameSite=None, guest_id=v1%3A163883289229221068; Max-Age=63072000; Expires=Wed, 06 Dec 2023 23:21:32 GMT; Path=/; Domain=.twitter.com; Secure; SameSite=None', 'api-version': '2.31', 'content-type': 'application/json; charset=utf-8', 'cache-control': 'no-cache, no-store, max-age=0', 'content-length': '125', 'x-access-level': 'read', 'x-frame-options': 'SAMEORIGIN', 'content-encoding': 'gzip', 'x-xss-protection': '0', 'x-rate-limit-limit': '300', 'x-rate-limit-reset': '1638833555', 'content-disposition': 'attachment; filename=json.json', 'x-content-type-options': 'nosniff', 'x-rate-limit-remaining': '266', 'strict-transport-security': 'max-age=631138519', 'x-response-time': '141', 'x-connection-hash': '8786eccf44e6f725b7b8d29ae712b2f537349352e18622818340a347ab298950'}
Content: b'{"data":{"created_at":"2012-10-02T08:19:41.000Z","id":"857682306","name":"Celyad Oncology","username":"CelyadSA"}}'
2021-12-07 00:21:32,827 WARNING :: Requesting users | getting CelyadSA
2021-12-07 00:21:32,828 DEBUG :: Making API request: GET https://api.twitter.com/2/users/by/username/Genkyotex_Off
Parameters: {'user.fields': 'created_at'}
Headers: {'User-Agent': 'Python/3.8.9 Requests/2.26.0 Tweepy/4.4.0', 'Authorization': 'Bearer AAAAAAAAAAAAAAAAAAAAAH68VwEAAAAA5DWkqX14lSgqQ2yid9RQhbV1meM%3D8jgI64BX4l8WPDrbahnwKYJFb1Hn9MMz85L2YNPQGGT3bfbSdv'}
Body: None
2021-12-07 00:21:32,830 DEBUG :: Starting new HTTPS connection (1): api.twitter.com:443
2021-12-07 00:21:33,053 DEBUG :: https://api.twitter.com:443 "GET /2/users/by/username/Genkyotex_Off?user.fields=created_at HTTP/1.1" 200 128
2021-12-07 00:21:33,054 DEBUG :: Received API response: 200 OK
Headers: {'date': 'Mon, 06 Dec 2021 23:21:32 UTC', 'server': 'tsa_f', 'set-cookie': 'guest_id_marketing=v1%3A163883289253053274; Max-Age=63072000; Expires=Wed, 06 Dec 2023 23:21:32 GMT; Path=/; Domain=.twitter.com; Secure; SameSite=None, guest_id_ads=v1%3A163883289253053274; Max-Age=63072000; Expires=Wed, 06 Dec 2023 23:21:32 GMT; Path=/; Domain=.twitter.com; Secure; SameSite=None, personalization_id="v1_lTC1eZb+u+djp7eYrcYhUg=="; Max-Age=63072000; Expires=Wed, 06 Dec 2023 23:21:32 GMT; Path=/; Domain=.twitter.com; Secure; SameSite=None, guest_id=v1%3A163883289253053274; Max-Age=63072000; Expires=Wed, 06 Dec 2023 23:21:32 GMT; Path=/; Domain=.twitter.com; Secure; SameSite=None', 'api-version': '2.31', 'content-type': 'application/json; charset=utf-8', 'cache-control': 'no-cache, no-store, max-age=0', 'content-length': '128', 'x-access-level': 'read', 'x-frame-options': 'SAMEORIGIN', 'content-encoding': 'gzip', 'x-xss-protection': '0', 'x-rate-limit-limit': '300', 'x-rate-limit-reset': '1638833555', 'content-disposition': 'attachment; filename=json.json', 'x-content-type-options': 'nosniff', 'x-rate-limit-remaining': '265', 'strict-transport-security': 'max-age=631138519', 'x-response-time': '131', 'x-connection-hash': 'ab1767ad0ac967519a2cca591bcb1baf8b1f58233173278a7a9f506944d00149'}
Content: b'{"data":{"id":"852139706917814272","name":"Genkyotex","created_at":"2017-04-12T12:41:52.000Z","username":"Genkyotex_Off"}}'
2021-12-07 00:21:33,054 WARNING :: Requesting users | getting Genkyotex_Off
2021-12-07 00:21:33,056 DEBUG :: Making API request: GET https://api.twitter.com/2/users/by/username/PixiumVision
Parameters: {'user.fields': 'created_at'}
Headers: {'User-Agent': 'Python/3.8.9 Requests/2.26.0 Tweepy/4.4.0', 'Authorization': 'Bearer AAAAAAAAAAAAAAAAAAAAAH68VwEAAAAA5DWkqX14lSgqQ2yid9RQhbV1meM%3D8jgI64BX4l8WPDrbahnwKYJFb1Hn9MMz85L2YNPQGGT3bfbSdv'}
Body: None
2021-12-07 00:21:33,057 DEBUG :: Starting new HTTPS connection (1): api.twitter.com:443
2021-12-07 00:21:33,287 DEBUG :: https://api.twitter.com:443 "GET /2/users/by/username/PixiumVision?user.fields=created_at HTTP/1.1" 200 122
2021-12-07 00:21:33,288 DEBUG :: Received API response: 200 OK
Headers: {'date': 'Mon, 06 Dec 2021 23:21:32 UTC', 'server': 'tsa_f', 'set-cookie': 'guest_id_marketing=v1%3A163883289275893003; Max-Age=63072000; Expires=Wed, 06 Dec 2023 23:21:32 GMT; Path=/; Domain=.twitter.com; Secure; SameSite=None, guest_id_ads=v1%3A163883289275893003; Max-Age=63072000; Expires=Wed, 06 Dec 2023 23:21:32 GMT; Path=/; Domain=.twitter.com; Secure; SameSite=None, personalization_id="v1_qUAjjYaDm6+VV/81EJBcHg=="; Max-Age=63072000; Expires=Wed, 06 Dec 2023 23:21:32 GMT; Path=/; Domain=.twitter.com; Secure; SameSite=None, guest_id=v1%3A163883289275893003; Max-Age=63072000; Expires=Wed, 06 Dec 2023 23:21:32 GMT; Path=/; Domain=.twitter.com; Secure; SameSite=None', 'api-version': '2.31', 'content-type': 'application/json; charset=utf-8', 'cache-control': 'no-cache, no-store, max-age=0', 'content-length': '122', 'x-access-level': 'read', 'x-frame-options': 'SAMEORIGIN', 'content-encoding': 'gzip', 'x-xss-protection': '0', 'x-rate-limit-limit': '300', 'x-rate-limit-reset': '1638833555', 'content-disposition': 'attachment; filename=json.json', 'x-content-type-options': 'nosniff', 'x-rate-limit-remaining': '264', 'strict-transport-security': 'max-age=631138519', 'x-response-time': '138', 'x-connection-hash': '5dbd3ff6abf5226a9204e99958fc4cd74600eea98e46b5fa9f2c6783b254c408'}
Content: b'{"data":{"name":"Pixium-Vision","id":"1687886882","username":"PixiumVision","created_at":"2013-08-21T09:39:13.000Z"}}'
2021-12-07 00:21:33,288 WARNING :: Requesting users | getting PixiumVision
2021-12-07 00:21:33,378 DEBUG :: Making API request: GET https://api.twitter.com/2/users/97127367/tweets
Parameters: {'max_results': 5, 'tweet.fields': 'created_at'}
Headers: {'User-Agent': 'Python/3.8.9 Requests/2.26.0 Tweepy/4.4.0', 'Authorization': 'Bearer AAAAAAAAAAAAAAAAAAAAAH68VwEAAAAA5DWkqX14lSgqQ2yid9RQhbV1meM%3D8jgI64BX4l8WPDrbahnwKYJFb1Hn9MMz85L2YNPQGGT3bfbSdv'}
Body: None
2021-12-07 00:21:33,380 DEBUG :: Starting new HTTPS connection (1): api.twitter.com:443
2021-12-07 00:21:33,708 DEBUG :: https://api.twitter.com:443 "GET /2/users/97127367/tweets?max_results=5&tweet.fields=created_at HTTP/1.1" 200 756
2021-12-07 00:21:33,709 DEBUG :: Received API response: 200 OK
Headers: {'date': 'Mon, 06 Dec 2021 23:21:33 UTC', 'server': 'tsa_f', 'set-cookie': 'guest_id_marketing=v1%3A163883289310760695; Max-Age=63072000; Expires=Wed, 06 Dec 2023 23:21:33 GMT; Path=/; Domain=.twitter.com; Secure; SameSite=None, guest_id_ads=v1%3A163883289310760695; Max-Age=63072000; Expires=Wed, 06 Dec 2023 23:21:33 GMT; Path=/; Domain=.twitter.com; Secure; SameSite=None, personalization_id="v1_FJt5dSkdFnXHtXsxpr6jMA=="; Max-Age=63072000; Expires=Wed, 06 Dec 2023 23:21:33 GMT; Path=/; Domain=.twitter.com; Secure; SameSite=None, guest_id=v1%3A163883289310760695; Max-Age=63072000; Expires=Wed, 06 Dec 2023 23:21:33 GMT; Path=/; Domain=.twitter.com; Secure; SameSite=None', 'api-version': '2.31', 'content-type': 'application/json; charset=utf-8', 'cache-control': 'no-cache, no-store, max-age=0', 'content-length': '756', 'x-access-level': 'read', 'x-frame-options': 'SAMEORIGIN', 'content-encoding': 'gzip', 'x-xss-protection': '0', 'x-rate-limit-limit': '1500', 'x-rate-limit-reset': '1638833560', 'content-disposition': 'attachment; filename=json.json', 'x-content-type-options': 'nosniff', 'x-rate-limit-remaining': '1481', 'strict-transport-security': 'max-age=631138519', 'x-response-time': '219', 'x-connection-hash': 'f710a90f12c1decaf85983f1df8cc673f6af77b676d3bbf2225cc967a0f0a6cd'}
Content: b'{"data":[{"created_at":"2021-11-25T16:57:26.000Z","id":"1463914740082790401","text":"Thank you for visiting us @CoDubost and @CCastaner\\n\\n#BetterMedicineForAll #ImpactHealth https://t.co/4e5a7X3BPK"},{"created_at":"2021-11-03T16:45:35.000Z","id":"1455939222716682243","text":"Watch the last interview (in french) of our CEO https://t.co/kj3QDts54J"},{"created_at":"2021-11-01T07:00:50.000Z","id":"1455067290693771264","text":"Phase 3 data of mdc-IRM, 1st product based on MedinCell\xe2\x80\x99s technology, shows significant improvements in patients with schizophrenia: \\n- Prolonged time to impending relapse \\n- Decreased risk of relapse \\n- Increased chance of clinical stability \\nhttps://t.co/n4efikehP9"},{"created_at":"2021-10-21T15:41:54.000Z","id":"1451212153751490560","text":"Full PR: https://t.co/tiAZO6471v \\n#BetterMedicineForAll #ImpactHealth https://t.co/ejHrxyd44M"},{"created_at":"2021-07-01T09:02:45.000Z","id":"1410524265674383365","text":"RT @ABG_Asso: Le #Concours de #Pitch 2021 #CPP21 \\n@ABG_Asso a le plaisir de pr\xc3\xa9senter le #sponsor de son \\uD83E\\uDD48prix (400\xe2\x82\xac),@medincell : une soci\xe2\x80\xa6"}],"meta":{"oldest_id":"1410524265674383365","newest_id":"1463914740082790401","result_count":5,"next_token":"7140dibdnow9c7btw3z16t2ae4ug6v5jryxzr5a6y9zjp"}}'
2021-12-07 00:21:33,710 WARNING :: Amount of tweets 3
2021-12-07 00:21:33,710 WARNING :: Recieved full data for 1 users
2021-12-07 00:21:33,711 WARNING :: Cleaning and Analising Tweets Tweets
