2021-12-06 18:07:48,868 DEBUG :: Making API request: GET https://api.twitter.com/2/users/by/username/berto_ia
Parameters: {'user.fields': 'created_at'}
Headers: {'User-Agent': 'Python/3.8.9 Requests/2.26.0 Tweepy/4.4.0', 'Authorization': 'Bearer AAAAAAAAAAAAAAAAAAAAAH68VwEAAAAA5DWkqX14lSgqQ2yid9RQhbV1meM%3D8jgI64BX4l8WPDrbahnwKYJFb1Hn9MMz85L2YNPQGGT3bfbSdv'}
Body: None
2021-12-06 18:07:48,872 DEBUG :: Starting new HTTPS connection (1): api.twitter.com:443
2021-12-06 18:07:49,142 DEBUG :: https://api.twitter.com:443 "GET /2/users/by/username/berto_ia?user.fields=created_at HTTP/1.1" 200 138
2021-12-06 18:07:49,143 DEBUG :: Received API response: 200 OK
Headers: {'date': 'Mon, 06 Dec 2021 17:07:48 UTC', 'server': 'tsa_f', 'set-cookie': 'guest_id_marketing=v1%3A163881046833141351; Max-Age=63072000; Expires=Wed, 06 Dec 2023 17:07:48 GMT; Path=/; Domain=.twitter.com; Secure; SameSite=None, guest_id_ads=v1%3A163881046833141351; Max-Age=63072000; Expires=Wed, 06 Dec 2023 17:07:48 GMT; Path=/; Domain=.twitter.com; Secure; SameSite=None, personalization_id="v1_0GjK4KXjUqK0jl2VYl/MLQ=="; Max-Age=63072000; Expires=Wed, 06 Dec 2023 17:07:48 GMT; Path=/; Domain=.twitter.com; Secure; SameSite=None, guest_id=v1%3A163881046833141351; Max-Age=63072000; Expires=Wed, 06 Dec 2023 17:07:48 GMT; Path=/; Domain=.twitter.com; Secure; SameSite=None', 'api-version': '2.31', 'content-type': 'application/json; charset=utf-8', 'cache-control': 'no-cache, no-store, max-age=0', 'content-length': '138', 'x-access-level': 'read', 'x-frame-options': 'SAMEORIGIN', 'content-encoding': 'gzip', 'x-xss-protection': '0', 'x-rate-limit-limit': '300', 'x-rate-limit-reset': '1638811368', 'content-disposition': 'attachment; filename=json.json', 'x-content-type-options': 'nosniff', 'x-rate-limit-remaining': '299', 'strict-transport-security': 'max-age=631138519', 'x-response-time': '137', 'x-connection-hash': '52f9f0414b68ddfc15015bb184ebad04d7d10f4d5973ceb07e19eef3c8d16e19'}
Content: b'{"data":{"created_at":"2018-05-13T19:10:37.000Z","name":"bertolami Navette Autonome","username":"berto_ia","id":"995743130250088448"}}'
2021-12-06 18:07:49,146 WARNING :: Requesting users | getting berto_ia
2021-12-06 18:07:49,147 DEBUG :: Making API request: GET https://api.twitter.com/2/users/by/username/atari
Parameters: {'user.fields': 'created_at'}
Headers: {'User-Agent': 'Python/3.8.9 Requests/2.26.0 Tweepy/4.4.0', 'Authorization': 'Bearer AAAAAAAAAAAAAAAAAAAAAH68VwEAAAAA5DWkqX14lSgqQ2yid9RQhbV1meM%3D8jgI64BX4l8WPDrbahnwKYJFb1Hn9MMz85L2YNPQGGT3bfbSdv'}
Body: None
2021-12-06 18:07:49,149 DEBUG :: Starting new HTTPS connection (1): api.twitter.com:443
2021-12-06 18:07:49,375 DEBUG :: https://api.twitter.com:443 "GET /2/users/by/username/atari?user.fields=created_at HTTP/1.1" 200 112
2021-12-06 18:07:49,376 DEBUG :: Received API response: 200 OK
Headers: {'date': 'Mon, 06 Dec 2021 17:07:48 UTC', 'server': 'tsa_f', 'set-cookie': 'guest_id_marketing=v1%3A163881046856808052; Max-Age=63072000; Expires=Wed, 06 Dec 2023 17:07:48 GMT; Path=/; Domain=.twitter.com; Secure; SameSite=None, guest_id_ads=v1%3A163881046856808052; Max-Age=63072000; Expires=Wed, 06 Dec 2023 17:07:48 GMT; Path=/; Domain=.twitter.com; Secure; SameSite=None, personalization_id="v1_0EdmgLUzMPWe6u9G+jXWRQ=="; Max-Age=63072000; Expires=Wed, 06 Dec 2023 17:07:48 GMT; Path=/; Domain=.twitter.com; Secure; SameSite=None, guest_id=v1%3A163881046856808052; Max-Age=63072000; Expires=Wed, 06 Dec 2023 17:07:48 GMT; Path=/; Domain=.twitter.com; Secure; SameSite=None', 'api-version': '2.31', 'content-type': 'application/json; charset=utf-8', 'cache-control': 'no-cache, no-store, max-age=0', 'content-length': '112', 'x-access-level': 'read', 'x-frame-options': 'SAMEORIGIN', 'content-encoding': 'gzip', 'x-xss-protection': '0', 'x-rate-limit-limit': '300', 'x-rate-limit-reset': '1638811368', 'content-disposition': 'attachment; filename=json.json', 'x-content-type-options': 'nosniff', 'x-rate-limit-remaining': '298', 'strict-transport-security': 'max-age=631138519', 'x-response-time': '133', 'x-connection-hash': 'fa0c53a5491ba72a231d533cd2fa43f1ef87608055cdb5f62ed4a1c5c5a36a20'}
Content: b'{"data":{"created_at":"2009-11-04T15:44:42.000Z","id":"87465794","username":"atari","name":"Atari"}}'
2021-12-06 18:07:49,376 WARNING :: Requesting users | getting atari
2021-12-06 18:07:49,377 DEBUG :: Making API request: GET https://api.twitter.com/2/users/by/username/adeunisrf
Parameters: {'user.fields': 'created_at'}
Headers: {'User-Agent': 'Python/3.8.9 Requests/2.26.0 Tweepy/4.4.0', 'Authorization': 'Bearer AAAAAAAAAAAAAAAAAAAAAH68VwEAAAAA5DWkqX14lSgqQ2yid9RQhbV1meM%3D8jgI64BX4l8WPDrbahnwKYJFb1Hn9MMz85L2YNPQGGT3bfbSdv'}
Body: None
2021-12-06 18:07:49,379 DEBUG :: Starting new HTTPS connection (1): api.twitter.com:443
2021-12-06 18:07:49,627 DEBUG :: https://api.twitter.com:443 "GET /2/users/by/username/adeunisrf?user.fields=created_at HTTP/1.1" 200 117
2021-12-06 18:07:49,629 DEBUG :: Received API response: 200 OK
Headers: {'date': 'Mon, 06 Dec 2021 17:07:48 UTC', 'server': 'tsa_f', 'set-cookie': 'guest_id_marketing=v1%3A163881046880149464; Max-Age=63072000; Expires=Wed, 06 Dec 2023 17:07:48 GMT; Path=/; Domain=.twitter.com; Secure; SameSite=None, guest_id_ads=v1%3A163881046880149464; Max-Age=63072000; Expires=Wed, 06 Dec 2023 17:07:48 GMT; Path=/; Domain=.twitter.com; Secure; SameSite=None, personalization_id="v1_7OedDAY47d2YmK77SxwenA=="; Max-Age=63072000; Expires=Wed, 06 Dec 2023 17:07:48 GMT; Path=/; Domain=.twitter.com; Secure; SameSite=None, guest_id=v1%3A163881046880149464; Max-Age=63072000; Expires=Wed, 06 Dec 2023 17:07:48 GMT; Path=/; Domain=.twitter.com; Secure; SameSite=None', 'api-version': '2.31', 'content-type': 'application/json; charset=utf-8', 'cache-control': 'no-cache, no-store, max-age=0', 'content-length': '117', 'x-access-level': 'read', 'x-frame-options': 'SAMEORIGIN', 'content-encoding': 'gzip', 'x-xss-protection': '0', 'x-rate-limit-limit': '300', 'x-rate-limit-reset': '1638811368', 'content-disposition': 'attachment; filename=json.json', 'x-content-type-options': 'nosniff', 'x-rate-limit-remaining': '297', 'strict-transport-security': 'max-age=631138519', 'x-response-time': '151', 'x-connection-hash': '7146eb53133d1d1d1807d7163e208455a56837bc1afb75ba0ee0a2ea5ecaa150'}
Content: b'{"data":{"username":"adeunisrf","name":"adeunis\xc2\xae","id":"607380408","created_at":"2012-06-13T15:23:45.000Z"}}'
2021-12-06 18:07:49,629 WARNING :: Requesting users | getting adeunisrf
2021-12-06 18:07:49,630 DEBUG :: Making API request: GET https://api.twitter.com/2/users/by/username/proactis
Parameters: {'user.fields': 'created_at'}
Headers: {'User-Agent': 'Python/3.8.9 Requests/2.26.0 Tweepy/4.4.0', 'Authorization': 'Bearer AAAAAAAAAAAAAAAAAAAAAH68VwEAAAAA5DWkqX14lSgqQ2yid9RQhbV1meM%3D8jgI64BX4l8WPDrbahnwKYJFb1Hn9MMz85L2YNPQGGT3bfbSdv'}
Body: None
2021-12-06 18:07:49,632 DEBUG :: Starting new HTTPS connection (1): api.twitter.com:443
2021-12-06 18:07:49,864 DEBUG :: https://api.twitter.com:443 "GET /2/users/by/username/proactis?user.fields=created_at HTTP/1.1" 200 114
2021-12-06 18:07:49,865 DEBUG :: Received API response: 200 OK
Headers: {'date': 'Mon, 06 Dec 2021 17:07:49 UTC', 'server': 'tsa_f', 'set-cookie': 'guest_id_marketing=v1%3A163881046905259444; Max-Age=63072000; Expires=Wed, 06 Dec 2023 17:07:49 GMT; Path=/; Domain=.twitter.com; Secure; SameSite=None, guest_id_ads=v1%3A163881046905259444; Max-Age=63072000; Expires=Wed, 06 Dec 2023 17:07:49 GMT; Path=/; Domain=.twitter.com; Secure; SameSite=None, personalization_id="v1_iBFLX5lsvcTARqSkcKITAw=="; Max-Age=63072000; Expires=Wed, 06 Dec 2023 17:07:49 GMT; Path=/; Domain=.twitter.com; Secure; SameSite=None, guest_id=v1%3A163881046905259444; Max-Age=63072000; Expires=Wed, 06 Dec 2023 17:07:49 GMT; Path=/; Domain=.twitter.com; Secure; SameSite=None', 'api-version': '2.31', 'content-type': 'application/json; charset=utf-8', 'cache-control': 'no-cache, no-store, max-age=0', 'content-length': '114', 'x-access-level': 'read', 'x-frame-options': 'SAMEORIGIN', 'content-encoding': 'gzip', 'x-xss-protection': '0', 'x-rate-limit-limit': '300', 'x-rate-limit-reset': '1638811368', 'content-disposition': 'attachment; filename=json.json', 'x-content-type-options': 'nosniff', 'x-rate-limit-remaining': '296', 'strict-transport-security': 'max-age=631138519', 'x-response-time': '137', 'x-connection-hash': '0209ee177f8a43c550315e9b6fb9dd0fe6194dbfdbb6a5269a2028a027f2b627'}
Content: b'{"data":{"id":"51016657","created_at":"2009-06-26T11:13:19.000Z","name":"Proactis","username":"proactis"}}'
2021-12-06 18:07:49,866 WARNING :: Requesting users | getting proactis
2021-12-06 18:07:49,868 DEBUG :: Making API request: GET https://api.twitter.com/2/users/by/username/ProactisBenelux
Parameters: {'user.fields': 'created_at'}
Headers: {'User-Agent': 'Python/3.8.9 Requests/2.26.0 Tweepy/4.4.0', 'Authorization': 'Bearer AAAAAAAAAAAAAAAAAAAAAH68VwEAAAAA5DWkqX14lSgqQ2yid9RQhbV1meM%3D8jgI64BX4l8WPDrbahnwKYJFb1Hn9MMz85L2YNPQGGT3bfbSdv'}
Body: None
2021-12-06 18:07:49,870 DEBUG :: Starting new HTTPS connection (1): api.twitter.com:443
2021-12-06 18:07:50,091 DEBUG :: https://api.twitter.com:443 "GET /2/users/by/username/ProactisBenelux?user.fields=created_at HTTP/1.1" 200 122
2021-12-06 18:07:50,092 DEBUG :: Received API response: 200 OK
Headers: {'date': 'Mon, 06 Dec 2021 17:07:49 UTC', 'server': 'tsa_f', 'set-cookie': 'guest_id_marketing=v1%3A163881046928353019; Max-Age=63072000; Expires=Wed, 06 Dec 2023 17:07:49 GMT; Path=/; Domain=.twitter.com; Secure; SameSite=None, guest_id_ads=v1%3A163881046928353019; Max-Age=63072000; Expires=Wed, 06 Dec 2023 17:07:49 GMT; Path=/; Domain=.twitter.com; Secure; SameSite=None, personalization_id="v1_aliUm70pWA0ncZrrzUwMfA=="; Max-Age=63072000; Expires=Wed, 06 Dec 2023 17:07:49 GMT; Path=/; Domain=.twitter.com; Secure; SameSite=None, guest_id=v1%3A163881046928353019; Max-Age=63072000; Expires=Wed, 06 Dec 2023 17:07:49 GMT; Path=/; Domain=.twitter.com; Secure; SameSite=None', 'api-version': '2.31', 'content-type': 'application/json; charset=utf-8', 'cache-control': 'no-cache, no-store, max-age=0', 'content-length': '122', 'x-access-level': 'read', 'x-frame-options': 'SAMEORIGIN', 'content-encoding': 'gzip', 'x-xss-protection': '0', 'x-rate-limit-limit': '300', 'x-rate-limit-reset': '1638811368', 'content-disposition': 'attachment; filename=json.json', 'x-content-type-options': 'nosniff', 'x-rate-limit-remaining': '295', 'strict-transport-security': 'max-age=631138519', 'x-response-time': '134', 'x-connection-hash': '287425f01a7e95e682a89c4bc7f5d1b588dba634bd3b3c93fd2721c6e0d1e3ff'}
Content: b'{"data":{"name":"ProactisBenelux","created_at":"2015-06-13T09:54:13.000Z","id":"3322732175","username":"ProactisBenelux"}}'
2021-12-06 18:07:50,092 WARNING :: Requesting users | getting ProactisBenelux
2021-12-06 18:07:50,093 DEBUG :: Making API request: GET https://api.twitter.com/2/users/by/username/HydrogenCouncil
Parameters: {'user.fields': 'created_at'}
Headers: {'User-Agent': 'Python/3.8.9 Requests/2.26.0 Tweepy/4.4.0', 'Authorization': 'Bearer AAAAAAAAAAAAAAAAAAAAAH68VwEAAAAA5DWkqX14lSgqQ2yid9RQhbV1meM%3D8jgI64BX4l8WPDrbahnwKYJFb1Hn9MMz85L2YNPQGGT3bfbSdv'}
Body: None
2021-12-06 18:07:50,095 DEBUG :: Starting new HTTPS connection (1): api.twitter.com:443
2021-12-06 18:07:50,324 DEBUG :: https://api.twitter.com:443 "GET /2/users/by/username/HydrogenCouncil?user.fields=created_at HTTP/1.1" 200 133
2021-12-06 18:07:50,326 DEBUG :: Received API response: 200 OK
Headers: {'date': 'Mon, 06 Dec 2021 17:07:49 UTC', 'server': 'tsa_f', 'set-cookie': 'guest_id_marketing=v1%3A163881046951437665; Max-Age=63072000; Expires=Wed, 06 Dec 2023 17:07:49 GMT; Path=/; Domain=.twitter.com; Secure; SameSite=None, guest_id_ads=v1%3A163881046951437665; Max-Age=63072000; Expires=Wed, 06 Dec 2023 17:07:49 GMT; Path=/; Domain=.twitter.com; Secure; SameSite=None, personalization_id="v1_9HJYo+GN3bJDRa1inFZzIQ=="; Max-Age=63072000; Expires=Wed, 06 Dec 2023 17:07:49 GMT; Path=/; Domain=.twitter.com; Secure; SameSite=None, guest_id=v1%3A163881046951437665; Max-Age=63072000; Expires=Wed, 06 Dec 2023 17:07:49 GMT; Path=/; Domain=.twitter.com; Secure; SameSite=None', 'api-version': '2.31', 'content-type': 'application/json; charset=utf-8', 'cache-control': 'no-cache, no-store, max-age=0', 'content-length': '133', 'x-access-level': 'read', 'x-frame-options': 'SAMEORIGIN', 'content-encoding': 'gzip', 'x-xss-protection': '0', 'x-rate-limit-limit': '300', 'x-rate-limit-reset': '1638811368', 'content-disposition': 'attachment; filename=json.json', 'x-content-type-options': 'nosniff', 'x-rate-limit-remaining': '294', 'strict-transport-security': 'max-age=631138519', 'x-response-time': '136', 'x-connection-hash': '8ce1cb42695a14f1e8b7357af131aec280fcd1f747dc714d2fd14cbc56239199'}
Content: b'{"data":{"created_at":"2017-05-18T13:35:41.000Z","id":"865199209896701952","username":"HydrogenCouncil","name":"Hydrogen Council"}}'
2021-12-06 18:07:50,326 WARNING :: Requesting users | getting HydrogenCouncil
2021-12-06 18:07:50,327 DEBUG :: Making API request: GET https://api.twitter.com/2/users/by/username/iORGA_GROUP
Parameters: {'user.fields': 'created_at'}
Headers: {'User-Agent': 'Python/3.8.9 Requests/2.26.0 Tweepy/4.4.0', 'Authorization': 'Bearer AAAAAAAAAAAAAAAAAAAAAH68VwEAAAAA5DWkqX14lSgqQ2yid9RQhbV1meM%3D8jgI64BX4l8WPDrbahnwKYJFb1Hn9MMz85L2YNPQGGT3bfbSdv'}
Body: None
2021-12-06 18:07:50,329 DEBUG :: Starting new HTTPS connection (1): api.twitter.com:443
2021-12-06 18:07:50,562 DEBUG :: https://api.twitter.com:443 "GET /2/users/by/username/iORGA_GROUP?user.fields=created_at HTTP/1.1" 200 125
2021-12-06 18:07:50,563 DEBUG :: Received API response: 200 OK
Headers: {'date': 'Mon, 06 Dec 2021 17:07:49 UTC', 'server': 'tsa_f', 'set-cookie': 'guest_id_marketing=v1%3A163881046975582070; Max-Age=63072000; Expires=Wed, 06 Dec 2023 17:07:49 GMT; Path=/; Domain=.twitter.com; Secure; SameSite=None, guest_id_ads=v1%3A163881046975582070; Max-Age=63072000; Expires=Wed, 06 Dec 2023 17:07:49 GMT; Path=/; Domain=.twitter.com; Secure; SameSite=None, personalization_id="v1_9P6uEo3bmyk89zydTkPeew=="; Max-Age=63072000; Expires=Wed, 06 Dec 2023 17:07:49 GMT; Path=/; Domain=.twitter.com; Secure; SameSite=None, guest_id=v1%3A163881046975582070; Max-Age=63072000; Expires=Wed, 06 Dec 2023 17:07:49 GMT; Path=/; Domain=.twitter.com; Secure; SameSite=None', 'api-version': '2.31', 'content-type': 'application/json; charset=utf-8', 'cache-control': 'no-cache, no-store, max-age=0', 'content-length': '125', 'x-access-level': 'read', 'x-frame-options': 'SAMEORIGIN', 'content-encoding': 'gzip', 'x-xss-protection': '0', 'x-rate-limit-limit': '300', 'x-rate-limit-reset': '1638811368', 'content-disposition': 'attachment; filename=json.json', 'x-content-type-options': 'nosniff', 'x-rate-limit-remaining': '293', 'strict-transport-security': 'max-age=631138519', 'x-response-time': '134', 'x-connection-hash': 'ba03e844a622a24b9bf840ab69f32d95909bffd6219c10c8d345f855d2ccf940'}
Content: b'{"data":{"id":"171093845","created_at":"2010-07-26T14:58:39.000Z","name":"iORGA Group","username":"iORGA_GROUP"}}'
2021-12-06 18:07:50,563 WARNING :: Requesting users | getting iORGA_GROUP
2021-12-06 18:07:50,565 DEBUG :: Making API request: GET https://api.twitter.com/2/users/by/username/BlockchainXdev
Parameters: {'user.fields': 'created_at'}
Headers: {'User-Agent': 'Python/3.8.9 Requests/2.26.0 Tweepy/4.4.0', 'Authorization': 'Bearer AAAAAAAAAAAAAAAAAAAAAH68VwEAAAAA5DWkqX14lSgqQ2yid9RQhbV1meM%3D8jgI64BX4l8WPDrbahnwKYJFb1Hn9MMz85L2YNPQGGT3bfbSdv'}
Body: None
2021-12-06 18:07:50,566 DEBUG :: Starting new HTTPS connection (1): api.twitter.com:443
2021-12-06 18:07:50,786 DEBUG :: https://api.twitter.com:443 "GET /2/users/by/username/BlockchainXdev?user.fields=created_at HTTP/1.1" 200 138
2021-12-06 18:07:50,787 DEBUG :: Received API response: 200 OK
Headers: {'date': 'Mon, 06 Dec 2021 17:07:50 UTC', 'server': 'tsa_f', 'set-cookie': 'guest_id_marketing=v1%3A163881046998140977; Max-Age=63072000; Expires=Wed, 06 Dec 2023 17:07:50 GMT; Path=/; Domain=.twitter.com; Secure; SameSite=None, guest_id_ads=v1%3A163881046998140977; Max-Age=63072000; Expires=Wed, 06 Dec 2023 17:07:50 GMT; Path=/; Domain=.twitter.com; Secure; SameSite=None, personalization_id="v1_e8CQbi5dwEeFglqK1OijDA=="; Max-Age=63072000; Expires=Wed, 06 Dec 2023 17:07:50 GMT; Path=/; Domain=.twitter.com; Secure; SameSite=None, guest_id=v1%3A163881046998140977; Max-Age=63072000; Expires=Wed, 06 Dec 2023 17:07:50 GMT; Path=/; Domain=.twitter.com; Secure; SameSite=None', 'api-version': '2.31', 'content-type': 'application/json; charset=utf-8', 'cache-control': 'no-cache, no-store, max-age=0', 'content-length': '138', 'x-access-level': 'read', 'x-frame-options': 'SAMEORIGIN', 'content-encoding': 'gzip', 'x-xss-protection': '0', 'x-rate-limit-limit': '300', 'x-rate-limit-reset': '1638811368', 'content-disposition': 'attachment; filename=json.json', 'x-content-type-options': 'nosniff', 'x-rate-limit-remaining': '292', 'strict-transport-security': 'max-age=631138519', 'x-response-time': '130', 'x-connection-hash': 'f80203bf0c67bacd2141c7a98d37d5127541499f7a843af918ed5e54186b788d'}
Content: b'{"data":{"created_at":"2018-09-10T12:13:24.000Z","username":"BlockchainXdev","id":"1039124681914236928","name":"The Blockchain Xdev"}}'
2021-12-06 18:07:50,788 WARNING :: Requesting users | getting BlockchainXdev
2021-12-06 18:07:50,789 DEBUG :: Making API request: GET https://api.twitter.com/2/users/by/username/AvenirTelecomfr
Parameters: {'user.fields': 'created_at'}
Headers: {'User-Agent': 'Python/3.8.9 Requests/2.26.0 Tweepy/4.4.0', 'Authorization': 'Bearer AAAAAAAAAAAAAAAAAAAAAH68VwEAAAAA5DWkqX14lSgqQ2yid9RQhbV1meM%3D8jgI64BX4l8WPDrbahnwKYJFb1Hn9MMz85L2YNPQGGT3bfbSdv'}
Body: None
2021-12-06 18:07:50,790 DEBUG :: Starting new HTTPS connection (1): api.twitter.com:443
2021-12-06 18:07:51,014 DEBUG :: https://api.twitter.com:443 "GET /2/users/by/username/AvenirTelecomfr?user.fields=created_at HTTP/1.1" 200 132
2021-12-06 18:07:51,016 DEBUG :: Received API response: 200 OK
Headers: {'date': 'Mon, 06 Dec 2021 17:07:50 UTC', 'server': 'tsa_f', 'set-cookie': 'guest_id_marketing=v1%3A163881047020851588; Max-Age=63072000; Expires=Wed, 06 Dec 2023 17:07:50 GMT; Path=/; Domain=.twitter.com; Secure; SameSite=None, guest_id_ads=v1%3A163881047020851588; Max-Age=63072000; Expires=Wed, 06 Dec 2023 17:07:50 GMT; Path=/; Domain=.twitter.com; Secure; SameSite=None, personalization_id="v1_mRb0yOeO1X3vKUQSg+Ejfw=="; Max-Age=63072000; Expires=Wed, 06 Dec 2023 17:07:50 GMT; Path=/; Domain=.twitter.com; Secure; SameSite=None, guest_id=v1%3A163881047020851588; Max-Age=63072000; Expires=Wed, 06 Dec 2023 17:07:50 GMT; Path=/; Domain=.twitter.com; Secure; SameSite=None', 'api-version': '2.31', 'content-type': 'application/json; charset=utf-8', 'cache-control': 'no-cache, no-store, max-age=0', 'content-length': '132', 'x-access-level': 'read', 'x-frame-options': 'SAMEORIGIN', 'content-encoding': 'gzip', 'x-xss-protection': '0', 'x-rate-limit-limit': '300', 'x-rate-limit-reset': '1638811368', 'content-disposition': 'attachment; filename=json.json', 'x-content-type-options': 'nosniff', 'x-rate-limit-remaining': '291', 'strict-transport-security': 'max-age=631138519', 'x-response-time': '134', 'x-connection-hash': '7d73503966f050a4646a1d6b51220f203beee0b58be883a5fad4e4e8ec14fceb'}
Content: b'{"data":{"created_at":"2017-09-18T08:24:03.000Z","username":"AvenirTelecomfr","id":"909694493204647936","name":"Avenir Telecom"}}'
2021-12-06 18:07:51,016 WARNING :: Requesting users | getting AvenirTelecomfr
2021-12-06 18:07:51,131 DEBUG :: Making API request: GET https://api.twitter.com/2/users/995743130250088448/tweets
Parameters: {'max_results': 5, 'tweet.fields': 'created_at', 'exclude': 'retweets'}
Headers: {'User-Agent': 'Python/3.8.9 Requests/2.26.0 Tweepy/4.4.0', 'Authorization': 'Bearer AAAAAAAAAAAAAAAAAAAAAH68VwEAAAAA5DWkqX14lSgqQ2yid9RQhbV1meM%3D8jgI64BX4l8WPDrbahnwKYJFb1Hn9MMz85L2YNPQGGT3bfbSdv'}
Body: None
2021-12-06 18:07:51,133 DEBUG :: Starting new HTTPS connection (1): api.twitter.com:443
2021-12-06 18:07:51,428 DEBUG :: https://api.twitter.com:443 "GET /2/users/995743130250088448/tweets?max_results=5&tweet.fields=created_at&exclude=retweets HTTP/1.1" 200 965
2021-12-06 18:07:51,430 DEBUG :: Received API response: 200 OK
Headers: {'date': 'Mon, 06 Dec 2021 17:07:50 UTC', 'server': 'tsa_f', 'set-cookie': 'guest_id_marketing=v1%3A163881047054549965; Max-Age=63072000; Expires=Wed, 06 Dec 2023 17:07:50 GMT; Path=/; Domain=.twitter.com; Secure; SameSite=None, guest_id_ads=v1%3A163881047054549965; Max-Age=63072000; Expires=Wed, 06 Dec 2023 17:07:50 GMT; Path=/; Domain=.twitter.com; Secure; SameSite=None, personalization_id="v1_j+6lhHHeIIfKty3VD3v+wg=="; Max-Age=63072000; Expires=Wed, 06 Dec 2023 17:07:50 GMT; Path=/; Domain=.twitter.com; Secure; SameSite=None, guest_id=v1%3A163881047054549965; Max-Age=63072000; Expires=Wed, 06 Dec 2023 17:07:50 GMT; Path=/; Domain=.twitter.com; Secure; SameSite=None', 'api-version': '2.31', 'content-type': 'application/json; charset=utf-8', 'cache-control': 'no-cache, no-store, max-age=0', 'content-length': '965', 'x-access-level': 'read', 'x-frame-options': 'SAMEORIGIN', 'content-encoding': 'gzip', 'x-xss-protection': '0', 'x-rate-limit-limit': '1500', 'x-rate-limit-reset': '1638811370', 'content-disposition': 'attachment; filename=json.json', 'x-content-type-options': 'nosniff', 'x-rate-limit-remaining': '1499', 'strict-transport-security': 'max-age=631138519', 'x-response-time': '208', 'x-connection-hash': '6485fbefcf3c63d28617ce41b14d5c1aa78e38bfcaf483ca177d29af0f018ddf'}
Content: b'{"data":[{"created_at":"2021-12-06T09:12:00.000Z","id":"1467783873572528135","text":"#V2X | Il n\'y a pas que nous qui parlons de l\'importance de l\'infrastructure dans le d\xc3\xa9ploiement des R\xc3\xa9seaux de Mobilit\xc3\xa9 Autonome mais cela a sans doute plus d\'influence car c\'est la t\xc3\xaate pensante de @Baidu_Inc qui lance un livre en Chine :\\nhttps://t.co/rvzbJ2bm6J"},{"created_at":"2021-12-06T08:20:19.000Z","id":"1467770866691973124","text":"#Vigie | D\xc3\xa9couvrez le dernier article de @b_beaudet  : Vigie beti S48 - Et si les Anglo-saxons s\'\xc3\xa9veillaient \xc3\xa0 la navette autonome ? https://t.co/QBk1IvVeh7 via @LinkedIn"},{"created_at":"2021-12-03T07:03:54.000Z","id":"1466664474744700932","text":"#Vision | C\'est vrai que sur un skateboard, on peut mettre ce que l\'on veut... Quand nous disons chez @berto_ia que le monde de la Montagne et du V\xc3\xa9hicule Autonome sont faits pour se rencontrer...\\npoke @p8vidal / @Pannekouckefabr \\nhttps://t.co/2Svz8f5OZo"},{"created_at":"2021-12-02T11:30:43.000Z","id":"1466369233957359626","text":"#LIVE | #CONNECTfleet intervention de @b_beaudet avec @Arval_France et @Navya_Group sur l\xe2\x80\x99opportunit\xc3\xa9 pour les gestionnaires de flottes d\xe2\x80\x99int\xc3\xa9grer la mobilit\xc3\xa9 autonome dans leurs strat\xc3\xa8gies notamment sur leurs sites priv\xc3\xa9s. https://t.co/YB363mS7a1"},{"created_at":"2021-12-02T08:32:28.000Z","id":"1466324374110326784","text":"#LIVE | #CONNECTfleet participation de @b_beaudet \xc3\xa0 l\xe2\x80\x99\xc3\xa9v\xc3\xa9nement pour parler en table ronde de la navette autonome avec @Navya_Group et @Arval_France \\uD83D\\uDE0A https://t.co/qSRbiMkmUu"}],"meta":{"oldest_id":"1466324374110326784","newest_id":"1467783873572528135","result_count":5,"next_token":"7140dibdnow9c7btw3z3axvrajuxozv3f9k8bardl3i9g"}}'
2021-12-06 18:07:51,432 WARNING :: Amount of tweets 3
2021-12-06 18:07:51,432 WARNING :: Recieved full data for 1 users
2021-12-06 18:07:51,433 WARNING :: Cleaning and Analising Tweets Tweets
2021-12-06 18:07:51,433 WARNING :: Analising Tweets Tweets
2021-12-06 18:07:51,463 DEBUG :: Making API request: GET https://api.twitter.com/2/users/87465794/tweets
Parameters: {'max_results': 5, 'tweet.fields': 'created_at', 'exclude': 'retweets'}
Headers: {'User-Agent': 'Python/3.8.9 Requests/2.26.0 Tweepy/4.4.0', 'Authorization': 'Bearer AAAAAAAAAAAAAAAAAAAAAH68VwEAAAAA5DWkqX14lSgqQ2yid9RQhbV1meM%3D8jgI64BX4l8WPDrbahnwKYJFb1Hn9MMz85L2YNPQGGT3bfbSdv'}
Body: None
2021-12-06 18:07:51,464 DEBUG :: Starting new HTTPS connection (1): api.twitter.com:443
2021-12-06 18:07:51,751 DEBUG :: https://api.twitter.com:443 "GET /2/users/87465794/tweets?max_results=5&tweet.fields=created_at&exclude=retweets HTTP/1.1" 200 627
2021-12-06 18:07:51,755 DEBUG :: Received API response: 200 OK
Headers: {'date': 'Mon, 06 Dec 2021 17:07:50 UTC', 'server': 'tsa_f', 'set-cookie': 'guest_id_marketing=v1%3A163881047088566357; Max-Age=63072000; Expires=Wed, 06 Dec 2023 17:07:50 GMT; Path=/; Domain=.twitter.com; Secure; SameSite=None, guest_id_ads=v1%3A163881047088566357; Max-Age=63072000; Expires=Wed, 06 Dec 2023 17:07:50 GMT; Path=/; Domain=.twitter.com; Secure; SameSite=None, personalization_id="v1_bCOHNFGyXvcvhkiqi/KFOA=="; Max-Age=63072000; Expires=Wed, 06 Dec 2023 17:07:50 GMT; Path=/; Domain=.twitter.com; Secure; SameSite=None, guest_id=v1%3A163881047088566357; Max-Age=63072000; Expires=Wed, 06 Dec 2023 17:07:50 GMT; Path=/; Domain=.twitter.com; Secure; SameSite=None', 'api-version': '2.31', 'content-type': 'application/json; charset=utf-8', 'cache-control': 'no-cache, no-store, max-age=0', 'content-length': '627', 'x-access-level': 'read', 'x-frame-options': 'SAMEORIGIN', 'content-encoding': 'gzip', 'x-xss-protection': '0', 'x-rate-limit-limit': '1500', 'x-rate-limit-reset': '1638811370', 'content-disposition': 'attachment; filename=json.json', 'x-content-type-options': 'nosniff', 'x-rate-limit-remaining': '1498', 'strict-transport-security': 'max-age=631138519', 'x-response-time': '192', 'x-connection-hash': '02f790eddcf20b1c3439cef2e663bf32c13f4daaa97246e6bfa8c58a9c28726b'}
Content: b'{"data":[{"created_at":"2021-12-06T15:06:47.000Z","id":"1467873157956702211","text":"@sdwoodford @PCMag \xe2\x9d\xa4\xef\xb8\x8f"},{"created_at":"2021-12-06T15:05:55.000Z","id":"1467872941840945154","text":"@BaseballGuys \\uD83C\\uDF82"},{"created_at":"2021-12-06T15:04:02.000Z","id":"1467872465175166976","text":"@ClassyGamingFun @TheAtari_VCS Great video!"},{"created_at":"2021-12-04T20:32:03.000Z","id":"1467230239713546246","text":"The holiday season is in full swing, and there\xe2\x80\x99s tons of Atari goodness to go around! \xe2\x9d\x84\xef\xb8\x8f\\uD83D\\uDE0A Find the perfect gift for the special people in your life at https://t.co/yjPMduMnFO. \\uD83C\\uDF81 https://t.co/BSpdjS06pj"},{"created_at":"2021-12-03T21:03:06.000Z","id":"1466875666285174794","text":"Did you hear the news? Atari 2600 games are back in style with the #AtariXP program! \\uD83D\\uDD79\\uD83E\\uDD2F Learn all about it from @PCMag: https://t.co/Q0pN3RFoox https://t.co/SnYNmT1xeK"}],"meta":{"oldest_id":"1466875666285174794","newest_id":"1467873157956702211","result_count":5,"next_token":"7140dibdnow9c7btw3z3axx9ga28n74ppckuilbz5xbg4"}}'
2021-12-06 18:07:51,756 WARNING :: Amount of tweets 7
2021-12-06 18:07:51,756 WARNING :: Recieved full data for 2 users
2021-12-06 18:07:51,756 WARNING :: Cleaning and Analising Tweets Tweets
2021-12-06 18:07:51,757 WARNING :: Analising Tweets Tweets
2021-12-06 18:07:51,757 DEBUG :: Making API request: GET https://api.twitter.com/2/users/607380408/tweets
Parameters: {'max_results': 5, 'tweet.fields': 'created_at', 'exclude': 'retweets'}
Headers: {'User-Agent': 'Python/3.8.9 Requests/2.26.0 Tweepy/4.4.0', 'Authorization': 'Bearer AAAAAAAAAAAAAAAAAAAAAH68VwEAAAAA5DWkqX14lSgqQ2yid9RQhbV1meM%3D8jgI64BX4l8WPDrbahnwKYJFb1Hn9MMz85L2YNPQGGT3bfbSdv'}
Body: None
2021-12-06 18:07:51,759 DEBUG :: Starting new HTTPS connection (1): api.twitter.com:443
2021-12-06 18:07:52,068 DEBUG :: https://api.twitter.com:443 "GET /2/users/607380408/tweets?max_results=5&tweet.fields=created_at&exclude=retweets HTTP/1.1" 200 998
2021-12-06 18:07:52,069 DEBUG :: Received API response: 200 OK
Headers: {'date': 'Mon, 06 Dec 2021 17:07:51 UTC', 'server': 'tsa_f', 'set-cookie': 'guest_id_marketing=v1%3A163881047117101149; Max-Age=63072000; Expires=Wed, 06 Dec 2023 17:07:51 GMT; Path=/; Domain=.twitter.com; Secure; SameSite=None, guest_id_ads=v1%3A163881047117101149; Max-Age=63072000; Expires=Wed, 06 Dec 2023 17:07:51 GMT; Path=/; Domain=.twitter.com; Secure; SameSite=None, personalization_id="v1_2YyRZegv8kMXXYsf1JdDcA=="; Max-Age=63072000; Expires=Wed, 06 Dec 2023 17:07:51 GMT; Path=/; Domain=.twitter.com; Secure; SameSite=None, guest_id=v1%3A163881047117101149; Max-Age=63072000; Expires=Wed, 06 Dec 2023 17:07:51 GMT; Path=/; Domain=.twitter.com; Secure; SameSite=None', 'api-version': '2.31', 'content-type': 'application/json; charset=utf-8', 'cache-control': 'no-cache, no-store, max-age=0', 'content-length': '998', 'x-access-level': 'read', 'x-frame-options': 'SAMEORIGIN', 'content-encoding': 'gzip', 'x-xss-protection': '0', 'x-rate-limit-limit': '1500', 'x-rate-limit-reset': '1638811370', 'content-disposition': 'attachment; filename=json.json', 'x-content-type-options': 'nosniff', 'x-rate-limit-remaining': '1497', 'strict-transport-security': 'max-age=631138519', 'x-response-time': '224', 'x-connection-hash': 'dc83c19a407b647b8a93e27eb52facab530e5ed7842a7764608805e2fa9118ae'}
Content: b'{"data":[{"created_at":"2021-11-23T15:52:50.000Z","id":"1463173705446604813","text":"\\uD83C\\uDFC6 Adeunis has obtained ISO 9001 certification!\\nThis certification rewards the high standards set for several years on quality management but also the work of the teams in the continuous improvement of processes.\\nCongrats to the teams who work every day to achieve excellence!"},{"created_at":"2021-11-16T16:05:03.000Z","id":"1460640063918948363","text":"\\uD83C\\uDF07 Adeunis is exhibiting at the @SmartCityexpo Barcelona from 16 to 18 November 2021 alongside @GrenobleAlpes and @businessfrance. #choosefrance"},{"created_at":"2021-10-28T15:22:54.000Z","id":"1453744087069335555","text":"Adeunis has the great honor of representing France at the Dubai World Expo, alongside @LaFrenchFab  and @businessfrance, during the fortnight entitled \\"Thinking about the smart cities and sustainable territories of tomorrow\\". It joins an innovative ecosystem. https://t.co/yUb9wqjIel"},{"created_at":"2021-09-09T15:00:37.000Z","id":"1435981474017185796","text":"Du 28 au 30 septembre 2021, nous serons pr\xc3\xa9sents au Salon H\'Expo, Parc des Expositions de Bordeaux aux c\xc3\xb4t\xc3\xa9s de nos partenaires #citron , #Dryas et #WIT pour pr\xc3\xa9senter aux bailleurs sociaux nos solutions compl\xc3\xa9mentaires de pilotage de la performance \xc3\xa9nerg\xc3\xa9tique des b\xc3\xa2timents ! https://t.co/FGw61KxfhI"},{"created_at":"2021-09-07T11:42:05.000Z","id":"1435206736881897476","text":"Vendredi @cedric_o \xc3\xa9tait dans nos locaux pour rencontrer nos \xc3\xa9quipes et \xc3\xa9changer autour du projet #5G ! https://t.co/ntasRi1tpQ"}],"meta":{"oldest_id":"1435206736881897476","newest_id":"1463173705446604813","result_count":5,"next_token":"7140dibdnow9c7btw3z21ewwilpkqbqxsqxnxac7blv06"}}'
2021-12-06 18:07:52,070 WARNING :: Amount of tweets 7
2021-12-06 18:07:52,070 WARNING :: Recieved full data for 3 users
2021-12-06 18:07:52,070 WARNING :: Cleaning and Analising Tweets Tweets
2021-12-06 18:07:52,070 WARNING :: Analising Tweets Tweets
2021-12-06 18:07:52,071 DEBUG :: Making API request: GET https://api.twitter.com/2/users/51016657/tweets
Parameters: {'max_results': 5, 'tweet.fields': 'created_at', 'exclude': 'retweets'}
Headers: {'User-Agent': 'Python/3.8.9 Requests/2.26.0 Tweepy/4.4.0', 'Authorization': 'Bearer AAAAAAAAAAAAAAAAAAAAAH68VwEAAAAA5DWkqX14lSgqQ2yid9RQhbV1meM%3D8jgI64BX4l8WPDrbahnwKYJFb1Hn9MMz85L2YNPQGGT3bfbSdv'}
Body: None
2021-12-06 18:07:52,073 DEBUG :: Starting new HTTPS connection (1): api.twitter.com:443
2021-12-06 18:07:52,359 DEBUG :: https://api.twitter.com:443 "GET /2/users/51016657/tweets?max_results=5&tweet.fields=created_at&exclude=retweets HTTP/1.1" 200 896
2021-12-06 18:07:52,360 DEBUG :: Received API response: 200 OK
Headers: {'date': 'Mon, 06 Dec 2021 17:07:51 UTC', 'server': 'tsa_f', 'set-cookie': 'guest_id_marketing=v1%3A163881047148723271; Max-Age=63072000; Expires=Wed, 06 Dec 2023 17:07:51 GMT; Path=/; Domain=.twitter.com; Secure; SameSite=None, guest_id_ads=v1%3A163881047148723271; Max-Age=63072000; Expires=Wed, 06 Dec 2023 17:07:51 GMT; Path=/; Domain=.twitter.com; Secure; SameSite=None, personalization_id="v1_XhMvgTyqI44tj6HOep0pKw=="; Max-Age=63072000; Expires=Wed, 06 Dec 2023 17:07:51 GMT; Path=/; Domain=.twitter.com; Secure; SameSite=None, guest_id=v1%3A163881047148723271; Max-Age=63072000; Expires=Wed, 06 Dec 2023 17:07:51 GMT; Path=/; Domain=.twitter.com; Secure; SameSite=None', 'api-version': '2.31', 'content-type': 'application/json; charset=utf-8', 'cache-control': 'no-cache, no-store, max-age=0', 'content-length': '896', 'x-access-level': 'read', 'x-frame-options': 'SAMEORIGIN', 'content-encoding': 'gzip', 'x-xss-protection': '0', 'x-rate-limit-limit': '1500', 'x-rate-limit-reset': '1638811370', 'content-disposition': 'attachment; filename=json.json', 'x-content-type-options': 'nosniff', 'x-rate-limit-remaining': '1496', 'strict-transport-security': 'max-age=631138519', 'x-response-time': '198', 'x-connection-hash': '9a5620007f7293ce300b54eb9524d053672d8b6e538333a4b5009f9a8cfc1fdb'}
Content: b'{"data":[{"created_at":"2021-12-03T10:29:48.000Z","id":"1466716290987565058","text":"Following a very successful online event, Proactis UK&amp;I #ReThink21 is now available for you to access on-demand.\\n\\nYou can watch recordings of our live sessions from speakers such as Peter Smith and Andrew Codd CGMA MBA - click here to access: https://t.co/YFdbEKUBzt"},{"created_at":"2021-12-01T10:33:29.000Z","id":"1465992441014759432","text":"Technology is playing a huge role in helping organisations manage ethical supply chains. \\n\\nFind out more - https://t.co/ocmUhPehHi"},{"created_at":"2021-11-29T12:54:28.000Z","id":"1465303146494840833","text":"Now is the time to manage your supplier relationships.\\n\\nWith Proactis you can build and maintain a strong supplier base by structuring and streamlining the entire supplier lifecycle.\\n\\nhttps://t.co/737Z4MPOnH"},{"created_at":"2021-11-26T12:10:20.000Z","id":"1464204873302478853","text":"Read more about how Louvre Hotels Group has chosen to deploy Proactis\' new procurement solution to its hotels in Europe as part of the Group\'s ERP deployment programme and strategic transformation plan. https://t.co/NY57g53VRM"},{"created_at":"2021-11-25T09:58:10.000Z","id":"1463809228083281925","text":"Here are the opportunities you shouldn\'t miss out on to achieve your capacity, talent and process goals. It\'s time to make an impact - https://t.co/nvmNQ40Gft"}],"meta":{"oldest_id":"1463809228083281925","newest_id":"1466716290987565058","result_count":5,"next_token":"7140dibdnow9c7btw3z3arj2poo6ga7gb47qfmlze1mid"}}'
2021-12-06 18:07:52,362 WARNING :: Amount of tweets 7
2021-12-06 18:07:52,364 WARNING :: Recieved full data for 4 users
2021-12-06 18:07:52,364 WARNING :: Cleaning and Analising Tweets Tweets
2021-12-06 18:07:52,364 WARNING :: Analising Tweets Tweets
2021-12-06 18:07:52,364 DEBUG :: Making API request: GET https://api.twitter.com/2/users/3322732175/tweets
Parameters: {'max_results': 5, 'tweet.fields': 'created_at', 'exclude': 'retweets'}
Headers: {'User-Agent': 'Python/3.8.9 Requests/2.26.0 Tweepy/4.4.0', 'Authorization': 'Bearer AAAAAAAAAAAAAAAAAAAAAH68VwEAAAAA5DWkqX14lSgqQ2yid9RQhbV1meM%3D8jgI64BX4l8WPDrbahnwKYJFb1Hn9MMz85L2YNPQGGT3bfbSdv'}
Body: None
2021-12-06 18:07:52,367 DEBUG :: Starting new HTTPS connection (1): api.twitter.com:443
2021-12-06 18:07:52,657 DEBUG :: https://api.twitter.com:443 "GET /2/users/3322732175/tweets?max_results=5&tweet.fields=created_at&exclude=retweets HTTP/1.1" 200 1125
2021-12-06 18:07:52,658 DEBUG :: Received API response: 200 OK
Headers: {'date': 'Mon, 06 Dec 2021 17:07:51 UTC', 'server': 'tsa_f', 'set-cookie': 'guest_id_marketing=v1%3A163881047177774077; Max-Age=63072000; Expires=Wed, 06 Dec 2023 17:07:51 GMT; Path=/; Domain=.twitter.com; Secure; SameSite=None, guest_id_ads=v1%3A163881047177774077; Max-Age=63072000; Expires=Wed, 06 Dec 2023 17:07:51 GMT; Path=/; Domain=.twitter.com; Secure; SameSite=None, personalization_id="v1_A+TkoRHzacdwxLlDx3EeIA=="; Max-Age=63072000; Expires=Wed, 06 Dec 2023 17:07:51 GMT; Path=/; Domain=.twitter.com; Secure; SameSite=None, guest_id=v1%3A163881047177774077; Max-Age=63072000; Expires=Wed, 06 Dec 2023 17:07:51 GMT; Path=/; Domain=.twitter.com; Secure; SameSite=None', 'api-version': '2.31', 'content-type': 'application/json; charset=utf-8', 'cache-control': 'no-cache, no-store, max-age=0', 'content-length': '1125', 'x-access-level': 'read', 'x-frame-options': 'SAMEORIGIN', 'content-encoding': 'gzip', 'x-xss-protection': '0', 'x-rate-limit-limit': '1500', 'x-rate-limit-reset': '1638811370', 'content-disposition': 'attachment; filename=json.json', 'x-content-type-options': 'nosniff', 'x-rate-limit-remaining': '1495', 'strict-transport-security': 'max-age=631138519', 'x-response-time': '204', 'x-connection-hash': '8b9bcc410ee9e7a84f23ac768fa57d091c5c1b7328d938fcafa054cf9c700389'}
Content: b'{"data":[{"created_at":"2020-10-26T11:59:56.000Z","id":"1320696661610516482","text":"Dank @ExecutiveFinan voor het interview!\\n \\nVerkort de verwerkingstijd van facturen en betaal u leveranciers eerder met Proactis P2P en Accelerated Payments. Door facturen sneller te betalen heb je direct impact op supplychain. https://t.co/43ifjs4Hj8"},{"created_at":"2020-06-05T11:00:58.000Z","id":"1268860359655534592","text":"Is P2P een oplossing voor:\\n\xe2\x9d\x94 Inkoop\\n\xe2\x9d\x94 Finance\\n\xe2\x9c\x94\xef\xb8\x8f All of the above\\n\\nTijdens de webinar: \\"What about P2P? Kick-start uw P2P project\\" zullen we ingaan op de noodzaak van P2P.\\n\\nBent u erbij? Meld u aan!\\n#P2P #Webinar \\n\\nhttps://t.co/HJswFCj0eZ https://t.co/l1Oztz2FtN"},{"created_at":"2020-05-11T13:12:04.000Z","id":"1259833653506592768","text":"\\uD83D\\uDCE2 Met trots presenteren wij u de Proactis Business Spend video!\\n\\nU kunt hier zien hoe Proactis u kan helpen om:\\n1. Inzage te verkrijgen in spend data\\n2. Naleving van inkoopbeleid te borgen\\n3. Kostenbesparing te realiseren\\n\\nhttps://t.co/F0WoLuX3FW"},{"created_at":"2020-05-08T08:02:47.000Z","id":"1258668658064228352","text":"In 3 stappen eenvoudig en effectief grip op uw contracten? Dat kan! Als u meer wilt weten over:\\n\\n\xe2\x96\xab\xef\xb8\x8f Nut en nootzaak van inzicht in contractdata\\n\xe2\x96\xab\xef\xb8\x8f CM als \\"quick win\\"\\n\xe2\x96\xab\xef\xb8\x8f De 3 stappen naar volledig inzicht\\n\\nMeld u aan voor de Contract Management Webinar!\\n\\nhttps://t.co/piLte28Spn https://t.co/oTvI5JAxJo"},{"created_at":"2020-04-17T13:20:11.000Z","id":"1251138389782429696","text":"Our home-based offices are filled with energy and we\'re proud of all our employees that are doing their utmost to continue \'business as usual\'!\\n\\nThank you all!\\n\\n#proactis #team #workfromhome #kanjers https://t.co/yV51xAz040"}],"meta":{"oldest_id":"1251138389782429696","newest_id":"1320696661610516482","result_count":5,"next_token":"7140dibdnow9c7btw3t3bpj6z343rrkpa3f8qccw0xoae"}}'
2021-12-06 18:07:52,659 WARNING :: Amount of tweets 7
2021-12-06 18:07:52,659 WARNING :: Recieved full data for 5 users
2021-12-06 18:07:52,659 WARNING :: Cleaning and Analising Tweets Tweets
2021-12-06 18:07:52,659 WARNING :: Analising Tweets Tweets
2021-12-06 18:07:52,660 DEBUG :: Making API request: GET https://api.twitter.com/2/users/865199209896701952/tweets
Parameters: {'max_results': 5, 'tweet.fields': 'created_at', 'exclude': 'retweets'}
Headers: {'User-Agent': 'Python/3.8.9 Requests/2.26.0 Tweepy/4.4.0', 'Authorization': 'Bearer AAAAAAAAAAAAAAAAAAAAAH68VwEAAAAA5DWkqX14lSgqQ2yid9RQhbV1meM%3D8jgI64BX4l8WPDrbahnwKYJFb1Hn9MMz85L2YNPQGGT3bfbSdv'}
Body: None
2021-12-06 18:07:52,662 DEBUG :: Starting new HTTPS connection (1): api.twitter.com:443
2021-12-06 18:07:52,967 DEBUG :: https://api.twitter.com:443 "GET /2/users/865199209896701952/tweets?max_results=5&tweet.fields=created_at&exclude=retweets HTTP/1.1" 200 1025
2021-12-06 18:07:52,968 DEBUG :: Received API response: 200 OK
Headers: {'date': 'Mon, 06 Dec 2021 17:07:52 UTC', 'server': 'tsa_f', 'set-cookie': 'guest_id_marketing=v1%3A163881047207527724; Max-Age=63072000; Expires=Wed, 06 Dec 2023 17:07:52 GMT; Path=/; Domain=.twitter.com; Secure; SameSite=None, guest_id_ads=v1%3A163881047207527724; Max-Age=63072000; Expires=Wed, 06 Dec 2023 17:07:52 GMT; Path=/; Domain=.twitter.com; Secure; SameSite=None, personalization_id="v1_+DrgJMKXotTmwr0muPHN/A=="; Max-Age=63072000; Expires=Wed, 06 Dec 2023 17:07:52 GMT; Path=/; Domain=.twitter.com; Secure; SameSite=None, guest_id=v1%3A163881047207527724; Max-Age=63072000; Expires=Wed, 06 Dec 2023 17:07:52 GMT; Path=/; Domain=.twitter.com; Secure; SameSite=None', 'api-version': '2.31', 'content-type': 'application/json; charset=utf-8', 'cache-control': 'no-cache, no-store, max-age=0', 'content-length': '1025', 'x-access-level': 'read', 'x-frame-options': 'SAMEORIGIN', 'content-encoding': 'gzip', 'x-xss-protection': '0', 'x-rate-limit-limit': '1500', 'x-rate-limit-reset': '1638811370', 'content-disposition': 'attachment; filename=json.json', 'x-content-type-options': 'nosniff', 'x-rate-limit-remaining': '1494', 'strict-transport-security': 'max-age=631138519', 'x-response-time': '217', 'x-connection-hash': '900beb10cbd294ed0a105e342174c38380ab28eeac77a772aaa81f6e8a56c597'}
Content: b'{"data":[{"created_at":"2021-12-06T13:17:05.000Z","id":"1467845551056113668","text":"#FCEV and #BEV have similarly low lifecycle emissions - scaled up #togetherfornetzero they can both have a great impact on reducing #transport emissions. \\n\\nRead our report on transportation \\uD83D\\uDC49 https://t.co/so5uOV4g0r https://t.co/PESCCOHlb2"},{"created_at":"2021-12-05T08:00:01.000Z","id":"1467403369954230273","text":"Whether at #COP26 with the Glasgow Breakthroughs and #H2Zero, during #EUHydrogenWeek, or through new initiatives by governments and companies, it is undeniable #hydrogen has taken Centre Stage in the #energy conversation.\\n\\nRead @noevanhulst\xe2\x80\x99s thoughts \\uD83D\\uDC47\\nhttps://t.co/HqInNNshC3"},{"created_at":"2021-12-03T16:26:56.000Z","id":"1466806166864994304","text":"At @Reuters\xe2\x80\x99 Hydrogen Economy Europe event, our Director for Policy &amp; Partnerships @daria_nvk outlined hydrogen\xe2\x80\x99s carbon abetment potential by 2030 and by 2050, as well as the policy tools needed to #KickstartHydrogen.\\n\\nhttps://t.co/eTxqAjFDko"},{"created_at":"2021-12-03T14:00:00.000Z","id":"1466769190359117829","text":"While #BEVs are efficient for passenger transportation, #FCEVs are optimal for vehicles with high power and energy demand such as heavy- and medium-duty vehicles.\\n\\nSee why both technologies are needed: https://t.co/so5uOV4g0r\\n#togetherfornetzero"},{"created_at":"2021-12-02T13:39:37.000Z","id":"1466401671106510849","text":"In our Policy Toolbox, we have identified 6\xe2\x83\xa3 pillars for efficient #policy design to encourage the scale-up of low carbon and #renewable #hydrogen.\\n\\nSee this and more in our latest report: https://t.co/c59GFEE3sA https://t.co/MOeWAKlKMz"}],"meta":{"oldest_id":"1466401671106510849","newest_id":"1467845551056113668","result_count":5,"next_token":"7140dibdnow9c7btw3z3axw1zxcnhiopreubebjo559h5"}}'
2021-12-06 18:07:52,969 WARNING :: Amount of tweets 7
2021-12-06 18:07:52,969 WARNING :: Recieved full data for 6 users
2021-12-06 18:07:52,970 WARNING :: Cleaning and Analising Tweets Tweets
2021-12-06 18:07:52,970 WARNING :: Analising Tweets Tweets
2021-12-06 18:07:52,970 DEBUG :: Making API request: GET https://api.twitter.com/2/users/171093845/tweets
Parameters: {'max_results': 5, 'tweet.fields': 'created_at', 'exclude': 'retweets'}
Headers: {'User-Agent': 'Python/3.8.9 Requests/2.26.0 Tweepy/4.4.0', 'Authorization': 'Bearer AAAAAAAAAAAAAAAAAAAAAH68VwEAAAAA5DWkqX14lSgqQ2yid9RQhbV1meM%3D8jgI64BX4l8WPDrbahnwKYJFb1Hn9MMz85L2YNPQGGT3bfbSdv'}
Body: None
2021-12-06 18:07:52,972 DEBUG :: Starting new HTTPS connection (1): api.twitter.com:443
2021-12-06 18:07:53,292 DEBUG :: https://api.twitter.com:443 "GET /2/users/171093845/tweets?max_results=5&tweet.fields=created_at&exclude=retweets HTTP/1.1" 200 1002
2021-12-06 18:07:53,294 DEBUG :: Received API response: 200 OK
Headers: {'date': 'Mon, 06 Dec 2021 17:07:52 UTC', 'server': 'tsa_f', 'set-cookie': 'guest_id_marketing=v1%3A163881047238806577; Max-Age=63072000; Expires=Wed, 06 Dec 2023 17:07:52 GMT; Path=/; Domain=.twitter.com; Secure; SameSite=None, guest_id_ads=v1%3A163881047238806577; Max-Age=63072000; Expires=Wed, 06 Dec 2023 17:07:52 GMT; Path=/; Domain=.twitter.com; Secure; SameSite=None, personalization_id="v1_Ch+BMjDtPfQWv7dTZ50Vjg=="; Max-Age=63072000; Expires=Wed, 06 Dec 2023 17:07:52 GMT; Path=/; Domain=.twitter.com; Secure; SameSite=None, guest_id=v1%3A163881047238806577; Max-Age=63072000; Expires=Wed, 06 Dec 2023 17:07:52 GMT; Path=/; Domain=.twitter.com; Secure; SameSite=None', 'api-version': '2.31', 'content-type': 'application/json; charset=utf-8', 'cache-control': 'no-cache, no-store, max-age=0', 'content-length': '1002', 'x-access-level': 'read', 'x-frame-options': 'SAMEORIGIN', 'content-encoding': 'gzip', 'x-xss-protection': '0', 'x-rate-limit-limit': '1500', 'x-rate-limit-reset': '1638811370', 'content-disposition': 'attachment; filename=json.json', 'x-content-type-options': 'nosniff', 'x-rate-limit-remaining': '1493', 'strict-transport-security': 'max-age=631138519', 'x-response-time': '230', 'x-connection-hash': '543ff737a18767c9575e4431b300f85c25a86477e91a6a980dda6dc72e5d154a'}
Content: b'{"data":[{"created_at":"2021-12-03T14:01:10.000Z","id":"1466769483402461192","text":"Il avait \xc3\xa9t\xc3\xa9 un des personnages de notre saga estivale \\"devoirs de vacances\\", le r\xc3\xb4le d\'un Chef de Projets au sein de notre Centre De Services de La D\xc3\xa9fense est pr\xc3\xa9sent\xc3\xa9, cette semaine par Lo\xc3\xafc. \\n@_ALTBG \\n@BrunoDamey  @__JPCS \\n#blockchain #developpement #agile https://t.co/wEMRjtVDIq"},{"created_at":"2021-11-30T23:43:29.000Z","id":"1465828863477436426","text":"Il y a plein de belles choses \xc3\xa0 r\xc3\xa9aliser avec les \xc3\xa9quipes @_ALTBG  ! L\'occasion de partager avec les \xc3\xa9quipes @iORGA_GROUP  l\'ambition TBG.\\nRejoignez-nous ! https://t.co/eRGhIa71zC"},{"created_at":"2021-11-30T23:42:38.000Z","id":"1465828651371569155","text":"Nouveau site dans l\'\xc3\xa9cosyst\xc3\xa8me @_ALTBG  ! Les \xc3\xa9quipes iORGA GROUP sont fi\xc3\xa8res de participer aux challenges relev\xc3\xa9s par la solution Eniblock et les architectures Blockchain ! https://t.co/bnBfX5pK6k"},{"created_at":"2021-11-24T22:54:35.000Z","id":"1463642231861043205","text":"200 postes \xc3\xa0 pouvoir en 2022 chez The Blockchain Group - N\'h\xc3\xa9sitez pas - il y a beaucoup de projets \xc3\xa0 r\xc3\xa9aliser, notamment avec les \xc3\xa9quipes IORGA Group ! Postulez !\\n\\nhttps://t.co/mdYPUiZCm6 \\n\\n@_ALTBG https://t.co/TFQg0iKcED"},{"created_at":"2021-11-19T14:58:08.000Z","id":"1461710388970598406","text":"Votre application m\xc3\xa9tier est-elle has been ? Faites le test : https://t.co/iZWzAotxuw \\nDiagnostiquez votre application m\xc3\xa9tier en 5 minutes. nos experts vous proposent un audit flash \xc3\xa0 l\xe2\x80\x99issue du test, pour identifier les am\xc3\xa9liorations \xc3\xa0 apporter ! \\n@BrunoDamey @__JPCS \\n@_ALTBG https://t.co/RDSKrtnzle"}],"meta":{"oldest_id":"1461710388970598406","newest_id":"1466769483402461192","result_count":5,"next_token":"7140dibdnow9c7btw3z3an9bo22t3upe46i3xtx7remgm"}}'
2021-12-06 18:07:53,295 WARNING :: Amount of tweets 7
2021-12-06 18:07:53,295 WARNING :: Recieved full data for 7 users
2021-12-06 18:07:53,295 WARNING :: Cleaning and Analising Tweets Tweets
2021-12-06 18:07:53,295 WARNING :: Analising Tweets Tweets
2021-12-06 18:07:53,296 DEBUG :: Making API request: GET https://api.twitter.com/2/users/1039124681914236928/tweets
Parameters: {'max_results': 5, 'tweet.fields': 'created_at', 'exclude': 'retweets'}
Headers: {'User-Agent': 'Python/3.8.9 Requests/2.26.0 Tweepy/4.4.0', 'Authorization': 'Bearer AAAAAAAAAAAAAAAAAAAAAH68VwEAAAAA5DWkqX14lSgqQ2yid9RQhbV1meM%3D8jgI64BX4l8WPDrbahnwKYJFb1Hn9MMz85L2YNPQGGT3bfbSdv'}
Body: None
2021-12-06 18:07:53,298 DEBUG :: Starting new HTTPS connection (1): api.twitter.com:443
2021-12-06 18:07:53,577 DEBUG :: https://api.twitter.com:443 "GET /2/users/1039124681914236928/tweets?max_results=5&tweet.fields=created_at&exclude=retweets HTTP/1.1" 200 259
2021-12-06 18:07:53,578 DEBUG :: Received API response: 200 OK
Headers: {'date': 'Mon, 06 Dec 2021 17:07:52 UTC', 'server': 'tsa_f', 'set-cookie': 'guest_id_marketing=v1%3A163881047272701752; Max-Age=63072000; Expires=Wed, 06 Dec 2023 17:07:52 GMT; Path=/; Domain=.twitter.com; Secure; SameSite=None, guest_id_ads=v1%3A163881047272701752; Max-Age=63072000; Expires=Wed, 06 Dec 2023 17:07:52 GMT; Path=/; Domain=.twitter.com; Secure; SameSite=None, personalization_id="v1_AqiWQDDmC6NwlZeTPimQ2Q=="; Max-Age=63072000; Expires=Wed, 06 Dec 2023 17:07:52 GMT; Path=/; Domain=.twitter.com; Secure; SameSite=None, guest_id=v1%3A163881047272701752; Max-Age=63072000; Expires=Wed, 06 Dec 2023 17:07:52 GMT; Path=/; Domain=.twitter.com; Secure; SameSite=None', 'api-version': '2.31', 'content-type': 'application/json; charset=utf-8', 'cache-control': 'no-cache, no-store, max-age=0', 'content-length': '259', 'x-access-level': 'read', 'x-frame-options': 'SAMEORIGIN', 'content-encoding': 'gzip', 'x-xss-protection': '0', 'x-rate-limit-limit': '1500', 'x-rate-limit-reset': '1638811370', 'content-disposition': 'attachment; filename=json.json', 'x-content-type-options': 'nosniff', 'x-rate-limit-remaining': '1492', 'strict-transport-security': 'max-age=631138519', 'x-response-time': '175', 'x-connection-hash': '0eedf424aa7ae297264d85f9cd0b56678f7ac37dea9b9c7a7777d49bc3540dc6'}
Content: b'{"data":[{"created_at":"2019-02-22T11:18:32.000Z","id":"1098904870428524544","text":"https://t.co/uwVkBMFd39"},{"created_at":"2018-09-24T09:07:05.000Z","id":"1044151222494736384","text":"Les fondamentaux de la blockchain \xe2\x80\x93 SystemX Blog https://t.co/yLdxMxIMxz"}],"meta":{"oldest_id":"1044151222494736384","newest_id":"1098904870428524544","result_count":2}}'
2021-12-06 18:07:53,579 WARNING :: Amount of tweets 7
2021-12-06 18:07:53,579 WARNING :: Recieved full data for 8 users
2021-12-06 18:07:53,579 WARNING :: Cleaning and Analising Tweets Tweets
2021-12-06 18:07:53,579 WARNING :: Analising Tweets Tweets
