2021-12-05 20:53:58,291 DEBUG :: Making API request: GET https://api.twitter.com/2/users/by/username/berto_ia
Parameters: {'expansions': 'pinned_tweet_id', 'user.fields': 'created_at'}
Headers: {'User-Agent': 'Python/3.8.9 Requests/2.26.0 Tweepy/4.4.0', 'Authorization': 'Bearer AAAAAAAAAAAAAAAAAAAAAH68VwEAAAAA5DWkqX14lSgqQ2yid9RQhbV1meM%3D8jgI64BX4l8WPDrbahnwKYJFb1Hn9MMz85L2YNPQGGT3bfbSdv'}
Body: None
2021-12-05 20:53:58,298 DEBUG :: Starting new HTTPS connection (1): api.twitter.com:443
2021-12-05 20:53:58,607 DEBUG :: https://api.twitter.com:443 "GET /2/users/by/username/berto_ia?expansions=pinned_tweet_id&user.fields=created_at HTTP/1.1" 200 138
2021-12-05 20:53:58,617 DEBUG :: Received API response: 200 OK
Headers: {'date': 'Sun, 05 Dec 2021 19:53:57 UTC', 'server': 'tsa_f', 'set-cookie': 'guest_id_marketing=v1%3A163873403744558987; Max-Age=63072000; Expires=Tue, 05 Dec 2023 19:53:57 GMT; Path=/; Domain=.twitter.com; Secure; SameSite=None, guest_id_ads=v1%3A163873403744558987; Max-Age=63072000; Expires=Tue, 05 Dec 2023 19:53:57 GMT; Path=/; Domain=.twitter.com; Secure; SameSite=None, personalization_id="v1_iC3q2QgyI10cSLzGSTreSg=="; Max-Age=63072000; Expires=Tue, 05 Dec 2023 19:53:57 GMT; Path=/; Domain=.twitter.com; Secure; SameSite=None, guest_id=v1%3A163873403744558987; Max-Age=63072000; Expires=Tue, 05 Dec 2023 19:53:57 GMT; Path=/; Domain=.twitter.com; Secure; SameSite=None', 'api-version': '2.31', 'content-type': 'application/json; charset=utf-8', 'cache-control': 'no-cache, no-store, max-age=0', 'content-length': '138', 'x-access-level': 'read', 'x-frame-options': 'SAMEORIGIN', 'content-encoding': 'gzip', 'x-xss-protection': '0', 'x-rate-limit-limit': '300', 'x-rate-limit-reset': '1638734937', 'content-disposition': 'attachment; filename=json.json', 'x-content-type-options': 'nosniff', 'x-rate-limit-remaining': '299', 'strict-transport-security': 'max-age=631138519', 'x-response-time': '176', 'x-connection-hash': 'be9f54e7a6e2018fa565e6724e357e2308396cbf0dae8e5cdf3145c3c798a6aa'}
Content: b'{"data":{"id":"995743130250088448","created_at":"2018-05-13T19:10:37.000Z","name":"bertolami Navette Autonome","username":"berto_ia"}}'
2021-12-05 20:53:58,622 WARNING :: Requesting users | getting berto_ia
2021-12-05 20:53:58,625 DEBUG :: Making API request: GET https://api.twitter.com/2/users/by/username/atari
Parameters: {'expansions': 'pinned_tweet_id', 'user.fields': 'created_at'}
Headers: {'User-Agent': 'Python/3.8.9 Requests/2.26.0 Tweepy/4.4.0', 'Authorization': 'Bearer AAAAAAAAAAAAAAAAAAAAAH68VwEAAAAA5DWkqX14lSgqQ2yid9RQhbV1meM%3D8jgI64BX4l8WPDrbahnwKYJFb1Hn9MMz85L2YNPQGGT3bfbSdv'}
Body: None
2021-12-05 20:53:58,626 DEBUG :: Starting new HTTPS connection (1): api.twitter.com:443
2021-12-05 20:53:58,845 DEBUG :: https://api.twitter.com:443 "GET /2/users/by/username/atari?expansions=pinned_tweet_id&user.fields=created_at HTTP/1.1" 200 111
2021-12-05 20:53:58,847 DEBUG :: Received API response: 200 OK
Headers: {'date': 'Sun, 05 Dec 2021 19:53:57 UTC', 'server': 'tsa_f', 'set-cookie': 'guest_id_marketing=v1%3A163873403772088765; Max-Age=63072000; Expires=Tue, 05 Dec 2023 19:53:57 GMT; Path=/; Domain=.twitter.com; Secure; SameSite=None, guest_id_ads=v1%3A163873403772088765; Max-Age=63072000; Expires=Tue, 05 Dec 2023 19:53:57 GMT; Path=/; Domain=.twitter.com; Secure; SameSite=None, personalization_id="v1_hldsk8PXDcyMsl8X7XpTZw=="; Max-Age=63072000; Expires=Tue, 05 Dec 2023 19:53:57 GMT; Path=/; Domain=.twitter.com; Secure; SameSite=None, guest_id=v1%3A163873403772088765; Max-Age=63072000; Expires=Tue, 05 Dec 2023 19:53:57 GMT; Path=/; Domain=.twitter.com; Secure; SameSite=None', 'api-version': '2.31', 'content-type': 'application/json; charset=utf-8', 'cache-control': 'no-cache, no-store, max-age=0', 'content-length': '111', 'x-access-level': 'read', 'x-frame-options': 'SAMEORIGIN', 'content-encoding': 'gzip', 'x-xss-protection': '0', 'x-rate-limit-limit': '300', 'x-rate-limit-reset': '1638734937', 'content-disposition': 'attachment; filename=json.json', 'x-content-type-options': 'nosniff', 'x-rate-limit-remaining': '298', 'strict-transport-security': 'max-age=631138519', 'x-response-time': '133', 'x-connection-hash': '9267d96ec897243caea13931183a783bf4d91f60e926597899bef5e83e0a66bd'}
Content: b'{"data":{"name":"Atari","id":"87465794","username":"atari","created_at":"2009-11-04T15:44:42.000Z"}}'
2021-12-05 20:53:58,848 WARNING :: Requesting users | getting atari
2021-12-05 20:53:58,850 DEBUG :: Making API request: GET https://api.twitter.com/2/users/by/username/adeunisrf
Parameters: {'expansions': 'pinned_tweet_id', 'user.fields': 'created_at'}
Headers: {'User-Agent': 'Python/3.8.9 Requests/2.26.0 Tweepy/4.4.0', 'Authorization': 'Bearer AAAAAAAAAAAAAAAAAAAAAH68VwEAAAAA5DWkqX14lSgqQ2yid9RQhbV1meM%3D8jgI64BX4l8WPDrbahnwKYJFb1Hn9MMz85L2YNPQGGT3bfbSdv'}
Body: None
2021-12-05 20:53:58,852 DEBUG :: Starting new HTTPS connection (1): api.twitter.com:443
2021-12-05 20:53:59,076 DEBUG :: https://api.twitter.com:443 "GET /2/users/by/username/adeunisrf?expansions=pinned_tweet_id&user.fields=created_at HTTP/1.1" 200 118
2021-12-05 20:53:59,078 DEBUG :: Received API response: 200 OK
Headers: {'date': 'Sun, 05 Dec 2021 19:53:57 UTC', 'server': 'tsa_f', 'set-cookie': 'guest_id_marketing=v1%3A163873403794916863; Max-Age=63072000; Expires=Tue, 05 Dec 2023 19:53:57 GMT; Path=/; Domain=.twitter.com; Secure; SameSite=None, guest_id_ads=v1%3A163873403794916863; Max-Age=63072000; Expires=Tue, 05 Dec 2023 19:53:57 GMT; Path=/; Domain=.twitter.com; Secure; SameSite=None, personalization_id="v1_ki1ImmAuvg1QI4P/l8XgGw=="; Max-Age=63072000; Expires=Tue, 05 Dec 2023 19:53:57 GMT; Path=/; Domain=.twitter.com; Secure; SameSite=None, guest_id=v1%3A163873403794916863; Max-Age=63072000; Expires=Tue, 05 Dec 2023 19:53:57 GMT; Path=/; Domain=.twitter.com; Secure; SameSite=None', 'api-version': '2.31', 'content-type': 'application/json; charset=utf-8', 'cache-control': 'no-cache, no-store, max-age=0', 'content-length': '118', 'x-access-level': 'read', 'x-frame-options': 'SAMEORIGIN', 'content-encoding': 'gzip', 'x-xss-protection': '0', 'x-rate-limit-limit': '300', 'x-rate-limit-reset': '1638734937', 'content-disposition': 'attachment; filename=json.json', 'x-content-type-options': 'nosniff', 'x-rate-limit-remaining': '297', 'strict-transport-security': 'max-age=631138519', 'x-response-time': '135', 'x-connection-hash': 'd29755c9efa3dcbc43acec55ef0627241df478691fd5fe74938cbabc383aa6df'}
Content: b'{"data":{"id":"607380408","name":"adeunis\xc2\xae","created_at":"2012-06-13T15:23:45.000Z","username":"adeunisrf"}}'
2021-12-05 20:53:59,078 WARNING :: Requesting users | getting adeunisrf
2021-12-05 20:53:59,080 DEBUG :: Making API request: GET https://api.twitter.com/2/users/by/username/proactis
Parameters: {'expansions': 'pinned_tweet_id', 'user.fields': 'created_at'}
Headers: {'User-Agent': 'Python/3.8.9 Requests/2.26.0 Tweepy/4.4.0', 'Authorization': 'Bearer AAAAAAAAAAAAAAAAAAAAAH68VwEAAAAA5DWkqX14lSgqQ2yid9RQhbV1meM%3D8jgI64BX4l8WPDrbahnwKYJFb1Hn9MMz85L2YNPQGGT3bfbSdv'}
Body: None
2021-12-05 20:53:59,082 DEBUG :: Starting new HTTPS connection (1): api.twitter.com:443
2021-12-05 20:53:59,310 DEBUG :: https://api.twitter.com:443 "GET /2/users/by/username/proactis?expansions=pinned_tweet_id&user.fields=created_at HTTP/1.1" 200 116
2021-12-05 20:53:59,311 DEBUG :: Received API response: 200 OK
Headers: {'date': 'Sun, 05 Dec 2021 19:53:58 UTC', 'server': 'tsa_f', 'set-cookie': 'guest_id_marketing=v1%3A163873403818165576; Max-Age=63072000; Expires=Tue, 05 Dec 2023 19:53:58 GMT; Path=/; Domain=.twitter.com; Secure; SameSite=None, guest_id_ads=v1%3A163873403818165576; Max-Age=63072000; Expires=Tue, 05 Dec 2023 19:53:58 GMT; Path=/; Domain=.twitter.com; Secure; SameSite=None, personalization_id="v1_ZEgC7EcM2I3lTcDYu2fDjQ=="; Max-Age=63072000; Expires=Tue, 05 Dec 2023 19:53:58 GMT; Path=/; Domain=.twitter.com; Secure; SameSite=None, guest_id=v1%3A163873403818165576; Max-Age=63072000; Expires=Tue, 05 Dec 2023 19:53:58 GMT; Path=/; Domain=.twitter.com; Secure; SameSite=None', 'api-version': '2.31', 'content-type': 'application/json; charset=utf-8', 'cache-control': 'no-cache, no-store, max-age=0', 'content-length': '116', 'x-access-level': 'read', 'x-frame-options': 'SAMEORIGIN', 'content-encoding': 'gzip', 'x-xss-protection': '0', 'x-rate-limit-limit': '300', 'x-rate-limit-reset': '1638734937', 'content-disposition': 'attachment; filename=json.json', 'x-content-type-options': 'nosniff', 'x-rate-limit-remaining': '296', 'strict-transport-security': 'max-age=631138519', 'x-response-time': '132', 'x-connection-hash': 'dc139ee9e8c9fb3435baccf40e13569b42510dba89ed5daf27f140b5d59dd1fd'}
Content: b'{"data":{"name":"Proactis","id":"51016657","created_at":"2009-06-26T11:13:19.000Z","username":"proactis"}}'
2021-12-05 20:53:59,312 WARNING :: Requesting users | getting proactis
2021-12-05 20:53:59,313 DEBUG :: Making API request: GET https://api.twitter.com/2/users/by/username/ProactisBenelux
Parameters: {'expansions': 'pinned_tweet_id', 'user.fields': 'created_at'}
Headers: {'User-Agent': 'Python/3.8.9 Requests/2.26.0 Tweepy/4.4.0', 'Authorization': 'Bearer AAAAAAAAAAAAAAAAAAAAAH68VwEAAAAA5DWkqX14lSgqQ2yid9RQhbV1meM%3D8jgI64BX4l8WPDrbahnwKYJFb1Hn9MMz85L2YNPQGGT3bfbSdv'}
Body: None
2021-12-05 20:53:59,315 DEBUG :: Starting new HTTPS connection (1): api.twitter.com:443
2021-12-05 20:53:59,588 DEBUG :: https://api.twitter.com:443 "GET /2/users/by/username/ProactisBenelux?expansions=pinned_tweet_id&user.fields=created_at HTTP/1.1" 200 351
2021-12-05 20:53:59,590 DEBUG :: Received API response: 200 OK
Headers: {'date': 'Sun, 05 Dec 2021 19:53:58 UTC', 'server': 'tsa_f', 'set-cookie': 'guest_id_marketing=v1%3A163873403842146577; Max-Age=63072000; Expires=Tue, 05 Dec 2023 19:53:58 GMT; Path=/; Domain=.twitter.com; Secure; SameSite=None, guest_id_ads=v1%3A163873403842146577; Max-Age=63072000; Expires=Tue, 05 Dec 2023 19:53:58 GMT; Path=/; Domain=.twitter.com; Secure; SameSite=None, personalization_id="v1_scDwlqGbFmxBJAFxP77b3g=="; Max-Age=63072000; Expires=Tue, 05 Dec 2023 19:53:58 GMT; Path=/; Domain=.twitter.com; Secure; SameSite=None, guest_id=v1%3A163873403842146577; Max-Age=63072000; Expires=Tue, 05 Dec 2023 19:53:58 GMT; Path=/; Domain=.twitter.com; Secure; SameSite=None', 'api-version': '2.31', 'content-type': 'application/json; charset=utf-8', 'cache-control': 'no-cache, no-store, max-age=0', 'content-length': '351', 'x-access-level': 'read', 'x-frame-options': 'SAMEORIGIN', 'content-encoding': 'gzip', 'x-xss-protection': '0', 'x-rate-limit-limit': '300', 'x-rate-limit-reset': '1638734937', 'content-disposition': 'attachment; filename=json.json', 'x-content-type-options': 'nosniff', 'x-rate-limit-remaining': '295', 'strict-transport-security': 'max-age=631138519', 'x-response-time': '169', 'x-connection-hash': '006c0875547420fb36021296685aa738175947655d97ac175835b21e8dc3c36d'}
Content: b'{"data":{"username":"ProactisBenelux","pinned_tweet_id":"1259833653506592768","name":"ProactisBenelux","created_at":"2015-06-13T09:54:13.000Z","id":"3322732175"},"includes":{"tweets":[{"id":"1259833653506592768","text":"\\uD83D\\uDCE2 Met trots presenteren wij u de Proactis Business Spend video!\\n\\nU kunt hier zien hoe Proactis u kan helpen om:\\n1. Inzage te verkrijgen in spend data\\n2. Naleving van inkoopbeleid te borgen\\n3. Kostenbesparing te realiseren\\n\\nhttps://t.co/F0WoLuX3FW"}]}}'
2021-12-05 20:53:59,590 WARNING :: Requesting users | getting ProactisBenelux
2021-12-05 20:53:59,591 DEBUG :: Making API request: GET https://api.twitter.com/2/users/by/username/HydrogenCouncil
Parameters: {'expansions': 'pinned_tweet_id', 'user.fields': 'created_at'}
Headers: {'User-Agent': 'Python/3.8.9 Requests/2.26.0 Tweepy/4.4.0', 'Authorization': 'Bearer AAAAAAAAAAAAAAAAAAAAAH68VwEAAAAA5DWkqX14lSgqQ2yid9RQhbV1meM%3D8jgI64BX4l8WPDrbahnwKYJFb1Hn9MMz85L2YNPQGGT3bfbSdv'}
Body: None
2021-12-05 20:53:59,593 DEBUG :: Starting new HTTPS connection (1): api.twitter.com:443
2021-12-05 20:53:59,827 DEBUG :: https://api.twitter.com:443 "GET /2/users/by/username/HydrogenCouncil?expansions=pinned_tweet_id&user.fields=created_at HTTP/1.1" 200 133
2021-12-05 20:53:59,828 DEBUG :: Received API response: 200 OK
Headers: {'date': 'Sun, 05 Dec 2021 19:53:58 UTC', 'server': 'tsa_f', 'set-cookie': 'guest_id_marketing=v1%3A163873403869326045; Max-Age=63072000; Expires=Tue, 05 Dec 2023 19:53:58 GMT; Path=/; Domain=.twitter.com; Secure; SameSite=None, guest_id_ads=v1%3A163873403869326045; Max-Age=63072000; Expires=Tue, 05 Dec 2023 19:53:58 GMT; Path=/; Domain=.twitter.com; Secure; SameSite=None, personalization_id="v1_A3mlt8LW0ZF/UfvlK4Vsdg=="; Max-Age=63072000; Expires=Tue, 05 Dec 2023 19:53:58 GMT; Path=/; Domain=.twitter.com; Secure; SameSite=None, guest_id=v1%3A163873403869326045; Max-Age=63072000; Expires=Tue, 05 Dec 2023 19:53:58 GMT; Path=/; Domain=.twitter.com; Secure; SameSite=None', 'api-version': '2.31', 'content-type': 'application/json; charset=utf-8', 'cache-control': 'no-cache, no-store, max-age=0', 'content-length': '133', 'x-access-level': 'read', 'x-frame-options': 'SAMEORIGIN', 'content-encoding': 'gzip', 'x-xss-protection': '0', 'x-rate-limit-limit': '300', 'x-rate-limit-reset': '1638734937', 'content-disposition': 'attachment; filename=json.json', 'x-content-type-options': 'nosniff', 'x-rate-limit-remaining': '294', 'strict-transport-security': 'max-age=631138519', 'x-response-time': '142', 'x-connection-hash': '22c2e0dfbb078b77e8c1c2870d98e26360a4b94c208fc97e28398b34126412a5'}
Content: b'{"data":{"name":"Hydrogen Council","id":"865199209896701952","username":"HydrogenCouncil","created_at":"2017-05-18T13:35:41.000Z"}}'
2021-12-05 20:53:59,828 WARNING :: Requesting users | getting HydrogenCouncil
2021-12-05 20:53:59,829 DEBUG :: Making API request: GET https://api.twitter.com/2/users/by/username/iORGA_GROUP
Parameters: {'expansions': 'pinned_tweet_id', 'user.fields': 'created_at'}
Headers: {'User-Agent': 'Python/3.8.9 Requests/2.26.0 Tweepy/4.4.0', 'Authorization': 'Bearer AAAAAAAAAAAAAAAAAAAAAH68VwEAAAAA5DWkqX14lSgqQ2yid9RQhbV1meM%3D8jgI64BX4l8WPDrbahnwKYJFb1Hn9MMz85L2YNPQGGT3bfbSdv'}
Body: None
2021-12-05 20:53:59,831 DEBUG :: Starting new HTTPS connection (1): api.twitter.com:443
2021-12-05 20:54:00,056 DEBUG :: https://api.twitter.com:443 "GET /2/users/by/username/iORGA_GROUP?expansions=pinned_tweet_id&user.fields=created_at HTTP/1.1" 200 125
2021-12-05 20:54:00,057 DEBUG :: Received API response: 200 OK
Headers: {'date': 'Sun, 05 Dec 2021 19:53:58 UTC', 'server': 'tsa_f', 'set-cookie': 'guest_id_marketing=v1%3A163873403892935641; Max-Age=63072000; Expires=Tue, 05 Dec 2023 19:53:58 GMT; Path=/; Domain=.twitter.com; Secure; SameSite=None, guest_id_ads=v1%3A163873403892935641; Max-Age=63072000; Expires=Tue, 05 Dec 2023 19:53:58 GMT; Path=/; Domain=.twitter.com; Secure; SameSite=None, personalization_id="v1_R5JtbBsaEiijIobNp/ecQQ=="; Max-Age=63072000; Expires=Tue, 05 Dec 2023 19:53:58 GMT; Path=/; Domain=.twitter.com; Secure; SameSite=None, guest_id=v1%3A163873403892935641; Max-Age=63072000; Expires=Tue, 05 Dec 2023 19:53:58 GMT; Path=/; Domain=.twitter.com; Secure; SameSite=None', 'api-version': '2.31', 'content-type': 'application/json; charset=utf-8', 'cache-control': 'no-cache, no-store, max-age=0', 'content-length': '125', 'x-access-level': 'read', 'x-frame-options': 'SAMEORIGIN', 'content-encoding': 'gzip', 'x-xss-protection': '0', 'x-rate-limit-limit': '300', 'x-rate-limit-reset': '1638734937', 'content-disposition': 'attachment; filename=json.json', 'x-content-type-options': 'nosniff', 'x-rate-limit-remaining': '293', 'strict-transport-security': 'max-age=631138519', 'x-response-time': '139', 'x-connection-hash': 'a7cb3113c5c444bb507bf9c428524702facf0e7bc42c9476b0469def21bc68a8'}
Content: b'{"data":{"username":"iORGA_GROUP","created_at":"2010-07-26T14:58:39.000Z","id":"171093845","name":"iORGA Group"}}'
2021-12-05 20:54:00,057 WARNING :: Requesting users | getting iORGA_GROUP
2021-12-05 20:54:00,058 DEBUG :: Making API request: GET https://api.twitter.com/2/users/by/username/BlockchainXdev
Parameters: {'expansions': 'pinned_tweet_id', 'user.fields': 'created_at'}
Headers: {'User-Agent': 'Python/3.8.9 Requests/2.26.0 Tweepy/4.4.0', 'Authorization': 'Bearer AAAAAAAAAAAAAAAAAAAAAH68VwEAAAAA5DWkqX14lSgqQ2yid9RQhbV1meM%3D8jgI64BX4l8WPDrbahnwKYJFb1Hn9MMz85L2YNPQGGT3bfbSdv'}
Body: None
2021-12-05 20:54:00,060 DEBUG :: Starting new HTTPS connection (1): api.twitter.com:443
2021-12-05 20:54:00,289 DEBUG :: https://api.twitter.com:443 "GET /2/users/by/username/BlockchainXdev?expansions=pinned_tweet_id&user.fields=created_at HTTP/1.1" 200 135
2021-12-05 20:54:00,290 DEBUG :: Received API response: 200 OK
Headers: {'date': 'Sun, 05 Dec 2021 19:53:59 UTC', 'server': 'tsa_f', 'set-cookie': 'guest_id_marketing=v1%3A163873403916140153; Max-Age=63072000; Expires=Tue, 05 Dec 2023 19:53:59 GMT; Path=/; Domain=.twitter.com; Secure; SameSite=None, guest_id_ads=v1%3A163873403916140153; Max-Age=63072000; Expires=Tue, 05 Dec 2023 19:53:59 GMT; Path=/; Domain=.twitter.com; Secure; SameSite=None, personalization_id="v1_a5XDUSVsa3YYp1IQAljAyA=="; Max-Age=63072000; Expires=Tue, 05 Dec 2023 19:53:59 GMT; Path=/; Domain=.twitter.com; Secure; SameSite=None, guest_id=v1%3A163873403916140153; Max-Age=63072000; Expires=Tue, 05 Dec 2023 19:53:59 GMT; Path=/; Domain=.twitter.com; Secure; SameSite=None', 'api-version': '2.31', 'content-type': 'application/json; charset=utf-8', 'cache-control': 'no-cache, no-store, max-age=0', 'content-length': '135', 'x-access-level': 'read', 'x-frame-options': 'SAMEORIGIN', 'content-encoding': 'gzip', 'x-xss-protection': '0', 'x-rate-limit-limit': '300', 'x-rate-limit-reset': '1638734937', 'content-disposition': 'attachment; filename=json.json', 'x-content-type-options': 'nosniff', 'x-rate-limit-remaining': '292', 'strict-transport-security': 'max-age=631138519', 'x-response-time': '136', 'x-connection-hash': 'c6b8bfe8dbb598856a2b00c8ed61257f766db469ff70ffbe5b058ee1f3c1d3c7'}
Content: b'{"data":{"username":"BlockchainXdev","name":"The Blockchain Xdev","id":"1039124681914236928","created_at":"2018-09-10T12:13:24.000Z"}}'
2021-12-05 20:54:00,290 WARNING :: Requesting users | getting BlockchainXdev
2021-12-05 20:54:00,292 DEBUG :: Making API request: GET https://api.twitter.com/2/users/by/username/AvenirTelecomfr
Parameters: {'expansions': 'pinned_tweet_id', 'user.fields': 'created_at'}
Headers: {'User-Agent': 'Python/3.8.9 Requests/2.26.0 Tweepy/4.4.0', 'Authorization': 'Bearer AAAAAAAAAAAAAAAAAAAAAH68VwEAAAAA5DWkqX14lSgqQ2yid9RQhbV1meM%3D8jgI64BX4l8WPDrbahnwKYJFb1Hn9MMz85L2YNPQGGT3bfbSdv'}
Body: None
2021-12-05 20:54:00,293 DEBUG :: Starting new HTTPS connection (1): api.twitter.com:443
2021-12-05 20:54:00,669 DEBUG :: https://api.twitter.com:443 "GET /2/users/by/username/AvenirTelecomfr?expansions=pinned_tweet_id&user.fields=created_at HTTP/1.1" 200 132
2021-12-05 20:54:00,670 DEBUG :: Received API response: 200 OK
Headers: {'date': 'Sun, 05 Dec 2021 19:53:59 UTC', 'server': 'tsa_f', 'set-cookie': 'guest_id_marketing=v1%3A163873403952246657; Max-Age=63072000; Expires=Tue, 05 Dec 2023 19:53:59 GMT; Path=/; Domain=.twitter.com; Secure; SameSite=None, guest_id_ads=v1%3A163873403952246657; Max-Age=63072000; Expires=Tue, 05 Dec 2023 19:53:59 GMT; Path=/; Domain=.twitter.com; Secure; SameSite=None, personalization_id="v1_/ctjTzMrluDnnbRo9bQRyw=="; Max-Age=63072000; Expires=Tue, 05 Dec 2023 19:53:59 GMT; Path=/; Domain=.twitter.com; Secure; SameSite=None, guest_id=v1%3A163873403952246657; Max-Age=63072000; Expires=Tue, 05 Dec 2023 19:53:59 GMT; Path=/; Domain=.twitter.com; Secure; SameSite=None', 'api-version': '2.31', 'content-type': 'application/json; charset=utf-8', 'cache-control': 'no-cache, no-store, max-age=0', 'content-length': '132', 'x-access-level': 'read', 'x-frame-options': 'SAMEORIGIN', 'content-encoding': 'gzip', 'x-xss-protection': '0', 'x-rate-limit-limit': '300', 'x-rate-limit-reset': '1638734937', 'content-disposition': 'attachment; filename=json.json', 'x-content-type-options': 'nosniff', 'x-rate-limit-remaining': '291', 'strict-transport-security': 'max-age=631138519', 'x-response-time': '280', 'x-connection-hash': 'bb8157a665335ee52140693c2ac17a59566239d9658d3253b18e14dba4cc62dc'}
Content: b'{"data":{"created_at":"2017-09-18T08:24:03.000Z","username":"AvenirTelecomfr","id":"909694493204647936","name":"Avenir Telecom"}}'
2021-12-05 20:54:00,671 WARNING :: Requesting users | getting AvenirTelecomfr
2021-12-05 20:54:00,800 DEBUG :: Making API request: GET https://api.twitter.com/2/users/995743130250088448/tweets
Parameters: {'max_results': 5, 'tweet.fields': 'created_at', 'exclude': 'retweets'}
Headers: {'User-Agent': 'Python/3.8.9 Requests/2.26.0 Tweepy/4.4.0', 'Authorization': 'Bearer AAAAAAAAAAAAAAAAAAAAAH68VwEAAAAA5DWkqX14lSgqQ2yid9RQhbV1meM%3D8jgI64BX4l8WPDrbahnwKYJFb1Hn9MMz85L2YNPQGGT3bfbSdv'}
Body: None
2021-12-05 20:54:00,802 DEBUG :: Starting new HTTPS connection (1): api.twitter.com:443
2021-12-05 20:54:01,121 DEBUG :: https://api.twitter.com:443 "GET /2/users/995743130250088448/tweets?max_results=5&tweet.fields=created_at&exclude=retweets HTTP/1.1" 200 1026
2021-12-05 20:54:01,122 DEBUG :: Received API response: 200 OK
Headers: {'date': 'Sun, 05 Dec 2021 19:54:00 UTC', 'server': 'tsa_f', 'set-cookie': 'guest_id_marketing=v1%3A163873403989876584; Max-Age=63072000; Expires=Tue, 05 Dec 2023 19:54:00 GMT; Path=/; Domain=.twitter.com; Secure; SameSite=None, guest_id_ads=v1%3A163873403989876584; Max-Age=63072000; Expires=Tue, 05 Dec 2023 19:54:00 GMT; Path=/; Domain=.twitter.com; Secure; SameSite=None, personalization_id="v1_MsnNXukM682ZXGS6Dml/Hw=="; Max-Age=63072000; Expires=Tue, 05 Dec 2023 19:54:00 GMT; Path=/; Domain=.twitter.com; Secure; SameSite=None, guest_id=v1%3A163873403989876584; Max-Age=63072000; Expires=Tue, 05 Dec 2023 19:54:00 GMT; Path=/; Domain=.twitter.com; Secure; SameSite=None', 'api-version': '2.31', 'content-type': 'application/json; charset=utf-8', 'cache-control': 'no-cache, no-store, max-age=0', 'content-length': '1026', 'x-access-level': 'read', 'x-frame-options': 'SAMEORIGIN', 'content-encoding': 'gzip', 'x-xss-protection': '0', 'x-rate-limit-limit': '1500', 'x-rate-limit-reset': '1638734939', 'content-disposition': 'attachment; filename=json.json', 'x-content-type-options': 'nosniff', 'x-rate-limit-remaining': '1499', 'strict-transport-security': 'max-age=631138519', 'x-response-time': '232', 'x-connection-hash': '1d91dc139aa01f91a32577f4eb142ff39ac009db199c5e58a814565cf5471e50'}
Content: b'{"data":[{"created_at":"2021-12-03T07:03:54.000Z","id":"1466664474744700932","text":"#Vision | C\'est vrai que sur un skateboard, on peut mettre ce que l\'on veut... Quand nous disons chez @berto_ia que le monde de la Montagne et du V\xc3\xa9hicule Autonome sont faits pour se rencontrer...\\npoke @p8vidal / @Pannekouckefabr \\nhttps://t.co/2Svz8f5OZo"},{"created_at":"2021-12-02T11:30:43.000Z","id":"1466369233957359626","text":"#LIVE | #CONNECTfleet intervention de @b_beaudet avec @Arval_France et @Navya_Group sur l\xe2\x80\x99opportunit\xc3\xa9 pour les gestionnaires de flottes d\xe2\x80\x99int\xc3\xa9grer la mobilit\xc3\xa9 autonome dans leurs strat\xc3\xa8gies notamment sur leurs sites priv\xc3\xa9s. https://t.co/YB363mS7a1"},{"created_at":"2021-12-02T08:32:28.000Z","id":"1466324374110326784","text":"#LIVE | #CONNECTfleet participation de @b_beaudet \xc3\xa0 l\xe2\x80\x99\xc3\xa9v\xc3\xa9nement pour parler en table ronde de la navette autonome avec @Navya_Group et @Arval_France \\uD83D\\uDE0A https://t.co/qSRbiMkmUu"},{"created_at":"2021-12-01T12:48:46.000Z","id":"1466026487883124742","text":"#Vision | Si l\'ouvrage de #RobinLi\'s ne sera pas disponible en dehors de la Chine, on se contentera de ce post de @Baidu_Inc pour souligner \xc3\xa0 quel point @Eurovia_Group a juste en travaillant \xc3\xa0 nos c\xc3\xb4t\xc3\xa9s pour une infrastructure frugale compatible avec les v\xc3\xa9hicules autonomes ! https://t.co/MUYrW3rhJI"},{"created_at":"2021-11-30T15:21:40.000Z","id":"1465702578939838481","text":"#RevueDePresse | Retrouvez la contribution de @b_beaudet dans cette revue de r\xc3\xa9f\xc3\xa9rence de la Mobilit\xc3\xa9 et qui s\'est int\xc3\xa9ress\xc3\xa9e dans son dernier num\xc3\xa9ro aux v\xc3\xa9hicules autonomes et plus particuli\xc3\xa8rement aux navettes autonomes - \\uD83D\\uDE4F @_ITSFr https://t.co/sqmw7wYdDi"}],"meta":{"oldest_id":"1465702578939838481","newest_id":"1466664474744700932","result_count":5,"next_token":"7140dibdnow9c7btw3z3avs87vq6yuv5jt2zq1zubx7ox"}}'
2021-12-05 20:54:01,124 WARNING :: Amount of tweets 3
2021-12-05 20:54:01,124 WARNING :: Recieved full data for 1 users
2021-12-05 20:54:01,125 WARNING :: Cleaning and Analising Tweets Tweets
2021-12-05 20:54:01,125 WARNING :: Analising Tweets Tweets
2021-12-05 20:54:01,169 DEBUG :: Making API request: GET https://api.twitter.com/2/users/87465794/tweets
Parameters: {'max_results': 5, 'tweet.fields': 'created_at', 'exclude': 'retweets'}
Headers: {'User-Agent': 'Python/3.8.9 Requests/2.26.0 Tweepy/4.4.0', 'Authorization': 'Bearer AAAAAAAAAAAAAAAAAAAAAH68VwEAAAAA5DWkqX14lSgqQ2yid9RQhbV1meM%3D8jgI64BX4l8WPDrbahnwKYJFb1Hn9MMz85L2YNPQGGT3bfbSdv'}
Body: None
2021-12-05 20:54:01,171 DEBUG :: Starting new HTTPS connection (1): api.twitter.com:443
2021-12-05 20:54:01,486 DEBUG :: https://api.twitter.com:443 "GET /2/users/87465794/tweets?max_results=5&tweet.fields=created_at&exclude=retweets HTTP/1.1" 200 624
2021-12-05 20:54:01,487 DEBUG :: Received API response: 200 OK
Headers: {'date': 'Sun, 05 Dec 2021 19:54:00 UTC', 'server': 'tsa_f', 'set-cookie': 'guest_id_marketing=v1%3A163873404026899349; Max-Age=63072000; Expires=Tue, 05 Dec 2023 19:54:00 GMT; Path=/; Domain=.twitter.com; Secure; SameSite=None, guest_id_ads=v1%3A163873404026899349; Max-Age=63072000; Expires=Tue, 05 Dec 2023 19:54:00 GMT; Path=/; Domain=.twitter.com; Secure; SameSite=None, personalization_id="v1_UH/+nV74VUwiVA9nLs3BCQ=="; Max-Age=63072000; Expires=Tue, 05 Dec 2023 19:54:00 GMT; Path=/; Domain=.twitter.com; Secure; SameSite=None, guest_id=v1%3A163873404026899349; Max-Age=63072000; Expires=Tue, 05 Dec 2023 19:54:00 GMT; Path=/; Domain=.twitter.com; Secure; SameSite=None', 'api-version': '2.31', 'content-type': 'application/json; charset=utf-8', 'cache-control': 'no-cache, no-store, max-age=0', 'content-length': '624', 'x-access-level': 'read', 'x-frame-options': 'SAMEORIGIN', 'content-encoding': 'gzip', 'x-xss-protection': '0', 'x-rate-limit-limit': '1500', 'x-rate-limit-reset': '1638734939', 'content-disposition': 'attachment; filename=json.json', 'x-content-type-options': 'nosniff', 'x-rate-limit-remaining': '1498', 'strict-transport-security': 'max-age=631138519', 'x-response-time': '225', 'x-connection-hash': 'a156e12379dd65b6c45ac55f4cc43fb5c89ff12209ae0ae42c2e4efac73a6ca9'}
Content: b'{"data":[{"created_at":"2021-12-04T20:32:03.000Z","id":"1467230239713546246","text":"The holiday season is in full swing, and there\xe2\x80\x99s tons of Atari goodness to go around! \xe2\x9d\x84\xef\xb8\x8f\\uD83D\\uDE0A Find the perfect gift for the special people in your life at https://t.co/yjPMduMnFO. \\uD83C\\uDF81 https://t.co/BSpdjS06pj"},{"created_at":"2021-12-03T21:03:06.000Z","id":"1466875666285174794","text":"Did you hear the news? Atari 2600 games are back in style with the #AtariXP program! \\uD83D\\uDD79\\uD83E\\uDD2F Learn all about it from @PCMag: https://t.co/Q0pN3RFoox https://t.co/SnYNmT1xeK"},{"created_at":"2021-12-03T20:25:04.000Z","id":"1466866093818093570","text":"@AtariVCSfanatic \\uD83D\\uDE81"},{"created_at":"2021-12-03T15:51:17.000Z","id":"1466797193923375107","text":"@Dondude2000 \\uD83D\\uDC98"},{"created_at":"2021-12-03T15:51:02.000Z","id":"1466797131474288643","text":"@squid_iron What a lovely group of carolers!"}],"meta":{"oldest_id":"1466797131474288643","newest_id":"1467230239713546246","result_count":5,"next_token":"7140dibdnow9c7btw3z3axwyqwcs5hao09n28fvwr72nn"}}'
2021-12-05 20:54:01,488 WARNING :: Amount of tweets 7
2021-12-05 20:54:01,488 WARNING :: Recieved full data for 2 users
2021-12-05 20:54:01,488 WARNING :: Cleaning and Analising Tweets Tweets
2021-12-05 20:54:01,488 WARNING :: Analising Tweets Tweets
2021-12-05 20:54:01,489 DEBUG :: Making API request: GET https://api.twitter.com/2/users/607380408/tweets
Parameters: {'max_results': 5, 'tweet.fields': 'created_at', 'exclude': 'retweets'}
Headers: {'User-Agent': 'Python/3.8.9 Requests/2.26.0 Tweepy/4.4.0', 'Authorization': 'Bearer AAAAAAAAAAAAAAAAAAAAAH68VwEAAAAA5DWkqX14lSgqQ2yid9RQhbV1meM%3D8jgI64BX4l8WPDrbahnwKYJFb1Hn9MMz85L2YNPQGGT3bfbSdv'}
Body: None
2021-12-05 20:54:01,491 DEBUG :: Starting new HTTPS connection (1): api.twitter.com:443
2021-12-05 20:54:01,817 DEBUG :: https://api.twitter.com:443 "GET /2/users/607380408/tweets?max_results=5&tweet.fields=created_at&exclude=retweets HTTP/1.1" 200 998
2021-12-05 20:54:01,818 DEBUG :: Received API response: 200 OK
Headers: {'date': 'Sun, 05 Dec 2021 19:54:00 UTC', 'server': 'tsa_f', 'set-cookie': 'guest_id_marketing=v1%3A163873404058665962; Max-Age=63072000; Expires=Tue, 05 Dec 2023 19:54:00 GMT; Path=/; Domain=.twitter.com; Secure; SameSite=None, guest_id_ads=v1%3A163873404058665962; Max-Age=63072000; Expires=Tue, 05 Dec 2023 19:54:00 GMT; Path=/; Domain=.twitter.com; Secure; SameSite=None, personalization_id="v1_fQsgMqJKlndClrYX05RfRw=="; Max-Age=63072000; Expires=Tue, 05 Dec 2023 19:54:00 GMT; Path=/; Domain=.twitter.com; Secure; SameSite=None, guest_id=v1%3A163873404058665962; Max-Age=63072000; Expires=Tue, 05 Dec 2023 19:54:00 GMT; Path=/; Domain=.twitter.com; Secure; SameSite=None', 'api-version': '2.31', 'content-type': 'application/json; charset=utf-8', 'cache-control': 'no-cache, no-store, max-age=0', 'content-length': '998', 'x-access-level': 'read', 'x-frame-options': 'SAMEORIGIN', 'content-encoding': 'gzip', 'x-xss-protection': '0', 'x-rate-limit-limit': '1500', 'x-rate-limit-reset': '1638734939', 'content-disposition': 'attachment; filename=json.json', 'x-content-type-options': 'nosniff', 'x-rate-limit-remaining': '1497', 'strict-transport-security': 'max-age=631138519', 'x-response-time': '238', 'x-connection-hash': '535f80d4edc36f00b3be66f3c496a3517799996e402c8af9a6567a71738a80b2'}
Content: b'{"data":[{"created_at":"2021-11-23T15:52:50.000Z","id":"1463173705446604813","text":"\\uD83C\\uDFC6 Adeunis has obtained ISO 9001 certification!\\nThis certification rewards the high standards set for several years on quality management but also the work of the teams in the continuous improvement of processes.\\nCongrats to the teams who work every day to achieve excellence!"},{"created_at":"2021-11-16T16:05:03.000Z","id":"1460640063918948363","text":"\\uD83C\\uDF07 Adeunis is exhibiting at the @SmartCityexpo Barcelona from 16 to 18 November 2021 alongside @GrenobleAlpes and @businessfrance. #choosefrance"},{"created_at":"2021-10-28T15:22:54.000Z","id":"1453744087069335555","text":"Adeunis has the great honor of representing France at the Dubai World Expo, alongside @LaFrenchFab  and @businessfrance, during the fortnight entitled \\"Thinking about the smart cities and sustainable territories of tomorrow\\". It joins an innovative ecosystem. https://t.co/yUb9wqjIel"},{"created_at":"2021-09-09T15:00:37.000Z","id":"1435981474017185796","text":"Du 28 au 30 septembre 2021, nous serons pr\xc3\xa9sents au Salon H\'Expo, Parc des Expositions de Bordeaux aux c\xc3\xb4t\xc3\xa9s de nos partenaires #citron , #Dryas et #WIT pour pr\xc3\xa9senter aux bailleurs sociaux nos solutions compl\xc3\xa9mentaires de pilotage de la performance \xc3\xa9nerg\xc3\xa9tique des b\xc3\xa2timents ! https://t.co/FGw61KxfhI"},{"created_at":"2021-09-07T11:42:05.000Z","id":"1435206736881897476","text":"Vendredi @cedric_o \xc3\xa9tait dans nos locaux pour rencontrer nos \xc3\xa9quipes et \xc3\xa9changer autour du projet #5G ! https://t.co/ntasRi1tpQ"}],"meta":{"oldest_id":"1435206736881897476","newest_id":"1463173705446604813","result_count":5,"next_token":"7140dibdnow9c7btw3z21ewwilpkqbqxsqxnxac7blv06"}}'
2021-12-05 20:54:01,819 WARNING :: Amount of tweets 7
2021-12-05 20:54:01,819 WARNING :: Recieved full data for 3 users
2021-12-05 20:54:01,819 WARNING :: Cleaning and Analising Tweets Tweets
2021-12-05 20:54:01,820 WARNING :: Analising Tweets Tweets
2021-12-05 20:54:01,821 DEBUG :: Making API request: GET https://api.twitter.com/2/users/51016657/tweets
Parameters: {'max_results': 5, 'tweet.fields': 'created_at', 'exclude': 'retweets'}
Headers: {'User-Agent': 'Python/3.8.9 Requests/2.26.0 Tweepy/4.4.0', 'Authorization': 'Bearer AAAAAAAAAAAAAAAAAAAAAH68VwEAAAAA5DWkqX14lSgqQ2yid9RQhbV1meM%3D8jgI64BX4l8WPDrbahnwKYJFb1Hn9MMz85L2YNPQGGT3bfbSdv'}
Body: None
2021-12-05 20:54:01,823 DEBUG :: Starting new HTTPS connection (1): api.twitter.com:443
2021-12-05 20:54:02,157 DEBUG :: https://api.twitter.com:443 "GET /2/users/51016657/tweets?max_results=5&tweet.fields=created_at&exclude=retweets HTTP/1.1" 200 896
2021-12-05 20:54:02,158 DEBUG :: Received API response: 200 OK
Headers: {'date': 'Sun, 05 Dec 2021 19:54:01 UTC', 'server': 'tsa_f', 'set-cookie': 'guest_id_marketing=v1%3A163873404092235845; Max-Age=63072000; Expires=Tue, 05 Dec 2023 19:54:01 GMT; Path=/; Domain=.twitter.com; Secure; SameSite=None, guest_id_ads=v1%3A163873404092235845; Max-Age=63072000; Expires=Tue, 05 Dec 2023 19:54:01 GMT; Path=/; Domain=.twitter.com; Secure; SameSite=None, personalization_id="v1_Q2igL1qgA0D0yX5F6GBscQ=="; Max-Age=63072000; Expires=Tue, 05 Dec 2023 19:54:01 GMT; Path=/; Domain=.twitter.com; Secure; SameSite=None, guest_id=v1%3A163873404092235845; Max-Age=63072000; Expires=Tue, 05 Dec 2023 19:54:01 GMT; Path=/; Domain=.twitter.com; Secure; SameSite=None', 'api-version': '2.31', 'content-type': 'application/json; charset=utf-8', 'cache-control': 'no-cache, no-store, max-age=0', 'content-length': '896', 'x-access-level': 'read', 'x-frame-options': 'SAMEORIGIN', 'content-encoding': 'gzip', 'x-xss-protection': '0', 'x-rate-limit-limit': '1500', 'x-rate-limit-reset': '1638734939', 'content-disposition': 'attachment; filename=json.json', 'x-content-type-options': 'nosniff', 'x-rate-limit-remaining': '1496', 'strict-transport-security': 'max-age=631138519', 'x-response-time': '245', 'x-connection-hash': '55b5459c6c8b652b1a7ffc43dbe165f63041aabcc3bb727b632a8c337e6faa9f'}
Content: b'{"data":[{"created_at":"2021-12-03T10:29:48.000Z","id":"1466716290987565058","text":"Following a very successful online event, Proactis UK&amp;I #ReThink21 is now available for you to access on-demand.\\n\\nYou can watch recordings of our live sessions from speakers such as Peter Smith and Andrew Codd CGMA MBA - click here to access: https://t.co/YFdbEKUBzt"},{"created_at":"2021-12-01T10:33:29.000Z","id":"1465992441014759432","text":"Technology is playing a huge role in helping organisations manage ethical supply chains. \\n\\nFind out more - https://t.co/ocmUhPehHi"},{"created_at":"2021-11-29T12:54:28.000Z","id":"1465303146494840833","text":"Now is the time to manage your supplier relationships.\\n\\nWith Proactis you can build and maintain a strong supplier base by structuring and streamlining the entire supplier lifecycle.\\n\\nhttps://t.co/737Z4MPOnH"},{"created_at":"2021-11-26T12:10:20.000Z","id":"1464204873302478853","text":"Read more about how Louvre Hotels Group has chosen to deploy Proactis\' new procurement solution to its hotels in Europe as part of the Group\'s ERP deployment programme and strategic transformation plan. https://t.co/NY57g53VRM"},{"created_at":"2021-11-25T09:58:10.000Z","id":"1463809228083281925","text":"Here are the opportunities you shouldn\'t miss out on to achieve your capacity, talent and process goals. It\'s time to make an impact - https://t.co/nvmNQ40Gft"}],"meta":{"oldest_id":"1463809228083281925","newest_id":"1466716290987565058","result_count":5,"next_token":"7140dibdnow9c7btw3z3arj2poo6ga7gb47qfmlze1mid"}}'
2021-12-05 20:54:02,159 WARNING :: Amount of tweets 7
2021-12-05 20:54:02,159 WARNING :: Recieved full data for 4 users
2021-12-05 20:54:02,159 WARNING :: Cleaning and Analising Tweets Tweets
2021-12-05 20:54:02,159 WARNING :: Analising Tweets Tweets
2021-12-05 20:54:02,160 DEBUG :: Making API request: GET https://api.twitter.com/2/users/3322732175/tweets
Parameters: {'max_results': 5, 'tweet.fields': 'created_at', 'exclude': 'retweets'}
Headers: {'User-Agent': 'Python/3.8.9 Requests/2.26.0 Tweepy/4.4.0', 'Authorization': 'Bearer AAAAAAAAAAAAAAAAAAAAAH68VwEAAAAA5DWkqX14lSgqQ2yid9RQhbV1meM%3D8jgI64BX4l8WPDrbahnwKYJFb1Hn9MMz85L2YNPQGGT3bfbSdv'}
Body: None
2021-12-05 20:54:02,162 DEBUG :: Starting new HTTPS connection (1): api.twitter.com:443
2021-12-05 20:54:02,480 DEBUG :: https://api.twitter.com:443 "GET /2/users/3322732175/tweets?max_results=5&tweet.fields=created_at&exclude=retweets HTTP/1.1" 200 1125
2021-12-05 20:54:02,482 DEBUG :: Received API response: 200 OK
Headers: {'date': 'Sun, 05 Dec 2021 19:54:01 UTC', 'server': 'tsa_f', 'set-cookie': 'guest_id_marketing=v1%3A163873404126483297; Max-Age=63072000; Expires=Tue, 05 Dec 2023 19:54:01 GMT; Path=/; Domain=.twitter.com; Secure; SameSite=None, guest_id_ads=v1%3A163873404126483297; Max-Age=63072000; Expires=Tue, 05 Dec 2023 19:54:01 GMT; Path=/; Domain=.twitter.com; Secure; SameSite=None, personalization_id="v1_JzK9drwzwL/gzIy0756xgQ=="; Max-Age=63072000; Expires=Tue, 05 Dec 2023 19:54:01 GMT; Path=/; Domain=.twitter.com; Secure; SameSite=None, guest_id=v1%3A163873404126483297; Max-Age=63072000; Expires=Tue, 05 Dec 2023 19:54:01 GMT; Path=/; Domain=.twitter.com; Secure; SameSite=None', 'api-version': '2.31', 'content-type': 'application/json; charset=utf-8', 'cache-control': 'no-cache, no-store, max-age=0', 'content-length': '1125', 'x-access-level': 'read', 'x-frame-options': 'SAMEORIGIN', 'content-encoding': 'gzip', 'x-xss-protection': '0', 'x-rate-limit-limit': '1500', 'x-rate-limit-reset': '1638734939', 'content-disposition': 'attachment; filename=json.json', 'x-content-type-options': 'nosniff', 'x-rate-limit-remaining': '1495', 'strict-transport-security': 'max-age=631138519', 'x-response-time': '217', 'x-connection-hash': '5a884ba8525b17208464eca563958cf8c213f6e300b6f7bb3db8bef4906f88a6'}
Content: b'{"data":[{"created_at":"2020-10-26T11:59:56.000Z","id":"1320696661610516482","text":"Dank @ExecutiveFinan voor het interview!\\n \\nVerkort de verwerkingstijd van facturen en betaal u leveranciers eerder met Proactis P2P en Accelerated Payments. Door facturen sneller te betalen heb je direct impact op supplychain. https://t.co/43ifjs4Hj8"},{"created_at":"2020-06-05T11:00:58.000Z","id":"1268860359655534592","text":"Is P2P een oplossing voor:\\n\xe2\x9d\x94 Inkoop\\n\xe2\x9d\x94 Finance\\n\xe2\x9c\x94\xef\xb8\x8f All of the above\\n\\nTijdens de webinar: \\"What about P2P? Kick-start uw P2P project\\" zullen we ingaan op de noodzaak van P2P.\\n\\nBent u erbij? Meld u aan!\\n#P2P #Webinar \\n\\nhttps://t.co/HJswFCj0eZ https://t.co/l1Oztz2FtN"},{"created_at":"2020-05-11T13:12:04.000Z","id":"1259833653506592768","text":"\\uD83D\\uDCE2 Met trots presenteren wij u de Proactis Business Spend video!\\n\\nU kunt hier zien hoe Proactis u kan helpen om:\\n1. Inzage te verkrijgen in spend data\\n2. Naleving van inkoopbeleid te borgen\\n3. Kostenbesparing te realiseren\\n\\nhttps://t.co/F0WoLuX3FW"},{"created_at":"2020-05-08T08:02:47.000Z","id":"1258668658064228352","text":"In 3 stappen eenvoudig en effectief grip op uw contracten? Dat kan! Als u meer wilt weten over:\\n\\n\xe2\x96\xab\xef\xb8\x8f Nut en nootzaak van inzicht in contractdata\\n\xe2\x96\xab\xef\xb8\x8f CM als \\"quick win\\"\\n\xe2\x96\xab\xef\xb8\x8f De 3 stappen naar volledig inzicht\\n\\nMeld u aan voor de Contract Management Webinar!\\n\\nhttps://t.co/piLte28Spn https://t.co/oTvI5JAxJo"},{"created_at":"2020-04-17T13:20:11.000Z","id":"1251138389782429696","text":"Our home-based offices are filled with energy and we\'re proud of all our employees that are doing their utmost to continue \'business as usual\'!\\n\\nThank you all!\\n\\n#proactis #team #workfromhome #kanjers https://t.co/yV51xAz040"}],"meta":{"oldest_id":"1251138389782429696","newest_id":"1320696661610516482","result_count":5,"next_token":"7140dibdnow9c7btw3t3bpj6z343rrkpa3f8qccw0xoae"}}'
2021-12-05 20:54:02,484 WARNING :: Amount of tweets 7
2021-12-05 20:54:02,484 WARNING :: Recieved full data for 5 users
2021-12-05 20:54:02,484 WARNING :: Cleaning and Analising Tweets Tweets
2021-12-05 20:54:02,484 WARNING :: Analising Tweets Tweets
2021-12-05 20:54:02,485 DEBUG :: Making API request: GET https://api.twitter.com/2/users/865199209896701952/tweets
Parameters: {'max_results': 5, 'tweet.fields': 'created_at', 'exclude': 'retweets'}
Headers: {'User-Agent': 'Python/3.8.9 Requests/2.26.0 Tweepy/4.4.0', 'Authorization': 'Bearer AAAAAAAAAAAAAAAAAAAAAH68VwEAAAAA5DWkqX14lSgqQ2yid9RQhbV1meM%3D8jgI64BX4l8WPDrbahnwKYJFb1Hn9MMz85L2YNPQGGT3bfbSdv'}
Body: None
2021-12-05 20:54:02,487 DEBUG :: Starting new HTTPS connection (1): api.twitter.com:443
2021-12-05 20:54:02,818 DEBUG :: https://api.twitter.com:443 "GET /2/users/865199209896701952/tweets?max_results=5&tweet.fields=created_at&exclude=retweets HTTP/1.1" 200 1067
2021-12-05 20:54:02,819 DEBUG :: Received API response: 200 OK
Headers: {'date': 'Sun, 05 Dec 2021 19:54:01 UTC', 'server': 'tsa_f', 'set-cookie': 'guest_id_marketing=v1%3A163873404161223721; Max-Age=63072000; Expires=Tue, 05 Dec 2023 19:54:01 GMT; Path=/; Domain=.twitter.com; Secure; SameSite=None, guest_id_ads=v1%3A163873404161223721; Max-Age=63072000; Expires=Tue, 05 Dec 2023 19:54:01 GMT; Path=/; Domain=.twitter.com; Secure; SameSite=None, personalization_id="v1_Zab63LbK+rmTN7sBhqDvsw=="; Max-Age=63072000; Expires=Tue, 05 Dec 2023 19:54:01 GMT; Path=/; Domain=.twitter.com; Secure; SameSite=None, guest_id=v1%3A163873404161223721; Max-Age=63072000; Expires=Tue, 05 Dec 2023 19:54:01 GMT; Path=/; Domain=.twitter.com; Secure; SameSite=None', 'api-version': '2.31', 'content-type': 'application/json; charset=utf-8', 'cache-control': 'no-cache, no-store, max-age=0', 'content-length': '1067', 'x-access-level': 'read', 'x-frame-options': 'SAMEORIGIN', 'content-encoding': 'gzip', 'x-xss-protection': '0', 'x-rate-limit-limit': '1500', 'x-rate-limit-reset': '1638734939', 'content-disposition': 'attachment; filename=json.json', 'x-content-type-options': 'nosniff', 'x-rate-limit-remaining': '1494', 'strict-transport-security': 'max-age=631138519', 'x-response-time': '216', 'x-connection-hash': '7761ebf9c9c4cec2b0a48cbbbdfc3bd572ee70f30f3e8caf8967534c121f3be5'}
Content: b'{"data":[{"created_at":"2021-12-05T08:00:01.000Z","id":"1467403369954230273","text":"Whether at #COP26 with the Glasgow Breakthroughs and #H2Zero, during #EUHydrogenWeek, or through new initiatives by governments and companies, it is undeniable #hydrogen has taken Centre Stage in the #energy conversation.\\n\\nRead @noevanhulst\xe2\x80\x99s thoughts \\uD83D\\uDC47\\nhttps://t.co/HqInNNshC3"},{"created_at":"2021-12-03T16:26:56.000Z","id":"1466806166864994304","text":"At @Reuters\xe2\x80\x99 Hydrogen Economy Europe event, our Director for Policy &amp; Partnerships @daria_nvk outlined hydrogen\xe2\x80\x99s carbon abetment potential by 2030 and by 2050, as well as the policy tools needed to #KickstartHydrogen.\\n\\nhttps://t.co/eTxqAjFDko"},{"created_at":"2021-12-03T14:00:00.000Z","id":"1466769190359117829","text":"While #BEVs are efficient for passenger transportation, #FCEVs are optimal for vehicles with high power and energy demand such as heavy- and medium-duty vehicles.\\n\\nSee why both technologies are needed: https://t.co/so5uOV4g0r\\n#togetherfornetzero"},{"created_at":"2021-12-02T13:39:37.000Z","id":"1466401671106510849","text":"In our Policy Toolbox, we have identified 6\xe2\x83\xa3 pillars for efficient #policy design to encourage the scale-up of low carbon and #renewable #hydrogen.\\n\\nSee this and more in our latest report: https://t.co/c59GFEE3sA https://t.co/MOeWAKlKMz"},{"created_at":"2021-12-01T13:22:37.000Z","id":"1466035004006445057","text":"In a guest essay for @economistimpact, Executive Director of the Hydrogen Council Daryl Wilson explains the key role #hydrogen will play in transporting the electricity needed in the future to achieve #netzero.\\n\\nClick here for more: https://t.co/qs0OIwkJpW https://t.co/oBhyKkqeSS"}],"meta":{"oldest_id":"1466035004006445057","newest_id":"1467403369954230273","result_count":5,"next_token":"7140dibdnow9c7btw3z3axuuyskgdnq99vwu697ppjcxj"}}'
2021-12-05 20:54:02,820 WARNING :: Amount of tweets 7
2021-12-05 20:54:02,820 WARNING :: Recieved full data for 6 users
2021-12-05 20:54:02,821 WARNING :: Cleaning and Analising Tweets Tweets
2021-12-05 20:54:02,821 WARNING :: Analising Tweets Tweets
2021-12-05 20:54:02,822 DEBUG :: Making API request: GET https://api.twitter.com/2/users/171093845/tweets
Parameters: {'max_results': 5, 'tweet.fields': 'created_at', 'exclude': 'retweets'}
Headers: {'User-Agent': 'Python/3.8.9 Requests/2.26.0 Tweepy/4.4.0', 'Authorization': 'Bearer AAAAAAAAAAAAAAAAAAAAAH68VwEAAAAA5DWkqX14lSgqQ2yid9RQhbV1meM%3D8jgI64BX4l8WPDrbahnwKYJFb1Hn9MMz85L2YNPQGGT3bfbSdv'}
Body: None
2021-12-05 20:54:02,825 DEBUG :: Starting new HTTPS connection (1): api.twitter.com:443
2021-12-05 20:54:03,171 DEBUG :: https://api.twitter.com:443 "GET /2/users/171093845/tweets?max_results=5&tweet.fields=created_at&exclude=retweets HTTP/1.1" 200 1002
2021-12-05 20:54:03,173 DEBUG :: Received API response: 200 OK
Headers: {'date': 'Sun, 05 Dec 2021 19:54:02 UTC', 'server': 'tsa_f', 'set-cookie': 'guest_id_marketing=v1%3A163873404192965033; Max-Age=63072000; Expires=Tue, 05 Dec 2023 19:54:02 GMT; Path=/; Domain=.twitter.com; Secure; SameSite=None, guest_id_ads=v1%3A163873404192965033; Max-Age=63072000; Expires=Tue, 05 Dec 2023 19:54:02 GMT; Path=/; Domain=.twitter.com; Secure; SameSite=None, personalization_id="v1_LILv9t4PLev7bekMNR1fKA=="; Max-Age=63072000; Expires=Tue, 05 Dec 2023 19:54:02 GMT; Path=/; Domain=.twitter.com; Secure; SameSite=None, guest_id=v1%3A163873404192965033; Max-Age=63072000; Expires=Tue, 05 Dec 2023 19:54:02 GMT; Path=/; Domain=.twitter.com; Secure; SameSite=None', 'api-version': '2.31', 'content-type': 'application/json; charset=utf-8', 'cache-control': 'no-cache, no-store, max-age=0', 'content-length': '1002', 'x-access-level': 'read', 'x-frame-options': 'SAMEORIGIN', 'content-encoding': 'gzip', 'x-xss-protection': '0', 'x-rate-limit-limit': '1500', 'x-rate-limit-reset': '1638734939', 'content-disposition': 'attachment; filename=json.json', 'x-content-type-options': 'nosniff', 'x-rate-limit-remaining': '1493', 'strict-transport-security': 'max-age=631138519', 'x-response-time': '242', 'x-connection-hash': 'c1222c69eff380940d7fd57147d873df81fd0081d17f4fe7c5cf3a08f9c4e740'}
Content: b'{"data":[{"created_at":"2021-12-03T14:01:10.000Z","id":"1466769483402461192","text":"Il avait \xc3\xa9t\xc3\xa9 un des personnages de notre saga estivale \\"devoirs de vacances\\", le r\xc3\xb4le d\'un Chef de Projets au sein de notre Centre De Services de La D\xc3\xa9fense est pr\xc3\xa9sent\xc3\xa9, cette semaine par Lo\xc3\xafc. \\n@_ALTBG \\n@BrunoDamey  @__JPCS \\n#blockchain #developpement #agile https://t.co/wEMRjtVDIq"},{"created_at":"2021-11-30T23:43:29.000Z","id":"1465828863477436426","text":"Il y a plein de belles choses \xc3\xa0 r\xc3\xa9aliser avec les \xc3\xa9quipes @_ALTBG  ! L\'occasion de partager avec les \xc3\xa9quipes @iORGA_GROUP  l\'ambition TBG.\\nRejoignez-nous ! https://t.co/eRGhIa71zC"},{"created_at":"2021-11-30T23:42:38.000Z","id":"1465828651371569155","text":"Nouveau site dans l\'\xc3\xa9cosyst\xc3\xa8me @_ALTBG  ! Les \xc3\xa9quipes iORGA GROUP sont fi\xc3\xa8res de participer aux challenges relev\xc3\xa9s par la solution Eniblock et les architectures Blockchain ! https://t.co/bnBfX5pK6k"},{"created_at":"2021-11-24T22:54:35.000Z","id":"1463642231861043205","text":"200 postes \xc3\xa0 pouvoir en 2022 chez The Blockchain Group - N\'h\xc3\xa9sitez pas - il y a beaucoup de projets \xc3\xa0 r\xc3\xa9aliser, notamment avec les \xc3\xa9quipes IORGA Group ! Postulez !\\n\\nhttps://t.co/mdYPUiZCm6 \\n\\n@_ALTBG https://t.co/TFQg0iKcED"},{"created_at":"2021-11-19T14:58:08.000Z","id":"1461710388970598406","text":"Votre application m\xc3\xa9tier est-elle has been ? Faites le test : https://t.co/iZWzAotxuw \\nDiagnostiquez votre application m\xc3\xa9tier en 5 minutes. nos experts vous proposent un audit flash \xc3\xa0 l\xe2\x80\x99issue du test, pour identifier les am\xc3\xa9liorations \xc3\xa0 apporter ! \\n@BrunoDamey @__JPCS \\n@_ALTBG https://t.co/RDSKrtnzle"}],"meta":{"oldest_id":"1461710388970598406","newest_id":"1466769483402461192","result_count":5,"next_token":"7140dibdnow9c7btw3z3an9bo22t3upe46i3xtx7remgm"}}'
2021-12-05 20:54:03,175 WARNING :: Amount of tweets 7
2021-12-05 20:54:03,175 WARNING :: Recieved full data for 7 users
2021-12-05 20:54:03,176 WARNING :: Cleaning and Analising Tweets Tweets
2021-12-05 20:54:03,176 WARNING :: Analising Tweets Tweets
2021-12-05 20:54:03,177 DEBUG :: Making API request: GET https://api.twitter.com/2/users/1039124681914236928/tweets
Parameters: {'max_results': 5, 'tweet.fields': 'created_at', 'exclude': 'retweets'}
Headers: {'User-Agent': 'Python/3.8.9 Requests/2.26.0 Tweepy/4.4.0', 'Authorization': 'Bearer AAAAAAAAAAAAAAAAAAAAAH68VwEAAAAA5DWkqX14lSgqQ2yid9RQhbV1meM%3D8jgI64BX4l8WPDrbahnwKYJFb1Hn9MMz85L2YNPQGGT3bfbSdv'}
Body: None
2021-12-05 20:54:03,180 DEBUG :: Starting new HTTPS connection (1): api.twitter.com:443
2021-12-05 20:54:03,492 DEBUG :: https://api.twitter.com:443 "GET /2/users/1039124681914236928/tweets?max_results=5&tweet.fields=created_at&exclude=retweets HTTP/1.1" 200 259
2021-12-05 20:54:03,493 DEBUG :: Received API response: 200 OK
Headers: {'date': 'Sun, 05 Dec 2021 19:54:02 UTC', 'server': 'tsa_f', 'set-cookie': 'guest_id_marketing=v1%3A163873404231235511; Max-Age=63072000; Expires=Tue, 05 Dec 2023 19:54:02 GMT; Path=/; Domain=.twitter.com; Secure; SameSite=None, guest_id_ads=v1%3A163873404231235511; Max-Age=63072000; Expires=Tue, 05 Dec 2023 19:54:02 GMT; Path=/; Domain=.twitter.com; Secure; SameSite=None, personalization_id="v1_Omrv4nbPMyN3devbfFIaHA=="; Max-Age=63072000; Expires=Tue, 05 Dec 2023 19:54:02 GMT; Path=/; Domain=.twitter.com; Secure; SameSite=None, guest_id=v1%3A163873404231235511; Max-Age=63072000; Expires=Tue, 05 Dec 2023 19:54:02 GMT; Path=/; Domain=.twitter.com; Secure; SameSite=None', 'api-version': '2.31', 'content-type': 'application/json; charset=utf-8', 'cache-control': 'no-cache, no-store, max-age=0', 'content-length': '259', 'x-access-level': 'read', 'x-frame-options': 'SAMEORIGIN', 'content-encoding': 'gzip', 'x-xss-protection': '0', 'x-rate-limit-limit': '1500', 'x-rate-limit-reset': '1638734939', 'content-disposition': 'attachment; filename=json.json', 'x-content-type-options': 'nosniff', 'x-rate-limit-remaining': '1492', 'strict-transport-security': 'max-age=631138519', 'x-response-time': '188', 'x-connection-hash': '84c3d6e973f6b5e161510de98e4fd85383184edef9d1f8f0055f8a84569f6cbc'}
Content: b'{"data":[{"created_at":"2019-02-22T11:18:32.000Z","id":"1098904870428524544","text":"https://t.co/uwVkBMFd39"},{"created_at":"2018-09-24T09:07:05.000Z","id":"1044151222494736384","text":"Les fondamentaux de la blockchain \xe2\x80\x93 SystemX Blog https://t.co/yLdxMxIMxz"}],"meta":{"oldest_id":"1044151222494736384","newest_id":"1098904870428524544","result_count":2}}'
2021-12-05 20:54:03,494 WARNING :: Amount of tweets 7
2021-12-05 20:54:03,494 WARNING :: Recieved full data for 8 users
2021-12-05 20:54:03,494 WARNING :: Cleaning and Analising Tweets Tweets
2021-12-05 20:54:03,494 WARNING :: Analising Tweets Tweets
2021-12-05 20:54:03,495 DEBUG :: Making API request: GET https://api.twitter.com/2/users/909694493204647936/tweets
Parameters: {'max_results': 5, 'tweet.fields': 'created_at', 'exclude': 'retweets'}
Headers: {'User-Agent': 'Python/3.8.9 Requests/2.26.0 Tweepy/4.4.0', 'Authorization': 'Bearer AAAAAAAAAAAAAAAAAAAAAH68VwEAAAAA5DWkqX14lSgqQ2yid9RQhbV1meM%3D8jgI64BX4l8WPDrbahnwKYJFb1Hn9MMz85L2YNPQGGT3bfbSdv'}
Body: None
2021-12-05 20:54:03,498 DEBUG :: Starting new HTTPS connection (1): api.twitter.com:443
2021-12-05 20:54:03,816 DEBUG :: https://api.twitter.com:443 "GET /2/users/909694493204647936/tweets?max_results=5&tweet.fields=created_at&exclude=retweets HTTP/1.1" 200 600
2021-12-05 20:54:03,818 DEBUG :: Received API response: 200 OK
Headers: {'date': 'Sun, 05 Dec 2021 19:54:02 UTC', 'server': 'tsa_f', 'set-cookie': 'guest_id_marketing=v1%3A163873404261964109; Max-Age=63072000; Expires=Tue, 05 Dec 2023 19:54:02 GMT; Path=/; Domain=.twitter.com; Secure; SameSite=None, guest_id_ads=v1%3A163873404261964109; Max-Age=63072000; Expires=Tue, 05 Dec 2023 19:54:02 GMT; Path=/; Domain=.twitter.com; Secure; SameSite=None, personalization_id="v1_vsntxLKGS177aN6hZ2vdVw=="; Max-Age=63072000; Expires=Tue, 05 Dec 2023 19:54:02 GMT; Path=/; Domain=.twitter.com; Secure; SameSite=None, guest_id=v1%3A163873404261964109; Max-Age=63072000; Expires=Tue, 05 Dec 2023 19:54:02 GMT; Path=/; Domain=.twitter.com; Secure; SameSite=None', 'api-version': '2.31', 'content-type': 'application/json; charset=utf-8', 'cache-control': 'no-cache, no-store, max-age=0', 'content-length': '600', 'x-access-level': 'read', 'x-frame-options': 'SAMEORIGIN', 'content-encoding': 'gzip', 'x-xss-protection': '0', 'x-rate-limit-limit': '1500', 'x-rate-limit-reset': '1638734939', 'content-disposition': 'attachment; filename=json.json', 'x-content-type-options': 'nosniff', 'x-rate-limit-remaining': '1491', 'strict-transport-security': 'max-age=631138519', 'x-response-time': '206', 'x-connection-hash': '20130195c762a9c0eed8a3933f83a086b9289a062335245dcbab8b09f27819d7'}
Content: b'{"data":[{"created_at":"2021-11-15T15:07:42.000Z","id":"1460263242945683466","text":"Avenir Telecom multiplie son chiffre d\xe2\x80\x99affaires par 2,2 au 1er semestre 2021-2022 gr\xc3\xa2ce au succ\xc3\xa8s de sa nouvelle strat\xc3\xa9gie commerciale\\n\\nhttps://t.co/thcU18yRKc"},{"created_at":"2020-11-04T14:19:54.000Z","id":"1323993375910043648","text":"3ans c\'est long..."},{"created_at":"2020-11-04T14:18:11.000Z","id":"1323992947340333056","text":"Wow, nous sommes enfin de retour sur Twitter ! #AvenirTelecom #AVT ! https://t.co/9Nmt9ZNxIJ"},{"created_at":"2017-09-20T16:21:26.000Z","id":"910539409799426048","text":"Avenir Telecom recrute son : \\nASSISTANT ADV ANGLAIS H/F\\nContact : recrutement@avenir-telecom.fr"},{"created_at":"2017-09-20T12:16:26.000Z","id":"910477750812766208","text":"Avenir Telecom recrute son : \\nCHARGE DE RECRUTEMENT INTERNATIONAL H/F\\nContact : recrutement@avenir-telecom.fr\\n@recrutement"}],"meta":{"oldest_id":"910477750812766208","newest_id":"1460263242945683466","result_count":5,"next_token":"zldjwdz3w6sba13nqq1p3xgumyxuwxqokx22921cy0o"}}'
2021-12-05 20:54:03,819 WARNING :: Amount of tweets 7
2021-12-05 20:54:03,819 WARNING :: Recieved full data for 9 users
2021-12-05 20:54:03,819 WARNING :: Cleaning and Analising Tweets Tweets
2021-12-05 20:54:03,820 WARNING :: Analising Tweets Tweets
