2021-12-07 10:56:05,696 DEBUG :: Making API request: GET https://api.twitter.com/2/users/by/username/MedinCell
Parameters: {'user.fields': 'created_at'}
Headers: {'User-Agent': 'Python/3.8.9 Requests/2.26.0 Tweepy/4.4.0', 'Authorization': 'Bearer AAAAAAAAAAAAAAAAAAAAAH68VwEAAAAA5DWkqX14lSgqQ2yid9RQhbV1meM%3D8jgI64BX4l8WPDrbahnwKYJFb1Hn9MMz85L2YNPQGGT3bfbSdv'}
Body: None
2021-12-07 10:56:05,702 DEBUG :: Starting new HTTPS connection (1): api.twitter.com:443
2021-12-07 10:56:05,948 DEBUG :: https://api.twitter.com:443 "GET /2/users/by/username/MedinCell?user.fields=created_at HTTP/1.1" 200 115
2021-12-07 10:56:05,957 DEBUG :: Received API response: 200 OK
Headers: {'date': 'Tue, 07 Dec 2021 09:56:05 UTC', 'server': 'tsa_f', 'set-cookie': 'guest_id_marketing=v1%3A163887096549074268; Max-Age=63072000; Expires=Thu, 07 Dec 2023 09:56:05 GMT; Path=/; Domain=.twitter.com; Secure; SameSite=None, guest_id_ads=v1%3A163887096549074268; Max-Age=63072000; Expires=Thu, 07 Dec 2023 09:56:05 GMT; Path=/; Domain=.twitter.com; Secure; SameSite=None, personalization_id="v1_ca/GBtpEGILdVhGa4R4dfA=="; Max-Age=63072000; Expires=Thu, 07 Dec 2023 09:56:05 GMT; Path=/; Domain=.twitter.com; Secure; SameSite=None, guest_id=v1%3A163887096549074268; Max-Age=63072000; Expires=Thu, 07 Dec 2023 09:56:05 GMT; Path=/; Domain=.twitter.com; Secure; SameSite=None', 'api-version': '2.31', 'content-type': 'application/json; charset=utf-8', 'cache-control': 'no-cache, no-store, max-age=0', 'content-length': '115', 'x-access-level': 'read', 'x-frame-options': 'SAMEORIGIN', 'content-encoding': 'gzip', 'x-xss-protection': '0', 'x-rate-limit-limit': '300', 'x-rate-limit-reset': '1638871823', 'content-disposition': 'attachment; filename=json.json', 'x-content-type-options': 'nosniff', 'x-rate-limit-remaining': '287', 'strict-transport-security': 'max-age=631138519', 'x-response-time': '127', 'x-connection-hash': 'def070720de90d1f387b0bc87f5c87cc52764b99ba7077bb1ff57f6a938ae447'}
Content: b'{"data":{"username":"MedinCell","id":"97127367","created_at":"2009-12-16T03:42:27.000Z","name":"MedinCell"}}'
2021-12-07 10:56:05,960 WARNING :: Requesting users | getting MedinCell
2021-12-07 10:56:05,962 DEBUG :: Making API request: GET https://api.twitter.com/2/users/by/username/cellectis
Parameters: {'user.fields': 'created_at'}
Headers: {'User-Agent': 'Python/3.8.9 Requests/2.26.0 Tweepy/4.4.0', 'Authorization': 'Bearer AAAAAAAAAAAAAAAAAAAAAH68VwEAAAAA5DWkqX14lSgqQ2yid9RQhbV1meM%3D8jgI64BX4l8WPDrbahnwKYJFb1Hn9MMz85L2YNPQGGT3bfbSdv'}
Body: None
2021-12-07 10:56:05,964 DEBUG :: Starting new HTTPS connection (1): api.twitter.com:443
2021-12-07 10:56:06,210 DEBUG :: https://api.twitter.com:443 "GET /2/users/by/username/cellectis?user.fields=created_at HTTP/1.1" 200 115
2021-12-07 10:56:06,211 DEBUG :: Received API response: 200 OK
Headers: {'date': 'Tue, 07 Dec 2021 09:56:05 UTC', 'server': 'tsa_f', 'set-cookie': 'guest_id_marketing=v1%3A163887096574367951; Max-Age=63072000; Expires=Thu, 07 Dec 2023 09:56:05 GMT; Path=/; Domain=.twitter.com; Secure; SameSite=None, guest_id_ads=v1%3A163887096574367951; Max-Age=63072000; Expires=Thu, 07 Dec 2023 09:56:05 GMT; Path=/; Domain=.twitter.com; Secure; SameSite=None, personalization_id="v1_+t8OpyNErg/U5V0PtjfXVA=="; Max-Age=63072000; Expires=Thu, 07 Dec 2023 09:56:05 GMT; Path=/; Domain=.twitter.com; Secure; SameSite=None, guest_id=v1%3A163887096574367951; Max-Age=63072000; Expires=Thu, 07 Dec 2023 09:56:05 GMT; Path=/; Domain=.twitter.com; Secure; SameSite=None', 'api-version': '2.31', 'content-type': 'application/json; charset=utf-8', 'cache-control': 'no-cache, no-store, max-age=0', 'content-length': '115', 'x-access-level': 'read', 'x-frame-options': 'SAMEORIGIN', 'content-encoding': 'gzip', 'x-xss-protection': '0', 'x-rate-limit-limit': '300', 'x-rate-limit-reset': '1638871823', 'content-disposition': 'attachment; filename=json.json', 'x-content-type-options': 'nosniff', 'x-rate-limit-remaining': '286', 'strict-transport-security': 'max-age=631138519', 'x-response-time': '135', 'x-connection-hash': 'a9fb4694f138e5c0820912ba68fef47cadf9ee624bd514f3078e49edb628257b'}
Content: b'{"data":{"id":"81887593","created_at":"2009-10-12T17:21:25.000Z","username":"cellectis","name":"Cellectis"}}'
2021-12-07 10:56:06,212 WARNING :: Requesting users | getting cellectis
2021-12-07 10:56:06,213 DEBUG :: Making API request: GET https://api.twitter.com/2/users/by/username/Carbios
Parameters: {'user.fields': 'created_at'}
Headers: {'User-Agent': 'Python/3.8.9 Requests/2.26.0 Tweepy/4.4.0', 'Authorization': 'Bearer AAAAAAAAAAAAAAAAAAAAAH68VwEAAAAA5DWkqX14lSgqQ2yid9RQhbV1meM%3D8jgI64BX4l8WPDrbahnwKYJFb1Hn9MMz85L2YNPQGGT3bfbSdv'}
Body: None
2021-12-07 10:56:06,216 DEBUG :: Starting new HTTPS connection (1): api.twitter.com:443
2021-12-07 10:56:06,451 DEBUG :: https://api.twitter.com:443 "GET /2/users/by/username/Carbios?user.fields=created_at HTTP/1.1" 200 114
2021-12-07 10:56:06,453 DEBUG :: Received API response: 200 OK
Headers: {'date': 'Tue, 07 Dec 2021 09:56:06 UTC', 'server': 'tsa_f', 'set-cookie': 'guest_id_marketing=v1%3A163887096599280852; Max-Age=63072000; Expires=Thu, 07 Dec 2023 09:56:06 GMT; Path=/; Domain=.twitter.com; Secure; SameSite=None, guest_id_ads=v1%3A163887096599280852; Max-Age=63072000; Expires=Thu, 07 Dec 2023 09:56:06 GMT; Path=/; Domain=.twitter.com; Secure; SameSite=None, personalization_id="v1_UaWpiVkip/DJUfnjye8rRQ=="; Max-Age=63072000; Expires=Thu, 07 Dec 2023 09:56:06 GMT; Path=/; Domain=.twitter.com; Secure; SameSite=None, guest_id=v1%3A163887096599280852; Max-Age=63072000; Expires=Thu, 07 Dec 2023 09:56:06 GMT; Path=/; Domain=.twitter.com; Secure; SameSite=None', 'api-version': '2.31', 'content-type': 'application/json; charset=utf-8', 'cache-control': 'no-cache, no-store, max-age=0', 'content-length': '114', 'x-access-level': 'read', 'x-frame-options': 'SAMEORIGIN', 'content-encoding': 'gzip', 'x-xss-protection': '0', 'x-rate-limit-limit': '300', 'x-rate-limit-reset': '1638871823', 'content-disposition': 'attachment; filename=json.json', 'x-content-type-options': 'nosniff', 'x-rate-limit-remaining': '285', 'strict-transport-security': 'max-age=631138519', 'x-response-time': '128', 'x-connection-hash': 'bce502cc026291e8635351cb509d6a256d0157f50a3041a3d8937146bdd9a166'}
Content: b'{"data":{"username":"Carbios","created_at":"2013-11-29T16:42:25.000Z","id":"2221732909","name":"Carbios"}}'
2021-12-07 10:56:06,453 WARNING :: Requesting users | getting Carbios
2021-12-07 10:56:06,456 DEBUG :: Making API request: GET https://api.twitter.com/2/users/by/username/ImplanetJAZZ
Parameters: {'user.fields': 'created_at'}
Headers: {'User-Agent': 'Python/3.8.9 Requests/2.26.0 Tweepy/4.4.0', 'Authorization': 'Bearer AAAAAAAAAAAAAAAAAAAAAH68VwEAAAAA5DWkqX14lSgqQ2yid9RQhbV1meM%3D8jgI64BX4l8WPDrbahnwKYJFb1Hn9MMz85L2YNPQGGT3bfbSdv'}
Body: None
2021-12-07 10:56:06,459 DEBUG :: Starting new HTTPS connection (1): api.twitter.com:443
2021-12-07 10:56:06,699 DEBUG :: https://api.twitter.com:443 "GET /2/users/by/username/ImplanetJAZZ?user.fields=created_at HTTP/1.1" 200 119
2021-12-07 10:56:06,700 DEBUG :: Received API response: 200 OK
Headers: {'date': 'Tue, 07 Dec 2021 09:56:06 UTC', 'server': 'tsa_f', 'set-cookie': 'guest_id_marketing=v1%3A163887096624259389; Max-Age=63072000; Expires=Thu, 07 Dec 2023 09:56:06 GMT; Path=/; Domain=.twitter.com; Secure; SameSite=None, guest_id_ads=v1%3A163887096624259389; Max-Age=63072000; Expires=Thu, 07 Dec 2023 09:56:06 GMT; Path=/; Domain=.twitter.com; Secure; SameSite=None, personalization_id="v1_TsfZGEA/dlby+iuHq4OfNg=="; Max-Age=63072000; Expires=Thu, 07 Dec 2023 09:56:06 GMT; Path=/; Domain=.twitter.com; Secure; SameSite=None, guest_id=v1%3A163887096624259389; Max-Age=63072000; Expires=Thu, 07 Dec 2023 09:56:06 GMT; Path=/; Domain=.twitter.com; Secure; SameSite=None', 'api-version': '2.31', 'content-type': 'application/json; charset=utf-8', 'cache-control': 'no-cache, no-store, max-age=0', 'content-length': '119', 'x-access-level': 'read', 'x-frame-options': 'SAMEORIGIN', 'content-encoding': 'gzip', 'x-xss-protection': '0', 'x-rate-limit-limit': '300', 'x-rate-limit-reset': '1638871823', 'content-disposition': 'attachment; filename=json.json', 'x-content-type-options': 'nosniff', 'x-rate-limit-remaining': '284', 'strict-transport-security': 'max-age=631138519', 'x-response-time': '126', 'x-connection-hash': '28fb93985d1ecb0681d4211545a03bd5e6d6a46f8c9b6997a84d17804637d335'}
Content: b'{"data":{"username":"ImplanetJAZZ","created_at":"2015-11-20T15:48:08.000Z","id":"4235480235","name":"Implanet"}}'
2021-12-07 10:56:06,700 WARNING :: Requesting users | getting ImplanetJAZZ
2021-12-07 10:56:06,702 DEBUG :: Making API request: GET https://api.twitter.com/2/users/by/username/Biocartis_
Parameters: {'user.fields': 'created_at'}
Headers: {'User-Agent': 'Python/3.8.9 Requests/2.26.0 Tweepy/4.4.0', 'Authorization': 'Bearer AAAAAAAAAAAAAAAAAAAAAH68VwEAAAAA5DWkqX14lSgqQ2yid9RQhbV1meM%3D8jgI64BX4l8WPDrbahnwKYJFb1Hn9MMz85L2YNPQGGT3bfbSdv'}
Body: None
2021-12-07 10:56:06,705 DEBUG :: Starting new HTTPS connection (1): api.twitter.com:443
2021-12-07 10:56:06,946 DEBUG :: https://api.twitter.com:443 "GET /2/users/by/username/Biocartis_?user.fields=created_at HTTP/1.1" 200 114
2021-12-07 10:56:06,947 DEBUG :: Received API response: 200 OK
Headers: {'date': 'Tue, 07 Dec 2021 09:56:06 UTC', 'server': 'tsa_f', 'set-cookie': 'guest_id_marketing=v1%3A163887096648453636; Max-Age=63072000; Expires=Thu, 07 Dec 2023 09:56:06 GMT; Path=/; Domain=.twitter.com; Secure; SameSite=None, guest_id_ads=v1%3A163887096648453636; Max-Age=63072000; Expires=Thu, 07 Dec 2023 09:56:06 GMT; Path=/; Domain=.twitter.com; Secure; SameSite=None, personalization_id="v1_vljb1dFzAcmlW7UuPEoOQg=="; Max-Age=63072000; Expires=Thu, 07 Dec 2023 09:56:06 GMT; Path=/; Domain=.twitter.com; Secure; SameSite=None, guest_id=v1%3A163887096648453636; Max-Age=63072000; Expires=Thu, 07 Dec 2023 09:56:06 GMT; Path=/; Domain=.twitter.com; Secure; SameSite=None', 'api-version': '2.31', 'content-type': 'application/json; charset=utf-8', 'cache-control': 'no-cache, no-store, max-age=0', 'content-length': '114', 'x-access-level': 'read', 'x-frame-options': 'SAMEORIGIN', 'content-encoding': 'gzip', 'x-xss-protection': '0', 'x-rate-limit-limit': '300', 'x-rate-limit-reset': '1638871823', 'content-disposition': 'attachment; filename=json.json', 'x-content-type-options': 'nosniff', 'x-rate-limit-remaining': '283', 'strict-transport-security': 'max-age=631138519', 'x-response-time': '131', 'x-connection-hash': 'c09319b26703146cc63b68c4d267eba30d12a09fb427ef50595886d481b53f67'}
Content: b'{"data":{"created_at":"2011-11-11T15:37:46.000Z","username":"Biocartis_","id":"410053275","name":"Biocartis"}}'
2021-12-07 10:56:06,947 WARNING :: Requesting users | getting Biocartis_
2021-12-07 10:56:06,948 DEBUG :: Making API request: GET https://api.twitter.com/2/users/by/username/maunakeatech
Parameters: {'user.fields': 'created_at'}
Headers: {'User-Agent': 'Python/3.8.9 Requests/2.26.0 Tweepy/4.4.0', 'Authorization': 'Bearer AAAAAAAAAAAAAAAAAAAAAH68VwEAAAAA5DWkqX14lSgqQ2yid9RQhbV1meM%3D8jgI64BX4l8WPDrbahnwKYJFb1Hn9MMz85L2YNPQGGT3bfbSdv'}
Body: None
2021-12-07 10:56:06,950 DEBUG :: Starting new HTTPS connection (1): api.twitter.com:443
2021-12-07 10:56:07,190 DEBUG :: https://api.twitter.com:443 "GET /2/users/by/username/maunakeatech?user.fields=created_at HTTP/1.1" 200 153
2021-12-07 10:56:07,191 DEBUG :: Received API response: 200 OK
Headers: {'date': 'Tue, 07 Dec 2021 09:56:06 UTC', 'server': 'tsa_f', 'set-cookie': 'guest_id_marketing=v1%3A163887096670830938; Max-Age=63072000; Expires=Thu, 07 Dec 2023 09:56:06 GMT; Path=/; Domain=.twitter.com; Secure; SameSite=None, guest_id_ads=v1%3A163887096670830938; Max-Age=63072000; Expires=Thu, 07 Dec 2023 09:56:06 GMT; Path=/; Domain=.twitter.com; Secure; SameSite=None, personalization_id="v1_NC49Kc4ogfqkz+I9I+qGkw=="; Max-Age=63072000; Expires=Thu, 07 Dec 2023 09:56:06 GMT; Path=/; Domain=.twitter.com; Secure; SameSite=None, guest_id=v1%3A163887096670830938; Max-Age=63072000; Expires=Thu, 07 Dec 2023 09:56:06 GMT; Path=/; Domain=.twitter.com; Secure; SameSite=None', 'api-version': '2.31', 'content-type': 'application/json; charset=utf-8', 'cache-control': 'no-cache, no-store, max-age=0', 'content-length': '153', 'x-access-level': 'read', 'x-frame-options': 'SAMEORIGIN', 'content-encoding': 'gzip', 'x-xss-protection': '0', 'x-rate-limit-limit': '300', 'x-rate-limit-reset': '1638871823', 'content-disposition': 'attachment; filename=json.json', 'x-content-type-options': 'nosniff', 'x-rate-limit-remaining': '282', 'strict-transport-security': 'max-age=631138519', 'x-response-time': '150', 'x-connection-hash': '0145c2351cc49c6447aad7e983e4b816d779a65a4b34fc3326e4820cb7e0251a'}
Content: b'{"data":{"created_at":"2011-03-28T14:50:55.000Z","name":"Cellvizio\xc2\xae by Mauna Kea Technologies","id":"273460350","username":"maunakeatech"}}'
2021-12-07 10:56:07,191 WARNING :: Requesting users | getting maunakeatech
2021-12-07 10:56:07,192 DEBUG :: Making API request: GET https://api.twitter.com/2/users/by/username/NEOLIFE_Groupe
Parameters: {'user.fields': 'created_at'}
Headers: {'User-Agent': 'Python/3.8.9 Requests/2.26.0 Tweepy/4.4.0', 'Authorization': 'Bearer AAAAAAAAAAAAAAAAAAAAAH68VwEAAAAA5DWkqX14lSgqQ2yid9RQhbV1meM%3D8jgI64BX4l8WPDrbahnwKYJFb1Hn9MMz85L2YNPQGGT3bfbSdv'}
Body: None
2021-12-07 10:56:07,194 DEBUG :: Starting new HTTPS connection (1): api.twitter.com:443
2021-12-07 10:56:07,413 DEBUG :: https://api.twitter.com:443 "GET /2/users/by/username/NEOLIFE_Groupe?user.fields=created_at HTTP/1.1" 200 128
2021-12-07 10:56:07,414 DEBUG :: Received API response: 200 OK
Headers: {'date': 'Tue, 07 Dec 2021 09:56:06 UTC', 'server': 'tsa_f', 'set-cookie': 'guest_id_marketing=v1%3A163887096695577342; Max-Age=63072000; Expires=Thu, 07 Dec 2023 09:56:06 GMT; Path=/; Domain=.twitter.com; Secure; SameSite=None, guest_id_ads=v1%3A163887096695577342; Max-Age=63072000; Expires=Thu, 07 Dec 2023 09:56:06 GMT; Path=/; Domain=.twitter.com; Secure; SameSite=None, personalization_id="v1_XxB0AcnetnA60tvfgpCBcQ=="; Max-Age=63072000; Expires=Thu, 07 Dec 2023 09:56:06 GMT; Path=/; Domain=.twitter.com; Secure; SameSite=None, guest_id=v1%3A163887096695577342; Max-Age=63072000; Expires=Thu, 07 Dec 2023 09:56:06 GMT; Path=/; Domain=.twitter.com; Secure; SameSite=None', 'api-version': '2.31', 'content-type': 'application/json; charset=utf-8', 'cache-control': 'no-cache, no-store, max-age=0', 'content-length': '128', 'x-access-level': 'read', 'x-frame-options': 'SAMEORIGIN', 'content-encoding': 'gzip', 'x-xss-protection': '0', 'x-rate-limit-limit': '300', 'x-rate-limit-reset': '1638871823', 'content-disposition': 'attachment; filename=json.json', 'x-content-type-options': 'nosniff', 'x-rate-limit-remaining': '281', 'strict-transport-security': 'max-age=631138519', 'x-response-time': '126', 'x-connection-hash': '899e907b9cf11e5b50bf32dfc99cbadab8bdcca75b0f1b84e8d2b41f6bbd0689'}
Content: b'{"data":{"name":"neolife","username":"NEOLIFE_Groupe","created_at":"2014-09-03T15:25:13.000Z","id":"2788181623"}}'
2021-12-07 10:56:07,414 WARNING :: Requesting users | getting NEOLIFE_Groupe
2021-12-07 10:56:07,415 DEBUG :: Making API request: GET https://api.twitter.com/2/users/by/username/Valbiotis
Parameters: {'user.fields': 'created_at'}
Headers: {'User-Agent': 'Python/3.8.9 Requests/2.26.0 Tweepy/4.4.0', 'Authorization': 'Bearer AAAAAAAAAAAAAAAAAAAAAH68VwEAAAAA5DWkqX14lSgqQ2yid9RQhbV1meM%3D8jgI64BX4l8WPDrbahnwKYJFb1Hn9MMz85L2YNPQGGT3bfbSdv'}
Body: None
2021-12-07 10:56:07,417 DEBUG :: Starting new HTTPS connection (1): api.twitter.com:443
2021-12-07 10:56:07,635 DEBUG :: https://api.twitter.com:443 "GET /2/users/by/username/Valbiotis?user.fields=created_at HTTP/1.1" 200 115
2021-12-07 10:56:07,636 DEBUG :: Received API response: 200 OK
Headers: {'date': 'Tue, 07 Dec 2021 09:56:07 UTC', 'server': 'tsa_f', 'set-cookie': 'guest_id_marketing=v1%3A163887096717842376; Max-Age=63072000; Expires=Thu, 07 Dec 2023 09:56:07 GMT; Path=/; Domain=.twitter.com; Secure; SameSite=None, guest_id_ads=v1%3A163887096717842376; Max-Age=63072000; Expires=Thu, 07 Dec 2023 09:56:07 GMT; Path=/; Domain=.twitter.com; Secure; SameSite=None, personalization_id="v1_UpG3fRICs57v0EhNI8y9mg=="; Max-Age=63072000; Expires=Thu, 07 Dec 2023 09:56:07 GMT; Path=/; Domain=.twitter.com; Secure; SameSite=None, guest_id=v1%3A163887096717842376; Max-Age=63072000; Expires=Thu, 07 Dec 2023 09:56:07 GMT; Path=/; Domain=.twitter.com; Secure; SameSite=None', 'api-version': '2.31', 'content-type': 'application/json; charset=utf-8', 'cache-control': 'no-cache, no-store, max-age=0', 'content-length': '115', 'x-access-level': 'read', 'x-frame-options': 'SAMEORIGIN', 'content-encoding': 'gzip', 'x-xss-protection': '0', 'x-rate-limit-limit': '300', 'x-rate-limit-reset': '1638871823', 'content-disposition': 'attachment; filename=json.json', 'x-content-type-options': 'nosniff', 'x-rate-limit-remaining': '280', 'strict-transport-security': 'max-age=631138519', 'x-response-time': '127', 'x-connection-hash': 'c46cf7b51c97badd4298c738a0d5cde62ace80bf9fd9d7a4cde07f26616cb504'}
Content: b'{"data":{"created_at":"2015-02-02T19:34:07.000Z","id":"3012860405","name":"Valbiotis","username":"Valbiotis"}}'
2021-12-07 10:56:07,637 WARNING :: Requesting users | getting Valbiotis
2021-12-07 10:56:07,638 DEBUG :: Making API request: GET https://api.twitter.com/2/users/by/username/GenomicVision_
Parameters: {'user.fields': 'created_at'}
Headers: {'User-Agent': 'Python/3.8.9 Requests/2.26.0 Tweepy/4.4.0', 'Authorization': 'Bearer AAAAAAAAAAAAAAAAAAAAAH68VwEAAAAA5DWkqX14lSgqQ2yid9RQhbV1meM%3D8jgI64BX4l8WPDrbahnwKYJFb1Hn9MMz85L2YNPQGGT3bfbSdv'}
Body: None
2021-12-07 10:56:07,640 DEBUG :: Starting new HTTPS connection (1): api.twitter.com:443
2021-12-07 10:56:07,857 DEBUG :: https://api.twitter.com:443 "GET /2/users/by/username/GenomicVision_?user.fields=created_at HTTP/1.1" 200 123
2021-12-07 10:56:07,858 DEBUG :: Received API response: 200 OK
Headers: {'date': 'Tue, 07 Dec 2021 09:56:07 UTC', 'server': 'tsa_f', 'set-cookie': 'guest_id_marketing=v1%3A163887096740393207; Max-Age=63072000; Expires=Thu, 07 Dec 2023 09:56:07 GMT; Path=/; Domain=.twitter.com; Secure; SameSite=None, guest_id_ads=v1%3A163887096740393207; Max-Age=63072000; Expires=Thu, 07 Dec 2023 09:56:07 GMT; Path=/; Domain=.twitter.com; Secure; SameSite=None, personalization_id="v1_ZN3LWc8+DZjZ/Q/t8Il7hg=="; Max-Age=63072000; Expires=Thu, 07 Dec 2023 09:56:07 GMT; Path=/; Domain=.twitter.com; Secure; SameSite=None, guest_id=v1%3A163887096740393207; Max-Age=63072000; Expires=Thu, 07 Dec 2023 09:56:07 GMT; Path=/; Domain=.twitter.com; Secure; SameSite=None', 'api-version': '2.31', 'content-type': 'application/json; charset=utf-8', 'cache-control': 'no-cache, no-store, max-age=0', 'content-length': '123', 'x-access-level': 'read', 'x-frame-options': 'SAMEORIGIN', 'content-encoding': 'gzip', 'x-xss-protection': '0', 'x-rate-limit-limit': '300', 'x-rate-limit-reset': '1638871823', 'content-disposition': 'attachment; filename=json.json', 'x-content-type-options': 'nosniff', 'x-rate-limit-remaining': '279', 'strict-transport-security': 'max-age=631138519', 'x-response-time': '124', 'x-connection-hash': '4804c504e093af7f4ec20c32778d18241a9b8598daa43971e7000bbfc054d425'}
Content: b'{"data":{"name":"Genomic Vision","username":"GenomicVision_","created_at":"2015-04-22T16:16:18.000Z","id":"3195185721"}}'
2021-12-07 10:56:07,859 WARNING :: Requesting users | getting GenomicVision_
2021-12-07 10:56:07,860 DEBUG :: Making API request: GET https://api.twitter.com/2/users/by/username/MEDIANTechno
Parameters: {'user.fields': 'created_at'}
Headers: {'User-Agent': 'Python/3.8.9 Requests/2.26.0 Tweepy/4.4.0', 'Authorization': 'Bearer AAAAAAAAAAAAAAAAAAAAAH68VwEAAAAA5DWkqX14lSgqQ2yid9RQhbV1meM%3D8jgI64BX4l8WPDrbahnwKYJFb1Hn9MMz85L2YNPQGGT3bfbSdv'}
Body: None
2021-12-07 10:56:07,863 DEBUG :: Starting new HTTPS connection (1): api.twitter.com:443
2021-12-07 10:56:08,081 DEBUG :: https://api.twitter.com:443 "GET /2/users/by/username/MEDIANTechno?user.fields=created_at HTTP/1.1" 200 134
2021-12-07 10:56:08,082 DEBUG :: Received API response: 200 OK
Headers: {'date': 'Tue, 07 Dec 2021 09:56:07 UTC', 'server': 'tsa_f', 'set-cookie': 'guest_id_marketing=v1%3A163887096762446157; Max-Age=63072000; Expires=Thu, 07 Dec 2023 09:56:07 GMT; Path=/; Domain=.twitter.com; Secure; SameSite=None, guest_id_ads=v1%3A163887096762446157; Max-Age=63072000; Expires=Thu, 07 Dec 2023 09:56:07 GMT; Path=/; Domain=.twitter.com; Secure; SameSite=None, personalization_id="v1_7Xjyxzw9OmJbvKM5bp96Wg=="; Max-Age=63072000; Expires=Thu, 07 Dec 2023 09:56:07 GMT; Path=/; Domain=.twitter.com; Secure; SameSite=None, guest_id=v1%3A163887096762446157; Max-Age=63072000; Expires=Thu, 07 Dec 2023 09:56:07 GMT; Path=/; Domain=.twitter.com; Secure; SameSite=None', 'api-version': '2.31', 'content-type': 'application/json; charset=utf-8', 'cache-control': 'no-cache, no-store, max-age=0', 'content-length': '134', 'x-access-level': 'read', 'x-frame-options': 'SAMEORIGIN', 'content-encoding': 'gzip', 'x-xss-protection': '0', 'x-rate-limit-limit': '300', 'x-rate-limit-reset': '1638871823', 'content-disposition': 'attachment; filename=json.json', 'x-content-type-options': 'nosniff', 'x-rate-limit-remaining': '278', 'strict-transport-security': 'max-age=631138519', 'x-response-time': '126', 'x-connection-hash': '83d4a48ecee27263ebc1e3f0f6caa25449644d2bd872a8ac89c921241b46c6dd'}
Content: b'{"data":{"id":"497759874","name":"Median Technologies","created_at":"2012-02-20T10:07:17.000Z","username":"MEDIANTechno"}}'
2021-12-07 10:56:08,082 WARNING :: Requesting users | getting MEDIANTechno
2021-12-07 10:56:08,084 DEBUG :: Making API request: GET https://api.twitter.com/2/users/by/username/Cabasse_Group
Parameters: {'user.fields': 'created_at'}
Headers: {'User-Agent': 'Python/3.8.9 Requests/2.26.0 Tweepy/4.4.0', 'Authorization': 'Bearer AAAAAAAAAAAAAAAAAAAAAH68VwEAAAAA5DWkqX14lSgqQ2yid9RQhbV1meM%3D8jgI64BX4l8WPDrbahnwKYJFb1Hn9MMz85L2YNPQGGT3bfbSdv'}
Body: None
2021-12-07 10:56:08,086 DEBUG :: Starting new HTTPS connection (1): api.twitter.com:443
2021-12-07 10:56:08,312 DEBUG :: https://api.twitter.com:443 "GET /2/users/by/username/Cabasse_Group?user.fields=created_at HTTP/1.1" 200 122
2021-12-07 10:56:08,313 DEBUG :: Received API response: 200 OK
Headers: {'date': 'Tue, 07 Dec 2021 09:56:07 UTC', 'server': 'tsa_f', 'set-cookie': 'guest_id_marketing=v1%3A163887096785269914; Max-Age=63072000; Expires=Thu, 07 Dec 2023 09:56:07 GMT; Path=/; Domain=.twitter.com; Secure; SameSite=None, guest_id_ads=v1%3A163887096785269914; Max-Age=63072000; Expires=Thu, 07 Dec 2023 09:56:07 GMT; Path=/; Domain=.twitter.com; Secure; SameSite=None, personalization_id="v1_HWaOvSpIPWqYmJIQspZ3KA=="; Max-Age=63072000; Expires=Thu, 07 Dec 2023 09:56:07 GMT; Path=/; Domain=.twitter.com; Secure; SameSite=None, guest_id=v1%3A163887096785269914; Max-Age=63072000; Expires=Thu, 07 Dec 2023 09:56:07 GMT; Path=/; Domain=.twitter.com; Secure; SameSite=None', 'api-version': '2.31', 'content-type': 'application/json; charset=utf-8', 'cache-control': 'no-cache, no-store, max-age=0', 'content-length': '122', 'x-access-level': 'read', 'x-frame-options': 'SAMEORIGIN', 'content-encoding': 'gzip', 'x-xss-protection': '0', 'x-rate-limit-limit': '300', 'x-rate-limit-reset': '1638871823', 'content-disposition': 'attachment; filename=json.json', 'x-content-type-options': 'nosniff', 'x-rate-limit-remaining': '277', 'strict-transport-security': 'max-age=631138519', 'x-response-time': '129', 'x-connection-hash': 'c11187a7fb46f04eb8c09fed9f597aca4608699bae6b8226312a57398b05a8fd'}
Content: b'{"data":{"created_at":"2009-05-20T10:22:29.000Z","username":"Cabasse_Group","id":"41331922","name":"Cabasse Group"}}'
2021-12-07 10:56:08,313 WARNING :: Requesting users | getting Cabasse_Group
2021-12-07 10:56:08,315 DEBUG :: Making API request: GET https://api.twitter.com/2/users/by/username/Crossject_
Parameters: {'user.fields': 'created_at'}
Headers: {'User-Agent': 'Python/3.8.9 Requests/2.26.0 Tweepy/4.4.0', 'Authorization': 'Bearer AAAAAAAAAAAAAAAAAAAAAH68VwEAAAAA5DWkqX14lSgqQ2yid9RQhbV1meM%3D8jgI64BX4l8WPDrbahnwKYJFb1Hn9MMz85L2YNPQGGT3bfbSdv'}
Body: None
2021-12-07 10:56:08,317 DEBUG :: Starting new HTTPS connection (1): api.twitter.com:443
2021-12-07 10:56:08,561 DEBUG :: https://api.twitter.com:443 "GET /2/users/by/username/Crossject_?user.fields=created_at HTTP/1.1" 200 116
2021-12-07 10:56:08,562 DEBUG :: Received API response: 200 OK
Headers: {'date': 'Tue, 07 Dec 2021 09:56:08 UTC', 'server': 'tsa_f', 'set-cookie': 'guest_id_marketing=v1%3A163887096808899136; Max-Age=63072000; Expires=Thu, 07 Dec 2023 09:56:08 GMT; Path=/; Domain=.twitter.com; Secure; SameSite=None, guest_id_ads=v1%3A163887096808899136; Max-Age=63072000; Expires=Thu, 07 Dec 2023 09:56:08 GMT; Path=/; Domain=.twitter.com; Secure; SameSite=None, personalization_id="v1_G6P0S8UNFcO+Cod9bTP+Kw=="; Max-Age=63072000; Expires=Thu, 07 Dec 2023 09:56:08 GMT; Path=/; Domain=.twitter.com; Secure; SameSite=None, guest_id=v1%3A163887096808899136; Max-Age=63072000; Expires=Thu, 07 Dec 2023 09:56:08 GMT; Path=/; Domain=.twitter.com; Secure; SameSite=None', 'api-version': '2.31', 'content-type': 'application/json; charset=utf-8', 'cache-control': 'no-cache, no-store, max-age=0', 'content-length': '116', 'x-access-level': 'read', 'x-frame-options': 'SAMEORIGIN', 'content-encoding': 'gzip', 'x-xss-protection': '0', 'x-rate-limit-limit': '300', 'x-rate-limit-reset': '1638871823', 'content-disposition': 'attachment; filename=json.json', 'x-content-type-options': 'nosniff', 'x-rate-limit-remaining': '276', 'strict-transport-security': 'max-age=631138519', 'x-response-time': '142', 'x-connection-hash': 'e86b963f4f8e8bb6beaa452a3d19d4c16586fade3378201c13287d8136ee0dca'}
Content: b'{"data":{"name":"Crossject","username":"Crossject_","created_at":"2014-08-06T14:50:38.000Z","id":"2712208951"}}'
2021-12-07 10:56:08,562 WARNING :: Requesting users | getting Crossject_
2021-12-07 10:56:08,677 DEBUG :: Making API request: GET https://api.twitter.com/2/users/97127367/tweets
Parameters: {'max_results': 5, 'tweet.fields': 'created_at'}
Headers: {'User-Agent': 'Python/3.8.9 Requests/2.26.0 Tweepy/4.4.0', 'Authorization': 'Bearer AAAAAAAAAAAAAAAAAAAAAH68VwEAAAAA5DWkqX14lSgqQ2yid9RQhbV1meM%3D8jgI64BX4l8WPDrbahnwKYJFb1Hn9MMz85L2YNPQGGT3bfbSdv'}
Body: None
2021-12-07 10:56:08,679 DEBUG :: Starting new HTTPS connection (1): api.twitter.com:443
2021-12-07 10:56:08,972 DEBUG :: https://api.twitter.com:443 "GET /2/users/97127367/tweets?max_results=5&tweet.fields=created_at HTTP/1.1" 200 756
2021-12-07 10:56:08,973 DEBUG :: Received API response: 200 OK
Headers: {'date': 'Tue, 07 Dec 2021 09:56:08 UTC', 'server': 'tsa_f', 'set-cookie': 'guest_id_marketing=v1%3A163887096845333682; Max-Age=63072000; Expires=Thu, 07 Dec 2023 09:56:08 GMT; Path=/; Domain=.twitter.com; Secure; SameSite=None, guest_id_ads=v1%3A163887096845333682; Max-Age=63072000; Expires=Thu, 07 Dec 2023 09:56:08 GMT; Path=/; Domain=.twitter.com; Secure; SameSite=None, personalization_id="v1_FqcKnmdlSCZMOuL97mH/LA=="; Max-Age=63072000; Expires=Thu, 07 Dec 2023 09:56:08 GMT; Path=/; Domain=.twitter.com; Secure; SameSite=None, guest_id=v1%3A163887096845333682; Max-Age=63072000; Expires=Thu, 07 Dec 2023 09:56:08 GMT; Path=/; Domain=.twitter.com; Secure; SameSite=None', 'api-version': '2.31', 'content-type': 'application/json; charset=utf-8', 'cache-control': 'no-cache, no-store, max-age=0', 'content-length': '756', 'x-access-level': 'read', 'x-frame-options': 'SAMEORIGIN', 'content-encoding': 'gzip', 'x-xss-protection': '0', 'x-rate-limit-limit': '1500', 'x-rate-limit-reset': '1638871826', 'content-disposition': 'attachment; filename=json.json', 'x-content-type-options': 'nosniff', 'x-rate-limit-remaining': '1487', 'strict-transport-security': 'max-age=631138519', 'x-response-time': '189', 'x-connection-hash': 'cd559151e8e1f7a946b3b4dd042e15fb3a527c73bcf34d369be2ab422241ec3b'}
Content: b'{"data":[{"created_at":"2021-11-25T16:57:26.000Z","id":"1463914740082790401","text":"Thank you for visiting us @CoDubost and @CCastaner\\n\\n#BetterMedicineForAll #ImpactHealth https://t.co/4e5a7X3BPK"},{"created_at":"2021-11-03T16:45:35.000Z","id":"1455939222716682243","text":"Watch the last interview (in french) of our CEO https://t.co/kj3QDts54J"},{"created_at":"2021-11-01T07:00:50.000Z","id":"1455067290693771264","text":"Phase 3 data of mdc-IRM, 1st product based on MedinCell\xe2\x80\x99s technology, shows significant improvements in patients with schizophrenia: \\n- Prolonged time to impending relapse \\n- Decreased risk of relapse \\n- Increased chance of clinical stability \\nhttps://t.co/n4efikehP9"},{"created_at":"2021-10-21T15:41:54.000Z","id":"1451212153751490560","text":"Full PR: https://t.co/tiAZO6471v \\n#BetterMedicineForAll #ImpactHealth https://t.co/ejHrxyd44M"},{"created_at":"2021-07-01T09:02:45.000Z","id":"1410524265674383365","text":"RT @ABG_Asso: Le #Concours de #Pitch 2021 #CPP21 \\n@ABG_Asso a le plaisir de pr\xc3\xa9senter le #sponsor de son \\uD83E\\uDD48prix (400\xe2\x82\xac),@medincell : une soci\xe2\x80\xa6"}],"meta":{"oldest_id":"1410524265674383365","newest_id":"1463914740082790401","result_count":5,"next_token":"7140dibdnow9c7btw3z16t2ae4ug6v5jryxzr5a6y9zjp"}}'
