2021-12-07 12:08:54,309 DEBUG :: Making API request: GET https://api.twitter.com/2/users/by/username/MedinCell
Parameters: {'user.fields': 'created_at'}
Headers: {'User-Agent': 'Python/3.8.9 Requests/2.26.0 Tweepy/4.4.0', 'Authorization': 'Bearer AAAAAAAAAAAAAAAAAAAAAH68VwEAAAAA5DWkqX14lSgqQ2yid9RQhbV1meM%3D8jgI64BX4l8WPDrbahnwKYJFb1Hn9MMz85L2YNPQGGT3bfbSdv'}
Body: None
2021-12-07 12:08:54,314 DEBUG :: Starting new HTTPS connection (1): api.twitter.com:443
2021-12-07 12:08:54,574 DEBUG :: https://api.twitter.com:443 "GET /2/users/by/username/MedinCell?user.fields=created_at HTTP/1.1" 200 115
2021-12-07 12:08:54,576 DEBUG :: Received API response: 200 OK
Headers: {'date': 'Tue, 07 Dec 2021 11:08:54 UTC', 'server': 'tsa_f', 'set-cookie': 'guest_id_marketing=v1%3A163887533412019461; Max-Age=63072000; Expires=Thu, 07 Dec 2023 11:08:54 GMT; Path=/; Domain=.twitter.com; Secure; SameSite=None, guest_id_ads=v1%3A163887533412019461; Max-Age=63072000; Expires=Thu, 07 Dec 2023 11:08:54 GMT; Path=/; Domain=.twitter.com; Secure; SameSite=None, personalization_id="v1_K8COGPn8KznP7hitKkDfDQ=="; Max-Age=63072000; Expires=Thu, 07 Dec 2023 11:08:54 GMT; Path=/; Domain=.twitter.com; Secure; SameSite=None, guest_id=v1%3A163887533412019461; Max-Age=63072000; Expires=Thu, 07 Dec 2023 11:08:54 GMT; Path=/; Domain=.twitter.com; Secure; SameSite=None', 'api-version': '2.31', 'content-type': 'application/json; charset=utf-8', 'cache-control': 'no-cache, no-store, max-age=0', 'content-length': '115', 'x-access-level': 'read', 'x-frame-options': 'SAMEORIGIN', 'content-encoding': 'gzip', 'x-xss-protection': '0', 'x-rate-limit-limit': '300', 'x-rate-limit-reset': '1638876037', 'content-disposition': 'attachment; filename=json.json', 'x-content-type-options': 'nosniff', 'x-rate-limit-remaining': '243', 'strict-transport-security': 'max-age=631138519', 'x-response-time': '130', 'x-connection-hash': '7a1c376469639fb02391a337c1daa6bfaa0256f7338b17eb0ee16bdb4104c658'}
Content: b'{"data":{"username":"MedinCell","id":"97127367","created_at":"2009-12-16T03:42:27.000Z","name":"MedinCell"}}'
2021-12-07 12:08:54,579 WARNING :: Requesting users | getting MedinCell
2021-12-07 12:08:54,581 DEBUG :: Making API request: GET https://api.twitter.com/2/users/by/username/cellectis
Parameters: {'user.fields': 'created_at'}
Headers: {'User-Agent': 'Python/3.8.9 Requests/2.26.0 Tweepy/4.4.0', 'Authorization': 'Bearer AAAAAAAAAAAAAAAAAAAAAH68VwEAAAAA5DWkqX14lSgqQ2yid9RQhbV1meM%3D8jgI64BX4l8WPDrbahnwKYJFb1Hn9MMz85L2YNPQGGT3bfbSdv'}
Body: None
2021-12-07 12:08:54,583 DEBUG :: Starting new HTTPS connection (1): api.twitter.com:443
2021-12-07 12:08:54,803 DEBUG :: https://api.twitter.com:443 "GET /2/users/by/username/cellectis?user.fields=created_at HTTP/1.1" 200 115
2021-12-07 12:08:54,805 DEBUG :: Received API response: 200 OK
Headers: {'date': 'Tue, 07 Dec 2021 11:08:54 UTC', 'server': 'tsa_f', 'set-cookie': 'guest_id_marketing=v1%3A163887533435347559; Max-Age=63072000; Expires=Thu, 07 Dec 2023 11:08:54 GMT; Path=/; Domain=.twitter.com; Secure; SameSite=None, guest_id_ads=v1%3A163887533435347559; Max-Age=63072000; Expires=Thu, 07 Dec 2023 11:08:54 GMT; Path=/; Domain=.twitter.com; Secure; SameSite=None, personalization_id="v1_2Dui8eKTW0KgJUxd9P7h8Q=="; Max-Age=63072000; Expires=Thu, 07 Dec 2023 11:08:54 GMT; Path=/; Domain=.twitter.com; Secure; SameSite=None, guest_id=v1%3A163887533435347559; Max-Age=63072000; Expires=Thu, 07 Dec 2023 11:08:54 GMT; Path=/; Domain=.twitter.com; Secure; SameSite=None', 'api-version': '2.31', 'content-type': 'application/json; charset=utf-8', 'cache-control': 'no-cache, no-store, max-age=0', 'content-length': '115', 'x-access-level': 'read', 'x-frame-options': 'SAMEORIGIN', 'content-encoding': 'gzip', 'x-xss-protection': '0', 'x-rate-limit-limit': '300', 'x-rate-limit-reset': '1638876037', 'content-disposition': 'attachment; filename=json.json', 'x-content-type-options': 'nosniff', 'x-rate-limit-remaining': '242', 'strict-transport-security': 'max-age=631138519', 'x-response-time': '127', 'x-connection-hash': '93cd7d12e1a01a3dd6c23a539f1160ca43ce3e46d0055de41de1a1d0a341c00b'}
Content: b'{"data":{"name":"Cellectis","created_at":"2009-10-12T17:21:25.000Z","username":"cellectis","id":"81887593"}}'
2021-12-07 12:08:54,805 WARNING :: Requesting users | getting cellectis
2021-12-07 12:08:54,807 DEBUG :: Making API request: GET https://api.twitter.com/2/users/by/username/Carbios
Parameters: {'user.fields': 'created_at'}
Headers: {'User-Agent': 'Python/3.8.9 Requests/2.26.0 Tweepy/4.4.0', 'Authorization': 'Bearer AAAAAAAAAAAAAAAAAAAAAH68VwEAAAAA5DWkqX14lSgqQ2yid9RQhbV1meM%3D8jgI64BX4l8WPDrbahnwKYJFb1Hn9MMz85L2YNPQGGT3bfbSdv'}
Body: None
2021-12-07 12:08:54,809 DEBUG :: Starting new HTTPS connection (1): api.twitter.com:443
2021-12-07 12:08:55,034 DEBUG :: https://api.twitter.com:443 "GET /2/users/by/username/Carbios?user.fields=created_at HTTP/1.1" 200 112
2021-12-07 12:08:55,036 DEBUG :: Received API response: 200 OK
Headers: {'date': 'Tue, 07 Dec 2021 11:08:54 UTC', 'server': 'tsa_f', 'set-cookie': 'guest_id_marketing=v1%3A163887533458544188; Max-Age=63072000; Expires=Thu, 07 Dec 2023 11:08:54 GMT; Path=/; Domain=.twitter.com; Secure; SameSite=None, guest_id_ads=v1%3A163887533458544188; Max-Age=63072000; Expires=Thu, 07 Dec 2023 11:08:54 GMT; Path=/; Domain=.twitter.com; Secure; SameSite=None, personalization_id="v1_lKaYSu/Hq4ZFZRyE6tzr4g=="; Max-Age=63072000; Expires=Thu, 07 Dec 2023 11:08:54 GMT; Path=/; Domain=.twitter.com; Secure; SameSite=None, guest_id=v1%3A163887533458544188; Max-Age=63072000; Expires=Thu, 07 Dec 2023 11:08:54 GMT; Path=/; Domain=.twitter.com; Secure; SameSite=None', 'api-version': '2.31', 'content-type': 'application/json; charset=utf-8', 'cache-control': 'no-cache, no-store, max-age=0', 'content-length': '112', 'x-access-level': 'read', 'x-frame-options': 'SAMEORIGIN', 'content-encoding': 'gzip', 'x-xss-protection': '0', 'x-rate-limit-limit': '300', 'x-rate-limit-reset': '1638876037', 'content-disposition': 'attachment; filename=json.json', 'x-content-type-options': 'nosniff', 'x-rate-limit-remaining': '241', 'strict-transport-security': 'max-age=631138519', 'x-response-time': '125', 'x-connection-hash': '797eb05ae96e48fe9a3e4dd5e3bf82fb1292986cb7246e5a6a5d80f28dc477c8'}
Content: b'{"data":{"created_at":"2013-11-29T16:42:25.000Z","id":"2221732909","name":"Carbios","username":"Carbios"}}'
2021-12-07 12:08:55,037 WARNING :: Requesting users | getting Carbios
2021-12-07 12:08:55,039 DEBUG :: Making API request: GET https://api.twitter.com/2/users/by/username/ImplanetJAZZ
Parameters: {'user.fields': 'created_at'}
Headers: {'User-Agent': 'Python/3.8.9 Requests/2.26.0 Tweepy/4.4.0', 'Authorization': 'Bearer AAAAAAAAAAAAAAAAAAAAAH68VwEAAAAA5DWkqX14lSgqQ2yid9RQhbV1meM%3D8jgI64BX4l8WPDrbahnwKYJFb1Hn9MMz85L2YNPQGGT3bfbSdv'}
Body: None
2021-12-07 12:08:55,042 DEBUG :: Starting new HTTPS connection (1): api.twitter.com:443
2021-12-07 12:08:55,260 DEBUG :: https://api.twitter.com:443 "GET /2/users/by/username/ImplanetJAZZ?user.fields=created_at HTTP/1.1" 200 119
2021-12-07 12:08:55,261 DEBUG :: Received API response: 200 OK
Headers: {'date': 'Tue, 07 Dec 2021 11:08:54 UTC', 'server': 'tsa_f', 'set-cookie': 'guest_id_marketing=v1%3A163887533480997102; Max-Age=63072000; Expires=Thu, 07 Dec 2023 11:08:54 GMT; Path=/; Domain=.twitter.com; Secure; SameSite=None, guest_id_ads=v1%3A163887533480997102; Max-Age=63072000; Expires=Thu, 07 Dec 2023 11:08:54 GMT; Path=/; Domain=.twitter.com; Secure; SameSite=None, personalization_id="v1_7+kmmVkEcQ8XJws24uIsvA=="; Max-Age=63072000; Expires=Thu, 07 Dec 2023 11:08:54 GMT; Path=/; Domain=.twitter.com; Secure; SameSite=None, guest_id=v1%3A163887533480997102; Max-Age=63072000; Expires=Thu, 07 Dec 2023 11:08:54 GMT; Path=/; Domain=.twitter.com; Secure; SameSite=None', 'api-version': '2.31', 'content-type': 'application/json; charset=utf-8', 'cache-control': 'no-cache, no-store, max-age=0', 'content-length': '119', 'x-access-level': 'read', 'x-frame-options': 'SAMEORIGIN', 'content-encoding': 'gzip', 'x-xss-protection': '0', 'x-rate-limit-limit': '300', 'x-rate-limit-reset': '1638876037', 'content-disposition': 'attachment; filename=json.json', 'x-content-type-options': 'nosniff', 'x-rate-limit-remaining': '240', 'strict-transport-security': 'max-age=631138519', 'x-response-time': '126', 'x-connection-hash': 'bbdd00b97ee86ea26dbf5ab0186399a1732d915c95249dad45b453d73af47552'}
Content: b'{"data":{"username":"ImplanetJAZZ","id":"4235480235","created_at":"2015-11-20T15:48:08.000Z","name":"Implanet"}}'
2021-12-07 12:08:55,262 WARNING :: Requesting users | getting ImplanetJAZZ
2021-12-07 12:08:55,264 DEBUG :: Making API request: GET https://api.twitter.com/2/users/by/username/Biocartis_
Parameters: {'user.fields': 'created_at'}
Headers: {'User-Agent': 'Python/3.8.9 Requests/2.26.0 Tweepy/4.4.0', 'Authorization': 'Bearer AAAAAAAAAAAAAAAAAAAAAH68VwEAAAAA5DWkqX14lSgqQ2yid9RQhbV1meM%3D8jgI64BX4l8WPDrbahnwKYJFb1Hn9MMz85L2YNPQGGT3bfbSdv'}
Body: None
2021-12-07 12:08:55,266 DEBUG :: Starting new HTTPS connection (1): api.twitter.com:443
2021-12-07 12:08:55,481 DEBUG :: https://api.twitter.com:443 "GET /2/users/by/username/Biocartis_?user.fields=created_at HTTP/1.1" 200 114
2021-12-07 12:08:55,483 DEBUG :: Received API response: 200 OK
Headers: {'date': 'Tue, 07 Dec 2021 11:08:55 UTC', 'server': 'tsa_f', 'set-cookie': 'guest_id_marketing=v1%3A163887533503111896; Max-Age=63072000; Expires=Thu, 07 Dec 2023 11:08:55 GMT; Path=/; Domain=.twitter.com; Secure; SameSite=None, guest_id_ads=v1%3A163887533503111896; Max-Age=63072000; Expires=Thu, 07 Dec 2023 11:08:55 GMT; Path=/; Domain=.twitter.com; Secure; SameSite=None, personalization_id="v1_RdlQVar6UzkogPSIwXye7w=="; Max-Age=63072000; Expires=Thu, 07 Dec 2023 11:08:55 GMT; Path=/; Domain=.twitter.com; Secure; SameSite=None, guest_id=v1%3A163887533503111896; Max-Age=63072000; Expires=Thu, 07 Dec 2023 11:08:55 GMT; Path=/; Domain=.twitter.com; Secure; SameSite=None', 'api-version': '2.31', 'content-type': 'application/json; charset=utf-8', 'cache-control': 'no-cache, no-store, max-age=0', 'content-length': '114', 'x-access-level': 'read', 'x-frame-options': 'SAMEORIGIN', 'content-encoding': 'gzip', 'x-xss-protection': '0', 'x-rate-limit-limit': '300', 'x-rate-limit-reset': '1638876037', 'content-disposition': 'attachment; filename=json.json', 'x-content-type-options': 'nosniff', 'x-rate-limit-remaining': '239', 'strict-transport-security': 'max-age=631138519', 'x-response-time': '126', 'x-connection-hash': 'd54918891040a2d6877419b48100bda68d161b6267b196c93d6b5ed8c79e0406'}
Content: b'{"data":{"name":"Biocartis","id":"410053275","username":"Biocartis_","created_at":"2011-11-11T15:37:46.000Z"}}'
2021-12-07 12:08:55,484 WARNING :: Requesting users | getting Biocartis_
2021-12-07 12:08:55,486 DEBUG :: Making API request: GET https://api.twitter.com/2/users/by/username/maunakeatech
Parameters: {'user.fields': 'created_at'}
Headers: {'User-Agent': 'Python/3.8.9 Requests/2.26.0 Tweepy/4.4.0', 'Authorization': 'Bearer AAAAAAAAAAAAAAAAAAAAAH68VwEAAAAA5DWkqX14lSgqQ2yid9RQhbV1meM%3D8jgI64BX4l8WPDrbahnwKYJFb1Hn9MMz85L2YNPQGGT3bfbSdv'}
Body: None
2021-12-07 12:08:55,490 DEBUG :: Starting new HTTPS connection (1): api.twitter.com:443
2021-12-07 12:08:55,712 DEBUG :: https://api.twitter.com:443 "GET /2/users/by/username/maunakeatech?user.fields=created_at HTTP/1.1" 200 151
2021-12-07 12:08:55,714 DEBUG :: Received API response: 200 OK
Headers: {'date': 'Tue, 07 Dec 2021 11:08:55 UTC', 'server': 'tsa_f', 'set-cookie': 'guest_id_marketing=v1%3A163887533526109631; Max-Age=63072000; Expires=Thu, 07 Dec 2023 11:08:55 GMT; Path=/; Domain=.twitter.com; Secure; SameSite=None, guest_id_ads=v1%3A163887533526109631; Max-Age=63072000; Expires=Thu, 07 Dec 2023 11:08:55 GMT; Path=/; Domain=.twitter.com; Secure; SameSite=None, personalization_id="v1_zZTG12d6HuOh8/nozv+d2w=="; Max-Age=63072000; Expires=Thu, 07 Dec 2023 11:08:55 GMT; Path=/; Domain=.twitter.com; Secure; SameSite=None, guest_id=v1%3A163887533526109631; Max-Age=63072000; Expires=Thu, 07 Dec 2023 11:08:55 GMT; Path=/; Domain=.twitter.com; Secure; SameSite=None', 'api-version': '2.31', 'content-type': 'application/json; charset=utf-8', 'cache-control': 'no-cache, no-store, max-age=0', 'content-length': '151', 'x-access-level': 'read', 'x-frame-options': 'SAMEORIGIN', 'content-encoding': 'gzip', 'x-xss-protection': '0', 'x-rate-limit-limit': '300', 'x-rate-limit-reset': '1638876037', 'content-disposition': 'attachment; filename=json.json', 'x-content-type-options': 'nosniff', 'x-rate-limit-remaining': '238', 'strict-transport-security': 'max-age=631138519', 'x-response-time': '128', 'x-connection-hash': 'd0fe93252231a973db59abe4e4883035f0fbe956cdb77c0404a09a80a08426f4'}
Content: b'{"data":{"username":"maunakeatech","created_at":"2011-03-28T14:50:55.000Z","id":"273460350","name":"Cellvizio\xc2\xae by Mauna Kea Technologies"}}'
2021-12-07 12:08:55,714 WARNING :: Requesting users | getting maunakeatech
2021-12-07 12:08:55,715 DEBUG :: Making API request: GET https://api.twitter.com/2/users/by/username/NEOLIFE_Groupe
Parameters: {'user.fields': 'created_at'}
Headers: {'User-Agent': 'Python/3.8.9 Requests/2.26.0 Tweepy/4.4.0', 'Authorization': 'Bearer AAAAAAAAAAAAAAAAAAAAAH68VwEAAAAA5DWkqX14lSgqQ2yid9RQhbV1meM%3D8jgI64BX4l8WPDrbahnwKYJFb1Hn9MMz85L2YNPQGGT3bfbSdv'}
Body: None
2021-12-07 12:08:55,718 DEBUG :: Starting new HTTPS connection (1): api.twitter.com:443
2021-12-07 12:08:55,951 DEBUG :: https://api.twitter.com:443 "GET /2/users/by/username/NEOLIFE_Groupe?user.fields=created_at HTTP/1.1" 200 129
2021-12-07 12:08:55,954 DEBUG :: Received API response: 200 OK
Headers: {'date': 'Tue, 07 Dec 2021 11:08:55 UTC', 'server': 'tsa_f', 'set-cookie': 'guest_id_marketing=v1%3A163887533550092146; Max-Age=63072000; Expires=Thu, 07 Dec 2023 11:08:55 GMT; Path=/; Domain=.twitter.com; Secure; SameSite=None, guest_id_ads=v1%3A163887533550092146; Max-Age=63072000; Expires=Thu, 07 Dec 2023 11:08:55 GMT; Path=/; Domain=.twitter.com; Secure; SameSite=None, personalization_id="v1_6vNNdx6Va6SKEFl22m6WfA=="; Max-Age=63072000; Expires=Thu, 07 Dec 2023 11:08:55 GMT; Path=/; Domain=.twitter.com; Secure; SameSite=None, guest_id=v1%3A163887533550092146; Max-Age=63072000; Expires=Thu, 07 Dec 2023 11:08:55 GMT; Path=/; Domain=.twitter.com; Secure; SameSite=None', 'api-version': '2.31', 'content-type': 'application/json; charset=utf-8', 'cache-control': 'no-cache, no-store, max-age=0', 'content-length': '129', 'x-access-level': 'read', 'x-frame-options': 'SAMEORIGIN', 'content-encoding': 'gzip', 'x-xss-protection': '0', 'x-rate-limit-limit': '300', 'x-rate-limit-reset': '1638876037', 'content-disposition': 'attachment; filename=json.json', 'x-content-type-options': 'nosniff', 'x-rate-limit-remaining': '237', 'strict-transport-security': 'max-age=631138519', 'x-response-time': '127', 'x-connection-hash': 'fbaa020f64bf40b1199628baca50c16da8f51a63900aeb042a9bf9745bc648b6'}
Content: b'{"data":{"username":"NEOLIFE_Groupe","created_at":"2014-09-03T15:25:13.000Z","id":"2788181623","name":"neolife"}}'
2021-12-07 12:08:55,954 WARNING :: Requesting users | getting NEOLIFE_Groupe
2021-12-07 12:08:55,956 DEBUG :: Making API request: GET https://api.twitter.com/2/users/by/username/Valbiotis
Parameters: {'user.fields': 'created_at'}
Headers: {'User-Agent': 'Python/3.8.9 Requests/2.26.0 Tweepy/4.4.0', 'Authorization': 'Bearer AAAAAAAAAAAAAAAAAAAAAH68VwEAAAAA5DWkqX14lSgqQ2yid9RQhbV1meM%3D8jgI64BX4l8WPDrbahnwKYJFb1Hn9MMz85L2YNPQGGT3bfbSdv'}
Body: None
2021-12-07 12:08:55,958 DEBUG :: Starting new HTTPS connection (1): api.twitter.com:443
2021-12-07 12:08:56,190 DEBUG :: https://api.twitter.com:443 "GET /2/users/by/username/Valbiotis?user.fields=created_at HTTP/1.1" 200 115
2021-12-07 12:08:56,191 DEBUG :: Received API response: 200 OK
Headers: {'date': 'Tue, 07 Dec 2021 11:08:55 UTC', 'server': 'tsa_f', 'set-cookie': 'guest_id_marketing=v1%3A163887533572978364; Max-Age=63072000; Expires=Thu, 07 Dec 2023 11:08:55 GMT; Path=/; Domain=.twitter.com; Secure; SameSite=None, guest_id_ads=v1%3A163887533572978364; Max-Age=63072000; Expires=Thu, 07 Dec 2023 11:08:55 GMT; Path=/; Domain=.twitter.com; Secure; SameSite=None, personalization_id="v1_61/3GfkVGjLL9SqD4Dadlw=="; Max-Age=63072000; Expires=Thu, 07 Dec 2023 11:08:55 GMT; Path=/; Domain=.twitter.com; Secure; SameSite=None, guest_id=v1%3A163887533572978364; Max-Age=63072000; Expires=Thu, 07 Dec 2023 11:08:55 GMT; Path=/; Domain=.twitter.com; Secure; SameSite=None', 'api-version': '2.31', 'content-type': 'application/json; charset=utf-8', 'cache-control': 'no-cache, no-store, max-age=0', 'content-length': '115', 'x-access-level': 'read', 'x-frame-options': 'SAMEORIGIN', 'content-encoding': 'gzip', 'x-xss-protection': '0', 'x-rate-limit-limit': '300', 'x-rate-limit-reset': '1638876037', 'content-disposition': 'attachment; filename=json.json', 'x-content-type-options': 'nosniff', 'x-rate-limit-remaining': '236', 'strict-transport-security': 'max-age=631138519', 'x-response-time': '137', 'x-connection-hash': 'b7ff6259939676642acb977a2b5f67d78499d3d7678657605ab5806ef3b00ea7'}
Content: b'{"data":{"id":"3012860405","username":"Valbiotis","created_at":"2015-02-02T19:34:07.000Z","name":"Valbiotis"}}'
2021-12-07 12:08:56,192 WARNING :: Requesting users | getting Valbiotis
2021-12-07 12:08:56,193 DEBUG :: Making API request: GET https://api.twitter.com/2/users/by/username/GenomicVision_
Parameters: {'user.fields': 'created_at'}
Headers: {'User-Agent': 'Python/3.8.9 Requests/2.26.0 Tweepy/4.4.0', 'Authorization': 'Bearer AAAAAAAAAAAAAAAAAAAAAH68VwEAAAAA5DWkqX14lSgqQ2yid9RQhbV1meM%3D8jgI64BX4l8WPDrbahnwKYJFb1Hn9MMz85L2YNPQGGT3bfbSdv'}
Body: None
2021-12-07 12:08:56,195 DEBUG :: Starting new HTTPS connection (1): api.twitter.com:443
2021-12-07 12:08:56,417 DEBUG :: https://api.twitter.com:443 "GET /2/users/by/username/GenomicVision_?user.fields=created_at HTTP/1.1" 200 124
2021-12-07 12:08:56,418 DEBUG :: Received API response: 200 OK
Headers: {'date': 'Tue, 07 Dec 2021 11:08:55 UTC', 'server': 'tsa_f', 'set-cookie': 'guest_id_marketing=v1%3A163887533596326747; Max-Age=63072000; Expires=Thu, 07 Dec 2023 11:08:55 GMT; Path=/; Domain=.twitter.com; Secure; SameSite=None, guest_id_ads=v1%3A163887533596326747; Max-Age=63072000; Expires=Thu, 07 Dec 2023 11:08:55 GMT; Path=/; Domain=.twitter.com; Secure; SameSite=None, personalization_id="v1_wbfBHQJbA2Hw7k1VNd+8bA=="; Max-Age=63072000; Expires=Thu, 07 Dec 2023 11:08:55 GMT; Path=/; Domain=.twitter.com; Secure; SameSite=None, guest_id=v1%3A163887533596326747; Max-Age=63072000; Expires=Thu, 07 Dec 2023 11:08:55 GMT; Path=/; Domain=.twitter.com; Secure; SameSite=None', 'api-version': '2.31', 'content-type': 'application/json; charset=utf-8', 'cache-control': 'no-cache, no-store, max-age=0', 'content-length': '124', 'x-access-level': 'read', 'x-frame-options': 'SAMEORIGIN', 'content-encoding': 'gzip', 'x-xss-protection': '0', 'x-rate-limit-limit': '300', 'x-rate-limit-reset': '1638876037', 'content-disposition': 'attachment; filename=json.json', 'x-content-type-options': 'nosniff', 'x-rate-limit-remaining': '235', 'strict-transport-security': 'max-age=631138519', 'x-response-time': '129', 'x-connection-hash': '7181623523ec482686695b6450c3e9fd24e9dfa2270102406a01b4a00f06bd3b'}
Content: b'{"data":{"username":"GenomicVision_","id":"3195185721","created_at":"2015-04-22T16:16:18.000Z","name":"Genomic Vision"}}'
2021-12-07 12:08:56,419 WARNING :: Requesting users | getting GenomicVision_
2021-12-07 12:08:56,420 DEBUG :: Making API request: GET https://api.twitter.com/2/users/by/username/MEDIANTechno
Parameters: {'user.fields': 'created_at'}
Headers: {'User-Agent': 'Python/3.8.9 Requests/2.26.0 Tweepy/4.4.0', 'Authorization': 'Bearer AAAAAAAAAAAAAAAAAAAAAH68VwEAAAAA5DWkqX14lSgqQ2yid9RQhbV1meM%3D8jgI64BX4l8WPDrbahnwKYJFb1Hn9MMz85L2YNPQGGT3bfbSdv'}
Body: None
2021-12-07 12:08:56,423 DEBUG :: Starting new HTTPS connection (1): api.twitter.com:443
2021-12-07 12:08:56,651 DEBUG :: https://api.twitter.com:443 "GET /2/users/by/username/MEDIANTechno?user.fields=created_at HTTP/1.1" 200 134
2021-12-07 12:08:56,652 DEBUG :: Received API response: 200 OK
Headers: {'date': 'Tue, 07 Dec 2021 11:08:56 UTC', 'server': 'tsa_f', 'set-cookie': 'guest_id_marketing=v1%3A163887533619517064; Max-Age=63072000; Expires=Thu, 07 Dec 2023 11:08:56 GMT; Path=/; Domain=.twitter.com; Secure; SameSite=None, guest_id_ads=v1%3A163887533619517064; Max-Age=63072000; Expires=Thu, 07 Dec 2023 11:08:56 GMT; Path=/; Domain=.twitter.com; Secure; SameSite=None, personalization_id="v1_3CNXFpYvxExXbVgKnq8JUA=="; Max-Age=63072000; Expires=Thu, 07 Dec 2023 11:08:56 GMT; Path=/; Domain=.twitter.com; Secure; SameSite=None, guest_id=v1%3A163887533619517064; Max-Age=63072000; Expires=Thu, 07 Dec 2023 11:08:56 GMT; Path=/; Domain=.twitter.com; Secure; SameSite=None', 'api-version': '2.31', 'content-type': 'application/json; charset=utf-8', 'cache-control': 'no-cache, no-store, max-age=0', 'content-length': '134', 'x-access-level': 'read', 'x-frame-options': 'SAMEORIGIN', 'content-encoding': 'gzip', 'x-xss-protection': '0', 'x-rate-limit-limit': '300', 'x-rate-limit-reset': '1638876037', 'content-disposition': 'attachment; filename=json.json', 'x-content-type-options': 'nosniff', 'x-rate-limit-remaining': '234', 'strict-transport-security': 'max-age=631138519', 'x-response-time': '132', 'x-connection-hash': 'b99e206e456fe552f08e672a39302c9e8392a9238966f9cdf8d3393e82fc9811'}
Content: b'{"data":{"created_at":"2012-02-20T10:07:17.000Z","username":"MEDIANTechno","id":"497759874","name":"Median Technologies"}}'
2021-12-07 12:08:56,652 WARNING :: Requesting users | getting MEDIANTechno
2021-12-07 12:08:56,654 DEBUG :: Making API request: GET https://api.twitter.com/2/users/by/username/Cabasse_Group
Parameters: {'user.fields': 'created_at'}
Headers: {'User-Agent': 'Python/3.8.9 Requests/2.26.0 Tweepy/4.4.0', 'Authorization': 'Bearer AAAAAAAAAAAAAAAAAAAAAH68VwEAAAAA5DWkqX14lSgqQ2yid9RQhbV1meM%3D8jgI64BX4l8WPDrbahnwKYJFb1Hn9MMz85L2YNPQGGT3bfbSdv'}
Body: None
2021-12-07 12:08:56,657 DEBUG :: Starting new HTTPS connection (1): api.twitter.com:443
2021-12-07 12:08:56,889 DEBUG :: https://api.twitter.com:443 "GET /2/users/by/username/Cabasse_Group?user.fields=created_at HTTP/1.1" 200 118
2021-12-07 12:08:56,890 DEBUG :: Received API response: 200 OK
Headers: {'date': 'Tue, 07 Dec 2021 11:08:56 UTC', 'server': 'tsa_f', 'set-cookie': 'guest_id_marketing=v1%3A163887533642845576; Max-Age=63072000; Expires=Thu, 07 Dec 2023 11:08:56 GMT; Path=/; Domain=.twitter.com; Secure; SameSite=None, guest_id_ads=v1%3A163887533642845576; Max-Age=63072000; Expires=Thu, 07 Dec 2023 11:08:56 GMT; Path=/; Domain=.twitter.com; Secure; SameSite=None, personalization_id="v1_1OqKKFtoYD8nBs7ByZUY7w=="; Max-Age=63072000; Expires=Thu, 07 Dec 2023 11:08:56 GMT; Path=/; Domain=.twitter.com; Secure; SameSite=None, guest_id=v1%3A163887533642845576; Max-Age=63072000; Expires=Thu, 07 Dec 2023 11:08:56 GMT; Path=/; Domain=.twitter.com; Secure; SameSite=None', 'api-version': '2.31', 'content-type': 'application/json; charset=utf-8', 'cache-control': 'no-cache, no-store, max-age=0', 'content-length': '118', 'x-access-level': 'read', 'x-frame-options': 'SAMEORIGIN', 'content-encoding': 'gzip', 'x-xss-protection': '0', 'x-rate-limit-limit': '300', 'x-rate-limit-reset': '1638876037', 'content-disposition': 'attachment; filename=json.json', 'x-content-type-options': 'nosniff', 'x-rate-limit-remaining': '233', 'strict-transport-security': 'max-age=631138519', 'x-response-time': '138', 'x-connection-hash': 'fc3c003e744815f62377fcf69903dbb24dca9f56769241b6b59427dcd6fe96e5'}
Content: b'{"data":{"id":"41331922","username":"Cabasse_Group","name":"Cabasse Group","created_at":"2009-05-20T10:22:29.000Z"}}'
2021-12-07 12:08:56,890 WARNING :: Requesting users | getting Cabasse_Group
2021-12-07 12:08:56,892 DEBUG :: Making API request: GET https://api.twitter.com/2/users/by/username/Crossject_
Parameters: {'user.fields': 'created_at'}
Headers: {'User-Agent': 'Python/3.8.9 Requests/2.26.0 Tweepy/4.4.0', 'Authorization': 'Bearer AAAAAAAAAAAAAAAAAAAAAH68VwEAAAAA5DWkqX14lSgqQ2yid9RQhbV1meM%3D8jgI64BX4l8WPDrbahnwKYJFb1Hn9MMz85L2YNPQGGT3bfbSdv'}
Body: None
2021-12-07 12:08:56,894 DEBUG :: Starting new HTTPS connection (1): api.twitter.com:443
2021-12-07 12:08:57,111 DEBUG :: https://api.twitter.com:443 "GET /2/users/by/username/Crossject_?user.fields=created_at HTTP/1.1" 200 117
2021-12-07 12:08:57,112 DEBUG :: Received API response: 200 OK
Headers: {'date': 'Tue, 07 Dec 2021 11:08:56 UTC', 'server': 'tsa_f', 'set-cookie': 'guest_id_marketing=v1%3A163887533665819149; Max-Age=63072000; Expires=Thu, 07 Dec 2023 11:08:56 GMT; Path=/; Domain=.twitter.com; Secure; SameSite=None, guest_id_ads=v1%3A163887533665819149; Max-Age=63072000; Expires=Thu, 07 Dec 2023 11:08:56 GMT; Path=/; Domain=.twitter.com; Secure; SameSite=None, personalization_id="v1_NC4Gcx0wnvTMV74BV8lW+g=="; Max-Age=63072000; Expires=Thu, 07 Dec 2023 11:08:56 GMT; Path=/; Domain=.twitter.com; Secure; SameSite=None, guest_id=v1%3A163887533665819149; Max-Age=63072000; Expires=Thu, 07 Dec 2023 11:08:56 GMT; Path=/; Domain=.twitter.com; Secure; SameSite=None', 'api-version': '2.31', 'content-type': 'application/json; charset=utf-8', 'cache-control': 'no-cache, no-store, max-age=0', 'content-length': '117', 'x-access-level': 'read', 'x-frame-options': 'SAMEORIGIN', 'content-encoding': 'gzip', 'x-xss-protection': '0', 'x-rate-limit-limit': '300', 'x-rate-limit-reset': '1638876037', 'content-disposition': 'attachment; filename=json.json', 'x-content-type-options': 'nosniff', 'x-rate-limit-remaining': '232', 'strict-transport-security': 'max-age=631138519', 'x-response-time': '129', 'x-connection-hash': '438afde040cc4c689c88ce5d0c54129e45ed645ac4296a9ffd4ad5b93b57c0f9'}
Content: b'{"data":{"created_at":"2014-08-06T14:50:38.000Z","username":"Crossject_","id":"2712208951","name":"Crossject"}}'
2021-12-07 12:08:57,112 WARNING :: Requesting users | getting Crossject_
2021-12-07 12:08:57,114 DEBUG :: Making API request: GET https://api.twitter.com/2/users/by/username/Europlasma
Parameters: {'user.fields': 'created_at'}
Headers: {'User-Agent': 'Python/3.8.9 Requests/2.26.0 Tweepy/4.4.0', 'Authorization': 'Bearer AAAAAAAAAAAAAAAAAAAAAH68VwEAAAAA5DWkqX14lSgqQ2yid9RQhbV1meM%3D8jgI64BX4l8WPDrbahnwKYJFb1Hn9MMz85L2YNPQGGT3bfbSdv'}
Body: None
2021-12-07 12:08:57,115 DEBUG :: Starting new HTTPS connection (1): api.twitter.com:443
2021-12-07 12:08:57,334 DEBUG :: https://api.twitter.com:443 "GET /2/users/by/username/Europlasma?user.fields=created_at HTTP/1.1" 200 116
2021-12-07 12:08:57,335 DEBUG :: Received API response: 200 OK
Headers: {'date': 'Tue, 07 Dec 2021 11:08:56 UTC', 'server': 'tsa_f', 'set-cookie': 'guest_id_marketing=v1%3A163887533688542323; Max-Age=63072000; Expires=Thu, 07 Dec 2023 11:08:56 GMT; Path=/; Domain=.twitter.com; Secure; SameSite=None, guest_id_ads=v1%3A163887533688542323; Max-Age=63072000; Expires=Thu, 07 Dec 2023 11:08:56 GMT; Path=/; Domain=.twitter.com; Secure; SameSite=None, personalization_id="v1_Xf7qkyI9qFBYjVehaS1yew=="; Max-Age=63072000; Expires=Thu, 07 Dec 2023 11:08:56 GMT; Path=/; Domain=.twitter.com; Secure; SameSite=None, guest_id=v1%3A163887533688542323; Max-Age=63072000; Expires=Thu, 07 Dec 2023 11:08:56 GMT; Path=/; Domain=.twitter.com; Secure; SameSite=None', 'api-version': '2.31', 'content-type': 'application/json; charset=utf-8', 'cache-control': 'no-cache, no-store, max-age=0', 'content-length': '116', 'x-access-level': 'read', 'x-frame-options': 'SAMEORIGIN', 'content-encoding': 'gzip', 'x-xss-protection': '0', 'x-rate-limit-limit': '300', 'x-rate-limit-reset': '1638876037', 'content-disposition': 'attachment; filename=json.json', 'x-content-type-options': 'nosniff', 'x-rate-limit-remaining': '231', 'strict-transport-security': 'max-age=631138519', 'x-response-time': '127', 'x-connection-hash': '241893d19e76292f29fa40edff6c24586b87bbfccb71e27d7ace5970bd6e4515'}
Content: b'{"data":{"username":"Europlasma","created_at":"2012-03-13T14:10:54.000Z","id":"523298537","name":"Europlasma"}}'
2021-12-07 12:08:57,336 WARNING :: Requesting users | getting Europlasma
2021-12-07 12:08:57,337 DEBUG :: Making API request: GET https://api.twitter.com/2/users/by/username/Europlasma
Parameters: {'user.fields': 'created_at'}
Headers: {'User-Agent': 'Python/3.8.9 Requests/2.26.0 Tweepy/4.4.0', 'Authorization': 'Bearer AAAAAAAAAAAAAAAAAAAAAH68VwEAAAAA5DWkqX14lSgqQ2yid9RQhbV1meM%3D8jgI64BX4l8WPDrbahnwKYJFb1Hn9MMz85L2YNPQGGT3bfbSdv'}
Body: None
2021-12-07 12:08:57,339 DEBUG :: Starting new HTTPS connection (1): api.twitter.com:443
2021-12-07 12:08:57,561 DEBUG :: https://api.twitter.com:443 "GET /2/users/by/username/Europlasma?user.fields=created_at HTTP/1.1" 200 115
2021-12-07 12:08:57,563 DEBUG :: Received API response: 200 OK
Headers: {'date': 'Tue, 07 Dec 2021 11:08:57 UTC', 'server': 'tsa_f', 'set-cookie': 'guest_id_marketing=v1%3A163887533711273750; Max-Age=63072000; Expires=Thu, 07 Dec 2023 11:08:57 GMT; Path=/; Domain=.twitter.com; Secure; SameSite=None, guest_id_ads=v1%3A163887533711273750; Max-Age=63072000; Expires=Thu, 07 Dec 2023 11:08:57 GMT; Path=/; Domain=.twitter.com; Secure; SameSite=None, personalization_id="v1_aA4OlD7qBhczeJLIms8aSw=="; Max-Age=63072000; Expires=Thu, 07 Dec 2023 11:08:57 GMT; Path=/; Domain=.twitter.com; Secure; SameSite=None, guest_id=v1%3A163887533711273750; Max-Age=63072000; Expires=Thu, 07 Dec 2023 11:08:57 GMT; Path=/; Domain=.twitter.com; Secure; SameSite=None', 'api-version': '2.31', 'content-type': 'application/json; charset=utf-8', 'cache-control': 'no-cache, no-store, max-age=0', 'content-length': '115', 'x-access-level': 'read', 'x-frame-options': 'SAMEORIGIN', 'content-encoding': 'gzip', 'x-xss-protection': '0', 'x-rate-limit-limit': '300', 'x-rate-limit-reset': '1638876037', 'content-disposition': 'attachment; filename=json.json', 'x-content-type-options': 'nosniff', 'x-rate-limit-remaining': '230', 'strict-transport-security': 'max-age=631138519', 'x-response-time': '128', 'x-connection-hash': 'b1949dbd7f5f9c974a38e78b5f799518ef925d6a7cf1756f0fe250d59caa04af'}
Content: b'{"data":{"id":"523298537","created_at":"2012-03-13T14:10:54.000Z","username":"Europlasma","name":"Europlasma"}}'
2021-12-07 12:08:57,563 WARNING :: Requesting users | getting Europlasma
2021-12-07 12:08:57,671 DEBUG :: Making API request: GET https://api.twitter.com/2/users/97127367/tweets
Parameters: {'max_results': 5, 'tweet.fields': 'created_at'}
Headers: {'User-Agent': 'Python/3.8.9 Requests/2.26.0 Tweepy/4.4.0', 'Authorization': 'Bearer AAAAAAAAAAAAAAAAAAAAAH68VwEAAAAA5DWkqX14lSgqQ2yid9RQhbV1meM%3D8jgI64BX4l8WPDrbahnwKYJFb1Hn9MMz85L2YNPQGGT3bfbSdv'}
Body: None
2021-12-07 12:08:57,673 DEBUG :: Starting new HTTPS connection (1): api.twitter.com:443
2021-12-07 12:08:57,955 DEBUG :: https://api.twitter.com:443 "GET /2/users/97127367/tweets?max_results=5&tweet.fields=created_at HTTP/1.1" 200 756
2021-12-07 12:08:57,957 DEBUG :: Received API response: 200 OK
Headers: {'date': 'Tue, 07 Dec 2021 11:08:57 UTC', 'server': 'tsa_f', 'set-cookie': 'guest_id_marketing=v1%3A163887533744246331; Max-Age=63072000; Expires=Thu, 07 Dec 2023 11:08:57 GMT; Path=/; Domain=.twitter.com; Secure; SameSite=None, guest_id_ads=v1%3A163887533744246331; Max-Age=63072000; Expires=Thu, 07 Dec 2023 11:08:57 GMT; Path=/; Domain=.twitter.com; Secure; SameSite=None, personalization_id="v1_MeiM8UV+2yCWYCk63K+WUQ=="; Max-Age=63072000; Expires=Thu, 07 Dec 2023 11:08:57 GMT; Path=/; Domain=.twitter.com; Secure; SameSite=None, guest_id=v1%3A163887533744246331; Max-Age=63072000; Expires=Thu, 07 Dec 2023 11:08:57 GMT; Path=/; Domain=.twitter.com; Secure; SameSite=None', 'api-version': '2.31', 'content-type': 'application/json; charset=utf-8', 'cache-control': 'no-cache, no-store, max-age=0', 'content-length': '756', 'x-access-level': 'read', 'x-frame-options': 'SAMEORIGIN', 'content-encoding': 'gzip', 'x-xss-protection': '0', 'x-rate-limit-limit': '1500', 'x-rate-limit-reset': '1638876040', 'content-disposition': 'attachment; filename=json.json', 'x-content-type-options': 'nosniff', 'x-rate-limit-remaining': '1459', 'strict-transport-security': 'max-age=631138519', 'x-response-time': '188', 'x-connection-hash': '9bff264a5fab85bd32c118371aeb5cd19261255bd3ef496bc54a111e7a385dfa'}
Content: b'{"data":[{"created_at":"2021-11-25T16:57:26.000Z","id":"1463914740082790401","text":"Thank you for visiting us @CoDubost and @CCastaner\\n\\n#BetterMedicineForAll #ImpactHealth https://t.co/4e5a7X3BPK"},{"created_at":"2021-11-03T16:45:35.000Z","id":"1455939222716682243","text":"Watch the last interview (in french) of our CEO https://t.co/kj3QDts54J"},{"created_at":"2021-11-01T07:00:50.000Z","id":"1455067290693771264","text":"Phase 3 data of mdc-IRM, 1st product based on MedinCell\xe2\x80\x99s technology, shows significant improvements in patients with schizophrenia: \\n- Prolonged time to impending relapse \\n- Decreased risk of relapse \\n- Increased chance of clinical stability \\nhttps://t.co/n4efikehP9"},{"created_at":"2021-10-21T15:41:54.000Z","id":"1451212153751490560","text":"Full PR: https://t.co/tiAZO6471v \\n#BetterMedicineForAll #ImpactHealth https://t.co/ejHrxyd44M"},{"created_at":"2021-07-01T09:02:45.000Z","id":"1410524265674383365","text":"RT @ABG_Asso: Le #Concours de #Pitch 2021 #CPP21 \\n@ABG_Asso a le plaisir de pr\xc3\xa9senter le #sponsor de son \\uD83E\\uDD48prix (400\xe2\x82\xac),@medincell : une soci\xe2\x80\xa6"}],"meta":{"oldest_id":"1410524265674383365","newest_id":"1463914740082790401","result_count":5,"next_token":"7140dibdnow9c7btw3z16t2ae4ug6v5jryxzr5a6y9zjp"}}'
2021-12-07 12:08:57,958 WARNING :: Amount of tweets 0
