2021-12-07 12:07:54,589 DEBUG :: Making API request: GET https://api.twitter.com/2/users/by/username/MedinCell
Parameters: {'user.fields': 'created_at'}
Headers: {'User-Agent': 'Python/3.8.9 Requests/2.26.0 Tweepy/4.4.0', 'Authorization': 'Bearer AAAAAAAAAAAAAAAAAAAAAH68VwEAAAAA5DWkqX14lSgqQ2yid9RQhbV1meM%3D8jgI64BX4l8WPDrbahnwKYJFb1Hn9MMz85L2YNPQGGT3bfbSdv'}
Body: None
2021-12-07 12:07:54,597 DEBUG :: Starting new HTTPS connection (1): api.twitter.com:443
2021-12-07 12:07:54,850 DEBUG :: https://api.twitter.com:443 "GET /2/users/by/username/MedinCell?user.fields=created_at HTTP/1.1" 200 114
2021-12-07 12:07:54,851 DEBUG :: Received API response: 200 OK
Headers: {'date': 'Tue, 07 Dec 2021 11:07:54 UTC', 'server': 'tsa_f', 'set-cookie': 'guest_id_marketing=v1%3A163887527439229889; Max-Age=63072000; Expires=Thu, 07 Dec 2023 11:07:54 GMT; Path=/; Domain=.twitter.com; Secure; SameSite=None, guest_id_ads=v1%3A163887527439229889; Max-Age=63072000; Expires=Thu, 07 Dec 2023 11:07:54 GMT; Path=/; Domain=.twitter.com; Secure; SameSite=None, personalization_id="v1_w8fskfCkNeK5SQ+LYbbbWg=="; Max-Age=63072000; Expires=Thu, 07 Dec 2023 11:07:54 GMT; Path=/; Domain=.twitter.com; Secure; SameSite=None, guest_id=v1%3A163887527439229889; Max-Age=63072000; Expires=Thu, 07 Dec 2023 11:07:54 GMT; Path=/; Domain=.twitter.com; Secure; SameSite=None', 'api-version': '2.31', 'content-type': 'application/json; charset=utf-8', 'cache-control': 'no-cache, no-store, max-age=0', 'content-length': '114', 'x-access-level': 'read', 'x-frame-options': 'SAMEORIGIN', 'content-encoding': 'gzip', 'x-xss-protection': '0', 'x-rate-limit-limit': '300', 'x-rate-limit-reset': '1638876037', 'content-disposition': 'attachment; filename=json.json', 'x-content-type-options': 'nosniff', 'x-rate-limit-remaining': '257', 'strict-transport-security': 'max-age=631138519', 'x-response-time': '133', 'x-connection-hash': '65406ca1dd1b5dd3fbb2641c633ce2c3daf85eaf01a0897a2929a45f67a9bcc7'}
Content: b'{"data":{"created_at":"2009-12-16T03:42:27.000Z","name":"MedinCell","id":"97127367","username":"MedinCell"}}'
2021-12-07 12:07:54,854 WARNING :: Requesting users | getting MedinCell
2021-12-07 12:07:54,856 DEBUG :: Making API request: GET https://api.twitter.com/2/users/by/username/cellectis
Parameters: {'user.fields': 'created_at'}
Headers: {'User-Agent': 'Python/3.8.9 Requests/2.26.0 Tweepy/4.4.0', 'Authorization': 'Bearer AAAAAAAAAAAAAAAAAAAAAH68VwEAAAAA5DWkqX14lSgqQ2yid9RQhbV1meM%3D8jgI64BX4l8WPDrbahnwKYJFb1Hn9MMz85L2YNPQGGT3bfbSdv'}
Body: None
2021-12-07 12:07:54,859 DEBUG :: Starting new HTTPS connection (1): api.twitter.com:443
2021-12-07 12:07:55,099 DEBUG :: https://api.twitter.com:443 "GET /2/users/by/username/cellectis?user.fields=created_at HTTP/1.1" 200 115
2021-12-07 12:07:55,100 DEBUG :: Received API response: 200 OK
Headers: {'date': 'Tue, 07 Dec 2021 11:07:54 UTC', 'server': 'tsa_f', 'set-cookie': 'guest_id_marketing=v1%3A163887527464878771; Max-Age=63072000; Expires=Thu, 07 Dec 2023 11:07:54 GMT; Path=/; Domain=.twitter.com; Secure; SameSite=None, guest_id_ads=v1%3A163887527464878771; Max-Age=63072000; Expires=Thu, 07 Dec 2023 11:07:54 GMT; Path=/; Domain=.twitter.com; Secure; SameSite=None, personalization_id="v1_Hx/YwDjMVXYXn2LdVQVB2A=="; Max-Age=63072000; Expires=Thu, 07 Dec 2023 11:07:54 GMT; Path=/; Domain=.twitter.com; Secure; SameSite=None, guest_id=v1%3A163887527464878771; Max-Age=63072000; Expires=Thu, 07 Dec 2023 11:07:54 GMT; Path=/; Domain=.twitter.com; Secure; SameSite=None', 'api-version': '2.31', 'content-type': 'application/json; charset=utf-8', 'cache-control': 'no-cache, no-store, max-age=0', 'content-length': '115', 'x-access-level': 'read', 'x-frame-options': 'SAMEORIGIN', 'content-encoding': 'gzip', 'x-xss-protection': '0', 'x-rate-limit-limit': '300', 'x-rate-limit-reset': '1638876037', 'content-disposition': 'attachment; filename=json.json', 'x-content-type-options': 'nosniff', 'x-rate-limit-remaining': '256', 'strict-transport-security': 'max-age=631138519', 'x-response-time': '128', 'x-connection-hash': '55c42a639e8d76f10765930f2f7b3e60f3a11a00f35971cefbbf4f1e3081ca1b'}
Content: b'{"data":{"id":"81887593","created_at":"2009-10-12T17:21:25.000Z","username":"cellectis","name":"Cellectis"}}'
2021-12-07 12:07:55,100 WARNING :: Requesting users | getting cellectis
2021-12-07 12:07:55,102 DEBUG :: Making API request: GET https://api.twitter.com/2/users/by/username/Carbios
Parameters: {'user.fields': 'created_at'}
Headers: {'User-Agent': 'Python/3.8.9 Requests/2.26.0 Tweepy/4.4.0', 'Authorization': 'Bearer AAAAAAAAAAAAAAAAAAAAAH68VwEAAAAA5DWkqX14lSgqQ2yid9RQhbV1meM%3D8jgI64BX4l8WPDrbahnwKYJFb1Hn9MMz85L2YNPQGGT3bfbSdv'}
Body: None
2021-12-07 12:07:55,104 DEBUG :: Starting new HTTPS connection (1): api.twitter.com:443
2021-12-07 12:07:55,353 DEBUG :: https://api.twitter.com:443 "GET /2/users/by/username/Carbios?user.fields=created_at HTTP/1.1" 200 114
2021-12-07 12:07:55,355 DEBUG :: Received API response: 200 OK
Headers: {'date': 'Tue, 07 Dec 2021 11:07:54 UTC', 'server': 'tsa_f', 'set-cookie': 'guest_id_marketing=v1%3A163887527489242382; Max-Age=63072000; Expires=Thu, 07 Dec 2023 11:07:54 GMT; Path=/; Domain=.twitter.com; Secure; SameSite=None, guest_id_ads=v1%3A163887527489242382; Max-Age=63072000; Expires=Thu, 07 Dec 2023 11:07:54 GMT; Path=/; Domain=.twitter.com; Secure; SameSite=None, personalization_id="v1_oKR5ihECMiCealBqca4nbQ=="; Max-Age=63072000; Expires=Thu, 07 Dec 2023 11:07:54 GMT; Path=/; Domain=.twitter.com; Secure; SameSite=None, guest_id=v1%3A163887527489242382; Max-Age=63072000; Expires=Thu, 07 Dec 2023 11:07:54 GMT; Path=/; Domain=.twitter.com; Secure; SameSite=None', 'api-version': '2.31', 'content-type': 'application/json; charset=utf-8', 'cache-control': 'no-cache, no-store, max-age=0', 'content-length': '114', 'x-access-level': 'read', 'x-frame-options': 'SAMEORIGIN', 'content-encoding': 'gzip', 'x-xss-protection': '0', 'x-rate-limit-limit': '300', 'x-rate-limit-reset': '1638876037', 'content-disposition': 'attachment; filename=json.json', 'x-content-type-options': 'nosniff', 'x-rate-limit-remaining': '255', 'strict-transport-security': 'max-age=631138519', 'x-response-time': '136', 'x-connection-hash': 'df6f4b3a3746dba58377598eeb9a3643a3cfdeb8cad6f456707259c05e757f2d'}
Content: b'{"data":{"id":"2221732909","name":"Carbios","created_at":"2013-11-29T16:42:25.000Z","username":"Carbios"}}'
2021-12-07 12:07:55,355 WARNING :: Requesting users | getting Carbios
2021-12-07 12:07:55,357 DEBUG :: Making API request: GET https://api.twitter.com/2/users/by/username/ImplanetJAZZ
Parameters: {'user.fields': 'created_at'}
Headers: {'User-Agent': 'Python/3.8.9 Requests/2.26.0 Tweepy/4.4.0', 'Authorization': 'Bearer AAAAAAAAAAAAAAAAAAAAAH68VwEAAAAA5DWkqX14lSgqQ2yid9RQhbV1meM%3D8jgI64BX4l8WPDrbahnwKYJFb1Hn9MMz85L2YNPQGGT3bfbSdv'}
Body: None
2021-12-07 12:07:55,361 DEBUG :: Starting new HTTPS connection (1): api.twitter.com:443
2021-12-07 12:07:55,631 DEBUG :: https://api.twitter.com:443 "GET /2/users/by/username/ImplanetJAZZ?user.fields=created_at HTTP/1.1" 200 118
2021-12-07 12:07:55,632 DEBUG :: Received API response: 200 OK
Headers: {'date': 'Tue, 07 Dec 2021 11:07:55 UTC', 'server': 'tsa_f', 'set-cookie': 'guest_id_marketing=v1%3A163887527515072863; Max-Age=63072000; Expires=Thu, 07 Dec 2023 11:07:55 GMT; Path=/; Domain=.twitter.com; Secure; SameSite=None, guest_id_ads=v1%3A163887527515072863; Max-Age=63072000; Expires=Thu, 07 Dec 2023 11:07:55 GMT; Path=/; Domain=.twitter.com; Secure; SameSite=None, personalization_id="v1_Kr2YKxSeA/Tz/acWCKOgoA=="; Max-Age=63072000; Expires=Thu, 07 Dec 2023 11:07:55 GMT; Path=/; Domain=.twitter.com; Secure; SameSite=None, guest_id=v1%3A163887527515072863; Max-Age=63072000; Expires=Thu, 07 Dec 2023 11:07:55 GMT; Path=/; Domain=.twitter.com; Secure; SameSite=None', 'api-version': '2.31', 'content-type': 'application/json; charset=utf-8', 'cache-control': 'no-cache, no-store, max-age=0', 'content-length': '118', 'x-access-level': 'read', 'x-frame-options': 'SAMEORIGIN', 'content-encoding': 'gzip', 'x-xss-protection': '0', 'x-rate-limit-limit': '300', 'x-rate-limit-reset': '1638876037', 'content-disposition': 'attachment; filename=json.json', 'x-content-type-options': 'nosniff', 'x-rate-limit-remaining': '254', 'strict-transport-security': 'max-age=631138519', 'x-response-time': '157', 'x-connection-hash': 'd0fc50bcc7952161ac3099ef982dc8d515379306ba7be8cfdf571439b2cb7c66'}
Content: b'{"data":{"id":"4235480235","username":"ImplanetJAZZ","created_at":"2015-11-20T15:48:08.000Z","name":"Implanet"}}'
2021-12-07 12:07:55,633 WARNING :: Requesting users | getting ImplanetJAZZ
2021-12-07 12:07:55,634 DEBUG :: Making API request: GET https://api.twitter.com/2/users/by/username/Biocartis_
Parameters: {'user.fields': 'created_at'}
Headers: {'User-Agent': 'Python/3.8.9 Requests/2.26.0 Tweepy/4.4.0', 'Authorization': 'Bearer AAAAAAAAAAAAAAAAAAAAAH68VwEAAAAA5DWkqX14lSgqQ2yid9RQhbV1meM%3D8jgI64BX4l8WPDrbahnwKYJFb1Hn9MMz85L2YNPQGGT3bfbSdv'}
Body: None
2021-12-07 12:07:55,637 DEBUG :: Starting new HTTPS connection (1): api.twitter.com:443
2021-12-07 12:07:55,875 DEBUG :: https://api.twitter.com:443 "GET /2/users/by/username/Biocartis_?user.fields=created_at HTTP/1.1" 200 114
2021-12-07 12:07:55,876 DEBUG :: Received API response: 200 OK
Headers: {'date': 'Tue, 07 Dec 2021 11:07:55 UTC', 'server': 'tsa_f', 'set-cookie': 'guest_id_marketing=v1%3A163887527542799967; Max-Age=63072000; Expires=Thu, 07 Dec 2023 11:07:55 GMT; Path=/; Domain=.twitter.com; Secure; SameSite=None, guest_id_ads=v1%3A163887527542799967; Max-Age=63072000; Expires=Thu, 07 Dec 2023 11:07:55 GMT; Path=/; Domain=.twitter.com; Secure; SameSite=None, personalization_id="v1_dpC//wB5nNqJsCCL8GN68A=="; Max-Age=63072000; Expires=Thu, 07 Dec 2023 11:07:55 GMT; Path=/; Domain=.twitter.com; Secure; SameSite=None, guest_id=v1%3A163887527542799967; Max-Age=63072000; Expires=Thu, 07 Dec 2023 11:07:55 GMT; Path=/; Domain=.twitter.com; Secure; SameSite=None', 'api-version': '2.31', 'content-type': 'application/json; charset=utf-8', 'cache-control': 'no-cache, no-store, max-age=0', 'content-length': '114', 'x-access-level': 'read', 'x-frame-options': 'SAMEORIGIN', 'content-encoding': 'gzip', 'x-xss-protection': '0', 'x-rate-limit-limit': '300', 'x-rate-limit-reset': '1638876037', 'content-disposition': 'attachment; filename=json.json', 'x-content-type-options': 'nosniff', 'x-rate-limit-remaining': '253', 'strict-transport-security': 'max-age=631138519', 'x-response-time': '125', 'x-connection-hash': '8b7092bec5cb40483788db9f9369c3284a09df3c42fbe0a0032f8506c3019614'}
Content: b'{"data":{"created_at":"2011-11-11T15:37:46.000Z","username":"Biocartis_","id":"410053275","name":"Biocartis"}}'
2021-12-07 12:07:55,877 WARNING :: Requesting users | getting Biocartis_
2021-12-07 12:07:55,878 DEBUG :: Making API request: GET https://api.twitter.com/2/users/by/username/maunakeatech
Parameters: {'user.fields': 'created_at'}
Headers: {'User-Agent': 'Python/3.8.9 Requests/2.26.0 Tweepy/4.4.0', 'Authorization': 'Bearer AAAAAAAAAAAAAAAAAAAAAH68VwEAAAAA5DWkqX14lSgqQ2yid9RQhbV1meM%3D8jgI64BX4l8WPDrbahnwKYJFb1Hn9MMz85L2YNPQGGT3bfbSdv'}
Body: None
2021-12-07 12:07:55,881 DEBUG :: Starting new HTTPS connection (1): api.twitter.com:443
2021-12-07 12:07:56,138 DEBUG :: https://api.twitter.com:443 "GET /2/users/by/username/maunakeatech?user.fields=created_at HTTP/1.1" 200 151
2021-12-07 12:07:56,139 DEBUG :: Received API response: 200 OK
Headers: {'date': 'Tue, 07 Dec 2021 11:07:55 UTC', 'server': 'tsa_f', 'set-cookie': 'guest_id_marketing=v1%3A163887527567226745; Max-Age=63072000; Expires=Thu, 07 Dec 2023 11:07:55 GMT; Path=/; Domain=.twitter.com; Secure; SameSite=None, guest_id_ads=v1%3A163887527567226745; Max-Age=63072000; Expires=Thu, 07 Dec 2023 11:07:55 GMT; Path=/; Domain=.twitter.com; Secure; SameSite=None, personalization_id="v1_xbUb7eAz/+hQjZaZDr+xGQ=="; Max-Age=63072000; Expires=Thu, 07 Dec 2023 11:07:55 GMT; Path=/; Domain=.twitter.com; Secure; SameSite=None, guest_id=v1%3A163887527567226745; Max-Age=63072000; Expires=Thu, 07 Dec 2023 11:07:55 GMT; Path=/; Domain=.twitter.com; Secure; SameSite=None', 'api-version': '2.31', 'content-type': 'application/json; charset=utf-8', 'cache-control': 'no-cache, no-store, max-age=0', 'content-length': '151', 'x-access-level': 'read', 'x-frame-options': 'SAMEORIGIN', 'content-encoding': 'gzip', 'x-xss-protection': '0', 'x-rate-limit-limit': '300', 'x-rate-limit-reset': '1638876037', 'content-disposition': 'attachment; filename=json.json', 'x-content-type-options': 'nosniff', 'x-rate-limit-remaining': '252', 'strict-transport-security': 'max-age=631138519', 'x-response-time': '142', 'x-connection-hash': '1220da0a32a3047383e436c1d2b92f5201edc42cf6fafc56031a1e26f2bad8d4'}
Content: b'{"data":{"username":"maunakeatech","created_at":"2011-03-28T14:50:55.000Z","id":"273460350","name":"Cellvizio\xc2\xae by Mauna Kea Technologies"}}'
2021-12-07 12:07:56,139 WARNING :: Requesting users | getting maunakeatech
2021-12-07 12:07:56,142 DEBUG :: Making API request: GET https://api.twitter.com/2/users/by/username/NEOLIFE_Groupe
Parameters: {'user.fields': 'created_at'}
Headers: {'User-Agent': 'Python/3.8.9 Requests/2.26.0 Tweepy/4.4.0', 'Authorization': 'Bearer AAAAAAAAAAAAAAAAAAAAAH68VwEAAAAA5DWkqX14lSgqQ2yid9RQhbV1meM%3D8jgI64BX4l8WPDrbahnwKYJFb1Hn9MMz85L2YNPQGGT3bfbSdv'}
Body: None
2021-12-07 12:07:56,144 DEBUG :: Starting new HTTPS connection (1): api.twitter.com:443
2021-12-07 12:07:56,384 DEBUG :: https://api.twitter.com:443 "GET /2/users/by/username/NEOLIFE_Groupe?user.fields=created_at HTTP/1.1" 200 128
2021-12-07 12:07:56,386 DEBUG :: Received API response: 200 OK
Headers: {'date': 'Tue, 07 Dec 2021 11:07:55 UTC', 'server': 'tsa_f', 'set-cookie': 'guest_id_marketing=v1%3A163887527593284296; Max-Age=63072000; Expires=Thu, 07 Dec 2023 11:07:55 GMT; Path=/; Domain=.twitter.com; Secure; SameSite=None, guest_id_ads=v1%3A163887527593284296; Max-Age=63072000; Expires=Thu, 07 Dec 2023 11:07:55 GMT; Path=/; Domain=.twitter.com; Secure; SameSite=None, personalization_id="v1_2NNEP7y7KrwXgeGfcoS9RQ=="; Max-Age=63072000; Expires=Thu, 07 Dec 2023 11:07:55 GMT; Path=/; Domain=.twitter.com; Secure; SameSite=None, guest_id=v1%3A163887527593284296; Max-Age=63072000; Expires=Thu, 07 Dec 2023 11:07:55 GMT; Path=/; Domain=.twitter.com; Secure; SameSite=None', 'api-version': '2.31', 'content-type': 'application/json; charset=utf-8', 'cache-control': 'no-cache, no-store, max-age=0', 'content-length': '128', 'x-access-level': 'read', 'x-frame-options': 'SAMEORIGIN', 'content-encoding': 'gzip', 'x-xss-protection': '0', 'x-rate-limit-limit': '300', 'x-rate-limit-reset': '1638876037', 'content-disposition': 'attachment; filename=json.json', 'x-content-type-options': 'nosniff', 'x-rate-limit-remaining': '251', 'strict-transport-security': 'max-age=631138519', 'x-response-time': '128', 'x-connection-hash': 'bc53c5d6d35414e0eb25aa952b2d776d49e3c75b7ccd9cfc2057ec7a58f2a7b3'}
Content: b'{"data":{"name":"neolife","created_at":"2014-09-03T15:25:13.000Z","username":"NEOLIFE_Groupe","id":"2788181623"}}'
2021-12-07 12:07:56,386 WARNING :: Requesting users | getting NEOLIFE_Groupe
2021-12-07 12:07:56,388 DEBUG :: Making API request: GET https://api.twitter.com/2/users/by/username/Valbiotis
Parameters: {'user.fields': 'created_at'}
Headers: {'User-Agent': 'Python/3.8.9 Requests/2.26.0 Tweepy/4.4.0', 'Authorization': 'Bearer AAAAAAAAAAAAAAAAAAAAAH68VwEAAAAA5DWkqX14lSgqQ2yid9RQhbV1meM%3D8jgI64BX4l8WPDrbahnwKYJFb1Hn9MMz85L2YNPQGGT3bfbSdv'}
Body: None
2021-12-07 12:07:56,390 DEBUG :: Starting new HTTPS connection (1): api.twitter.com:443
2021-12-07 12:07:56,625 DEBUG :: https://api.twitter.com:443 "GET /2/users/by/username/Valbiotis?user.fields=created_at HTTP/1.1" 200 115
2021-12-07 12:07:56,626 DEBUG :: Received API response: 200 OK
Headers: {'date': 'Tue, 07 Dec 2021 11:07:56 UTC', 'server': 'tsa_f', 'set-cookie': 'guest_id_marketing=v1%3A163887527617591366; Max-Age=63072000; Expires=Thu, 07 Dec 2023 11:07:56 GMT; Path=/; Domain=.twitter.com; Secure; SameSite=None, guest_id_ads=v1%3A163887527617591366; Max-Age=63072000; Expires=Thu, 07 Dec 2023 11:07:56 GMT; Path=/; Domain=.twitter.com; Secure; SameSite=None, personalization_id="v1_HPgOdgeZXk86g0xaWrVcFw=="; Max-Age=63072000; Expires=Thu, 07 Dec 2023 11:07:56 GMT; Path=/; Domain=.twitter.com; Secure; SameSite=None, guest_id=v1%3A163887527617591366; Max-Age=63072000; Expires=Thu, 07 Dec 2023 11:07:56 GMT; Path=/; Domain=.twitter.com; Secure; SameSite=None', 'api-version': '2.31', 'content-type': 'application/json; charset=utf-8', 'cache-control': 'no-cache, no-store, max-age=0', 'content-length': '115', 'x-access-level': 'read', 'x-frame-options': 'SAMEORIGIN', 'content-encoding': 'gzip', 'x-xss-protection': '0', 'x-rate-limit-limit': '300', 'x-rate-limit-reset': '1638876037', 'content-disposition': 'attachment; filename=json.json', 'x-content-type-options': 'nosniff', 'x-rate-limit-remaining': '250', 'strict-transport-security': 'max-age=631138519', 'x-response-time': '125', 'x-connection-hash': 'ea45914bf5755fa1d20b92b6aa4ca2f536a7c1434120ba502a74abe09e1d37e3'}
Content: b'{"data":{"username":"Valbiotis","created_at":"2015-02-02T19:34:07.000Z","id":"3012860405","name":"Valbiotis"}}'
2021-12-07 12:07:56,627 WARNING :: Requesting users | getting Valbiotis
2021-12-07 12:07:56,628 DEBUG :: Making API request: GET https://api.twitter.com/2/users/by/username/GenomicVision_
Parameters: {'user.fields': 'created_at'}
Headers: {'User-Agent': 'Python/3.8.9 Requests/2.26.0 Tweepy/4.4.0', 'Authorization': 'Bearer AAAAAAAAAAAAAAAAAAAAAH68VwEAAAAA5DWkqX14lSgqQ2yid9RQhbV1meM%3D8jgI64BX4l8WPDrbahnwKYJFb1Hn9MMz85L2YNPQGGT3bfbSdv'}
Body: None
2021-12-07 12:07:56,630 DEBUG :: Starting new HTTPS connection (1): api.twitter.com:443
2021-12-07 12:07:56,869 DEBUG :: https://api.twitter.com:443 "GET /2/users/by/username/GenomicVision_?user.fields=created_at HTTP/1.1" 200 123
2021-12-07 12:07:56,870 DEBUG :: Received API response: 200 OK
Headers: {'date': 'Tue, 07 Dec 2021 11:07:56 UTC', 'server': 'tsa_f', 'set-cookie': 'guest_id_marketing=v1%3A163887527641648063; Max-Age=63072000; Expires=Thu, 07 Dec 2023 11:07:56 GMT; Path=/; Domain=.twitter.com; Secure; SameSite=None, guest_id_ads=v1%3A163887527641648063; Max-Age=63072000; Expires=Thu, 07 Dec 2023 11:07:56 GMT; Path=/; Domain=.twitter.com; Secure; SameSite=None, personalization_id="v1_ZNrQ+twlC8AuxKD4e19wgA=="; Max-Age=63072000; Expires=Thu, 07 Dec 2023 11:07:56 GMT; Path=/; Domain=.twitter.com; Secure; SameSite=None, guest_id=v1%3A163887527641648063; Max-Age=63072000; Expires=Thu, 07 Dec 2023 11:07:56 GMT; Path=/; Domain=.twitter.com; Secure; SameSite=None', 'api-version': '2.31', 'content-type': 'application/json; charset=utf-8', 'cache-control': 'no-cache, no-store, max-age=0', 'content-length': '123', 'x-access-level': 'read', 'x-frame-options': 'SAMEORIGIN', 'content-encoding': 'gzip', 'x-xss-protection': '0', 'x-rate-limit-limit': '300', 'x-rate-limit-reset': '1638876037', 'content-disposition': 'attachment; filename=json.json', 'x-content-type-options': 'nosniff', 'x-rate-limit-remaining': '249', 'strict-transport-security': 'max-age=631138519', 'x-response-time': '129', 'x-connection-hash': '34cddf659dfbbd18561fcd9092cf81410cd133b4da0aef83be50f3a402aff30f'}
Content: b'{"data":{"name":"Genomic Vision","username":"GenomicVision_","created_at":"2015-04-22T16:16:18.000Z","id":"3195185721"}}'
2021-12-07 12:07:56,870 WARNING :: Requesting users | getting GenomicVision_
2021-12-07 12:07:56,871 DEBUG :: Making API request: GET https://api.twitter.com/2/users/by/username/MEDIANTechno
Parameters: {'user.fields': 'created_at'}
Headers: {'User-Agent': 'Python/3.8.9 Requests/2.26.0 Tweepy/4.4.0', 'Authorization': 'Bearer AAAAAAAAAAAAAAAAAAAAAH68VwEAAAAA5DWkqX14lSgqQ2yid9RQhbV1meM%3D8jgI64BX4l8WPDrbahnwKYJFb1Hn9MMz85L2YNPQGGT3bfbSdv'}
Body: None
2021-12-07 12:07:56,873 DEBUG :: Starting new HTTPS connection (1): api.twitter.com:443
2021-12-07 12:07:57,116 DEBUG :: https://api.twitter.com:443 "GET /2/users/by/username/MEDIANTechno?user.fields=created_at HTTP/1.1" 200 134
2021-12-07 12:07:57,118 DEBUG :: Received API response: 200 OK
Headers: {'date': 'Tue, 07 Dec 2021 11:07:56 UTC', 'server': 'tsa_f', 'set-cookie': 'guest_id_marketing=v1%3A163887527666077701; Max-Age=63072000; Expires=Thu, 07 Dec 2023 11:07:56 GMT; Path=/; Domain=.twitter.com; Secure; SameSite=None, guest_id_ads=v1%3A163887527666077701; Max-Age=63072000; Expires=Thu, 07 Dec 2023 11:07:56 GMT; Path=/; Domain=.twitter.com; Secure; SameSite=None, personalization_id="v1_PgMe/n4qnK0IZkHctvSTvA=="; Max-Age=63072000; Expires=Thu, 07 Dec 2023 11:07:56 GMT; Path=/; Domain=.twitter.com; Secure; SameSite=None, guest_id=v1%3A163887527666077701; Max-Age=63072000; Expires=Thu, 07 Dec 2023 11:07:56 GMT; Path=/; Domain=.twitter.com; Secure; SameSite=None', 'api-version': '2.31', 'content-type': 'application/json; charset=utf-8', 'cache-control': 'no-cache, no-store, max-age=0', 'content-length': '134', 'x-access-level': 'read', 'x-frame-options': 'SAMEORIGIN', 'content-encoding': 'gzip', 'x-xss-protection': '0', 'x-rate-limit-limit': '300', 'x-rate-limit-reset': '1638876037', 'content-disposition': 'attachment; filename=json.json', 'x-content-type-options': 'nosniff', 'x-rate-limit-remaining': '248', 'strict-transport-security': 'max-age=631138519', 'x-response-time': '133', 'x-connection-hash': '3d7257f7cdca2f7fe44834c03ab1849e57c968b86b3c904f91307ed207190f19'}
Content: b'{"data":{"username":"MEDIANTechno","created_at":"2012-02-20T10:07:17.000Z","id":"497759874","name":"Median Technologies"}}'
2021-12-07 12:07:57,118 WARNING :: Requesting users | getting MEDIANTechno
2021-12-07 12:07:57,120 DEBUG :: Making API request: GET https://api.twitter.com/2/users/by/username/Cabasse_Group
Parameters: {'user.fields': 'created_at'}
Headers: {'User-Agent': 'Python/3.8.9 Requests/2.26.0 Tweepy/4.4.0', 'Authorization': 'Bearer AAAAAAAAAAAAAAAAAAAAAH68VwEAAAAA5DWkqX14lSgqQ2yid9RQhbV1meM%3D8jgI64BX4l8WPDrbahnwKYJFb1Hn9MMz85L2YNPQGGT3bfbSdv'}
Body: None
2021-12-07 12:07:57,122 DEBUG :: Starting new HTTPS connection (1): api.twitter.com:443
2021-12-07 12:07:57,362 DEBUG :: https://api.twitter.com:443 "GET /2/users/by/username/Cabasse_Group?user.fields=created_at HTTP/1.1" 200 118
2021-12-07 12:07:57,363 DEBUG :: Received API response: 200 OK
Headers: {'date': 'Tue, 07 Dec 2021 11:07:56 UTC', 'server': 'tsa_f', 'set-cookie': 'guest_id_marketing=v1%3A163887527691548910; Max-Age=63072000; Expires=Thu, 07 Dec 2023 11:07:56 GMT; Path=/; Domain=.twitter.com; Secure; SameSite=None, guest_id_ads=v1%3A163887527691548910; Max-Age=63072000; Expires=Thu, 07 Dec 2023 11:07:56 GMT; Path=/; Domain=.twitter.com; Secure; SameSite=None, personalization_id="v1_35sp8shUL5lLc/l6pFdsOQ=="; Max-Age=63072000; Expires=Thu, 07 Dec 2023 11:07:56 GMT; Path=/; Domain=.twitter.com; Secure; SameSite=None, guest_id=v1%3A163887527691548910; Max-Age=63072000; Expires=Thu, 07 Dec 2023 11:07:56 GMT; Path=/; Domain=.twitter.com; Secure; SameSite=None', 'api-version': '2.31', 'content-type': 'application/json; charset=utf-8', 'cache-control': 'no-cache, no-store, max-age=0', 'content-length': '118', 'x-access-level': 'read', 'x-frame-options': 'SAMEORIGIN', 'content-encoding': 'gzip', 'x-xss-protection': '0', 'x-rate-limit-limit': '300', 'x-rate-limit-reset': '1638876037', 'content-disposition': 'attachment; filename=json.json', 'x-content-type-options': 'nosniff', 'x-rate-limit-remaining': '247', 'strict-transport-security': 'max-age=631138519', 'x-response-time': '124', 'x-connection-hash': 'c94f2665b7792cc5ce101bca1fe36d7d802341b095e71daa76efe49a9c91ec1a'}
Content: b'{"data":{"name":"Cabasse Group","id":"41331922","username":"Cabasse_Group","created_at":"2009-05-20T10:22:29.000Z"}}'
2021-12-07 12:07:57,363 WARNING :: Requesting users | getting Cabasse_Group
2021-12-07 12:07:57,365 DEBUG :: Making API request: GET https://api.twitter.com/2/users/by/username/Crossject_
Parameters: {'user.fields': 'created_at'}
Headers: {'User-Agent': 'Python/3.8.9 Requests/2.26.0 Tweepy/4.4.0', 'Authorization': 'Bearer AAAAAAAAAAAAAAAAAAAAAH68VwEAAAAA5DWkqX14lSgqQ2yid9RQhbV1meM%3D8jgI64BX4l8WPDrbahnwKYJFb1Hn9MMz85L2YNPQGGT3bfbSdv'}
Body: None
2021-12-07 12:07:57,368 DEBUG :: Starting new HTTPS connection (1): api.twitter.com:443
2021-12-07 12:07:57,610 DEBUG :: https://api.twitter.com:443 "GET /2/users/by/username/Crossject_?user.fields=created_at HTTP/1.1" 200 116
2021-12-07 12:07:57,611 DEBUG :: Received API response: 200 OK
Headers: {'date': 'Tue, 07 Dec 2021 11:07:57 UTC', 'server': 'tsa_f', 'set-cookie': 'guest_id_marketing=v1%3A163887527715617095; Max-Age=63072000; Expires=Thu, 07 Dec 2023 11:07:57 GMT; Path=/; Domain=.twitter.com; Secure; SameSite=None, guest_id_ads=v1%3A163887527715617095; Max-Age=63072000; Expires=Thu, 07 Dec 2023 11:07:57 GMT; Path=/; Domain=.twitter.com; Secure; SameSite=None, personalization_id="v1_Jwxmhuqcb/BfDl/66pwaTg=="; Max-Age=63072000; Expires=Thu, 07 Dec 2023 11:07:57 GMT; Path=/; Domain=.twitter.com; Secure; SameSite=None, guest_id=v1%3A163887527715617095; Max-Age=63072000; Expires=Thu, 07 Dec 2023 11:07:57 GMT; Path=/; Domain=.twitter.com; Secure; SameSite=None', 'api-version': '2.31', 'content-type': 'application/json; charset=utf-8', 'cache-control': 'no-cache, no-store, max-age=0', 'content-length': '116', 'x-access-level': 'read', 'x-frame-options': 'SAMEORIGIN', 'content-encoding': 'gzip', 'x-xss-protection': '0', 'x-rate-limit-limit': '300', 'x-rate-limit-reset': '1638876037', 'content-disposition': 'attachment; filename=json.json', 'x-content-type-options': 'nosniff', 'x-rate-limit-remaining': '246', 'strict-transport-security': 'max-age=631138519', 'x-response-time': '131', 'x-connection-hash': '8be516351ca42b799ea0daac6ec2b8178835b92d85130acb59e18eb96c2d452d'}
Content: b'{"data":{"id":"2712208951","username":"Crossject_","name":"Crossject","created_at":"2014-08-06T14:50:38.000Z"}}'
2021-12-07 12:07:57,611 WARNING :: Requesting users | getting Crossject_
2021-12-07 12:07:57,613 DEBUG :: Making API request: GET https://api.twitter.com/2/users/by/username/Europlasma
Parameters: {'user.fields': 'created_at'}
Headers: {'User-Agent': 'Python/3.8.9 Requests/2.26.0 Tweepy/4.4.0', 'Authorization': 'Bearer AAAAAAAAAAAAAAAAAAAAAH68VwEAAAAA5DWkqX14lSgqQ2yid9RQhbV1meM%3D8jgI64BX4l8WPDrbahnwKYJFb1Hn9MMz85L2YNPQGGT3bfbSdv'}
Body: None
2021-12-07 12:07:57,615 DEBUG :: Starting new HTTPS connection (1): api.twitter.com:443
2021-12-07 12:07:57,852 DEBUG :: https://api.twitter.com:443 "GET /2/users/by/username/Europlasma?user.fields=created_at HTTP/1.1" 200 116
2021-12-07 12:07:57,853 DEBUG :: Received API response: 200 OK
Headers: {'date': 'Tue, 07 Dec 2021 11:07:57 UTC', 'server': 'tsa_f', 'set-cookie': 'guest_id_marketing=v1%3A163887527740126516; Max-Age=63072000; Expires=Thu, 07 Dec 2023 11:07:57 GMT; Path=/; Domain=.twitter.com; Secure; SameSite=None, guest_id_ads=v1%3A163887527740126516; Max-Age=63072000; Expires=Thu, 07 Dec 2023 11:07:57 GMT; Path=/; Domain=.twitter.com; Secure; SameSite=None, personalization_id="v1_zeRym8uZ8+dIJeQ9Gz7Dbw=="; Max-Age=63072000; Expires=Thu, 07 Dec 2023 11:07:57 GMT; Path=/; Domain=.twitter.com; Secure; SameSite=None, guest_id=v1%3A163887527740126516; Max-Age=63072000; Expires=Thu, 07 Dec 2023 11:07:57 GMT; Path=/; Domain=.twitter.com; Secure; SameSite=None', 'api-version': '2.31', 'content-type': 'application/json; charset=utf-8', 'cache-control': 'no-cache, no-store, max-age=0', 'content-length': '116', 'x-access-level': 'read', 'x-frame-options': 'SAMEORIGIN', 'content-encoding': 'gzip', 'x-xss-protection': '0', 'x-rate-limit-limit': '300', 'x-rate-limit-reset': '1638876037', 'content-disposition': 'attachment; filename=json.json', 'x-content-type-options': 'nosniff', 'x-rate-limit-remaining': '245', 'strict-transport-security': 'max-age=631138519', 'x-response-time': '128', 'x-connection-hash': 'a09ce2ab1ded518960f09258832e9133b627ae5d899e57012d62158297d54886'}
Content: b'{"data":{"username":"Europlasma","created_at":"2012-03-13T14:10:54.000Z","id":"523298537","name":"Europlasma"}}'
2021-12-07 12:07:57,853 WARNING :: Requesting users | getting Europlasma
2021-12-07 12:07:57,855 DEBUG :: Making API request: GET https://api.twitter.com/2/users/by/username/Europlasma
Parameters: {'user.fields': 'created_at'}
Headers: {'User-Agent': 'Python/3.8.9 Requests/2.26.0 Tweepy/4.4.0', 'Authorization': 'Bearer AAAAAAAAAAAAAAAAAAAAAH68VwEAAAAA5DWkqX14lSgqQ2yid9RQhbV1meM%3D8jgI64BX4l8WPDrbahnwKYJFb1Hn9MMz85L2YNPQGGT3bfbSdv'}
Body: None
2021-12-07 12:07:57,859 DEBUG :: Starting new HTTPS connection (1): api.twitter.com:443
2021-12-07 12:07:58,103 DEBUG :: https://api.twitter.com:443 "GET /2/users/by/username/Europlasma?user.fields=created_at HTTP/1.1" 200 115
2021-12-07 12:07:58,104 DEBUG :: Received API response: 200 OK
Headers: {'date': 'Tue, 07 Dec 2021 11:07:57 UTC', 'server': 'tsa_f', 'set-cookie': 'guest_id_marketing=v1%3A163887527764956650; Max-Age=63072000; Expires=Thu, 07 Dec 2023 11:07:57 GMT; Path=/; Domain=.twitter.com; Secure; SameSite=None, guest_id_ads=v1%3A163887527764956650; Max-Age=63072000; Expires=Thu, 07 Dec 2023 11:07:57 GMT; Path=/; Domain=.twitter.com; Secure; SameSite=None, personalization_id="v1_AqG0uLxbfT/i/wmRkXQP3w=="; Max-Age=63072000; Expires=Thu, 07 Dec 2023 11:07:57 GMT; Path=/; Domain=.twitter.com; Secure; SameSite=None, guest_id=v1%3A163887527764956650; Max-Age=63072000; Expires=Thu, 07 Dec 2023 11:07:57 GMT; Path=/; Domain=.twitter.com; Secure; SameSite=None', 'api-version': '2.31', 'content-type': 'application/json; charset=utf-8', 'cache-control': 'no-cache, no-store, max-age=0', 'content-length': '115', 'x-access-level': 'read', 'x-frame-options': 'SAMEORIGIN', 'content-encoding': 'gzip', 'x-xss-protection': '0', 'x-rate-limit-limit': '300', 'x-rate-limit-reset': '1638876037', 'content-disposition': 'attachment; filename=json.json', 'x-content-type-options': 'nosniff', 'x-rate-limit-remaining': '244', 'strict-transport-security': 'max-age=631138519', 'x-response-time': '131', 'x-connection-hash': 'a25c28e1bcdd929c1b5db4e6249e07fae7a654280f007d537ecab9da96be8c5d'}
Content: b'{"data":{"id":"523298537","name":"Europlasma","created_at":"2012-03-13T14:10:54.000Z","username":"Europlasma"}}'
2021-12-07 12:07:58,105 WARNING :: Requesting users | getting Europlasma
2021-12-07 12:07:58,225 DEBUG :: Making API request: GET https://api.twitter.com/2/users/97127367/tweets
Parameters: {'max_results': 5, 'tweet.fields': 'created_at'}
Headers: {'User-Agent': 'Python/3.8.9 Requests/2.26.0 Tweepy/4.4.0', 'Authorization': 'Bearer AAAAAAAAAAAAAAAAAAAAAH68VwEAAAAA5DWkqX14lSgqQ2yid9RQhbV1meM%3D8jgI64BX4l8WPDrbahnwKYJFb1Hn9MMz85L2YNPQGGT3bfbSdv'}
Body: None
2021-12-07 12:07:58,228 DEBUG :: Starting new HTTPS connection (1): api.twitter.com:443
2021-12-07 12:07:58,541 DEBUG :: https://api.twitter.com:443 "GET /2/users/97127367/tweets?max_results=5&tweet.fields=created_at HTTP/1.1" 200 756
2021-12-07 12:07:58,542 DEBUG :: Received API response: 200 OK
Headers: {'date': 'Tue, 07 Dec 2021 11:07:58 UTC', 'server': 'tsa_f', 'set-cookie': 'guest_id_marketing=v1%3A163887527801993462; Max-Age=63072000; Expires=Thu, 07 Dec 2023 11:07:58 GMT; Path=/; Domain=.twitter.com; Secure; SameSite=None, guest_id_ads=v1%3A163887527801993462; Max-Age=63072000; Expires=Thu, 07 Dec 2023 11:07:58 GMT; Path=/; Domain=.twitter.com; Secure; SameSite=None, personalization_id="v1_rj0xMIJTkQtS0ozpYXz7pA=="; Max-Age=63072000; Expires=Thu, 07 Dec 2023 11:07:58 GMT; Path=/; Domain=.twitter.com; Secure; SameSite=None, guest_id=v1%3A163887527801993462; Max-Age=63072000; Expires=Thu, 07 Dec 2023 11:07:58 GMT; Path=/; Domain=.twitter.com; Secure; SameSite=None', 'api-version': '2.31', 'content-type': 'application/json; charset=utf-8', 'cache-control': 'no-cache, no-store, max-age=0', 'content-length': '756', 'x-access-level': 'read', 'x-frame-options': 'SAMEORIGIN', 'content-encoding': 'gzip', 'x-xss-protection': '0', 'x-rate-limit-limit': '1500', 'x-rate-limit-reset': '1638876040', 'content-disposition': 'attachment; filename=json.json', 'x-content-type-options': 'nosniff', 'x-rate-limit-remaining': '1460', 'strict-transport-security': 'max-age=631138519', 'x-response-time': '199', 'x-connection-hash': 'd66730a7a2f2736641a01f1d242fc4aeaa05caa2417ad81e7f8987400435dd01'}
Content: b'{"data":[{"created_at":"2021-11-25T16:57:26.000Z","id":"1463914740082790401","text":"Thank you for visiting us @CoDubost and @CCastaner\\n\\n#BetterMedicineForAll #ImpactHealth https://t.co/4e5a7X3BPK"},{"created_at":"2021-11-03T16:45:35.000Z","id":"1455939222716682243","text":"Watch the last interview (in french) of our CEO https://t.co/kj3QDts54J"},{"created_at":"2021-11-01T07:00:50.000Z","id":"1455067290693771264","text":"Phase 3 data of mdc-IRM, 1st product based on MedinCell\xe2\x80\x99s technology, shows significant improvements in patients with schizophrenia: \\n- Prolonged time to impending relapse \\n- Decreased risk of relapse \\n- Increased chance of clinical stability \\nhttps://t.co/n4efikehP9"},{"created_at":"2021-10-21T15:41:54.000Z","id":"1451212153751490560","text":"Full PR: https://t.co/tiAZO6471v \\n#BetterMedicineForAll #ImpactHealth https://t.co/ejHrxyd44M"},{"created_at":"2021-07-01T09:02:45.000Z","id":"1410524265674383365","text":"RT @ABG_Asso: Le #Concours de #Pitch 2021 #CPP21 \\n@ABG_Asso a le plaisir de pr\xc3\xa9senter le #sponsor de son \\uD83E\\uDD48prix (400\xe2\x82\xac),@medincell : une soci\xe2\x80\xa6"}],"meta":{"oldest_id":"1410524265674383365","newest_id":"1463914740082790401","result_count":5,"next_token":"7140dibdnow9c7btw3z16t2ae4ug6v5jryxzr5a6y9zjp"}}'
2021-12-07 12:07:58,544 WARNING :: Amount of tweets 0
