2021-12-07 11:49:09,424 DEBUG :: Making API request: GET https://api.twitter.com/2/users/by/username/MedinCell
Parameters: {'user.fields': 'created_at'}
Headers: {'User-Agent': 'Python/3.8.9 Requests/2.26.0 Tweepy/4.4.0', 'Authorization': 'Bearer AAAAAAAAAAAAAAAAAAAAAH68VwEAAAAA5DWkqX14lSgqQ2yid9RQhbV1meM%3D8jgI64BX4l8WPDrbahnwKYJFb1Hn9MMz85L2YNPQGGT3bfbSdv'}
Body: None
2021-12-07 11:49:09,432 DEBUG :: Starting new HTTPS connection (1): api.twitter.com:443
2021-12-07 11:49:09,694 DEBUG :: https://api.twitter.com:443 "GET /2/users/by/username/MedinCell?user.fields=created_at HTTP/1.1" 200 113
2021-12-07 11:49:09,696 DEBUG :: Received API response: 200 OK
Headers: {'date': 'Tue, 07 Dec 2021 10:49:09 UTC', 'server': 'tsa_f', 'set-cookie': 'guest_id_marketing=v1%3A163887414924309151; Max-Age=63072000; Expires=Thu, 07 Dec 2023 10:49:09 GMT; Path=/; Domain=.twitter.com; Secure; SameSite=None, guest_id_ads=v1%3A163887414924309151; Max-Age=63072000; Expires=Thu, 07 Dec 2023 10:49:09 GMT; Path=/; Domain=.twitter.com; Secure; SameSite=None, personalization_id="v1_jRfwySw4RfICVLHX9GkaUw=="; Max-Age=63072000; Expires=Thu, 07 Dec 2023 10:49:09 GMT; Path=/; Domain=.twitter.com; Secure; SameSite=None, guest_id=v1%3A163887414924309151; Max-Age=63072000; Expires=Thu, 07 Dec 2023 10:49:09 GMT; Path=/; Domain=.twitter.com; Secure; SameSite=None', 'api-version': '2.31', 'content-type': 'application/json; charset=utf-8', 'cache-control': 'no-cache, no-store, max-age=0', 'content-length': '113', 'x-access-level': 'read', 'x-frame-options': 'SAMEORIGIN', 'content-encoding': 'gzip', 'x-xss-protection': '0', 'x-rate-limit-limit': '300', 'x-rate-limit-reset': '1638874684', 'content-disposition': 'attachment; filename=json.json', 'x-content-type-options': 'nosniff', 'x-rate-limit-remaining': '151', 'strict-transport-security': 'max-age=631138519', 'x-response-time': '126', 'x-connection-hash': '46cb775b0f2937b012b463c41fbdfb98e57623b279af724f26d50f517eba3fb6'}
Content: b'{"data":{"created_at":"2009-12-16T03:42:27.000Z","id":"97127367","name":"MedinCell","username":"MedinCell"}}'
2021-12-07 11:49:09,699 WARNING :: Requesting users | getting MedinCell
2021-12-07 11:49:09,701 DEBUG :: Making API request: GET https://api.twitter.com/2/users/by/username/cellectis
Parameters: {'user.fields': 'created_at'}
Headers: {'User-Agent': 'Python/3.8.9 Requests/2.26.0 Tweepy/4.4.0', 'Authorization': 'Bearer AAAAAAAAAAAAAAAAAAAAAH68VwEAAAAA5DWkqX14lSgqQ2yid9RQhbV1meM%3D8jgI64BX4l8WPDrbahnwKYJFb1Hn9MMz85L2YNPQGGT3bfbSdv'}
Body: None
2021-12-07 11:49:09,703 DEBUG :: Starting new HTTPS connection (1): api.twitter.com:443
2021-12-07 11:49:09,984 DEBUG :: https://api.twitter.com:443 "GET /2/users/by/username/cellectis?user.fields=created_at HTTP/1.1" 200 115
2021-12-07 11:49:09,985 DEBUG :: Received API response: 200 OK
Headers: {'date': 'Tue, 07 Dec 2021 10:49:09 UTC', 'server': 'tsa_f', 'set-cookie': 'guest_id_marketing=v1%3A163887414949333447; Max-Age=63072000; Expires=Thu, 07 Dec 2023 10:49:09 GMT; Path=/; Domain=.twitter.com; Secure; SameSite=None, guest_id_ads=v1%3A163887414949333447; Max-Age=63072000; Expires=Thu, 07 Dec 2023 10:49:09 GMT; Path=/; Domain=.twitter.com; Secure; SameSite=None, personalization_id="v1_EuUP+rL5IagxjEpawzZuFw=="; Max-Age=63072000; Expires=Thu, 07 Dec 2023 10:49:09 GMT; Path=/; Domain=.twitter.com; Secure; SameSite=None, guest_id=v1%3A163887414949333447; Max-Age=63072000; Expires=Thu, 07 Dec 2023 10:49:09 GMT; Path=/; Domain=.twitter.com; Secure; SameSite=None', 'api-version': '2.31', 'content-type': 'application/json; charset=utf-8', 'cache-control': 'no-cache, no-store, max-age=0', 'content-length': '115', 'x-access-level': 'read', 'x-frame-options': 'SAMEORIGIN', 'content-encoding': 'gzip', 'x-xss-protection': '0', 'x-rate-limit-limit': '300', 'x-rate-limit-reset': '1638874684', 'content-disposition': 'attachment; filename=json.json', 'x-content-type-options': 'nosniff', 'x-rate-limit-remaining': '150', 'strict-transport-security': 'max-age=631138519', 'x-response-time': '166', 'x-connection-hash': 'b31451d277ce5aa8d82ed5e540336e58ada274a98b80680ba315b509260537f6'}
Content: b'{"data":{"id":"81887593","created_at":"2009-10-12T17:21:25.000Z","username":"cellectis","name":"Cellectis"}}'
2021-12-07 11:49:09,986 WARNING :: Requesting users | getting cellectis
2021-12-07 11:49:09,987 DEBUG :: Making API request: GET https://api.twitter.com/2/users/by/username/Carbios
Parameters: {'user.fields': 'created_at'}
Headers: {'User-Agent': 'Python/3.8.9 Requests/2.26.0 Tweepy/4.4.0', 'Authorization': 'Bearer AAAAAAAAAAAAAAAAAAAAAH68VwEAAAAA5DWkqX14lSgqQ2yid9RQhbV1meM%3D8jgI64BX4l8WPDrbahnwKYJFb1Hn9MMz85L2YNPQGGT3bfbSdv'}
Body: None
2021-12-07 11:49:09,990 DEBUG :: Starting new HTTPS connection (1): api.twitter.com:443
2021-12-07 11:49:10,231 DEBUG :: https://api.twitter.com:443 "GET /2/users/by/username/Carbios?user.fields=created_at HTTP/1.1" 200 113
2021-12-07 11:49:10,232 DEBUG :: Received API response: 200 OK
Headers: {'date': 'Tue, 07 Dec 2021 10:49:09 UTC', 'server': 'tsa_f', 'set-cookie': 'guest_id_marketing=v1%3A163887414977500770; Max-Age=63072000; Expires=Thu, 07 Dec 2023 10:49:09 GMT; Path=/; Domain=.twitter.com; Secure; SameSite=None, guest_id_ads=v1%3A163887414977500770; Max-Age=63072000; Expires=Thu, 07 Dec 2023 10:49:09 GMT; Path=/; Domain=.twitter.com; Secure; SameSite=None, personalization_id="v1_6Qryx2tovQ0Pcul+CEwR7A=="; Max-Age=63072000; Expires=Thu, 07 Dec 2023 10:49:09 GMT; Path=/; Domain=.twitter.com; Secure; SameSite=None, guest_id=v1%3A163887414977500770; Max-Age=63072000; Expires=Thu, 07 Dec 2023 10:49:09 GMT; Path=/; Domain=.twitter.com; Secure; SameSite=None', 'api-version': '2.31', 'content-type': 'application/json; charset=utf-8', 'cache-control': 'no-cache, no-store, max-age=0', 'content-length': '113', 'x-access-level': 'read', 'x-frame-options': 'SAMEORIGIN', 'content-encoding': 'gzip', 'x-xss-protection': '0', 'x-rate-limit-limit': '300', 'x-rate-limit-reset': '1638874684', 'content-disposition': 'attachment; filename=json.json', 'x-content-type-options': 'nosniff', 'x-rate-limit-remaining': '149', 'strict-transport-security': 'max-age=631138519', 'x-response-time': '130', 'x-connection-hash': '688ab0ce320f8ee1815f3ed8fa99275998fc69939322c68e26c32cbe67ff8c4c'}
Content: b'{"data":{"name":"Carbios","username":"Carbios","created_at":"2013-11-29T16:42:25.000Z","id":"2221732909"}}'
2021-12-07 11:49:10,232 WARNING :: Requesting users | getting Carbios
2021-12-07 11:49:10,234 DEBUG :: Making API request: GET https://api.twitter.com/2/users/by/username/ImplanetJAZZ
Parameters: {'user.fields': 'created_at'}
Headers: {'User-Agent': 'Python/3.8.9 Requests/2.26.0 Tweepy/4.4.0', 'Authorization': 'Bearer AAAAAAAAAAAAAAAAAAAAAH68VwEAAAAA5DWkqX14lSgqQ2yid9RQhbV1meM%3D8jgI64BX4l8WPDrbahnwKYJFb1Hn9MMz85L2YNPQGGT3bfbSdv'}
Body: None
2021-12-07 11:49:10,237 DEBUG :: Starting new HTTPS connection (1): api.twitter.com:443
2021-12-07 11:49:10,475 DEBUG :: https://api.twitter.com:443 "GET /2/users/by/username/ImplanetJAZZ?user.fields=created_at HTTP/1.1" 200 119
2021-12-07 11:49:10,477 DEBUG :: Received API response: 200 OK
Headers: {'date': 'Tue, 07 Dec 2021 10:49:10 UTC', 'server': 'tsa_f', 'set-cookie': 'guest_id_marketing=v1%3A163887415002562354; Max-Age=63072000; Expires=Thu, 07 Dec 2023 10:49:10 GMT; Path=/; Domain=.twitter.com; Secure; SameSite=None, guest_id_ads=v1%3A163887415002562354; Max-Age=63072000; Expires=Thu, 07 Dec 2023 10:49:10 GMT; Path=/; Domain=.twitter.com; Secure; SameSite=None, personalization_id="v1_AoGZNOleE0bUirtxjbgwgw=="; Max-Age=63072000; Expires=Thu, 07 Dec 2023 10:49:10 GMT; Path=/; Domain=.twitter.com; Secure; SameSite=None, guest_id=v1%3A163887415002562354; Max-Age=63072000; Expires=Thu, 07 Dec 2023 10:49:10 GMT; Path=/; Domain=.twitter.com; Secure; SameSite=None', 'api-version': '2.31', 'content-type': 'application/json; charset=utf-8', 'cache-control': 'no-cache, no-store, max-age=0', 'content-length': '119', 'x-access-level': 'read', 'x-frame-options': 'SAMEORIGIN', 'content-encoding': 'gzip', 'x-xss-protection': '0', 'x-rate-limit-limit': '300', 'x-rate-limit-reset': '1638874684', 'content-disposition': 'attachment; filename=json.json', 'x-content-type-options': 'nosniff', 'x-rate-limit-remaining': '148', 'strict-transport-security': 'max-age=631138519', 'x-response-time': '125', 'x-connection-hash': '8aa1d3d5d704873a371937079cccd41a80db112eb0bc6d9f940637fe6380a8be'}
Content: b'{"data":{"id":"4235480235","name":"Implanet","created_at":"2015-11-20T15:48:08.000Z","username":"ImplanetJAZZ"}}'
2021-12-07 11:49:10,478 WARNING :: Requesting users | getting ImplanetJAZZ
2021-12-07 11:49:10,480 DEBUG :: Making API request: GET https://api.twitter.com/2/users/by/username/Biocartis_
Parameters: {'user.fields': 'created_at'}
Headers: {'User-Agent': 'Python/3.8.9 Requests/2.26.0 Tweepy/4.4.0', 'Authorization': 'Bearer AAAAAAAAAAAAAAAAAAAAAH68VwEAAAAA5DWkqX14lSgqQ2yid9RQhbV1meM%3D8jgI64BX4l8WPDrbahnwKYJFb1Hn9MMz85L2YNPQGGT3bfbSdv'}
Body: None
2021-12-07 11:49:10,482 DEBUG :: Starting new HTTPS connection (1): api.twitter.com:443
2021-12-07 11:49:10,724 DEBUG :: https://api.twitter.com:443 "GET /2/users/by/username/Biocartis_?user.fields=created_at HTTP/1.1" 200 114
2021-12-07 11:49:10,726 DEBUG :: Received API response: 200 OK
Headers: {'date': 'Tue, 07 Dec 2021 10:49:10 UTC', 'server': 'tsa_f', 'set-cookie': 'guest_id_marketing=v1%3A163887415027076543; Max-Age=63072000; Expires=Thu, 07 Dec 2023 10:49:10 GMT; Path=/; Domain=.twitter.com; Secure; SameSite=None, guest_id_ads=v1%3A163887415027076543; Max-Age=63072000; Expires=Thu, 07 Dec 2023 10:49:10 GMT; Path=/; Domain=.twitter.com; Secure; SameSite=None, personalization_id="v1_4HFyasUmLy3D0ZROByjeCA=="; Max-Age=63072000; Expires=Thu, 07 Dec 2023 10:49:10 GMT; Path=/; Domain=.twitter.com; Secure; SameSite=None, guest_id=v1%3A163887415027076543; Max-Age=63072000; Expires=Thu, 07 Dec 2023 10:49:10 GMT; Path=/; Domain=.twitter.com; Secure; SameSite=None', 'api-version': '2.31', 'content-type': 'application/json; charset=utf-8', 'cache-control': 'no-cache, no-store, max-age=0', 'content-length': '114', 'x-access-level': 'read', 'x-frame-options': 'SAMEORIGIN', 'content-encoding': 'gzip', 'x-xss-protection': '0', 'x-rate-limit-limit': '300', 'x-rate-limit-reset': '1638874684', 'content-disposition': 'attachment; filename=json.json', 'x-content-type-options': 'nosniff', 'x-rate-limit-remaining': '147', 'strict-transport-security': 'max-age=631138519', 'x-response-time': '129', 'x-connection-hash': '6b31211e099ebda5c35f4931a7d0ff6de09e6c3cc869ff161dbb434611f22309'}
Content: b'{"data":{"id":"410053275","created_at":"2011-11-11T15:37:46.000Z","username":"Biocartis_","name":"Biocartis"}}'
2021-12-07 11:49:10,726 WARNING :: Requesting users | getting Biocartis_
2021-12-07 11:49:10,728 DEBUG :: Making API request: GET https://api.twitter.com/2/users/by/username/maunakeatech
Parameters: {'user.fields': 'created_at'}
Headers: {'User-Agent': 'Python/3.8.9 Requests/2.26.0 Tweepy/4.4.0', 'Authorization': 'Bearer AAAAAAAAAAAAAAAAAAAAAH68VwEAAAAA5DWkqX14lSgqQ2yid9RQhbV1meM%3D8jgI64BX4l8WPDrbahnwKYJFb1Hn9MMz85L2YNPQGGT3bfbSdv'}
Body: None
2021-12-07 11:49:10,731 DEBUG :: Starting new HTTPS connection (1): api.twitter.com:443
2021-12-07 11:49:10,971 DEBUG :: https://api.twitter.com:443 "GET /2/users/by/username/maunakeatech?user.fields=created_at HTTP/1.1" 200 151
2021-12-07 11:49:10,973 DEBUG :: Received API response: 200 OK
Headers: {'date': 'Tue, 07 Dec 2021 10:49:10 UTC', 'server': 'tsa_f', 'set-cookie': 'guest_id_marketing=v1%3A163887415051918692; Max-Age=63072000; Expires=Thu, 07 Dec 2023 10:49:10 GMT; Path=/; Domain=.twitter.com; Secure; SameSite=None, guest_id_ads=v1%3A163887415051918692; Max-Age=63072000; Expires=Thu, 07 Dec 2023 10:49:10 GMT; Path=/; Domain=.twitter.com; Secure; SameSite=None, personalization_id="v1_7kyj+xgl0unVx3TNtA04jw=="; Max-Age=63072000; Expires=Thu, 07 Dec 2023 10:49:10 GMT; Path=/; Domain=.twitter.com; Secure; SameSite=None, guest_id=v1%3A163887415051918692; Max-Age=63072000; Expires=Thu, 07 Dec 2023 10:49:10 GMT; Path=/; Domain=.twitter.com; Secure; SameSite=None', 'api-version': '2.31', 'content-type': 'application/json; charset=utf-8', 'cache-control': 'no-cache, no-store, max-age=0', 'content-length': '151', 'x-access-level': 'read', 'x-frame-options': 'SAMEORIGIN', 'content-encoding': 'gzip', 'x-xss-protection': '0', 'x-rate-limit-limit': '300', 'x-rate-limit-reset': '1638874684', 'content-disposition': 'attachment; filename=json.json', 'x-content-type-options': 'nosniff', 'x-rate-limit-remaining': '146', 'strict-transport-security': 'max-age=631138519', 'x-response-time': '128', 'x-connection-hash': 'c92f5d85ec9fbc07723d009c600d20b1f22b6053770cd94a1bf41c1c8521e6c5'}
Content: b'{"data":{"id":"273460350","created_at":"2011-03-28T14:50:55.000Z","username":"maunakeatech","name":"Cellvizio\xc2\xae by Mauna Kea Technologies"}}'
2021-12-07 11:49:10,973 WARNING :: Requesting users | getting maunakeatech
2021-12-07 11:49:10,976 DEBUG :: Making API request: GET https://api.twitter.com/2/users/by/username/NEOLIFE_Groupe
Parameters: {'user.fields': 'created_at'}
Headers: {'User-Agent': 'Python/3.8.9 Requests/2.26.0 Tweepy/4.4.0', 'Authorization': 'Bearer AAAAAAAAAAAAAAAAAAAAAH68VwEAAAAA5DWkqX14lSgqQ2yid9RQhbV1meM%3D8jgI64BX4l8WPDrbahnwKYJFb1Hn9MMz85L2YNPQGGT3bfbSdv'}
Body: None
2021-12-07 11:49:10,980 DEBUG :: Starting new HTTPS connection (1): api.twitter.com:443
2021-12-07 11:49:11,228 DEBUG :: https://api.twitter.com:443 "GET /2/users/by/username/NEOLIFE_Groupe?user.fields=created_at HTTP/1.1" 200 129
2021-12-07 11:49:11,230 DEBUG :: Received API response: 200 OK
Headers: {'date': 'Tue, 07 Dec 2021 10:49:10 UTC', 'server': 'tsa_f', 'set-cookie': 'guest_id_marketing=v1%3A163887415077532111; Max-Age=63072000; Expires=Thu, 07 Dec 2023 10:49:10 GMT; Path=/; Domain=.twitter.com; Secure; SameSite=None, guest_id_ads=v1%3A163887415077532111; Max-Age=63072000; Expires=Thu, 07 Dec 2023 10:49:10 GMT; Path=/; Domain=.twitter.com; Secure; SameSite=None, personalization_id="v1_e+32qH2ic4tJA41tN+CfXw=="; Max-Age=63072000; Expires=Thu, 07 Dec 2023 10:49:10 GMT; Path=/; Domain=.twitter.com; Secure; SameSite=None, guest_id=v1%3A163887415077532111; Max-Age=63072000; Expires=Thu, 07 Dec 2023 10:49:10 GMT; Path=/; Domain=.twitter.com; Secure; SameSite=None', 'api-version': '2.31', 'content-type': 'application/json; charset=utf-8', 'cache-control': 'no-cache, no-store, max-age=0', 'content-length': '129', 'x-access-level': 'read', 'x-frame-options': 'SAMEORIGIN', 'content-encoding': 'gzip', 'x-xss-protection': '0', 'x-rate-limit-limit': '300', 'x-rate-limit-reset': '1638874684', 'content-disposition': 'attachment; filename=json.json', 'x-content-type-options': 'nosniff', 'x-rate-limit-remaining': '145', 'strict-transport-security': 'max-age=631138519', 'x-response-time': '127', 'x-connection-hash': 'ddfdf10ba4e13f5e20c2c5cedec3778f6e514764a81150bde9b2573a9bd19567'}
Content: b'{"data":{"username":"NEOLIFE_Groupe","id":"2788181623","created_at":"2014-09-03T15:25:13.000Z","name":"neolife"}}'
2021-12-07 11:49:11,230 WARNING :: Requesting users | getting NEOLIFE_Groupe
2021-12-07 11:49:11,232 DEBUG :: Making API request: GET https://api.twitter.com/2/users/by/username/Valbiotis
Parameters: {'user.fields': 'created_at'}
Headers: {'User-Agent': 'Python/3.8.9 Requests/2.26.0 Tweepy/4.4.0', 'Authorization': 'Bearer AAAAAAAAAAAAAAAAAAAAAH68VwEAAAAA5DWkqX14lSgqQ2yid9RQhbV1meM%3D8jgI64BX4l8WPDrbahnwKYJFb1Hn9MMz85L2YNPQGGT3bfbSdv'}
Body: None
2021-12-07 11:49:11,235 DEBUG :: Starting new HTTPS connection (1): api.twitter.com:443
2021-12-07 11:49:11,468 DEBUG :: https://api.twitter.com:443 "GET /2/users/by/username/Valbiotis?user.fields=created_at HTTP/1.1" 200 114
2021-12-07 11:49:11,471 DEBUG :: Received API response: 200 OK
Headers: {'date': 'Tue, 07 Dec 2021 10:49:11 UTC', 'server': 'tsa_f', 'set-cookie': 'guest_id_marketing=v1%3A163887415101813717; Max-Age=63072000; Expires=Thu, 07 Dec 2023 10:49:11 GMT; Path=/; Domain=.twitter.com; Secure; SameSite=None, guest_id_ads=v1%3A163887415101813717; Max-Age=63072000; Expires=Thu, 07 Dec 2023 10:49:11 GMT; Path=/; Domain=.twitter.com; Secure; SameSite=None, personalization_id="v1_ci5B/ijW+SuWzNhAqjGoJQ=="; Max-Age=63072000; Expires=Thu, 07 Dec 2023 10:49:11 GMT; Path=/; Domain=.twitter.com; Secure; SameSite=None, guest_id=v1%3A163887415101813717; Max-Age=63072000; Expires=Thu, 07 Dec 2023 10:49:11 GMT; Path=/; Domain=.twitter.com; Secure; SameSite=None', 'api-version': '2.31', 'content-type': 'application/json; charset=utf-8', 'cache-control': 'no-cache, no-store, max-age=0', 'content-length': '114', 'x-access-level': 'read', 'x-frame-options': 'SAMEORIGIN', 'content-encoding': 'gzip', 'x-xss-protection': '0', 'x-rate-limit-limit': '300', 'x-rate-limit-reset': '1638874684', 'content-disposition': 'attachment; filename=json.json', 'x-content-type-options': 'nosniff', 'x-rate-limit-remaining': '144', 'strict-transport-security': 'max-age=631138519', 'x-response-time': '126', 'x-connection-hash': '96fb1e9ae2d3e56339804cb9946fc3445f1db31c390ba704cbe751aeeb3d190e'}
Content: b'{"data":{"name":"Valbiotis","id":"3012860405","username":"Valbiotis","created_at":"2015-02-02T19:34:07.000Z"}}'
2021-12-07 11:49:11,471 WARNING :: Requesting users | getting Valbiotis
2021-12-07 11:49:11,473 DEBUG :: Making API request: GET https://api.twitter.com/2/users/by/username/GenomicVision_
Parameters: {'user.fields': 'created_at'}
Headers: {'User-Agent': 'Python/3.8.9 Requests/2.26.0 Tweepy/4.4.0', 'Authorization': 'Bearer AAAAAAAAAAAAAAAAAAAAAH68VwEAAAAA5DWkqX14lSgqQ2yid9RQhbV1meM%3D8jgI64BX4l8WPDrbahnwKYJFb1Hn9MMz85L2YNPQGGT3bfbSdv'}
Body: None
2021-12-07 11:49:11,476 DEBUG :: Starting new HTTPS connection (1): api.twitter.com:443
2021-12-07 11:49:11,715 DEBUG :: https://api.twitter.com:443 "GET /2/users/by/username/GenomicVision_?user.fields=created_at HTTP/1.1" 200 123
2021-12-07 11:49:11,716 DEBUG :: Received API response: 200 OK
Headers: {'date': 'Tue, 07 Dec 2021 10:49:11 UTC', 'server': 'tsa_f', 'set-cookie': 'guest_id_marketing=v1%3A163887415126619897; Max-Age=63072000; Expires=Thu, 07 Dec 2023 10:49:11 GMT; Path=/; Domain=.twitter.com; Secure; SameSite=None, guest_id_ads=v1%3A163887415126619897; Max-Age=63072000; Expires=Thu, 07 Dec 2023 10:49:11 GMT; Path=/; Domain=.twitter.com; Secure; SameSite=None, personalization_id="v1_alXr18liDiRT0p9Vk879Vw=="; Max-Age=63072000; Expires=Thu, 07 Dec 2023 10:49:11 GMT; Path=/; Domain=.twitter.com; Secure; SameSite=None, guest_id=v1%3A163887415126619897; Max-Age=63072000; Expires=Thu, 07 Dec 2023 10:49:11 GMT; Path=/; Domain=.twitter.com; Secure; SameSite=None', 'api-version': '2.31', 'content-type': 'application/json; charset=utf-8', 'cache-control': 'no-cache, no-store, max-age=0', 'content-length': '123', 'x-access-level': 'read', 'x-frame-options': 'SAMEORIGIN', 'content-encoding': 'gzip', 'x-xss-protection': '0', 'x-rate-limit-limit': '300', 'x-rate-limit-reset': '1638874684', 'content-disposition': 'attachment; filename=json.json', 'x-content-type-options': 'nosniff', 'x-rate-limit-remaining': '143', 'strict-transport-security': 'max-age=631138519', 'x-response-time': '124', 'x-connection-hash': '62157b11095f8d0794dbbe1743528f5a46e240093dac641675c90c31fbf4a7e8'}
Content: b'{"data":{"name":"Genomic Vision","id":"3195185721","username":"GenomicVision_","created_at":"2015-04-22T16:16:18.000Z"}}'
2021-12-07 11:49:11,716 WARNING :: Requesting users | getting GenomicVision_
2021-12-07 11:49:11,718 DEBUG :: Making API request: GET https://api.twitter.com/2/users/by/username/MEDIANTechno
Parameters: {'user.fields': 'created_at'}
Headers: {'User-Agent': 'Python/3.8.9 Requests/2.26.0 Tweepy/4.4.0', 'Authorization': 'Bearer AAAAAAAAAAAAAAAAAAAAAH68VwEAAAAA5DWkqX14lSgqQ2yid9RQhbV1meM%3D8jgI64BX4l8WPDrbahnwKYJFb1Hn9MMz85L2YNPQGGT3bfbSdv'}
Body: None
2021-12-07 11:49:11,720 DEBUG :: Starting new HTTPS connection (1): api.twitter.com:443
2021-12-07 11:49:11,959 DEBUG :: https://api.twitter.com:443 "GET /2/users/by/username/MEDIANTechno?user.fields=created_at HTTP/1.1" 200 133
2021-12-07 11:49:11,961 DEBUG :: Received API response: 200 OK
Headers: {'date': 'Tue, 07 Dec 2021 10:49:11 UTC', 'server': 'tsa_f', 'set-cookie': 'guest_id_marketing=v1%3A163887415150691414; Max-Age=63072000; Expires=Thu, 07 Dec 2023 10:49:11 GMT; Path=/; Domain=.twitter.com; Secure; SameSite=None, guest_id_ads=v1%3A163887415150691414; Max-Age=63072000; Expires=Thu, 07 Dec 2023 10:49:11 GMT; Path=/; Domain=.twitter.com; Secure; SameSite=None, personalization_id="v1_wX1gXppQTqvyeYlVgeuI+A=="; Max-Age=63072000; Expires=Thu, 07 Dec 2023 10:49:11 GMT; Path=/; Domain=.twitter.com; Secure; SameSite=None, guest_id=v1%3A163887415150691414; Max-Age=63072000; Expires=Thu, 07 Dec 2023 10:49:11 GMT; Path=/; Domain=.twitter.com; Secure; SameSite=None', 'api-version': '2.31', 'content-type': 'application/json; charset=utf-8', 'cache-control': 'no-cache, no-store, max-age=0', 'content-length': '133', 'x-access-level': 'read', 'x-frame-options': 'SAMEORIGIN', 'content-encoding': 'gzip', 'x-xss-protection': '0', 'x-rate-limit-limit': '300', 'x-rate-limit-reset': '1638874684', 'content-disposition': 'attachment; filename=json.json', 'x-content-type-options': 'nosniff', 'x-rate-limit-remaining': '142', 'strict-transport-security': 'max-age=631138519', 'x-response-time': '128', 'x-connection-hash': '4afee142e83e902e8c8fbbdf2b480637a5b31b0420942d6f8b46fa52542d67f6'}
Content: b'{"data":{"id":"497759874","username":"MEDIANTechno","created_at":"2012-02-20T10:07:17.000Z","name":"Median Technologies"}}'
2021-12-07 11:49:11,962 WARNING :: Requesting users | getting MEDIANTechno
2021-12-07 11:49:11,963 DEBUG :: Making API request: GET https://api.twitter.com/2/users/by/username/Cabasse_Group
Parameters: {'user.fields': 'created_at'}
Headers: {'User-Agent': 'Python/3.8.9 Requests/2.26.0 Tweepy/4.4.0', 'Authorization': 'Bearer AAAAAAAAAAAAAAAAAAAAAH68VwEAAAAA5DWkqX14lSgqQ2yid9RQhbV1meM%3D8jgI64BX4l8WPDrbahnwKYJFb1Hn9MMz85L2YNPQGGT3bfbSdv'}
Body: None
2021-12-07 11:49:11,966 DEBUG :: Starting new HTTPS connection (1): api.twitter.com:443
2021-12-07 11:49:12,208 DEBUG :: https://api.twitter.com:443 "GET /2/users/by/username/Cabasse_Group?user.fields=created_at HTTP/1.1" 200 122
2021-12-07 11:49:12,210 DEBUG :: Received API response: 200 OK
Headers: {'date': 'Tue, 07 Dec 2021 10:49:11 UTC', 'server': 'tsa_f', 'set-cookie': 'guest_id_marketing=v1%3A163887415175629819; Max-Age=63072000; Expires=Thu, 07 Dec 2023 10:49:11 GMT; Path=/; Domain=.twitter.com; Secure; SameSite=None, guest_id_ads=v1%3A163887415175629819; Max-Age=63072000; Expires=Thu, 07 Dec 2023 10:49:11 GMT; Path=/; Domain=.twitter.com; Secure; SameSite=None, personalization_id="v1_zUHVUGeYrjBi45aHOYeUQg=="; Max-Age=63072000; Expires=Thu, 07 Dec 2023 10:49:11 GMT; Path=/; Domain=.twitter.com; Secure; SameSite=None, guest_id=v1%3A163887415175629819; Max-Age=63072000; Expires=Thu, 07 Dec 2023 10:49:11 GMT; Path=/; Domain=.twitter.com; Secure; SameSite=None', 'api-version': '2.31', 'content-type': 'application/json; charset=utf-8', 'cache-control': 'no-cache, no-store, max-age=0', 'content-length': '122', 'x-access-level': 'read', 'x-frame-options': 'SAMEORIGIN', 'content-encoding': 'gzip', 'x-xss-protection': '0', 'x-rate-limit-limit': '300', 'x-rate-limit-reset': '1638874684', 'content-disposition': 'attachment; filename=json.json', 'x-content-type-options': 'nosniff', 'x-rate-limit-remaining': '141', 'strict-transport-security': 'max-age=631138519', 'x-response-time': '126', 'x-connection-hash': '5a6db3611f46db762a98dcb20a388542027ed14e2c7bbc6ea99ae76d2ddb4f2d'}
Content: b'{"data":{"created_at":"2009-05-20T10:22:29.000Z","username":"Cabasse_Group","id":"41331922","name":"Cabasse Group"}}'
2021-12-07 11:49:12,210 WARNING :: Requesting users | getting Cabasse_Group
2021-12-07 11:49:12,212 DEBUG :: Making API request: GET https://api.twitter.com/2/users/by/username/Crossject_
Parameters: {'user.fields': 'created_at'}
Headers: {'User-Agent': 'Python/3.8.9 Requests/2.26.0 Tweepy/4.4.0', 'Authorization': 'Bearer AAAAAAAAAAAAAAAAAAAAAH68VwEAAAAA5DWkqX14lSgqQ2yid9RQhbV1meM%3D8jgI64BX4l8WPDrbahnwKYJFb1Hn9MMz85L2YNPQGGT3bfbSdv'}
Body: None
2021-12-07 11:49:12,215 DEBUG :: Starting new HTTPS connection (1): api.twitter.com:443
2021-12-07 11:49:12,460 DEBUG :: https://api.twitter.com:443 "GET /2/users/by/username/Crossject_?user.fields=created_at HTTP/1.1" 200 117
2021-12-07 11:49:12,462 DEBUG :: Received API response: 200 OK
Headers: {'date': 'Tue, 07 Dec 2021 10:49:12 UTC', 'server': 'tsa_f', 'set-cookie': 'guest_id_marketing=v1%3A163887415200524438; Max-Age=63072000; Expires=Thu, 07 Dec 2023 10:49:12 GMT; Path=/; Domain=.twitter.com; Secure; SameSite=None, guest_id_ads=v1%3A163887415200524438; Max-Age=63072000; Expires=Thu, 07 Dec 2023 10:49:12 GMT; Path=/; Domain=.twitter.com; Secure; SameSite=None, personalization_id="v1_I00f7e/M1c4+mLHKRw6vUg=="; Max-Age=63072000; Expires=Thu, 07 Dec 2023 10:49:12 GMT; Path=/; Domain=.twitter.com; Secure; SameSite=None, guest_id=v1%3A163887415200524438; Max-Age=63072000; Expires=Thu, 07 Dec 2023 10:49:12 GMT; Path=/; Domain=.twitter.com; Secure; SameSite=None', 'api-version': '2.31', 'content-type': 'application/json; charset=utf-8', 'cache-control': 'no-cache, no-store, max-age=0', 'content-length': '117', 'x-access-level': 'read', 'x-frame-options': 'SAMEORIGIN', 'content-encoding': 'gzip', 'x-xss-protection': '0', 'x-rate-limit-limit': '300', 'x-rate-limit-reset': '1638874684', 'content-disposition': 'attachment; filename=json.json', 'x-content-type-options': 'nosniff', 'x-rate-limit-remaining': '140', 'strict-transport-security': 'max-age=631138519', 'x-response-time': '130', 'x-connection-hash': '48459716a63ad8fc7a0895b67c3e6d21609028c385e99e354906439b4560e93d'}
Content: b'{"data":{"id":"2712208951","username":"Crossject_","created_at":"2014-08-06T14:50:38.000Z","name":"Crossject"}}'
2021-12-07 11:49:12,462 WARNING :: Requesting users | getting Crossject_
2021-12-07 11:49:12,464 DEBUG :: Making API request: GET https://api.twitter.com/2/users/by/username/Europlasma
Parameters: {'user.fields': 'created_at'}
Headers: {'User-Agent': 'Python/3.8.9 Requests/2.26.0 Tweepy/4.4.0', 'Authorization': 'Bearer AAAAAAAAAAAAAAAAAAAAAH68VwEAAAAA5DWkqX14lSgqQ2yid9RQhbV1meM%3D8jgI64BX4l8WPDrbahnwKYJFb1Hn9MMz85L2YNPQGGT3bfbSdv'}
Body: None
2021-12-07 11:49:12,466 DEBUG :: Starting new HTTPS connection (1): api.twitter.com:443
2021-12-07 11:49:12,707 DEBUG :: https://api.twitter.com:443 "GET /2/users/by/username/Europlasma?user.fields=created_at HTTP/1.1" 200 115
2021-12-07 11:49:12,708 DEBUG :: Received API response: 200 OK
Headers: {'date': 'Tue, 07 Dec 2021 10:49:12 UTC', 'server': 'tsa_f', 'set-cookie': 'guest_id_marketing=v1%3A163887415225784559; Max-Age=63072000; Expires=Thu, 07 Dec 2023 10:49:12 GMT; Path=/; Domain=.twitter.com; Secure; SameSite=None, guest_id_ads=v1%3A163887415225784559; Max-Age=63072000; Expires=Thu, 07 Dec 2023 10:49:12 GMT; Path=/; Domain=.twitter.com; Secure; SameSite=None, personalization_id="v1_iqp8IkOvUBX/b8SWMYZduA=="; Max-Age=63072000; Expires=Thu, 07 Dec 2023 10:49:12 GMT; Path=/; Domain=.twitter.com; Secure; SameSite=None, guest_id=v1%3A163887415225784559; Max-Age=63072000; Expires=Thu, 07 Dec 2023 10:49:12 GMT; Path=/; Domain=.twitter.com; Secure; SameSite=None', 'api-version': '2.31', 'content-type': 'application/json; charset=utf-8', 'cache-control': 'no-cache, no-store, max-age=0', 'content-length': '115', 'x-access-level': 'read', 'x-frame-options': 'SAMEORIGIN', 'content-encoding': 'gzip', 'x-xss-protection': '0', 'x-rate-limit-limit': '300', 'x-rate-limit-reset': '1638874684', 'content-disposition': 'attachment; filename=json.json', 'x-content-type-options': 'nosniff', 'x-rate-limit-remaining': '139', 'strict-transport-security': 'max-age=631138519', 'x-response-time': '125', 'x-connection-hash': '6ff203c52aee3d5fe879eaddf6d86a614d3ea6149defcf9e93a878dbbe53474f'}
Content: b'{"data":{"name":"Europlasma","id":"523298537","username":"Europlasma","created_at":"2012-03-13T14:10:54.000Z"}}'
2021-12-07 11:49:12,708 WARNING :: Requesting users | getting Europlasma
2021-12-07 11:49:12,711 DEBUG :: Making API request: GET https://api.twitter.com/2/users/by/username/Europlasma
Parameters: {'user.fields': 'created_at'}
Headers: {'User-Agent': 'Python/3.8.9 Requests/2.26.0 Tweepy/4.4.0', 'Authorization': 'Bearer AAAAAAAAAAAAAAAAAAAAAH68VwEAAAAA5DWkqX14lSgqQ2yid9RQhbV1meM%3D8jgI64BX4l8WPDrbahnwKYJFb1Hn9MMz85L2YNPQGGT3bfbSdv'}
Body: None
2021-12-07 11:49:12,714 DEBUG :: Starting new HTTPS connection (1): api.twitter.com:443
2021-12-07 11:49:12,954 DEBUG :: https://api.twitter.com:443 "GET /2/users/by/username/Europlasma?user.fields=created_at HTTP/1.1" 200 115
2021-12-07 11:49:12,955 DEBUG :: Received API response: 200 OK
Headers: {'date': 'Tue, 07 Dec 2021 10:49:12 UTC', 'server': 'tsa_f', 'set-cookie': 'guest_id_marketing=v1%3A163887415250203764; Max-Age=63072000; Expires=Thu, 07 Dec 2023 10:49:12 GMT; Path=/; Domain=.twitter.com; Secure; SameSite=None, guest_id_ads=v1%3A163887415250203764; Max-Age=63072000; Expires=Thu, 07 Dec 2023 10:49:12 GMT; Path=/; Domain=.twitter.com; Secure; SameSite=None, personalization_id="v1_llgoaFrJJuwhHaZ/C+M2Wg=="; Max-Age=63072000; Expires=Thu, 07 Dec 2023 10:49:12 GMT; Path=/; Domain=.twitter.com; Secure; SameSite=None, guest_id=v1%3A163887415250203764; Max-Age=63072000; Expires=Thu, 07 Dec 2023 10:49:12 GMT; Path=/; Domain=.twitter.com; Secure; SameSite=None', 'api-version': '2.31', 'content-type': 'application/json; charset=utf-8', 'cache-control': 'no-cache, no-store, max-age=0', 'content-length': '115', 'x-access-level': 'read', 'x-frame-options': 'SAMEORIGIN', 'content-encoding': 'gzip', 'x-xss-protection': '0', 'x-rate-limit-limit': '300', 'x-rate-limit-reset': '1638874684', 'content-disposition': 'attachment; filename=json.json', 'x-content-type-options': 'nosniff', 'x-rate-limit-remaining': '138', 'strict-transport-security': 'max-age=631138519', 'x-response-time': '124', 'x-connection-hash': 'b113df84deb4a91c9e5c653a43bf01943e2b4cd86cafa7c08cfe5d5ef784eca5'}
Content: b'{"data":{"id":"523298537","username":"Europlasma","created_at":"2012-03-13T14:10:54.000Z","name":"Europlasma"}}'
2021-12-07 11:49:12,955 WARNING :: Requesting users | getting Europlasma
2021-12-07 11:49:13,058 DEBUG :: Making API request: GET https://api.twitter.com/2/users/97127367/tweets
Parameters: {'max_results': 5, 'tweet.fields': 'created_at'}
Headers: {'User-Agent': 'Python/3.8.9 Requests/2.26.0 Tweepy/4.4.0', 'Authorization': 'Bearer AAAAAAAAAAAAAAAAAAAAAH68VwEAAAAA5DWkqX14lSgqQ2yid9RQhbV1meM%3D8jgI64BX4l8WPDrbahnwKYJFb1Hn9MMz85L2YNPQGGT3bfbSdv'}
Body: None
2021-12-07 11:49:13,060 DEBUG :: Starting new HTTPS connection (1): api.twitter.com:443
2021-12-07 11:49:13,386 DEBUG :: https://api.twitter.com:443 "GET /2/users/97127367/tweets?max_results=5&tweet.fields=created_at HTTP/1.1" 200 756
2021-12-07 11:49:13,387 DEBUG :: Received API response: 200 OK
Headers: {'date': 'Tue, 07 Dec 2021 10:49:12 UTC', 'server': 'tsa_f', 'set-cookie': 'guest_id_marketing=v1%3A163887415284191223; Max-Age=63072000; Expires=Thu, 07 Dec 2023 10:49:12 GMT; Path=/; Domain=.twitter.com; Secure; SameSite=None, guest_id_ads=v1%3A163887415284191223; Max-Age=63072000; Expires=Thu, 07 Dec 2023 10:49:12 GMT; Path=/; Domain=.twitter.com; Secure; SameSite=None, personalization_id="v1_OciVNi0MyeqA0I3Oc33ekA=="; Max-Age=63072000; Expires=Thu, 07 Dec 2023 10:49:12 GMT; Path=/; Domain=.twitter.com; Secure; SameSite=None, guest_id=v1%3A163887415284191223; Max-Age=63072000; Expires=Thu, 07 Dec 2023 10:49:12 GMT; Path=/; Domain=.twitter.com; Secure; SameSite=None', 'api-version': '2.31', 'content-type': 'application/json; charset=utf-8', 'cache-control': 'no-cache, no-store, max-age=0', 'content-length': '756', 'x-access-level': 'read', 'x-frame-options': 'SAMEORIGIN', 'content-encoding': 'gzip', 'x-xss-protection': '0', 'x-rate-limit-limit': '1500', 'x-rate-limit-reset': '1638874717', 'content-disposition': 'attachment; filename=json.json', 'x-content-type-options': 'nosniff', 'x-rate-limit-remaining': '1447', 'strict-transport-security': 'max-age=631138519', 'x-response-time': '219', 'x-connection-hash': '13cb6f54c9b48b699c1d8821480b8e5a00f9914f8f5c9e8e82930dbd5301e29e'}
Content: b'{"data":[{"created_at":"2021-11-25T16:57:26.000Z","id":"1463914740082790401","text":"Thank you for visiting us @CoDubost and @CCastaner\\n\\n#BetterMedicineForAll #ImpactHealth https://t.co/4e5a7X3BPK"},{"created_at":"2021-11-03T16:45:35.000Z","id":"1455939222716682243","text":"Watch the last interview (in french) of our CEO https://t.co/kj3QDts54J"},{"created_at":"2021-11-01T07:00:50.000Z","id":"1455067290693771264","text":"Phase 3 data of mdc-IRM, 1st product based on MedinCell\xe2\x80\x99s technology, shows significant improvements in patients with schizophrenia: \\n- Prolonged time to impending relapse \\n- Decreased risk of relapse \\n- Increased chance of clinical stability \\nhttps://t.co/n4efikehP9"},{"created_at":"2021-10-21T15:41:54.000Z","id":"1451212153751490560","text":"Full PR: https://t.co/tiAZO6471v \\n#BetterMedicineForAll #ImpactHealth https://t.co/ejHrxyd44M"},{"created_at":"2021-07-01T09:02:45.000Z","id":"1410524265674383365","text":"RT @ABG_Asso: Le #Concours de #Pitch 2021 #CPP21 \\n@ABG_Asso a le plaisir de pr\xc3\xa9senter le #sponsor de son \\uD83E\\uDD48prix (400\xe2\x82\xac),@medincell : une soci\xe2\x80\xa6"}],"meta":{"oldest_id":"1410524265674383365","newest_id":"1463914740082790401","result_count":5,"next_token":"7140dibdnow9c7btw3z16t2ae4ug6v5jryxzr5a6y9zjp"}}'
2021-12-07 11:49:13,389 WARNING :: Amount of tweets 0
2021-12-07 11:49:13,389 WARNING :: Recieved full data for 1 users
